2025-01-15 00:39:55,717 [INFO] Activator:176 - 


2025-01-15 00:39:55,721 [INFO] Activator:177 - !SESSION log4j initialized
2025-01-15 00:40:01,412 [INFO] LogOutputStream:77 - [STDOUT_REDIRECT] 
2025-01-15 00:40:03,751 [INFO] ApplicationProperties:184 - Using Application install path: D:\Program Files\STM32CubeIDE_1.17.0\STM32CubeIDE\plugins\com.st.stm32cube.common.mx_6.13.0.202411220809
2025-01-15 00:40:03,767 [INFO] DbMcusXml:78 - Set database path to: D:\Program Files\STM32CubeIDE_1.17.0\STM32CubeIDE\plugins\com.st.stm32cube.common.mx_6.13.0.202411220809\\db\/mcu/
2025-01-15 00:40:03,767 [INFO] ApiDb:274 - Set plugin database path to: D:\Program Files\STM32CubeIDE_1.17.0\STM32CubeIDE\plugins\com.st.stm32cube.common.mx_6.13.0.202411220809\\db\/plugins/boardmanager/
2025-01-15 00:40:03,767 [WARN] ApiDb:259 - Overriding images path with different value:  => D:\Program Files\STM32CubeIDE_1.17.0\STM32CubeIDE\plugins\com.st.stm32cube.common.mx_6.13.0.202411220809\\db\/plugins/mcufinder/images/
2025-01-15 00:40:03,783 [INFO] ApiDb:250 - Set database path to: C:\Users\Jinhy\.stmcufinder\plugins\mcufinder//mcu/
2025-01-15 00:40:03,784 [INFO] DbMcusAds:125 - Set database path to: C:\Users\Jinhy\.stmcufinder\plugins\mcufinder//mcu/
2025-01-15 00:40:03,786 [INFO] CrossReferenceDbSqlite:203 - Set database path to: C:\Users\Jinhy\.stmcufinder\plugins\mcufinder//mcu/cs/
2025-01-15 00:40:03,890 [INFO] RulesReader:64 - Compatibility file has been processed (297 Rules)
2025-01-15 00:40:03,963 [INFO] DbMcusXml:78 - Set database path to: D:\Program Files\STM32CubeIDE_1.17.0\STM32CubeIDE\plugins\com.st.stm32cube.common.mx_6.13.0.202411220809\\db\/mcu/
2025-01-15 00:40:03,964 [INFO] ApiDb:274 - Set plugin database path to: D:\Program Files\STM32CubeIDE_1.17.0\STM32CubeIDE\plugins\com.st.stm32cube.common.mx_6.13.0.202411220809\\db\/plugins/boardmanager/
2025-01-15 00:40:03,964 [INFO] ApiDb:261 - Set plugin images path to: D:\Program Files\STM32CubeIDE_1.17.0\STM32CubeIDE\plugins\com.st.stm32cube.common.mx_6.13.0.202411220809\\db\/plugins/mcufinder/images/
2025-01-15 00:40:03,964 [WARN] DbFile:41 - Overriding database path with different value: C:\Users\Jinhy\.stmcufinder\plugins\mcufinder/ => C:\Users\Jinhy\.stmcufinder\plugins\mcufinder
2025-01-15 00:40:03,964 [INFO] ApiDb:250 - Set database path to: C:\Users\Jinhy\.stmcufinder\plugins\mcufinder//mcu/
2025-01-15 00:40:03,964 [WARN] DbFile:41 - Overriding database path with different value: C:\Users\Jinhy\.stmcufinder\plugins\mcufinder/ => C:\Users\Jinhy\.stmcufinder\plugins\mcufinder
2025-01-15 00:40:03,964 [INFO] DbMcusAds:125 - Set database path to: C:\Users\Jinhy\.stmcufinder\plugins\mcufinder//mcu/
2025-01-15 00:40:03,964 [WARN] DbFile:41 - Overriding database path with different value: C:\Users\Jinhy\.stmcufinder\plugins\mcufinder/ => C:\Users\Jinhy\.stmcufinder\plugins\mcufinder
2025-01-15 00:40:03,964 [WARN] DbFile:41 - Overriding database path with different value: C:\Users\Jinhy\.stmcufinder\plugins\mcufinder/ => C:\Users\Jinhy\.stmcufinder\plugins\mcufinder
2025-01-15 00:40:03,964 [INFO] CrossReferenceDbSqlite:203 - Set database path to: C:\Users\Jinhy\.stmcufinder\plugins\mcufinder//mcu/cs/
2025-01-15 00:40:04,023 [INFO] MainPanel:272 - HeapMemory: 351272960
2025-01-15 00:40:04,120 [INFO] DbMcusXml:78 - Set database path to: D:\Program Files\STM32CubeIDE_1.17.0\STM32CubeIDE\plugins\com.st.stm32cube.common.mx_6.13.0.202411220809\\db\/mcu/
2025-01-15 00:40:04,120 [INFO] ApiDb:274 - Set plugin database path to: D:\Program Files\STM32CubeIDE_1.17.0\STM32CubeIDE\plugins\com.st.stm32cube.common.mx_6.13.0.202411220809\\db\/plugins/boardmanager/
2025-01-15 00:40:04,120 [INFO] ApiDb:261 - Set plugin images path to: D:\Program Files\STM32CubeIDE_1.17.0\STM32CubeIDE\plugins\com.st.stm32cube.common.mx_6.13.0.202411220809\\db\/plugins/mcufinder/images/
2025-01-15 00:40:04,121 [WARN] DbFile:41 - Overriding database path with different value: C:\Users\Jinhy\.stmcufinder\plugins\mcufinder/ => C:\Users\Jinhy\.stmcufinder\plugins\mcufinder
2025-01-15 00:40:04,121 [INFO] ApiDb:250 - Set database path to: C:\Users\Jinhy\.stmcufinder\plugins\mcufinder//mcu/
2025-01-15 00:40:04,122 [WARN] DbFile:41 - Overriding database path with different value: C:\Users\Jinhy\.stmcufinder\plugins\mcufinder/ => C:\Users\Jinhy\.stmcufinder\plugins\mcufinder
2025-01-15 00:40:04,122 [INFO] DbMcusAds:125 - Set database path to: C:\Users\Jinhy\.stmcufinder\plugins\mcufinder//mcu/
2025-01-15 00:40:04,122 [WARN] DbFile:41 - Overriding database path with different value: C:\Users\Jinhy\.stmcufinder\plugins\mcufinder/ => C:\Users\Jinhy\.stmcufinder\plugins\mcufinder
2025-01-15 00:40:04,122 [WARN] DbFile:41 - Overriding database path with different value: C:\Users\Jinhy\.stmcufinder\plugins\mcufinder/ => C:\Users\Jinhy\.stmcufinder\plugins\mcufinder
2025-01-15 00:40:04,122 [INFO] CrossReferenceDbSqlite:203 - Set database path to: C:\Users\Jinhy\.stmcufinder\plugins\mcufinder//mcu/cs/
2025-01-15 00:40:04,140 [INFO] ApplicationProperties:184 - Using Application install path: D:\Program Files\STM32CubeIDE_1.17.0\STM32CubeIDE\plugins\com.st.stm32cube.common.mx_6.13.0.202411220809
2025-01-15 00:40:04,142 [INFO] PluginManage:196 - Search for loadable plugins [exclusion list=, ]
2025-01-15 00:40:04,143 [INFO] PluginManage:310 - Check plugin analytics
2025-01-15 00:40:04,333 [INFO] AnalyticsPlugin:253 - Accepted Software Licenses: STM32CubeMX.6.13.0
2025-01-15 00:40:04,334 [INFO] AnalyticsPlugin:255 - Accepted CMSIS Pack Licenses: 
2025-01-15 00:40:04,334 [INFO] AnalyticsPlugin:257 - Accepted Firmware Licenses: 
2025-01-15 00:40:04,338 [INFO] PluginManage:359 - Loaded plugin analytics (category:tool,tabindex:-1)
2025-01-15 00:40:04,338 [INFO] PluginManage:310 - Check plugin cadmodel
2025-01-15 00:40:04,354 [INFO] CADModel:105 - Init CAD model plugin
2025-01-15 00:40:04,354 [INFO] PluginManage:359 - Loaded plugin cadmodel (category:power,tabindex:5)
2025-01-15 00:40:04,355 [INFO] PluginManage:310 - Check plugin clock
2025-01-15 00:40:04,371 [INFO] PluginManage:359 - Loaded plugin clock (category:base,tabindex:2)
2025-01-15 00:40:04,372 [INFO] PluginManage:310 - Check plugin ddr
2025-01-15 00:40:04,374 [INFO] PluginManage:359 - Loaded plugin ddr (category:tool,tabindex:6)
2025-01-15 00:40:04,375 [INFO] PluginManage:310 - Check plugin filemanager
2025-01-15 00:40:04,493 [INFO] PluginManage:359 - Loaded plugin filemanager (category:base,tabindex:10)
2025-01-15 00:40:04,493 [INFO] PluginManage:310 - Check plugin ipmanager
2025-01-15 00:40:04,497 [INFO] PluginManage:359 - Loaded plugin ipmanager (category:base,tabindex:5)
2025-01-15 00:40:04,497 [INFO] PluginManage:310 - Check plugin lpbam
2025-01-15 00:40:04,514 [INFO] PluginManage:359 - Loaded plugin lpbam (category:base,tabindex:0)
2025-01-15 00:40:04,514 [INFO] PluginManage:310 - Check plugin memorymap
2025-01-15 00:40:04,534 [INFO] PluginManage:359 - Loaded plugin memorymap (category:base,tabindex:4)
2025-01-15 00:40:04,534 [INFO] PluginManage:310 - Check plugin pinoutandconfiguration
2025-01-15 00:40:04,551 [INFO] PluginManage:359 - Loaded plugin pinoutandconfiguration (category:base,tabindex:1)
2025-01-15 00:40:04,551 [INFO] PluginManage:310 - Check plugin pinoutconfig
2025-01-15 00:40:04,669 [WARN] SupportedApi:132 - Cannot load RTOS API schema: s4s-elt-must-match.1: The content of 'definitions' must match (annotation?, (simpleType | complexType)?, (unique | key | keyref)*)). A problem was found starting at: attribute.
2025-01-15 00:40:04,788 [INFO] PluginManage:359 - Loaded plugin pinoutconfig (category:base,tabindex:0)
2025-01-15 00:40:04,788 [INFO] PluginManage:310 - Check plugin power
2025-01-15 00:40:04,808 [INFO] PluginManage:359 - Loaded plugin power (category:power,tabindex:4)
2025-01-15 00:40:04,808 [INFO] PluginManage:310 - Check plugin projectmanager
2025-01-15 00:40:04,821 [INFO] PluginManage:359 - Loaded plugin projectmanager (category:projectmanager,tabindex:4)
2025-01-15 00:40:04,821 [INFO] PluginManage:310 - Check plugin rif
2025-01-15 00:40:04,840 [INFO] PluginManage:359 - Loaded plugin rif (category:base,tabindex:3)
2025-01-15 00:40:04,840 [INFO] PluginManage:310 - Check plugin thirdparty
2025-01-15 00:40:05,075 [INFO] PluginManage:359 - Loaded plugin thirdparty (category:base,tabindex:-1)
2025-01-15 00:40:05,075 [INFO] PluginManage:310 - Check plugin tools
2025-01-15 00:40:05,075 [WARN] IntegrityCheckThread:84 - waiting for thirdparty lock release [integrity check]
2025-01-15 00:40:05,075 [INFO] IntegrityCheckThread:86 - entering critical section [integrity check]
2025-01-15 00:40:05,076 [INFO] ThirdPartyUpdaterWithRetryManager:70 - Updater plugin not ready yet. [1/15]
2025-01-15 00:40:05,102 [INFO] PluginManage:359 - Loaded plugin tools (category:base,tabindex:7)
2025-01-15 00:40:05,102 [INFO] PluginManage:310 - Check plugin tutovideos
2025-01-15 00:40:05,274 [INFO] PluginManage:359 - Loaded plugin tutovideos (category:base,tabindex:-1)
2025-01-15 00:40:05,274 [INFO] PluginManage:310 - Check plugin updater
2025-01-15 00:40:05,294 [INFO] PluginManage:359 - Loaded plugin updater (category:base,tabindex:12)
2025-01-15 00:40:05,294 [INFO] PluginManage:310 - Check plugin userauth
2025-01-15 00:40:05,299 [INFO] UserAuth:118 - Init User Auth plugin
2025-01-15 00:40:05,299 [INFO] PluginManage:359 - Loaded plugin userauth (category:base,tabindex:14)
2025-01-15 00:40:05,300 [INFO] PluginManage:283 - PluginManage : Loaded plugins [18]
2025-01-15 00:40:05,488 [INFO] PinOutPanel:1589 - setPackage(No Configuration,No Configuration)
2025-01-15 00:40:05,558 [INFO] CADModel:165 - CPN selected for project level
2025-01-15 00:40:05,558 [INFO] CADModel:114 - Register for checkConnection events
2025-01-15 00:40:05,587 [INFO] IPUIPlugin:80 - create IPUIPlugin
2025-01-15 00:40:05,587 [INFO] PluginManager:220 - loadIPPluginJar : add adc
2025-01-15 00:40:05,620 [INFO] IPUIPlugin:80 - create IPUIPlugin
2025-01-15 00:40:05,620 [INFO] PluginManager:220 - loadIPPluginJar : add aes
2025-01-15 00:40:05,656 [INFO] IPUIPlugin:80 - create IPUIPlugin
2025-01-15 00:40:05,656 [INFO] PluginManager:220 - loadIPPluginJar : add can
2025-01-15 00:40:05,677 [INFO] IPUIPlugin:80 - create IPUIPlugin
2025-01-15 00:40:05,677 [INFO] PluginManager:220 - loadIPPluginJar : add comp
2025-01-15 00:40:05,702 [INFO] IPUIPlugin:80 - create IPUIPlugin
2025-01-15 00:40:05,702 [INFO] PluginManager:220 - loadIPPluginJar : add cryp
2025-01-15 00:40:05,723 [INFO] IPUIPlugin:80 - create IPUIPlugin
2025-01-15 00:40:05,723 [INFO] PluginManager:220 - loadIPPluginJar : add ddr_ctrl_phy
2025-01-15 00:40:05,747 [INFO] IPUIPlugin:80 - create IPUIPlugin
2025-01-15 00:40:05,747 [INFO] PluginManager:220 - loadIPPluginJar : add dfsdm
2025-01-15 00:40:05,758 [INFO] IPUIPlugin:80 - create IPUIPlugin
2025-01-15 00:40:05,759 [INFO] PluginManager:220 - loadIPPluginJar : add dma
2025-01-15 00:40:05,787 [INFO] IPUIPlugin:80 - create IPUIPlugin
2025-01-15 00:40:05,787 [INFO] PluginManager:220 - loadIPPluginJar : add dma3
2025-01-15 00:40:05,821 [INFO] IPUIPlugin:80 - create IPUIPlugin
2025-01-15 00:40:05,821 [INFO] PluginManager:220 - loadIPPluginJar : add extmemmanager
2025-01-15 00:40:05,862 [INFO] IPUIPlugin:80 - create IPUIPlugin
2025-01-15 00:40:05,863 [INFO] PluginManager:220 - loadIPPluginJar : add fatfs
2025-01-15 00:40:05,906 [INFO] IPUIPlugin:80 - create IPUIPlugin
2025-01-15 00:40:05,906 [INFO] PluginManager:220 - loadIPPluginJar : add fmc
2025-01-15 00:40:05,931 [INFO] IPUIPlugin:80 - create IPUIPlugin
2025-01-15 00:40:05,931 [INFO] PluginManager:220 - loadIPPluginJar : add freertos
2025-01-15 00:40:05,948 [INFO] IPUIPlugin:80 - create IPUIPlugin
2025-01-15 00:40:05,948 [INFO] PluginManager:220 - loadIPPluginJar : add genericplugin
2025-01-15 00:40:06,066 [INFO] IPUIPlugin:80 - create IPUIPlugin
2025-01-15 00:40:06,066 [INFO] PluginManager:220 - loadIPPluginJar : add gfxmmu
2025-01-15 00:40:06,235 [INFO] IPUIPlugin:80 - create IPUIPlugin
2025-01-15 00:40:06,235 [INFO] PluginManager:220 - loadIPPluginJar : add gic
2025-01-15 00:40:06,256 [INFO] IPUIPlugin:80 - create IPUIPlugin
2025-01-15 00:40:06,256 [INFO] PluginManager:220 - loadIPPluginJar : add gpio
2025-01-15 00:40:06,401 [INFO] IPUIPlugin:80 - create IPUIPlugin
2025-01-15 00:40:06,401 [INFO] PluginManager:220 - loadIPPluginJar : add gtzc
2025-01-15 00:40:06,469 [INFO] IPUIPlugin:80 - create IPUIPlugin
2025-01-15 00:40:06,469 [INFO] PluginManager:220 - loadIPPluginJar : add hash
2025-01-15 00:40:06,514 [INFO] IPUIPlugin:80 - create IPUIPlugin
2025-01-15 00:40:06,514 [INFO] PluginManager:220 - loadIPPluginJar : add i2c
2025-01-15 00:40:06,595 [INFO] IPUIPlugin:80 - create IPUIPlugin
2025-01-15 00:40:06,595 [INFO] PluginManager:220 - loadIPPluginJar : add i2s
2025-01-15 00:40:06,680 [INFO] IPUIPlugin:80 - create IPUIPlugin
2025-01-15 00:40:06,680 [INFO] PluginManager:220 - loadIPPluginJar : add i3c
2025-01-15 00:40:06,902 [INFO] IPUIPlugin:80 - create IPUIPlugin
2025-01-15 00:40:06,903 [INFO] PluginManager:220 - loadIPPluginJar : add ipddr
2025-01-15 00:40:07,036 [INFO] IPUIPlugin:80 - create IPUIPlugin
2025-01-15 00:40:07,037 [INFO] PluginManager:220 - loadIPPluginJar : add linkedlist
2025-01-15 00:40:07,114 [INFO] IPUIPlugin:80 - create IPUIPlugin
2025-01-15 00:40:07,114 [INFO] PluginManager:220 - loadIPPluginJar : add lorawan
2025-01-15 00:40:07,198 [INFO] IPUIPlugin:80 - create IPUIPlugin
2025-01-15 00:40:07,198 [INFO] PluginManager:220 - loadIPPluginJar : add ltdc
2025-01-15 00:40:07,221 [INFO] IPUIPlugin:80 - create IPUIPlugin
2025-01-15 00:40:07,222 [INFO] PluginManager:220 - loadIPPluginJar : add mdma
2025-01-15 00:40:07,230 [INFO] IPUIPlugin:80 - create IPUIPlugin
2025-01-15 00:40:07,230 [INFO] PluginManager:220 - loadIPPluginJar : add nvic
2025-01-15 00:40:07,257 [INFO] IPUIPlugin:80 - create IPUIPlugin
2025-01-15 00:40:07,257 [INFO] PluginManager:220 - loadIPPluginJar : add opamp
2025-01-15 00:40:07,319 [INFO] IPUIPlugin:80 - create IPUIPlugin
2025-01-15 00:40:07,319 [INFO] PluginManager:220 - loadIPPluginJar : add openamp
2025-01-15 00:40:07,413 [INFO] IPUIPlugin:80 - create IPUIPlugin
2025-01-15 00:40:07,414 [INFO] PluginManager:220 - loadIPPluginJar : add pdm2pcm
2025-01-15 00:40:07,431 [INFO] IPUIPlugin:80 - create IPUIPlugin
2025-01-15 00:40:07,433 [INFO] PluginManager:220 - loadIPPluginJar : add plateformsettings
2025-01-15 00:40:07,455 [INFO] IPUIPlugin:80 - create IPUIPlugin
2025-01-15 00:40:07,456 [INFO] PluginManager:220 - loadIPPluginJar : add quadspi
2025-01-15 00:40:07,480 [INFO] IPUIPlugin:80 - create IPUIPlugin
2025-01-15 00:40:07,481 [INFO] PluginManager:220 - loadIPPluginJar : add radio
2025-01-15 00:40:07,504 [INFO] IPUIPlugin:80 - create IPUIPlugin
2025-01-15 00:40:07,504 [INFO] PluginManager:220 - loadIPPluginJar : add resmgrutility
2025-01-15 00:40:07,547 [INFO] IPUIPlugin:80 - create IPUIPlugin
2025-01-15 00:40:07,547 [INFO] PluginManager:220 - loadIPPluginJar : add sai
2025-01-15 00:40:07,622 [INFO] IPUIPlugin:80 - create IPUIPlugin
2025-01-15 00:40:07,622 [INFO] PluginManager:220 - loadIPPluginJar : add spi
2025-01-15 00:40:07,752 [INFO] IPUIPlugin:80 - create IPUIPlugin
2025-01-15 00:40:07,752 [INFO] PluginManager:220 - loadIPPluginJar : add stm32_wpan
2025-01-15 00:40:07,811 [INFO] IPUIPlugin:80 - create IPUIPlugin
2025-01-15 00:40:07,811 [INFO] PluginManager:220 - loadIPPluginJar : add tim
2025-01-15 00:40:07,874 [INFO] IPUIPlugin:80 - create IPUIPlugin
2025-01-15 00:40:07,874 [INFO] PluginManager:220 - loadIPPluginJar : add touchsensing
2025-01-15 00:40:07,923 [INFO] IPUIPlugin:80 - create IPUIPlugin
2025-01-15 00:40:07,923 [INFO] PluginManager:220 - loadIPPluginJar : add tracer_emb
2025-01-15 00:40:07,972 [INFO] IPUIPlugin:80 - create IPUIPlugin
2025-01-15 00:40:07,972 [INFO] PluginManager:220 - loadIPPluginJar : add ts
2025-01-15 00:40:08,021 [INFO] IPUIPlugin:80 - create IPUIPlugin
2025-01-15 00:40:08,021 [INFO] PluginManager:220 - loadIPPluginJar : add tsc
2025-01-15 00:40:08,039 [INFO] IPUIPlugin:80 - create IPUIPlugin
2025-01-15 00:40:08,039 [INFO] PluginManager:220 - loadIPPluginJar : add ucpd
2025-01-15 00:40:08,072 [INFO] IPUIPlugin:80 - create IPUIPlugin
2025-01-15 00:40:08,072 [INFO] PluginManager:220 - loadIPPluginJar : add usart
2025-01-15 00:40:08,077 [INFO] ThirdPartyUpdaterWithRetryManager:70 - Updater plugin not ready yet. [2/15]
2025-01-15 00:40:08,164 [INFO] IPUIPlugin:80 - create IPUIPlugin
2025-01-15 00:40:08,164 [INFO] PluginManager:220 - loadIPPluginJar : add usbx
2025-01-15 00:40:08,282 [FATAL] Updater:351 - Updater called before beeing initialized
2025-01-15 00:40:08,309 [INFO] RulesReader:64 - Compatibility file has been processed (297 Rules)
2025-01-15 00:40:08,319 [INFO] RulesReader:64 - Compatibility file has been processed (297 Rules)
2025-01-15 00:40:08,334 [INFO] CADModel:165 - CPN selected for project level
2025-01-15 00:40:08,334 [INFO] CADModel:114 - Register for checkConnection events
2025-01-15 00:40:08,335 [FATAL] Updater:351 - Updater called before beeing initialized
2025-01-15 00:40:08,335 [ERROR] CADModel:125 - Updater not yet initialized, retry later 
2025-01-15 00:40:08,475 [FATAL] Updater:351 - Updater called before beeing initialized
2025-01-15 00:40:08,477 [INFO] CADModel:165 - CPN selected for project level
2025-01-15 00:40:08,477 [INFO] CADModel:114 - Register for checkConnection events
2025-01-15 00:40:08,477 [FATAL] Updater:351 - Updater called before beeing initialized
2025-01-15 00:40:08,477 [ERROR] CADModel:125 - Updater not yet initialized, retry later 
2025-01-15 00:40:08,480 [FATAL] Updater:351 - Updater called before beeing initialized
2025-01-15 00:40:08,590 [FATAL] Updater:351 - Updater called before beeing initialized
2025-01-15 00:40:08,600 [INFO] DbMcusAds:53 - JSON generation date=Wed Dec 18 01:01:15 KST 2024 (1734451275222)
2025-01-15 00:40:08,600 [FATAL] Updater:351 - Updater called before beeing initialized
2025-01-15 00:40:08,671 [WARN] DetailPanel:346 - Failed to get advertising image, set to default
2025-01-15 00:40:08,817 [FATAL] Updater:351 - Updater called before beeing initialized
2025-01-15 00:40:08,819 [FATAL] Updater:351 - Updater called before beeing initialized
2025-01-15 00:40:08,820 [FATAL] Updater:351 - Updater called before beeing initialized
2025-01-15 00:40:08,820 [WARN] DetailPanel:346 - Failed to get advertising image, set to default
2025-01-15 00:40:08,821 [FATAL] Updater:351 - Updater called before beeing initialized
2025-01-15 00:40:08,864 [ERROR] Updater:1198 - MainUpdater not yet initialized. External WinMGr cannot be set.
2025-01-15 00:40:08,872 [INFO] Updater:1134 - Updater Version found : 6.13.0
2025-01-15 00:40:08,888 [INFO] ApplicationProperties:184 - Using Application install path: D:\Program Files\STM32CubeIDE_1.17.0\STM32CubeIDE\plugins\com.st.stm32cube.common.mx_6.13.0.202411220809
2025-01-15 00:40:10,473 [ERROR] LogOutputStream:75 - [STDERR_REDIRECT] Jan 15, 2025 12:40:10 AM java.util.prefs.WindowsPreferences <init>
2025-01-15 00:40:10,474 [ERROR] LogOutputStream:75 - [STDERR_REDIRECT] WARNING: Could not open/create prefs root node Software\JavaSoft\Prefs at root 0xffffffff80000002. Windows RegCreateKeyEx(...) returned error code 5.
2025-01-15 00:40:10,474 [ERROR] LogOutputStream:75 - [STDERR_REDIRECT] 
2025-01-15 00:40:10,902 [INFO] MainUpdater:2872 - connection check result : 10
2025-01-15 00:40:10,902 [INFO] MainUpdater:289 - Updater Check For Update Now.
2025-01-15 00:40:10,902 [INFO] MicroXplorer:498 - Change Database Version : DB.6.0.130
2025-01-15 00:40:10,935 [INFO] McuFinderGlobals:63 - Set McuFinder mode to 2 (CubeIDE integrated)
2025-01-15 00:40:10,941 [INFO] UserAuth:486 - Internet connection configuration mode: 1
2025-01-15 00:40:10,978 [INFO] JxBrowserEngine:152 - Initiate JxBrowser Engine with user profile folder
2025-01-15 00:40:11,077 [WARN] MainUpdater:1193 - Updater busy. Cannot search thirdparties
2025-01-15 00:40:11,077 [INFO] ThirdPartyUpdaterWithRetryManager:96 - Updater plugin is busy. [1/15]
2025-01-15 00:40:11,193 [INFO] CheckServerUpdateThread:120 - End of CheckServer Thread
2025-01-15 00:40:12,013 [INFO] WebApp:168 - Instantiating new browser for Auth
2025-01-15 00:40:12,713 [INFO] WebApp:449 - Apply proxy settings
2025-01-15 00:40:12,714 [INFO] WebApp:534 - Chromium requires no authentication
2025-01-15 00:40:12,728 [INFO] WebApp:477 - Direct internet connection detected
2025-01-15 00:40:12,758 [INFO] WebApp:880 - Register for checkConnection events
2025-01-15 00:40:12,758 [INFO] WebApp:449 - Apply proxy settings
2025-01-15 00:40:12,758 [INFO] WebApp:534 - Chromium requires no authentication
2025-01-15 00:40:12,759 [INFO] WebApp:477 - Direct internet connection detected
2025-01-15 00:40:12,976 [INFO] WebApp:221 - Starting web application
2025-01-15 00:40:12,976 [INFO] WebApp:579 - Web application path used D:\Program Files\STM32CubeIDE_1.17.0\STM32CubeIDE\plugins\com.st.stm32cube.common.mx_6.13.0.202411220809\db\plugins\mcufinder\reactClient1\index.html
2025-01-15 00:40:13,185 [INFO] WebApp:187 - Connection restablished
2025-01-15 00:40:13,208 [INFO] UserAuth:486 - Internet connection configuration mode: 1
2025-01-15 00:40:14,329 [WARN] PackLoader:240 - Cannot read IP mode file for STMicroelectronics.FP-SNS-MOTENVWB1.1.4.0
2025-01-15 00:40:14,347 [WARN] PackLoader:240 - Cannot read IP mode file for STMicroelectronics.FP-ATR-ASTRA1.2.0.1
2025-01-15 00:40:14,361 [WARN] PackLoader:240 - Cannot read IP mode file for STMicroelectronics.X-CUBE-SMBUS.2.1.0
2025-01-15 00:40:14,383 [WARN] PackLoader:240 - Cannot read IP mode file for STMicroelectronics.X-CUBE-WB05N.1.1.0
2025-01-15 00:40:14,428 [WARN] PackLoader:240 - Cannot read IP mode file for STMicroelectronics.X-CUBE-AZRTOS-F7.1.1.0
2025-01-15 00:40:14,506 [WARN] PackLoader:240 - Cannot read IP mode file for STMicroelectronics.X-CUBE-MEMS1.11.0.0
2025-01-15 00:40:14,644 [WARN] PackLoader:240 - Cannot read IP mode file for STMicroelectronics.FP-SNS-FLIGHT1.5.0.2
2025-01-15 00:40:14,678 [WARN] PackLoader:240 - Cannot read IP mode file for Infineon.AIROC-Wi-Fi-Bluetooth-STM32.1.7.0
2025-01-15 00:40:14,699 [WARN] PackLoader:240 - Cannot read IP mode file for STMicroelectronics.X-CUBE-DISPLAY.3.0.0
2025-01-15 00:40:14,717 [WARN] PackLoader:240 - Cannot read IP mode file for STMicroelectronics.X-CUBE-BLE1.7.0.0
2025-01-15 00:40:14,732 [WARN] PackLoader:240 - Cannot read IP mode file for STMicroelectronics.X-CUBE-NFC10.1.0.0
2025-01-15 00:40:14,746 [WARN] PackLoader:240 - Cannot read IP mode file for STMicroelectronics.X-CUBE-BLEMGR.4.0.0
2025-01-15 00:40:14,762 [WARN] PackLoader:240 - Cannot read IP mode file for emotas.I-CUBE-CANOPEN.1.3.0
2025-01-15 00:40:14,776 [WARN] PackLoader:240 - Cannot read IP mode file for STMicroelectronics.X-CUBE-BLEMGR.3.1.0
2025-01-15 00:40:14,790 [WARN] PackLoader:240 - Cannot read IP mode file for STMicroelectronics.FP-SNS-SMARTAG2.1.2.0
2025-01-15 00:40:14,848 [WARN] PackLoader:240 - Cannot read IP mode file for STMicroelectronics.X-CUBE-MEMS1.11.1.0
2025-01-15 00:40:14,927 [INFO] LogOutputStream:77 - [STDOUT_REDIRECT] 1 : Invalid condition id : UX_CORESTACK_Condition cause : null
2025-01-15 00:40:14,929 [INFO] LogOutputStream:77 - [STDOUT_REDIRECT] 1 : Invalid condition id : UX_CORESTACK_Condition cause : null
2025-01-15 00:40:14,930 [INFO] LogOutputStream:77 - [STDOUT_REDIRECT] 1 : Invalid condition id : UX_CORESTACK_Condition cause : null
2025-01-15 00:40:14,932 [INFO] LogOutputStream:77 - [STDOUT_REDIRECT] 1 : Invalid condition id : UX_CORESTACK_Condition cause : null
2025-01-15 00:40:14,933 [INFO] LogOutputStream:77 - [STDOUT_REDIRECT] 1 : Invalid condition id : UX_CORESTACK_Condition cause : null
2025-01-15 00:40:14,935 [WARN] PackLoader:240 - Cannot read IP mode file for STMicroelectronics.X-CUBE-AZRTOS-WL.2.0.0
2025-01-15 00:40:14,949 [WARN] PackLoader:240 - Cannot read IP mode file for STMicroelectronics.FP-SNS-MOTENV1.5.0.0
2025-01-15 00:40:14,962 [WARN] PackLoader:240 - Cannot read IP mode file for wolfSSL.I-CUBE-wolfMQTT.1.19.0
2025-01-15 00:40:14,985 [WARN] PackLoader:240 - Cannot read IP mode file for WES.I-CUBE-Cesium.1.3.0
2025-01-15 00:40:15,001 [WARN] PackLoader:240 - Cannot read IP mode file for STMicroelectronics.X-CUBE-BLE2.3.3.0
2025-01-15 00:40:15,039 [WARN] PackLoader:240 - Cannot read IP mode file for STMicroelectronics.X-CUBE-NFC9.1.0.0
2025-01-15 00:40:15,056 [WARN] PackLoader:240 - Cannot read IP mode file for STMicroelectronics.X-CUBE-TCPP.4.1.0
2025-01-15 00:40:15,082 [WARN] PackLoader:240 - Cannot read IP mode file for STMicroelectronics.X-CUBE-AZRTOS-G0.1.1.0
2025-01-15 00:40:15,102 [WARN] PackLoader:240 - Cannot read IP mode file for STMicroelectronics.X-CUBE-SAFEA1.1.2.2
2025-01-15 00:40:15,119 [WARN] PackLoader:240 - Cannot read IP mode file for STMicroelectronics.X-CUBE-NFC4.3.0.0
2025-01-15 00:40:15,135 [WARN] PackLoader:240 - Cannot read IP mode file for EmbeddedOffice.I-CUBE-FS-RTOS.1.0.1
2025-01-15 00:40:15,154 [WARN] PackLoader:240 - Cannot read IP mode file for STMicroelectronics.X-CUBE-TCPP.4.2.0
2025-01-15 00:40:15,178 [WARN] PackLoader:240 - Cannot read IP mode file for RealThread.X-CUBE-RT-Thread_Nano.4.1.1
2025-01-15 00:40:15,193 [WARN] PackLoader:240 - Cannot read IP mode file for STMicroelectronics.FP-ATR-SIGFOX1.3.2.0
2025-01-15 00:40:15,205 [WARN] ConditionMgr:438 - getConditionDescription Invalid condition id : Cortex-A Device cause : null
2025-01-15 00:40:15,235 [WARN] ConditionMgr:1044 - genDependencies : Invalid condition id : Cortex-A Device cause : null
2025-01-15 00:40:15,235 [WARN] ConditionMgr:1044 - genDependencies : Invalid condition id : Cortex-A Device cause : null
2025-01-15 00:40:15,235 [WARN] ConditionMgr:1044 - genDependencies : Invalid condition id : Cortex-A Device cause : null
2025-01-15 00:40:15,249 [WARN] PackLoader:240 - Cannot read IP mode file for STMicroelectronics.X-CUBE-EEPRMA1.5.1.0
2025-01-15 00:40:15,261 [WARN] PackLoader:240 - Cannot read IP mode file for wolfSSL.I-CUBE-wolfSSL.5.7.4
2025-01-15 00:40:15,275 [WARN] PackLoader:240 - Cannot read IP mode file for ITTIA_DB.I-CUBE-ITTIADB.8.9.0
2025-01-15 00:40:15,305 [WARN] PackLoader:240 - Cannot read IP mode file for SEGGER.I-CUBE-embOS.1.3.1
2025-01-15 00:40:15,336 [WARN] PackLoader:240 - Cannot read IP mode file for STMicroelectronics.X-CUBE-ALGOBUILD.1.4.0
2025-01-15 00:40:15,352 [WARN] PackLoader:240 - Cannot read IP mode file for STMicroelectronics.X-CUBE-AI.9.1.0
2025-01-15 00:40:15,375 [WARN] PackLoader:240 - Cannot read IP mode file for STMicroelectronics.X-CUBE-AZRTOS-F4.1.1.0
2025-01-15 00:40:15,390 [WARN] PackLoader:240 - Cannot read IP mode file for STMicroelectronics.X-CUBE-ISPU.2.1.0
2025-01-15 00:40:15,403 [WARN] PackLoader:240 - Cannot read IP mode file for STMicroelectronics.X-CUBE-FREERTOS.1.2.0
2025-01-15 00:40:15,433 [WARN] PackLoader:240 - Cannot read IP mode file for STMicroelectronics.X-CUBE-AZRTOS-L5.2.0.0
2025-01-15 00:40:15,459 [WARN] PackLoader:240 - Cannot read IP mode file for STMicroelectronics.X-CUBE-NFC6.3.1.0
2025-01-15 00:40:15,480 [WARN] PackLoader:240 - Cannot read IP mode file for STMicroelectronics.X-CUBE-DPower.1.2.0
2025-01-15 00:40:15,494 [WARN] PackLoader:240 - Cannot read IP mode file for STMicroelectronics.X-CUBE-FREERTOS.1.3.0
2025-01-15 00:40:15,510 [WARN] PackLoader:240 - Cannot read IP mode file for STMicroelectronics.X-CUBE-NFC7.1.0.1
2025-01-15 00:40:15,542 [WARN] ConditionMgr:438 - getConditionDescription Invalid condition id : LAN8742 Phy interface Condition cause : null
2025-01-15 00:40:15,542 [WARN] PackLoader:240 - Cannot read IP mode file for STMicroelectronics.X-CUBE-AZRTOS-L4.2.0.0
2025-01-15 00:40:15,544 [WARN] ConditionMgr:1044 - genDependencies : Invalid condition id : LAN8742 Phy interface Condition cause : null
2025-01-15 00:40:15,544 [WARN] ConditionMgr:1044 - genDependencies : Invalid condition id : LAN8742 Phy interface Condition cause : null
2025-01-15 00:40:15,544 [WARN] ConditionMgr:1044 - genDependencies : Invalid condition id : LAN8742 Phy interface Condition cause : null
2025-01-15 00:40:15,563 [WARN] PackLoader:240 - Cannot read IP mode file for STMicroelectronics.X-CUBE-SFXS2LP1.4.0.0
2025-01-15 00:40:15,588 [WARN] PackLoader:240 - Cannot read IP mode file for STMicroelectronics.X-CUBE-AZRTOS-H7.3.3.0
2025-01-15 00:40:15,606 [WARN] PackLoader:240 - Cannot read IP mode file for STMicroelectronics.X-CUBE-IPS.3.0.0
2025-01-15 00:40:15,627 [WARN] ConditionMgr:438 - getConditionDescription Invalid condition id : UX DEVICE CLASS RTOS Condition cause : null
2025-01-15 00:40:15,627 [WARN] ConditionMgr:438 - getConditionDescription Invalid condition id : UX DEVICE CLASS RTOS Condition cause : null
2025-01-15 00:40:15,628 [WARN] PackLoader:240 - Cannot read IP mode file for STMicroelectronics.X-CUBE-AZRTOS-WB.2.0.0
2025-01-15 00:40:15,628 [WARN] ConditionMgr:1044 - genDependencies : Invalid condition id : UX DEVICE CLASS RTOS Condition cause : null
2025-01-15 00:40:15,628 [WARN] ConditionMgr:1044 - genDependencies : Invalid condition id : UX DEVICE CLASS RTOS Condition cause : null
2025-01-15 00:40:15,629 [WARN] ConditionMgr:1044 - genDependencies : Invalid condition id : UX DEVICE CLASS RTOS Condition cause : null
2025-01-15 00:40:15,629 [WARN] ConditionMgr:1044 - genDependencies : Invalid condition id : UX DEVICE CLASS RTOS Condition cause : null
2025-01-15 00:40:15,629 [WARN] ConditionMgr:1044 - genDependencies : Invalid condition id : UX DEVICE CLASS RTOS Condition cause : null
2025-01-15 00:40:15,647 [WARN] PackLoader:240 - Cannot read IP mode file for STMicroelectronics.X-CUBE-GNSS1.7.0.0
2025-01-15 00:40:15,662 [WARN] PackLoader:240 - Cannot read IP mode file for STMicroelectronics.X-CUBE-GNSS1.7.0.1
2025-01-15 00:40:15,677 [WARN] PackLoader:240 - Cannot read IP mode file for STMicroelectronics.FP-SNS-STBOX1.2.0.0
2025-01-15 00:40:15,696 [WARN] PackLoader:240 - Cannot read IP mode file for STMicroelectronics.X-CUBE-SUBG2.5.0.0
2025-01-15 00:40:15,711 [WARN] PackLoader:240 - Cannot read IP mode file for Cesanta.I-CUBE-Mongoose.7.13.0
2025-01-15 00:40:15,733 [WARN] PackLoader:240 - Cannot read IP mode file for STMicroelectronics.X-CUBE-AZRTOS-G4.2.0.0
2025-01-15 00:40:15,754 [WARN] PackLoader:240 - Cannot read IP mode file for STMicroelectronics.X-CUBE-IPS.3.1.0
2025-01-15 00:40:15,770 [WARN] PackLoader:240 - Cannot read IP mode file for STMicroelectronics.X-CUBE-ALS.1.0.2
2025-01-15 00:40:15,787 [WARN] PackLoader:240 - Cannot read IP mode file for STMicroelectronics.X-CUBE-TOUCHGFX.4.24.2
2025-01-15 00:40:15,800 [WARN] PackLoader:240 - Cannot read IP mode file for STMicroelectronics.X-CUBE-TOUCHGFX.4.24.1
2025-01-15 00:40:15,812 [WARN] PackLoader:240 - Cannot read IP mode file for wolfSSL.I-CUBE-wolfTPM.3.4.0
2025-01-15 00:40:15,826 [WARN] PackLoader:240 - Cannot read IP mode file for portGmbH.I-Cube-SoM-uGOAL.1.1.0
2025-01-15 00:40:15,850 [WARN] PackLoader:240 - Cannot read IP mode file for STMicroelectronics.X-CUBE-AZRTOS-H7RS.1.0.0
2025-01-15 00:40:15,868 [WARN] PackLoader:240 - Cannot read IP mode file for STMicroelectronics.X-CUBE-TOF1.3.4.2
2025-01-15 00:40:15,886 [WARN] PackLoader:240 - Cannot read IP mode file for wolfSSL.I-CUBE-wolfSSH.1.4.17
2025-01-15 00:40:15,886 [INFO] ThirdParty:978 - Integrity check success = true
2025-01-15 00:40:15,886 [INFO] IntegrityCheckThread:100 - exiting critical section [integrity check]
2025-01-15 00:40:15,886 [INFO] IntegrityCheckThread:103 - End integrity checks thread
2025-01-15 02:11:00,916 [INFO] Activator:176 - 


2025-01-15 02:11:00,917 [INFO] Activator:177 - !SESSION log4j initialized
2025-01-15 02:11:07,571 [INFO] LogOutputStream:77 - [STDOUT_REDIRECT] 
2025-01-15 02:11:11,288 [INFO] ApplicationProperties:184 - Using Application install path: D:\Program Files\STM32CubeIDE_1.17.0\STM32CubeIDE\plugins\com.st.stm32cube.common.mx_6.13.0.202411220809
2025-01-15 02:11:11,309 [INFO] DbMcusXml:78 - Set database path to: D:\Program Files\STM32CubeIDE_1.17.0\STM32CubeIDE\plugins\com.st.stm32cube.common.mx_6.13.0.202411220809\\db\/mcu/
2025-01-15 02:11:11,310 [INFO] ApiDb:274 - Set plugin database path to: D:\Program Files\STM32CubeIDE_1.17.0\STM32CubeIDE\plugins\com.st.stm32cube.common.mx_6.13.0.202411220809\\db\/plugins/boardmanager/
2025-01-15 02:11:11,310 [WARN] ApiDb:259 - Overriding images path with different value:  => D:\Program Files\STM32CubeIDE_1.17.0\STM32CubeIDE\plugins\com.st.stm32cube.common.mx_6.13.0.202411220809\\db\/plugins/mcufinder/images/
2025-01-15 02:11:11,332 [INFO] ApiDb:250 - Set database path to: C:\Users\Jinhy\.stmcufinder\plugins\mcufinder//mcu/
2025-01-15 02:11:11,334 [INFO] DbMcusAds:125 - Set database path to: C:\Users\Jinhy\.stmcufinder\plugins\mcufinder//mcu/
2025-01-15 02:11:11,336 [INFO] CrossReferenceDbSqlite:203 - Set database path to: C:\Users\Jinhy\.stmcufinder\plugins\mcufinder//mcu/cs/
2025-01-15 02:11:11,479 [INFO] RulesReader:64 - Compatibility file has been processed (297 Rules)
2025-01-15 02:11:11,590 [INFO] DbMcusXml:78 - Set database path to: D:\Program Files\STM32CubeIDE_1.17.0\STM32CubeIDE\plugins\com.st.stm32cube.common.mx_6.13.0.202411220809\\db\/mcu/
2025-01-15 02:11:11,590 [INFO] ApiDb:274 - Set plugin database path to: D:\Program Files\STM32CubeIDE_1.17.0\STM32CubeIDE\plugins\com.st.stm32cube.common.mx_6.13.0.202411220809\\db\/plugins/boardmanager/
2025-01-15 02:11:11,591 [INFO] ApiDb:261 - Set plugin images path to: D:\Program Files\STM32CubeIDE_1.17.0\STM32CubeIDE\plugins\com.st.stm32cube.common.mx_6.13.0.202411220809\\db\/plugins/mcufinder/images/
2025-01-15 02:11:11,591 [WARN] DbFile:41 - Overriding database path with different value: C:\Users\Jinhy\.stmcufinder\plugins\mcufinder/ => C:\Users\Jinhy\.stmcufinder\plugins\mcufinder
2025-01-15 02:11:11,591 [INFO] ApiDb:250 - Set database path to: C:\Users\Jinhy\.stmcufinder\plugins\mcufinder//mcu/
2025-01-15 02:11:11,592 [WARN] DbFile:41 - Overriding database path with different value: C:\Users\Jinhy\.stmcufinder\plugins\mcufinder/ => C:\Users\Jinhy\.stmcufinder\plugins\mcufinder
2025-01-15 02:11:11,592 [INFO] DbMcusAds:125 - Set database path to: C:\Users\Jinhy\.stmcufinder\plugins\mcufinder//mcu/
2025-01-15 02:11:11,592 [WARN] DbFile:41 - Overriding database path with different value: C:\Users\Jinhy\.stmcufinder\plugins\mcufinder/ => C:\Users\Jinhy\.stmcufinder\plugins\mcufinder
2025-01-15 02:11:11,592 [WARN] DbFile:41 - Overriding database path with different value: C:\Users\Jinhy\.stmcufinder\plugins\mcufinder/ => C:\Users\Jinhy\.stmcufinder\plugins\mcufinder
2025-01-15 02:11:11,592 [INFO] CrossReferenceDbSqlite:203 - Set database path to: C:\Users\Jinhy\.stmcufinder\plugins\mcufinder//mcu/cs/
2025-01-15 02:11:11,668 [INFO] MainPanel:272 - HeapMemory: 268435456
2025-01-15 02:11:11,768 [INFO] DbMcusXml:78 - Set database path to: D:\Program Files\STM32CubeIDE_1.17.0\STM32CubeIDE\plugins\com.st.stm32cube.common.mx_6.13.0.202411220809\\db\/mcu/
2025-01-15 02:11:11,768 [INFO] ApiDb:274 - Set plugin database path to: D:\Program Files\STM32CubeIDE_1.17.0\STM32CubeIDE\plugins\com.st.stm32cube.common.mx_6.13.0.202411220809\\db\/plugins/boardmanager/
2025-01-15 02:11:11,768 [INFO] ApiDb:261 - Set plugin images path to: D:\Program Files\STM32CubeIDE_1.17.0\STM32CubeIDE\plugins\com.st.stm32cube.common.mx_6.13.0.202411220809\\db\/plugins/mcufinder/images/
2025-01-15 02:11:11,769 [WARN] DbFile:41 - Overriding database path with different value: C:\Users\Jinhy\.stmcufinder\plugins\mcufinder/ => C:\Users\Jinhy\.stmcufinder\plugins\mcufinder
2025-01-15 02:11:11,769 [INFO] ApiDb:250 - Set database path to: C:\Users\Jinhy\.stmcufinder\plugins\mcufinder//mcu/
2025-01-15 02:11:11,769 [WARN] DbFile:41 - Overriding database path with different value: C:\Users\Jinhy\.stmcufinder\plugins\mcufinder/ => C:\Users\Jinhy\.stmcufinder\plugins\mcufinder
2025-01-15 02:11:11,769 [INFO] DbMcusAds:125 - Set database path to: C:\Users\Jinhy\.stmcufinder\plugins\mcufinder//mcu/
2025-01-15 02:11:11,769 [WARN] DbFile:41 - Overriding database path with different value: C:\Users\Jinhy\.stmcufinder\plugins\mcufinder/ => C:\Users\Jinhy\.stmcufinder\plugins\mcufinder
2025-01-15 02:11:11,769 [WARN] DbFile:41 - Overriding database path with different value: C:\Users\Jinhy\.stmcufinder\plugins\mcufinder/ => C:\Users\Jinhy\.stmcufinder\plugins\mcufinder
2025-01-15 02:11:11,769 [INFO] CrossReferenceDbSqlite:203 - Set database path to: C:\Users\Jinhy\.stmcufinder\plugins\mcufinder//mcu/cs/
2025-01-15 02:11:11,786 [INFO] ApplicationProperties:184 - Using Application install path: D:\Program Files\STM32CubeIDE_1.17.0\STM32CubeIDE\plugins\com.st.stm32cube.common.mx_6.13.0.202411220809
2025-01-15 02:11:11,788 [INFO] PluginManage:196 - Search for loadable plugins [exclusion list=, ]
2025-01-15 02:11:11,789 [INFO] PluginManage:310 - Check plugin analytics
2025-01-15 02:11:12,008 [INFO] AnalyticsPlugin:253 - Accepted Software Licenses: STM32CubeMX.6.13.0
2025-01-15 02:11:12,008 [INFO] AnalyticsPlugin:255 - Accepted CMSIS Pack Licenses: 
2025-01-15 02:11:12,008 [INFO] AnalyticsPlugin:257 - Accepted Firmware Licenses: 
2025-01-15 02:11:12,013 [INFO] PluginManage:359 - Loaded plugin analytics (category:tool,tabindex:-1)
2025-01-15 02:11:12,014 [INFO] PluginManage:310 - Check plugin cadmodel
2025-01-15 02:11:12,036 [INFO] CADModel:105 - Init CAD model plugin
2025-01-15 02:11:12,036 [INFO] PluginManage:359 - Loaded plugin cadmodel (category:power,tabindex:5)
2025-01-15 02:11:12,037 [INFO] PluginManage:310 - Check plugin clock
2025-01-15 02:11:12,065 [INFO] PluginManage:359 - Loaded plugin clock (category:base,tabindex:2)
2025-01-15 02:11:12,065 [INFO] PluginManage:310 - Check plugin ddr
2025-01-15 02:11:12,067 [INFO] PluginManage:359 - Loaded plugin ddr (category:tool,tabindex:6)
2025-01-15 02:11:12,067 [INFO] PluginManage:310 - Check plugin filemanager
2025-01-15 02:11:12,217 [INFO] PluginManage:359 - Loaded plugin filemanager (category:base,tabindex:10)
2025-01-15 02:11:12,217 [INFO] PluginManage:310 - Check plugin ipmanager
2025-01-15 02:11:12,224 [INFO] PluginManage:359 - Loaded plugin ipmanager (category:base,tabindex:5)
2025-01-15 02:11:12,224 [INFO] PluginManage:310 - Check plugin lpbam
2025-01-15 02:11:12,241 [INFO] PluginManage:359 - Loaded plugin lpbam (category:base,tabindex:0)
2025-01-15 02:11:12,242 [INFO] PluginManage:310 - Check plugin memorymap
2025-01-15 02:11:12,265 [INFO] PluginManage:359 - Loaded plugin memorymap (category:base,tabindex:4)
2025-01-15 02:11:12,265 [INFO] PluginManage:310 - Check plugin pinoutandconfiguration
2025-01-15 02:11:12,283 [INFO] PluginManage:359 - Loaded plugin pinoutandconfiguration (category:base,tabindex:1)
2025-01-15 02:11:12,284 [INFO] PluginManage:310 - Check plugin pinoutconfig
2025-01-15 02:11:12,382 [WARN] SupportedApi:132 - Cannot load RTOS API schema: s4s-elt-must-match.1: The content of 'definitions' must match (annotation?, (simpleType | complexType)?, (unique | key | keyref)*)). A problem was found starting at: attribute.
2025-01-15 02:11:12,500 [INFO] PluginManage:359 - Loaded plugin pinoutconfig (category:base,tabindex:0)
2025-01-15 02:11:12,500 [INFO] PluginManage:310 - Check plugin power
2025-01-15 02:11:12,520 [INFO] PluginManage:359 - Loaded plugin power (category:power,tabindex:4)
2025-01-15 02:11:12,520 [INFO] PluginManage:310 - Check plugin projectmanager
2025-01-15 02:11:12,536 [INFO] PluginManage:359 - Loaded plugin projectmanager (category:projectmanager,tabindex:4)
2025-01-15 02:11:12,536 [INFO] PluginManage:310 - Check plugin rif
2025-01-15 02:11:12,568 [INFO] PluginManage:359 - Loaded plugin rif (category:base,tabindex:3)
2025-01-15 02:11:12,568 [INFO] PluginManage:310 - Check plugin thirdparty
2025-01-15 02:11:12,874 [WARN] IntegrityCheckThread:84 - waiting for thirdparty lock release [integrity check]
2025-01-15 02:11:12,874 [INFO] IntegrityCheckThread:86 - entering critical section [integrity check]
2025-01-15 02:11:12,874 [INFO] PluginManage:359 - Loaded plugin thirdparty (category:base,tabindex:-1)
2025-01-15 02:11:12,874 [INFO] PluginManage:310 - Check plugin tools
2025-01-15 02:11:12,874 [INFO] ThirdPartyUpdaterWithRetryManager:70 - Updater plugin not ready yet. [1/15]
2025-01-15 02:11:12,928 [INFO] PluginManage:359 - Loaded plugin tools (category:base,tabindex:7)
2025-01-15 02:11:12,928 [INFO] PluginManage:310 - Check plugin tutovideos
2025-01-15 02:11:13,142 [INFO] PluginManage:359 - Loaded plugin tutovideos (category:base,tabindex:-1)
2025-01-15 02:11:13,142 [INFO] PluginManage:310 - Check plugin updater
2025-01-15 02:11:13,163 [INFO] PluginManage:359 - Loaded plugin updater (category:base,tabindex:12)
2025-01-15 02:11:13,163 [INFO] PluginManage:310 - Check plugin userauth
2025-01-15 02:11:13,167 [INFO] UserAuth:118 - Init User Auth plugin
2025-01-15 02:11:13,168 [INFO] PluginManage:359 - Loaded plugin userauth (category:base,tabindex:14)
2025-01-15 02:11:13,169 [INFO] PluginManage:283 - PluginManage : Loaded plugins [18]
2025-01-15 02:11:13,367 [INFO] PinOutPanel:1589 - setPackage(No Configuration,No Configuration)
2025-01-15 02:11:13,448 [INFO] CADModel:165 - CPN selected for project level
2025-01-15 02:11:13,449 [INFO] CADModel:114 - Register for checkConnection events
2025-01-15 02:11:13,483 [INFO] IPUIPlugin:80 - create IPUIPlugin
2025-01-15 02:11:13,483 [INFO] PluginManager:220 - loadIPPluginJar : add adc
2025-01-15 02:11:13,544 [INFO] IPUIPlugin:80 - create IPUIPlugin
2025-01-15 02:11:13,545 [INFO] PluginManager:220 - loadIPPluginJar : add aes
2025-01-15 02:11:13,589 [INFO] IPUIPlugin:80 - create IPUIPlugin
2025-01-15 02:11:13,589 [INFO] PluginManager:220 - loadIPPluginJar : add can
2025-01-15 02:11:13,615 [INFO] IPUIPlugin:80 - create IPUIPlugin
2025-01-15 02:11:13,615 [INFO] PluginManager:220 - loadIPPluginJar : add comp
2025-01-15 02:11:13,648 [INFO] IPUIPlugin:80 - create IPUIPlugin
2025-01-15 02:11:13,650 [INFO] PluginManager:220 - loadIPPluginJar : add cryp
2025-01-15 02:11:13,676 [INFO] IPUIPlugin:80 - create IPUIPlugin
2025-01-15 02:11:13,676 [INFO] PluginManager:220 - loadIPPluginJar : add ddr_ctrl_phy
2025-01-15 02:11:13,708 [INFO] IPUIPlugin:80 - create IPUIPlugin
2025-01-15 02:11:13,709 [INFO] PluginManager:220 - loadIPPluginJar : add dfsdm
2025-01-15 02:11:13,735 [INFO] IPUIPlugin:80 - create IPUIPlugin
2025-01-15 02:11:13,736 [INFO] PluginManager:220 - loadIPPluginJar : add dma
2025-01-15 02:11:13,826 [INFO] IPUIPlugin:80 - create IPUIPlugin
2025-01-15 02:11:13,826 [INFO] PluginManager:220 - loadIPPluginJar : add dma3
2025-01-15 02:11:13,929 [INFO] IPUIPlugin:80 - create IPUIPlugin
2025-01-15 02:11:13,929 [INFO] PluginManager:220 - loadIPPluginJar : add extmemmanager
2025-01-15 02:11:13,981 [INFO] IPUIPlugin:80 - create IPUIPlugin
2025-01-15 02:11:13,981 [INFO] PluginManager:220 - loadIPPluginJar : add fatfs
2025-01-15 02:11:14,087 [INFO] IPUIPlugin:80 - create IPUIPlugin
2025-01-15 02:11:14,087 [INFO] PluginManager:220 - loadIPPluginJar : add fmc
2025-01-15 02:11:14,114 [INFO] IPUIPlugin:80 - create IPUIPlugin
2025-01-15 02:11:14,115 [INFO] PluginManager:220 - loadIPPluginJar : add freertos
2025-01-15 02:11:14,134 [INFO] IPUIPlugin:80 - create IPUIPlugin
2025-01-15 02:11:14,134 [INFO] PluginManager:220 - loadIPPluginJar : add genericplugin
2025-01-15 02:11:14,326 [INFO] IPUIPlugin:80 - create IPUIPlugin
2025-01-15 02:11:14,326 [INFO] PluginManager:220 - loadIPPluginJar : add gfxmmu
2025-01-15 02:11:14,652 [INFO] IPUIPlugin:80 - create IPUIPlugin
2025-01-15 02:11:14,652 [INFO] PluginManager:220 - loadIPPluginJar : add gic
2025-01-15 02:11:14,679 [INFO] IPUIPlugin:80 - create IPUIPlugin
2025-01-15 02:11:14,679 [INFO] PluginManager:220 - loadIPPluginJar : add gpio
2025-01-15 02:11:14,851 [INFO] IPUIPlugin:80 - create IPUIPlugin
2025-01-15 02:11:14,851 [INFO] PluginManager:220 - loadIPPluginJar : add gtzc
2025-01-15 02:11:14,930 [INFO] IPUIPlugin:80 - create IPUIPlugin
2025-01-15 02:11:14,930 [INFO] PluginManager:220 - loadIPPluginJar : add hash
2025-01-15 02:11:15,068 [INFO] IPUIPlugin:80 - create IPUIPlugin
2025-01-15 02:11:15,068 [INFO] PluginManager:220 - loadIPPluginJar : add i2c
2025-01-15 02:11:15,159 [INFO] IPUIPlugin:80 - create IPUIPlugin
2025-01-15 02:11:15,159 [INFO] PluginManager:220 - loadIPPluginJar : add i2s
2025-01-15 02:11:15,263 [INFO] IPUIPlugin:80 - create IPUIPlugin
2025-01-15 02:11:15,263 [INFO] PluginManager:220 - loadIPPluginJar : add i3c
2025-01-15 02:11:15,520 [INFO] IPUIPlugin:80 - create IPUIPlugin
2025-01-15 02:11:15,520 [INFO] PluginManager:220 - loadIPPluginJar : add ipddr
2025-01-15 02:11:15,669 [INFO] IPUIPlugin:80 - create IPUIPlugin
2025-01-15 02:11:15,669 [INFO] PluginManager:220 - loadIPPluginJar : add linkedlist
2025-01-15 02:11:15,704 [INFO] IPUIPlugin:80 - create IPUIPlugin
2025-01-15 02:11:15,705 [INFO] PluginManager:220 - loadIPPluginJar : add lorawan
2025-01-15 02:11:15,797 [INFO] IPUIPlugin:80 - create IPUIPlugin
2025-01-15 02:11:15,798 [INFO] PluginManager:220 - loadIPPluginJar : add ltdc
2025-01-15 02:11:15,824 [INFO] IPUIPlugin:80 - create IPUIPlugin
2025-01-15 02:11:15,824 [INFO] PluginManager:220 - loadIPPluginJar : add mdma
2025-01-15 02:11:15,850 [INFO] IPUIPlugin:80 - create IPUIPlugin
2025-01-15 02:11:15,850 [INFO] PluginManager:220 - loadIPPluginJar : add nvic
2025-01-15 02:11:15,876 [INFO] ThirdPartyUpdaterWithRetryManager:70 - Updater plugin not ready yet. [2/15]
2025-01-15 02:11:15,942 [INFO] IPUIPlugin:80 - create IPUIPlugin
2025-01-15 02:11:15,942 [INFO] PluginManager:220 - loadIPPluginJar : add opamp
2025-01-15 02:11:16,091 [INFO] IPUIPlugin:80 - create IPUIPlugin
2025-01-15 02:11:16,091 [INFO] PluginManager:220 - loadIPPluginJar : add openamp
2025-01-15 02:11:16,197 [INFO] IPUIPlugin:80 - create IPUIPlugin
2025-01-15 02:11:16,197 [INFO] PluginManager:220 - loadIPPluginJar : add pdm2pcm
2025-01-15 02:11:16,213 [INFO] IPUIPlugin:80 - create IPUIPlugin
2025-01-15 02:11:16,214 [INFO] PluginManager:220 - loadIPPluginJar : add plateformsettings
2025-01-15 02:11:16,240 [INFO] IPUIPlugin:80 - create IPUIPlugin
2025-01-15 02:11:16,240 [INFO] PluginManager:220 - loadIPPluginJar : add quadspi
2025-01-15 02:11:16,267 [INFO] IPUIPlugin:80 - create IPUIPlugin
2025-01-15 02:11:16,268 [INFO] PluginManager:220 - loadIPPluginJar : add radio
2025-01-15 02:11:16,294 [INFO] IPUIPlugin:80 - create IPUIPlugin
2025-01-15 02:11:16,294 [INFO] PluginManager:220 - loadIPPluginJar : add resmgrutility
2025-01-15 02:11:16,402 [INFO] IPUIPlugin:80 - create IPUIPlugin
2025-01-15 02:11:16,402 [INFO] PluginManager:220 - loadIPPluginJar : add sai
2025-01-15 02:11:16,491 [INFO] IPUIPlugin:80 - create IPUIPlugin
2025-01-15 02:11:16,491 [INFO] PluginManager:220 - loadIPPluginJar : add spi
2025-01-15 02:11:16,652 [INFO] IPUIPlugin:80 - create IPUIPlugin
2025-01-15 02:11:16,652 [INFO] PluginManager:220 - loadIPPluginJar : add stm32_wpan
2025-01-15 02:11:16,716 [INFO] IPUIPlugin:80 - create IPUIPlugin
2025-01-15 02:11:16,716 [INFO] PluginManager:220 - loadIPPluginJar : add tim
2025-01-15 02:11:16,872 [INFO] IPUIPlugin:80 - create IPUIPlugin
2025-01-15 02:11:16,873 [INFO] PluginManager:220 - loadIPPluginJar : add touchsensing
2025-01-15 02:11:16,932 [INFO] IPUIPlugin:80 - create IPUIPlugin
2025-01-15 02:11:16,932 [INFO] PluginManager:220 - loadIPPluginJar : add tracer_emb
2025-01-15 02:11:16,988 [INFO] IPUIPlugin:80 - create IPUIPlugin
2025-01-15 02:11:16,988 [INFO] PluginManager:220 - loadIPPluginJar : add ts
2025-01-15 02:11:17,012 [INFO] IPUIPlugin:80 - create IPUIPlugin
2025-01-15 02:11:17,012 [INFO] PluginManager:220 - loadIPPluginJar : add tsc
2025-01-15 02:11:17,069 [INFO] IPUIPlugin:80 - create IPUIPlugin
2025-01-15 02:11:17,069 [INFO] PluginManager:220 - loadIPPluginJar : add ucpd
2025-01-15 02:11:17,179 [INFO] IPUIPlugin:80 - create IPUIPlugin
2025-01-15 02:11:17,180 [INFO] PluginManager:220 - loadIPPluginJar : add usart
2025-01-15 02:11:17,286 [INFO] IPUIPlugin:80 - create IPUIPlugin
2025-01-15 02:11:17,287 [INFO] PluginManager:220 - loadIPPluginJar : add usbx
2025-01-15 02:11:17,408 [FATAL] Updater:351 - Updater called before beeing initialized
2025-01-15 02:11:17,440 [INFO] RulesReader:64 - Compatibility file has been processed (297 Rules)
2025-01-15 02:11:17,456 [INFO] RulesReader:64 - Compatibility file has been processed (297 Rules)
2025-01-15 02:11:17,468 [INFO] CADModel:165 - CPN selected for project level
2025-01-15 02:11:17,468 [INFO] CADModel:114 - Register for checkConnection events
2025-01-15 02:11:17,468 [FATAL] Updater:351 - Updater called before beeing initialized
2025-01-15 02:11:17,468 [ERROR] CADModel:125 - Updater not yet initialized, retry later 
2025-01-15 02:11:17,624 [FATAL] Updater:351 - Updater called before beeing initialized
2025-01-15 02:11:17,625 [INFO] CADModel:165 - CPN selected for project level
2025-01-15 02:11:17,625 [INFO] CADModel:114 - Register for checkConnection events
2025-01-15 02:11:17,625 [FATAL] Updater:351 - Updater called before beeing initialized
2025-01-15 02:11:17,625 [ERROR] CADModel:125 - Updater not yet initialized, retry later 
2025-01-15 02:11:17,636 [FATAL] Updater:351 - Updater called before beeing initialized
2025-01-15 02:11:17,772 [FATAL] Updater:351 - Updater called before beeing initialized
2025-01-15 02:11:17,797 [INFO] DbMcusAds:53 - JSON generation date=Wed Dec 18 01:01:15 KST 2024 (1734451275222)
2025-01-15 02:11:17,797 [FATAL] Updater:351 - Updater called before beeing initialized
2025-01-15 02:11:17,887 [WARN] DetailPanel:346 - Failed to get advertising image, set to default
2025-01-15 02:11:18,054 [FATAL] Updater:351 - Updater called before beeing initialized
2025-01-15 02:11:18,056 [FATAL] Updater:351 - Updater called before beeing initialized
2025-01-15 02:11:18,056 [FATAL] Updater:351 - Updater called before beeing initialized
2025-01-15 02:11:18,057 [WARN] DetailPanel:346 - Failed to get advertising image, set to default
2025-01-15 02:11:18,057 [FATAL] Updater:351 - Updater called before beeing initialized
2025-01-15 02:11:18,124 [ERROR] Updater:1198 - MainUpdater not yet initialized. External WinMGr cannot be set.
2025-01-15 02:11:18,136 [INFO] Updater:1134 - Updater Version found : 6.13.0
2025-01-15 02:11:18,162 [INFO] ApplicationProperties:184 - Using Application install path: D:\Program Files\STM32CubeIDE_1.17.0\STM32CubeIDE\plugins\com.st.stm32cube.common.mx_6.13.0.202411220809
2025-01-15 02:11:18,877 [INFO] ThirdPartyUpdaterWithRetryManager:70 - Updater plugin not ready yet. [3/15]
2025-01-15 02:11:19,747 [ERROR] LogOutputStream:75 - [STDERR_REDIRECT] Jan 15, 2025 2:11:19 AM java.util.prefs.WindowsPreferences <init>
2025-01-15 02:11:19,748 [ERROR] LogOutputStream:75 - [STDERR_REDIRECT] WARNING: Could not open/create prefs root node Software\JavaSoft\Prefs at root 0xffffffff80000002. Windows RegCreateKeyEx(...) returned error code 5.
2025-01-15 02:11:19,748 [ERROR] LogOutputStream:75 - [STDERR_REDIRECT] 
2025-01-15 02:11:20,229 [INFO] MainUpdater:2872 - connection check result : 10
2025-01-15 02:11:20,229 [INFO] MainUpdater:289 - Updater Check For Update Now.
2025-01-15 02:11:20,229 [INFO] MicroXplorer:498 - Change Database Version : DB.6.0.130
2025-01-15 02:11:20,248 [INFO] McuFinderGlobals:63 - Set McuFinder mode to 2 (CubeIDE integrated)
2025-01-15 02:11:20,254 [INFO] UserAuth:486 - Internet connection configuration mode: 1
2025-01-15 02:11:20,286 [INFO] JxBrowserEngine:152 - Initiate JxBrowser Engine with user profile folder
2025-01-15 02:11:20,529 [INFO] CheckServerUpdateThread:120 - End of CheckServer Thread
2025-01-15 02:11:21,324 [INFO] WebApp:168 - Instantiating new browser for Auth
2025-01-15 02:11:22,137 [WARN] PackLoader:240 - Cannot read IP mode file for STMicroelectronics.FP-SNS-MOTENVWB1.1.4.0
2025-01-15 02:11:22,164 [WARN] PackLoader:240 - Cannot read IP mode file for STMicroelectronics.FP-ATR-ASTRA1.2.0.1
2025-01-15 02:11:22,186 [WARN] PackLoader:240 - Cannot read IP mode file for STMicroelectronics.X-CUBE-SMBUS.2.1.0
2025-01-15 02:11:22,212 [WARN] PackLoader:240 - Cannot read IP mode file for STMicroelectronics.X-CUBE-WB05N.1.1.0
2025-01-15 02:11:22,249 [INFO] WebApp:449 - Apply proxy settings
2025-01-15 02:11:22,250 [INFO] WebApp:534 - Chromium requires no authentication
2025-01-15 02:11:22,277 [WARN] PackLoader:240 - Cannot read IP mode file for STMicroelectronics.X-CUBE-AZRTOS-F7.1.1.0
2025-01-15 02:11:22,308 [INFO] WebApp:477 - Direct internet connection detected
2025-01-15 02:11:22,367 [WARN] PackLoader:240 - Cannot read IP mode file for STMicroelectronics.X-CUBE-MEMS1.11.0.0
2025-01-15 02:11:22,398 [INFO] WebApp:880 - Register for checkConnection events
2025-01-15 02:11:22,398 [INFO] WebApp:449 - Apply proxy settings
2025-01-15 02:11:22,398 [INFO] WebApp:534 - Chromium requires no authentication
2025-01-15 02:11:22,399 [INFO] WebApp:477 - Direct internet connection detected
2025-01-15 02:11:22,533 [WARN] PackLoader:240 - Cannot read IP mode file for STMicroelectronics.FP-SNS-FLIGHT1.5.0.2
2025-01-15 02:11:22,601 [WARN] PackLoader:240 - Cannot read IP mode file for Infineon.AIROC-Wi-Fi-Bluetooth-STM32.1.7.0
2025-01-15 02:11:22,628 [WARN] PackLoader:240 - Cannot read IP mode file for STMicroelectronics.X-CUBE-DISPLAY.3.0.0
2025-01-15 02:11:22,647 [WARN] PackLoader:240 - Cannot read IP mode file for STMicroelectronics.X-CUBE-BLE1.7.0.0
2025-01-15 02:11:22,655 [INFO] WebApp:187 - Connection restablished
2025-01-15 02:11:22,662 [WARN] PackLoader:240 - Cannot read IP mode file for STMicroelectronics.X-CUBE-NFC10.1.0.0
2025-01-15 02:11:22,684 [WARN] PackLoader:240 - Cannot read IP mode file for STMicroelectronics.X-CUBE-BLEMGR.4.0.0
2025-01-15 02:11:22,701 [WARN] PackLoader:240 - Cannot read IP mode file for emotas.I-CUBE-CANOPEN.1.3.0
2025-01-15 02:11:22,720 [WARN] PackLoader:240 - Cannot read IP mode file for STMicroelectronics.X-CUBE-BLEMGR.3.1.0
2025-01-15 02:11:22,739 [WARN] PackLoader:240 - Cannot read IP mode file for STMicroelectronics.FP-SNS-SMARTAG2.1.2.0
2025-01-15 02:11:22,810 [WARN] PackLoader:240 - Cannot read IP mode file for STMicroelectronics.X-CUBE-MEMS1.11.1.0
2025-01-15 02:11:22,937 [INFO] LogOutputStream:77 - [STDOUT_REDIRECT] 1 : Invalid condition id : UX_CORESTACK_Condition cause : null
2025-01-15 02:11:22,938 [INFO] LogOutputStream:77 - [STDOUT_REDIRECT] 1 : Invalid condition id : UX_CORESTACK_Condition cause : null
2025-01-15 02:11:22,940 [INFO] LogOutputStream:77 - [STDOUT_REDIRECT] 1 : Invalid condition id : UX_CORESTACK_Condition cause : null
2025-01-15 02:11:22,942 [INFO] LogOutputStream:77 - [STDOUT_REDIRECT] 1 : Invalid condition id : UX_CORESTACK_Condition cause : null
2025-01-15 02:11:22,944 [INFO] LogOutputStream:77 - [STDOUT_REDIRECT] 1 : Invalid condition id : UX_CORESTACK_Condition cause : null
2025-01-15 02:11:22,946 [WARN] PackLoader:240 - Cannot read IP mode file for STMicroelectronics.X-CUBE-AZRTOS-WL.2.0.0
2025-01-15 02:11:22,964 [WARN] PackLoader:240 - Cannot read IP mode file for STMicroelectronics.FP-SNS-MOTENV1.5.0.0
2025-01-15 02:11:22,980 [WARN] PackLoader:240 - Cannot read IP mode file for wolfSSL.I-CUBE-wolfMQTT.1.19.0
2025-01-15 02:11:23,002 [WARN] PackLoader:240 - Cannot read IP mode file for WES.I-CUBE-Cesium.1.3.0
2025-01-15 02:11:23,018 [WARN] PackLoader:240 - Cannot read IP mode file for STMicroelectronics.X-CUBE-BLE2.3.3.0
2025-01-15 02:11:23,033 [WARN] PackLoader:240 - Cannot read IP mode file for STMicroelectronics.X-CUBE-NFC9.1.0.0
2025-01-15 02:11:23,047 [WARN] PackLoader:240 - Cannot read IP mode file for STMicroelectronics.X-CUBE-TCPP.4.1.0
2025-01-15 02:11:23,072 [WARN] PackLoader:240 - Cannot read IP mode file for STMicroelectronics.X-CUBE-AZRTOS-G0.1.1.0
2025-01-15 02:11:23,093 [WARN] PackLoader:240 - Cannot read IP mode file for STMicroelectronics.X-CUBE-SAFEA1.1.2.2
2025-01-15 02:11:23,109 [WARN] PackLoader:240 - Cannot read IP mode file for STMicroelectronics.X-CUBE-NFC4.3.0.0
2025-01-15 02:11:23,131 [WARN] PackLoader:240 - Cannot read IP mode file for EmbeddedOffice.I-CUBE-FS-RTOS.1.0.1
2025-01-15 02:11:23,146 [WARN] PackLoader:240 - Cannot read IP mode file for STMicroelectronics.X-CUBE-TCPP.4.2.0
2025-01-15 02:11:23,163 [WARN] PackLoader:240 - Cannot read IP mode file for RealThread.X-CUBE-RT-Thread_Nano.4.1.1
2025-01-15 02:11:23,176 [WARN] PackLoader:240 - Cannot read IP mode file for STMicroelectronics.FP-ATR-SIGFOX1.3.2.0
2025-01-15 02:11:23,188 [WARN] ConditionMgr:438 - getConditionDescription Invalid condition id : Cortex-A Device cause : null
2025-01-15 02:11:23,222 [WARN] ConditionMgr:1044 - genDependencies : Invalid condition id : Cortex-A Device cause : null
2025-01-15 02:11:23,222 [WARN] ConditionMgr:1044 - genDependencies : Invalid condition id : Cortex-A Device cause : null
2025-01-15 02:11:23,223 [WARN] ConditionMgr:1044 - genDependencies : Invalid condition id : Cortex-A Device cause : null
2025-01-15 02:11:23,239 [WARN] PackLoader:240 - Cannot read IP mode file for STMicroelectronics.X-CUBE-EEPRMA1.5.1.0
2025-01-15 02:11:23,254 [WARN] PackLoader:240 - Cannot read IP mode file for wolfSSL.I-CUBE-wolfSSL.5.7.4
2025-01-15 02:11:23,279 [WARN] PackLoader:240 - Cannot read IP mode file for ITTIA_DB.I-CUBE-ITTIADB.8.9.0
2025-01-15 02:11:23,317 [WARN] PackLoader:240 - Cannot read IP mode file for SEGGER.I-CUBE-embOS.1.3.1
2025-01-15 02:11:23,366 [WARN] PackLoader:240 - Cannot read IP mode file for STMicroelectronics.X-CUBE-ALGOBUILD.1.4.0
2025-01-15 02:11:23,388 [WARN] PackLoader:240 - Cannot read IP mode file for STMicroelectronics.X-CUBE-AI.9.1.0
2025-01-15 02:11:23,419 [WARN] PackLoader:240 - Cannot read IP mode file for STMicroelectronics.X-CUBE-AZRTOS-F4.1.1.0
2025-01-15 02:11:23,436 [WARN] PackLoader:240 - Cannot read IP mode file for STMicroelectronics.X-CUBE-ISPU.2.1.0
2025-01-15 02:11:23,450 [WARN] PackLoader:240 - Cannot read IP mode file for STMicroelectronics.X-CUBE-FREERTOS.1.2.0
2025-01-15 02:11:23,486 [WARN] PackLoader:240 - Cannot read IP mode file for STMicroelectronics.X-CUBE-AZRTOS-L5.2.0.0
2025-01-15 02:11:23,507 [WARN] PackLoader:240 - Cannot read IP mode file for STMicroelectronics.X-CUBE-NFC6.3.1.0
2025-01-15 02:11:23,524 [WARN] PackLoader:240 - Cannot read IP mode file for STMicroelectronics.X-CUBE-DPower.1.2.0
2025-01-15 02:11:23,537 [WARN] PackLoader:240 - Cannot read IP mode file for STMicroelectronics.X-CUBE-FREERTOS.1.3.0
2025-01-15 02:11:23,552 [WARN] PackLoader:240 - Cannot read IP mode file for STMicroelectronics.X-CUBE-NFC7.1.0.1
2025-01-15 02:11:23,580 [WARN] ConditionMgr:438 - getConditionDescription Invalid condition id : LAN8742 Phy interface Condition cause : null
2025-01-15 02:11:23,581 [WARN] PackLoader:240 - Cannot read IP mode file for STMicroelectronics.X-CUBE-AZRTOS-L4.2.0.0
2025-01-15 02:11:23,583 [WARN] ConditionMgr:1044 - genDependencies : Invalid condition id : LAN8742 Phy interface Condition cause : null
2025-01-15 02:11:23,583 [WARN] ConditionMgr:1044 - genDependencies : Invalid condition id : LAN8742 Phy interface Condition cause : null
2025-01-15 02:11:23,583 [WARN] ConditionMgr:1044 - genDependencies : Invalid condition id : LAN8742 Phy interface Condition cause : null
2025-01-15 02:11:23,601 [WARN] PackLoader:240 - Cannot read IP mode file for STMicroelectronics.X-CUBE-SFXS2LP1.4.0.0
2025-01-15 02:11:23,640 [INFO] WebApp:221 - Starting web application
2025-01-15 02:11:23,640 [INFO] WebApp:579 - Web application path used D:\Program Files\STM32CubeIDE_1.17.0\STM32CubeIDE\plugins\com.st.stm32cube.common.mx_6.13.0.202411220809\db\plugins\mcufinder\reactClient1\index.html
2025-01-15 02:11:23,645 [WARN] PackLoader:240 - Cannot read IP mode file for STMicroelectronics.X-CUBE-AZRTOS-H7.3.3.0
2025-01-15 02:11:23,701 [WARN] PackLoader:240 - Cannot read IP mode file for STMicroelectronics.X-CUBE-IPS.3.0.0
2025-01-15 02:11:23,755 [WARN] ConditionMgr:438 - getConditionDescription Invalid condition id : UX DEVICE CLASS RTOS Condition cause : null
2025-01-15 02:11:23,756 [WARN] ConditionMgr:438 - getConditionDescription Invalid condition id : UX DEVICE CLASS RTOS Condition cause : null
2025-01-15 02:11:23,759 [WARN] PackLoader:240 - Cannot read IP mode file for STMicroelectronics.X-CUBE-AZRTOS-WB.2.0.0
2025-01-15 02:11:23,759 [WARN] ConditionMgr:1044 - genDependencies : Invalid condition id : UX DEVICE CLASS RTOS Condition cause : null
2025-01-15 02:11:23,759 [WARN] ConditionMgr:1044 - genDependencies : Invalid condition id : UX DEVICE CLASS RTOS Condition cause : null
2025-01-15 02:11:23,760 [WARN] ConditionMgr:1044 - genDependencies : Invalid condition id : UX DEVICE CLASS RTOS Condition cause : null
2025-01-15 02:11:23,760 [WARN] ConditionMgr:1044 - genDependencies : Invalid condition id : UX DEVICE CLASS RTOS Condition cause : null
2025-01-15 02:11:23,760 [WARN] ConditionMgr:1044 - genDependencies : Invalid condition id : UX DEVICE CLASS RTOS Condition cause : null
2025-01-15 02:11:23,787 [WARN] PackLoader:240 - Cannot read IP mode file for STMicroelectronics.X-CUBE-GNSS1.7.0.0
2025-01-15 02:11:23,805 [WARN] PackLoader:240 - Cannot read IP mode file for STMicroelectronics.X-CUBE-GNSS1.7.0.1
2025-01-15 02:11:23,825 [WARN] PackLoader:240 - Cannot read IP mode file for STMicroelectronics.FP-SNS-STBOX1.2.0.0
2025-01-15 02:11:23,847 [WARN] PackLoader:240 - Cannot read IP mode file for STMicroelectronics.X-CUBE-SUBG2.5.0.0
2025-01-15 02:11:23,866 [WARN] PackLoader:240 - Cannot read IP mode file for Cesanta.I-CUBE-Mongoose.7.13.0
2025-01-15 02:11:23,894 [WARN] PackLoader:240 - Cannot read IP mode file for STMicroelectronics.X-CUBE-AZRTOS-G4.2.0.0
2025-01-15 02:11:23,914 [INFO] UserAuth:486 - Internet connection configuration mode: 1
2025-01-15 02:11:23,926 [WARN] PackLoader:240 - Cannot read IP mode file for STMicroelectronics.X-CUBE-IPS.3.1.0
2025-01-15 02:11:23,948 [WARN] PackLoader:240 - Cannot read IP mode file for STMicroelectronics.X-CUBE-ALS.1.0.2
2025-01-15 02:11:23,966 [WARN] PackLoader:240 - Cannot read IP mode file for STMicroelectronics.X-CUBE-TOUCHGFX.4.24.2
2025-01-15 02:11:23,984 [WARN] PackLoader:240 - Cannot read IP mode file for STMicroelectronics.X-CUBE-TOUCHGFX.4.24.1
2025-01-15 02:11:24,000 [WARN] PackLoader:240 - Cannot read IP mode file for wolfSSL.I-CUBE-wolfTPM.3.4.0
2025-01-15 02:11:24,017 [WARN] PackLoader:240 - Cannot read IP mode file for portGmbH.I-Cube-SoM-uGOAL.1.1.0
2025-01-15 02:11:24,045 [WARN] PackLoader:240 - Cannot read IP mode file for STMicroelectronics.X-CUBE-AZRTOS-H7RS.1.0.0
2025-01-15 02:11:24,069 [WARN] PackLoader:240 - Cannot read IP mode file for STMicroelectronics.X-CUBE-TOF1.3.4.2
2025-01-15 02:11:24,090 [WARN] PackLoader:240 - Cannot read IP mode file for wolfSSL.I-CUBE-wolfSSH.1.4.17
2025-01-15 02:11:24,091 [INFO] ThirdParty:978 - Integrity check success = true
2025-01-15 02:11:24,091 [INFO] IntegrityCheckThread:100 - exiting critical section [integrity check]
2025-01-15 02:11:24,091 [INFO] IntegrityCheckThread:103 - End integrity checks thread
2025-01-15 13:51:40,765 [INFO] WebApp:389 - JxBrowser engine has been closed 
