2025-01-16 15:49:53,365 [INFO] Activator:176 - 


2025-01-16 15:49:53,372 [INFO] Activator:177 - !SESSION log4j initialized
2025-01-16 15:50:12,039 [INFO] LogOutputStream:77 - [STDOUT_REDIRECT] 
2025-01-16 15:50:17,574 [INFO] ApplicationProperties:184 - Using Application install path: D:\Program Files\STM32CubeIDE_1.17.0\STM32CubeIDE\plugins\com.st.stm32cube.common.mx_6.13.0.202411220809
2025-01-16 15:50:17,615 [INFO] DbMcusXml:78 - Set database path to: D:\Program Files\STM32CubeIDE_1.17.0\STM32CubeIDE\plugins\com.st.stm32cube.common.mx_6.13.0.202411220809\\db\/mcu/
2025-01-16 15:50:17,616 [INFO] ApiDb:274 - Set plugin database path to: D:\Program Files\STM32CubeIDE_1.17.0\STM32CubeIDE\plugins\com.st.stm32cube.common.mx_6.13.0.202411220809\\db\/plugins/boardmanager/
2025-01-16 15:50:17,616 [WARN] ApiDb:259 - Overriding images path with different value:  => D:\Program Files\STM32CubeIDE_1.17.0\STM32CubeIDE\plugins\com.st.stm32cube.common.mx_6.13.0.202411220809\\db\/plugins/mcufinder/images/
2025-01-16 15:50:17,652 [INFO] ApiDb:250 - Set database path to: C:\Users\Jinhy\.stmcufinder\plugins\mcufinder//mcu/
2025-01-16 15:50:17,652 [INFO] DbMcusAds:125 - Set database path to: C:\Users\Jinhy\.stmcufinder\plugins\mcufinder//mcu/
2025-01-16 15:50:17,664 [INFO] CrossReferenceDbSqlite:203 - Set database path to: C:\Users\Jinhy\.stmcufinder\plugins\mcufinder//mcu/cs/
2025-01-16 15:50:17,988 [INFO] RulesReader:64 - Compatibility file has been processed (297 Rules)
2025-01-16 15:50:18,283 [INFO] DbMcusXml:78 - Set database path to: D:\Program Files\STM32CubeIDE_1.17.0\STM32CubeIDE\plugins\com.st.stm32cube.common.mx_6.13.0.202411220809\\db\/mcu/
2025-01-16 15:50:18,283 [INFO] ApiDb:274 - Set plugin database path to: D:\Program Files\STM32CubeIDE_1.17.0\STM32CubeIDE\plugins\com.st.stm32cube.common.mx_6.13.0.202411220809\\db\/plugins/boardmanager/
2025-01-16 15:50:18,283 [INFO] ApiDb:261 - Set plugin images path to: D:\Program Files\STM32CubeIDE_1.17.0\STM32CubeIDE\plugins\com.st.stm32cube.common.mx_6.13.0.202411220809\\db\/plugins/mcufinder/images/
2025-01-16 15:50:18,283 [WARN] DbFile:41 - Overriding database path with different value: C:\Users\Jinhy\.stmcufinder\plugins\mcufinder/ => C:\Users\Jinhy\.stmcufinder\plugins\mcufinder
2025-01-16 15:50:18,283 [INFO] ApiDb:250 - Set database path to: C:\Users\Jinhy\.stmcufinder\plugins\mcufinder//mcu/
2025-01-16 15:50:18,283 [WARN] DbFile:41 - Overriding database path with different value: C:\Users\Jinhy\.stmcufinder\plugins\mcufinder/ => C:\Users\Jinhy\.stmcufinder\plugins\mcufinder
2025-01-16 15:50:18,283 [INFO] DbMcusAds:125 - Set database path to: C:\Users\Jinhy\.stmcufinder\plugins\mcufinder//mcu/
2025-01-16 15:50:18,283 [WARN] DbFile:41 - Overriding database path with different value: C:\Users\Jinhy\.stmcufinder\plugins\mcufinder/ => C:\Users\Jinhy\.stmcufinder\plugins\mcufinder
2025-01-16 15:50:18,288 [WARN] DbFile:41 - Overriding database path with different value: C:\Users\Jinhy\.stmcufinder\plugins\mcufinder/ => C:\Users\Jinhy\.stmcufinder\plugins\mcufinder
2025-01-16 15:50:18,288 [INFO] CrossReferenceDbSqlite:203 - Set database path to: C:\Users\Jinhy\.stmcufinder\plugins\mcufinder//mcu/cs/
2025-01-16 15:50:18,501 [INFO] MainPanel:272 - HeapMemory: 268435456
2025-01-16 15:50:18,803 [INFO] DbMcusXml:78 - Set database path to: D:\Program Files\STM32CubeIDE_1.17.0\STM32CubeIDE\plugins\com.st.stm32cube.common.mx_6.13.0.202411220809\\db\/mcu/
2025-01-16 15:50:18,803 [INFO] ApiDb:274 - Set plugin database path to: D:\Program Files\STM32CubeIDE_1.17.0\STM32CubeIDE\plugins\com.st.stm32cube.common.mx_6.13.0.202411220809\\db\/plugins/boardmanager/
2025-01-16 15:50:18,803 [INFO] ApiDb:261 - Set plugin images path to: D:\Program Files\STM32CubeIDE_1.17.0\STM32CubeIDE\plugins\com.st.stm32cube.common.mx_6.13.0.202411220809\\db\/plugins/mcufinder/images/
2025-01-16 15:50:18,803 [WARN] DbFile:41 - Overriding database path with different value: C:\Users\Jinhy\.stmcufinder\plugins\mcufinder/ => C:\Users\Jinhy\.stmcufinder\plugins\mcufinder
2025-01-16 15:50:18,803 [INFO] ApiDb:250 - Set database path to: C:\Users\Jinhy\.stmcufinder\plugins\mcufinder//mcu/
2025-01-16 15:50:18,803 [WARN] DbFile:41 - Overriding database path with different value: C:\Users\Jinhy\.stmcufinder\plugins\mcufinder/ => C:\Users\Jinhy\.stmcufinder\plugins\mcufinder
2025-01-16 15:50:18,803 [INFO] DbMcusAds:125 - Set database path to: C:\Users\Jinhy\.stmcufinder\plugins\mcufinder//mcu/
2025-01-16 15:50:18,803 [WARN] DbFile:41 - Overriding database path with different value: C:\Users\Jinhy\.stmcufinder\plugins\mcufinder/ => C:\Users\Jinhy\.stmcufinder\plugins\mcufinder
2025-01-16 15:50:18,811 [WARN] DbFile:41 - Overriding database path with different value: C:\Users\Jinhy\.stmcufinder\plugins\mcufinder/ => C:\Users\Jinhy\.stmcufinder\plugins\mcufinder
2025-01-16 15:50:18,811 [INFO] CrossReferenceDbSqlite:203 - Set database path to: C:\Users\Jinhy\.stmcufinder\plugins\mcufinder//mcu/cs/
2025-01-16 15:50:18,859 [INFO] ApplicationProperties:184 - Using Application install path: D:\Program Files\STM32CubeIDE_1.17.0\STM32CubeIDE\plugins\com.st.stm32cube.common.mx_6.13.0.202411220809
2025-01-16 15:50:18,863 [INFO] PluginManage:196 - Search for loadable plugins [exclusion list=, ]
2025-01-16 15:50:18,867 [INFO] PluginManage:310 - Check plugin analytics
2025-01-16 15:50:19,918 [INFO] AnalyticsPlugin:253 - Accepted Software Licenses: STM32CubeMX.6.13.0
2025-01-16 15:50:19,918 [INFO] AnalyticsPlugin:255 - Accepted CMSIS Pack Licenses: 
2025-01-16 15:50:19,918 [INFO] AnalyticsPlugin:257 - Accepted Firmware Licenses: 
2025-01-16 15:50:19,942 [INFO] PluginManage:359 - Loaded plugin analytics (category:tool,tabindex:-1)
2025-01-16 15:50:19,942 [INFO] PluginManage:310 - Check plugin cadmodel
2025-01-16 15:50:19,993 [INFO] CADModel:105 - Init CAD model plugin
2025-01-16 15:50:19,996 [INFO] PluginManage:359 - Loaded plugin cadmodel (category:power,tabindex:5)
2025-01-16 15:50:19,997 [INFO] PluginManage:310 - Check plugin clock
2025-01-16 15:50:20,079 [INFO] PluginManage:359 - Loaded plugin clock (category:base,tabindex:2)
2025-01-16 15:50:20,079 [INFO] PluginManage:310 - Check plugin ddr
2025-01-16 15:50:20,085 [INFO] PluginManage:359 - Loaded plugin ddr (category:tool,tabindex:6)
2025-01-16 15:50:20,085 [INFO] PluginManage:310 - Check plugin filemanager
2025-01-16 15:50:20,491 [INFO] PluginManage:359 - Loaded plugin filemanager (category:base,tabindex:10)
2025-01-16 15:50:20,499 [INFO] PluginManage:310 - Check plugin ipmanager
2025-01-16 15:50:20,515 [INFO] PluginManage:359 - Loaded plugin ipmanager (category:base,tabindex:5)
2025-01-16 15:50:20,515 [INFO] PluginManage:310 - Check plugin lpbam
2025-01-16 15:50:20,548 [INFO] PluginManage:359 - Loaded plugin lpbam (category:base,tabindex:0)
2025-01-16 15:50:20,548 [INFO] PluginManage:310 - Check plugin memorymap
2025-01-16 15:50:20,622 [INFO] PluginManage:359 - Loaded plugin memorymap (category:base,tabindex:4)
2025-01-16 15:50:20,622 [INFO] PluginManage:310 - Check plugin pinoutandconfiguration
2025-01-16 15:50:20,660 [INFO] PluginManage:359 - Loaded plugin pinoutandconfiguration (category:base,tabindex:1)
2025-01-16 15:50:20,660 [INFO] PluginManage:310 - Check plugin pinoutconfig
2025-01-16 15:50:21,077 [WARN] SupportedApi:132 - Cannot load RTOS API schema: s4s-elt-must-match.1: The content of 'definitions' must match (annotation?, (simpleType | complexType)?, (unique | key | keyref)*)). A problem was found starting at: attribute.
2025-01-16 15:50:21,688 [INFO] PluginManage:359 - Loaded plugin pinoutconfig (category:base,tabindex:0)
2025-01-16 15:50:21,688 [INFO] PluginManage:310 - Check plugin power
2025-01-16 15:50:21,725 [INFO] PluginManage:359 - Loaded plugin power (category:power,tabindex:4)
2025-01-16 15:50:21,725 [INFO] PluginManage:310 - Check plugin projectmanager
2025-01-16 15:50:21,772 [INFO] PluginManage:359 - Loaded plugin projectmanager (category:projectmanager,tabindex:4)
2025-01-16 15:50:21,772 [INFO] PluginManage:310 - Check plugin rif
2025-01-16 15:50:21,789 [INFO] PluginManage:359 - Loaded plugin rif (category:base,tabindex:3)
2025-01-16 15:50:21,789 [INFO] PluginManage:310 - Check plugin thirdparty
2025-01-16 15:50:22,487 [INFO] PluginManage:359 - Loaded plugin thirdparty (category:base,tabindex:-1)
2025-01-16 15:50:22,487 [INFO] PluginManage:310 - Check plugin tools
2025-01-16 15:50:22,487 [WARN] IntegrityCheckThread:84 - waiting for thirdparty lock release [integrity check]
2025-01-16 15:50:22,487 [INFO] IntegrityCheckThread:86 - entering critical section [integrity check]
2025-01-16 15:50:22,487 [INFO] ThirdPartyUpdaterWithRetryManager:70 - Updater plugin not ready yet. [1/15]
2025-01-16 15:50:22,571 [INFO] PluginManage:359 - Loaded plugin tools (category:base,tabindex:7)
2025-01-16 15:50:22,576 [INFO] PluginManage:310 - Check plugin tutovideos
2025-01-16 15:50:23,371 [INFO] PluginManage:359 - Loaded plugin tutovideos (category:base,tabindex:-1)
2025-01-16 15:50:23,371 [INFO] PluginManage:310 - Check plugin updater
2025-01-16 15:50:23,417 [INFO] PluginManage:359 - Loaded plugin updater (category:base,tabindex:12)
2025-01-16 15:50:23,419 [INFO] PluginManage:310 - Check plugin userauth
2025-01-16 15:50:23,427 [INFO] UserAuth:118 - Init User Auth plugin
2025-01-16 15:50:23,427 [INFO] PluginManage:359 - Loaded plugin userauth (category:base,tabindex:14)
2025-01-16 15:50:23,427 [INFO] PluginManage:283 - PluginManage : Loaded plugins [18]
2025-01-16 15:50:24,102 [INFO] PinOutPanel:1589 - setPackage(No Configuration,No Configuration)
2025-01-16 15:50:24,432 [INFO] CADModel:165 - CPN selected for project level
2025-01-16 15:50:24,432 [INFO] CADModel:114 - Register for checkConnection events
2025-01-16 15:50:24,506 [INFO] IPUIPlugin:80 - create IPUIPlugin
2025-01-16 15:50:24,506 [INFO] PluginManager:220 - loadIPPluginJar : add adc
2025-01-16 15:50:24,583 [INFO] IPUIPlugin:80 - create IPUIPlugin
2025-01-16 15:50:24,583 [INFO] PluginManager:220 - loadIPPluginJar : add aes
2025-01-16 15:50:24,705 [INFO] IPUIPlugin:80 - create IPUIPlugin
2025-01-16 15:50:24,705 [INFO] PluginManager:220 - loadIPPluginJar : add can
2025-01-16 15:50:24,765 [INFO] IPUIPlugin:80 - create IPUIPlugin
2025-01-16 15:50:24,765 [INFO] PluginManager:220 - loadIPPluginJar : add comp
2025-01-16 15:50:24,855 [INFO] IPUIPlugin:80 - create IPUIPlugin
2025-01-16 15:50:24,855 [INFO] PluginManager:220 - loadIPPluginJar : add cryp
2025-01-16 15:50:24,881 [INFO] IPUIPlugin:80 - create IPUIPlugin
2025-01-16 15:50:24,881 [INFO] PluginManager:220 - loadIPPluginJar : add ddr_ctrl_phy
2025-01-16 15:50:24,921 [INFO] IPUIPlugin:80 - create IPUIPlugin
2025-01-16 15:50:24,921 [INFO] PluginManager:220 - loadIPPluginJar : add dfsdm
2025-01-16 15:50:24,945 [INFO] IPUIPlugin:80 - create IPUIPlugin
2025-01-16 15:50:24,946 [INFO] PluginManager:220 - loadIPPluginJar : add dma
2025-01-16 15:50:25,004 [INFO] IPUIPlugin:80 - create IPUIPlugin
2025-01-16 15:50:25,004 [INFO] PluginManager:220 - loadIPPluginJar : add dma3
2025-01-16 15:50:25,130 [INFO] IPUIPlugin:80 - create IPUIPlugin
2025-01-16 15:50:25,130 [INFO] PluginManager:220 - loadIPPluginJar : add extmemmanager
2025-01-16 15:50:25,187 [INFO] IPUIPlugin:80 - create IPUIPlugin
2025-01-16 15:50:25,187 [INFO] PluginManager:220 - loadIPPluginJar : add fatfs
2025-01-16 15:50:25,275 [INFO] IPUIPlugin:80 - create IPUIPlugin
2025-01-16 15:50:25,275 [INFO] PluginManager:220 - loadIPPluginJar : add fmc
2025-01-16 15:50:25,319 [INFO] IPUIPlugin:80 - create IPUIPlugin
2025-01-16 15:50:25,319 [INFO] PluginManager:220 - loadIPPluginJar : add freertos
2025-01-16 15:50:25,350 [INFO] IPUIPlugin:80 - create IPUIPlugin
2025-01-16 15:50:25,350 [INFO] PluginManager:220 - loadIPPluginJar : add genericplugin
2025-01-16 15:50:25,497 [INFO] ThirdPartyUpdaterWithRetryManager:70 - Updater plugin not ready yet. [2/15]
2025-01-16 15:50:25,614 [INFO] IPUIPlugin:80 - create IPUIPlugin
2025-01-16 15:50:25,614 [INFO] PluginManager:220 - loadIPPluginJar : add gfxmmu
2025-01-16 15:50:25,873 [INFO] IPUIPlugin:80 - create IPUIPlugin
2025-01-16 15:50:25,873 [INFO] PluginManager:220 - loadIPPluginJar : add gic
2025-01-16 15:50:25,907 [INFO] IPUIPlugin:80 - create IPUIPlugin
2025-01-16 15:50:25,907 [INFO] PluginManager:220 - loadIPPluginJar : add gpio
2025-01-16 15:50:26,144 [INFO] IPUIPlugin:80 - create IPUIPlugin
2025-01-16 15:50:26,144 [INFO] PluginManager:220 - loadIPPluginJar : add gtzc
2025-01-16 15:50:26,234 [INFO] IPUIPlugin:80 - create IPUIPlugin
2025-01-16 15:50:26,234 [INFO] PluginManager:220 - loadIPPluginJar : add hash
2025-01-16 15:50:26,341 [INFO] IPUIPlugin:80 - create IPUIPlugin
2025-01-16 15:50:26,341 [INFO] PluginManager:220 - loadIPPluginJar : add i2c
2025-01-16 15:50:26,444 [INFO] IPUIPlugin:80 - create IPUIPlugin
2025-01-16 15:50:26,444 [INFO] PluginManager:220 - loadIPPluginJar : add i2s
2025-01-16 15:50:26,558 [INFO] IPUIPlugin:80 - create IPUIPlugin
2025-01-16 15:50:26,558 [INFO] PluginManager:220 - loadIPPluginJar : add i3c
2025-01-16 15:50:26,829 [INFO] IPUIPlugin:80 - create IPUIPlugin
2025-01-16 15:50:26,829 [INFO] PluginManager:220 - loadIPPluginJar : add ipddr
2025-01-16 15:50:27,051 [INFO] IPUIPlugin:80 - create IPUIPlugin
2025-01-16 15:50:27,051 [INFO] PluginManager:220 - loadIPPluginJar : add linkedlist
2025-01-16 15:50:27,145 [INFO] IPUIPlugin:80 - create IPUIPlugin
2025-01-16 15:50:27,145 [INFO] PluginManager:220 - loadIPPluginJar : add lorawan
2025-01-16 15:50:27,232 [INFO] IPUIPlugin:80 - create IPUIPlugin
2025-01-16 15:50:27,232 [INFO] PluginManager:220 - loadIPPluginJar : add ltdc
2025-01-16 15:50:27,273 [INFO] IPUIPlugin:80 - create IPUIPlugin
2025-01-16 15:50:27,273 [INFO] PluginManager:220 - loadIPPluginJar : add mdma
2025-01-16 15:50:27,311 [INFO] IPUIPlugin:80 - create IPUIPlugin
2025-01-16 15:50:27,311 [INFO] PluginManager:220 - loadIPPluginJar : add nvic
2025-01-16 15:50:27,385 [INFO] IPUIPlugin:80 - create IPUIPlugin
2025-01-16 15:50:27,385 [INFO] PluginManager:220 - loadIPPluginJar : add opamp
2025-01-16 15:50:27,559 [INFO] IPUIPlugin:80 - create IPUIPlugin
2025-01-16 15:50:27,559 [INFO] PluginManager:220 - loadIPPluginJar : add openamp
2025-01-16 15:50:27,686 [INFO] IPUIPlugin:80 - create IPUIPlugin
2025-01-16 15:50:27,686 [INFO] PluginManager:220 - loadIPPluginJar : add pdm2pcm
2025-01-16 15:50:27,743 [INFO] IPUIPlugin:80 - create IPUIPlugin
2025-01-16 15:50:27,758 [INFO] PluginManager:220 - loadIPPluginJar : add plateformsettings
2025-01-16 15:50:27,806 [INFO] IPUIPlugin:80 - create IPUIPlugin
2025-01-16 15:50:27,814 [INFO] PluginManager:220 - loadIPPluginJar : add quadspi
2025-01-16 15:50:27,879 [INFO] IPUIPlugin:80 - create IPUIPlugin
2025-01-16 15:50:27,879 [INFO] PluginManager:220 - loadIPPluginJar : add radio
2025-01-16 15:50:27,918 [INFO] IPUIPlugin:80 - create IPUIPlugin
2025-01-16 15:50:27,918 [INFO] PluginManager:220 - loadIPPluginJar : add resmgrutility
2025-01-16 15:50:28,008 [INFO] IPUIPlugin:80 - create IPUIPlugin
2025-01-16 15:50:28,008 [INFO] PluginManager:220 - loadIPPluginJar : add sai
2025-01-16 15:50:28,108 [INFO] IPUIPlugin:80 - create IPUIPlugin
2025-01-16 15:50:28,108 [INFO] PluginManager:220 - loadIPPluginJar : add spi
2025-01-16 15:50:28,279 [INFO] IPUIPlugin:80 - create IPUIPlugin
2025-01-16 15:50:28,279 [INFO] PluginManager:220 - loadIPPluginJar : add stm32_wpan
2025-01-16 15:50:28,344 [INFO] IPUIPlugin:80 - create IPUIPlugin
2025-01-16 15:50:28,344 [INFO] PluginManager:220 - loadIPPluginJar : add tim
2025-01-16 15:50:28,482 [INFO] IPUIPlugin:80 - create IPUIPlugin
2025-01-16 15:50:28,482 [INFO] PluginManager:220 - loadIPPluginJar : add touchsensing
2025-01-16 15:50:28,507 [INFO] ThirdPartyUpdaterWithRetryManager:70 - Updater plugin not ready yet. [3/15]
2025-01-16 15:50:28,557 [INFO] IPUIPlugin:80 - create IPUIPlugin
2025-01-16 15:50:28,557 [INFO] PluginManager:220 - loadIPPluginJar : add tracer_emb
2025-01-16 15:50:28,628 [INFO] IPUIPlugin:80 - create IPUIPlugin
2025-01-16 15:50:28,628 [INFO] PluginManager:220 - loadIPPluginJar : add ts
2025-01-16 15:50:28,701 [INFO] IPUIPlugin:80 - create IPUIPlugin
2025-01-16 15:50:28,701 [INFO] PluginManager:220 - loadIPPluginJar : add tsc
2025-01-16 15:50:28,759 [INFO] IPUIPlugin:80 - create IPUIPlugin
2025-01-16 15:50:28,759 [INFO] PluginManager:220 - loadIPPluginJar : add ucpd
2025-01-16 15:50:28,872 [INFO] IPUIPlugin:80 - create IPUIPlugin
2025-01-16 15:50:28,880 [INFO] PluginManager:220 - loadIPPluginJar : add usart
2025-01-16 15:50:29,005 [INFO] IPUIPlugin:80 - create IPUIPlugin
2025-01-16 15:50:29,005 [INFO] PluginManager:220 - loadIPPluginJar : add usbx
2025-01-16 15:50:29,581 [FATAL] Updater:351 - Updater called before beeing initialized
2025-01-16 15:50:29,713 [INFO] RulesReader:64 - Compatibility file has been processed (297 Rules)
2025-01-16 15:50:29,785 [INFO] RulesReader:64 - Compatibility file has been processed (297 Rules)
2025-01-16 15:50:30,010 [INFO] CADModel:165 - CPN selected for project level
2025-01-16 15:50:30,010 [INFO] CADModel:114 - Register for checkConnection events
2025-01-16 15:50:30,010 [FATAL] Updater:351 - Updater called before beeing initialized
2025-01-16 15:50:30,010 [ERROR] CADModel:125 - Updater not yet initialized, retry later 
2025-01-16 15:50:30,884 [FATAL] Updater:351 - Updater called before beeing initialized
2025-01-16 15:50:30,896 [INFO] CADModel:165 - CPN selected for project level
2025-01-16 15:50:30,896 [INFO] CADModel:114 - Register for checkConnection events
2025-01-16 15:50:30,896 [FATAL] Updater:351 - Updater called before beeing initialized
2025-01-16 15:50:30,896 [ERROR] CADModel:125 - Updater not yet initialized, retry later 
2025-01-16 15:50:30,896 [FATAL] Updater:351 - Updater called before beeing initialized
2025-01-16 15:50:31,445 [FATAL] Updater:351 - Updater called before beeing initialized
2025-01-16 15:50:31,461 [INFO] DbMcusAds:53 - JSON generation date=Wed Dec 18 01:01:15 KST 2024 (1734451275222)
2025-01-16 15:50:31,461 [FATAL] Updater:351 - Updater called before beeing initialized
2025-01-16 15:50:31,508 [INFO] ThirdPartyUpdaterWithRetryManager:70 - Updater plugin not ready yet. [4/15]
2025-01-16 15:50:31,648 [WARN] DetailPanel:346 - Failed to get advertising image, set to default
2025-01-16 15:50:32,274 [FATAL] Updater:351 - Updater called before beeing initialized
2025-01-16 15:50:32,274 [FATAL] Updater:351 - Updater called before beeing initialized
2025-01-16 15:50:32,274 [FATAL] Updater:351 - Updater called before beeing initialized
2025-01-16 15:50:32,274 [WARN] DetailPanel:346 - Failed to get advertising image, set to default
2025-01-16 15:50:32,274 [FATAL] Updater:351 - Updater called before beeing initialized
2025-01-16 15:50:32,633 [ERROR] Updater:1198 - MainUpdater not yet initialized. External WinMGr cannot be set.
2025-01-16 15:50:32,649 [INFO] Updater:1134 - Updater Version found : 6.13.0
2025-01-16 15:50:32,695 [INFO] ApplicationProperties:184 - Using Application install path: D:\Program Files\STM32CubeIDE_1.17.0\STM32CubeIDE\plugins\com.st.stm32cube.common.mx_6.13.0.202411220809
2025-01-16 15:50:34,343 [ERROR] LogOutputStream:75 - [STDERR_REDIRECT] Jan 16, 2025 3:50:34 PM java.util.prefs.WindowsPreferences <init>
2025-01-16 15:50:34,345 [ERROR] LogOutputStream:75 - [STDERR_REDIRECT] WARNING: Could not open/create prefs root node Software\JavaSoft\Prefs at root 0xffffffff80000002. Windows RegCreateKeyEx(...) returned error code 5.
2025-01-16 15:50:34,345 [ERROR] LogOutputStream:75 - [STDERR_REDIRECT] 
2025-01-16 15:50:34,509 [FATAL] Updater:351 - Updater called before beeing initialized
2025-01-16 15:50:34,509 [ERROR] IntegrityCheckThread:130 - Cannot retrieve database content from updater: error 21
2025-01-16 15:50:34,509 [INFO] ThirdParty:978 - Integrity check success = false
2025-01-16 15:50:34,509 [INFO] IntegrityCheckThread:100 - exiting critical section [integrity check]
2025-01-16 15:50:34,509 [INFO] IntegrityCheckThread:103 - End integrity checks thread
2025-01-16 15:50:36,386 [INFO] MainUpdater:2872 - connection check result : 10
2025-01-16 15:50:36,386 [INFO] MainUpdater:289 - Updater Check For Update Now.
2025-01-16 15:50:36,386 [INFO] MicroXplorer:498 - Change Database Version : DB.6.0.130
2025-01-16 15:50:36,441 [INFO] McuFinderGlobals:63 - Set McuFinder mode to 2 (CubeIDE integrated)
2025-01-16 15:50:36,455 [INFO] UserAuth:486 - Internet connection configuration mode: 1
2025-01-16 15:50:36,632 [INFO] JxBrowserEngine:152 - Initiate JxBrowser Engine with user profile folder
2025-01-16 15:50:36,942 [INFO] CheckServerUpdateThread:120 - End of CheckServer Thread
2025-01-16 15:50:39,215 [INFO] WebApp:168 - Instantiating new browser for Auth
2025-01-16 15:50:40,773 [INFO] WebApp:449 - Apply proxy settings
2025-01-16 15:50:40,773 [INFO] WebApp:534 - Chromium requires no authentication
2025-01-16 15:50:40,803 [INFO] WebApp:477 - Direct internet connection detected
2025-01-16 15:50:40,876 [INFO] WebApp:880 - Register for checkConnection events
2025-01-16 15:50:40,876 [INFO] WebApp:449 - Apply proxy settings
2025-01-16 15:50:40,876 [INFO] WebApp:534 - Chromium requires no authentication
2025-01-16 15:50:40,876 [INFO] WebApp:477 - Direct internet connection detected
2025-01-16 15:50:41,406 [INFO] WebApp:187 - Connection restablished
2025-01-16 15:50:41,493 [INFO] WebApp:221 - Starting web application
2025-01-16 15:50:41,493 [INFO] WebApp:579 - Web application path used D:\Program Files\STM32CubeIDE_1.17.0\STM32CubeIDE\plugins\com.st.stm32cube.common.mx_6.13.0.202411220809\db\plugins\mcufinder\reactClient1\index.html
2025-01-16 15:50:41,732 [INFO] UserAuth:486 - Internet connection configuration mode: 1
2025-01-16 15:54:36,517 [ERROR] LogOutputStream:75 - [STDERR_REDIRECT] 
2025-01-16 15:54:36,518 [ERROR] LogOutputStream:75 - [STDERR_REDIRECT] 
2025-01-16 22:50:38,742 [INFO] Activator:176 - 


2025-01-16 22:50:38,744 [INFO] Activator:177 - !SESSION log4j initialized
2025-01-16 22:50:43,611 [INFO] LogOutputStream:77 - [STDOUT_REDIRECT] 
2025-01-16 22:50:44,559 [INFO] ApplicationProperties:184 - Using Application install path: D:\Program Files\STM32CubeIDE_1.17.0\STM32CubeIDE\plugins\com.st.stm32cube.common.mx_6.13.0.202411220809
2025-01-16 22:50:44,578 [INFO] DbMcusXml:78 - Set database path to: D:\Program Files\STM32CubeIDE_1.17.0\STM32CubeIDE\plugins\com.st.stm32cube.common.mx_6.13.0.202411220809\\db\/mcu/
2025-01-16 22:50:44,578 [INFO] ApiDb:274 - Set plugin database path to: D:\Program Files\STM32CubeIDE_1.17.0\STM32CubeIDE\plugins\com.st.stm32cube.common.mx_6.13.0.202411220809\\db\/plugins/boardmanager/
2025-01-16 22:50:44,579 [WARN] ApiDb:259 - Overriding images path with different value:  => D:\Program Files\STM32CubeIDE_1.17.0\STM32CubeIDE\plugins\com.st.stm32cube.common.mx_6.13.0.202411220809\\db\/plugins/mcufinder/images/
2025-01-16 22:50:44,595 [INFO] ApiDb:250 - Set database path to: C:\Users\Jinhy\.stmcufinder\plugins\mcufinder//mcu/
2025-01-16 22:50:44,598 [INFO] DbMcusAds:125 - Set database path to: C:\Users\Jinhy\.stmcufinder\plugins\mcufinder//mcu/
2025-01-16 22:50:44,602 [INFO] CrossReferenceDbSqlite:203 - Set database path to: C:\Users\Jinhy\.stmcufinder\plugins\mcufinder//mcu/cs/
2025-01-16 22:50:44,731 [INFO] RulesReader:64 - Compatibility file has been processed (297 Rules)
2025-01-16 22:50:44,813 [INFO] DbMcusXml:78 - Set database path to: D:\Program Files\STM32CubeIDE_1.17.0\STM32CubeIDE\plugins\com.st.stm32cube.common.mx_6.13.0.202411220809\\db\/mcu/
2025-01-16 22:50:44,814 [INFO] ApiDb:274 - Set plugin database path to: D:\Program Files\STM32CubeIDE_1.17.0\STM32CubeIDE\plugins\com.st.stm32cube.common.mx_6.13.0.202411220809\\db\/plugins/boardmanager/
2025-01-16 22:50:44,814 [INFO] ApiDb:261 - Set plugin images path to: D:\Program Files\STM32CubeIDE_1.17.0\STM32CubeIDE\plugins\com.st.stm32cube.common.mx_6.13.0.202411220809\\db\/plugins/mcufinder/images/
2025-01-16 22:50:44,814 [WARN] DbFile:41 - Overriding database path with different value: C:\Users\Jinhy\.stmcufinder\plugins\mcufinder/ => C:\Users\Jinhy\.stmcufinder\plugins\mcufinder
2025-01-16 22:50:44,814 [INFO] ApiDb:250 - Set database path to: C:\Users\Jinhy\.stmcufinder\plugins\mcufinder//mcu/
2025-01-16 22:50:44,814 [WARN] DbFile:41 - Overriding database path with different value: C:\Users\Jinhy\.stmcufinder\plugins\mcufinder/ => C:\Users\Jinhy\.stmcufinder\plugins\mcufinder
2025-01-16 22:50:44,814 [INFO] DbMcusAds:125 - Set database path to: C:\Users\Jinhy\.stmcufinder\plugins\mcufinder//mcu/
2025-01-16 22:50:44,814 [WARN] DbFile:41 - Overriding database path with different value: C:\Users\Jinhy\.stmcufinder\plugins\mcufinder/ => C:\Users\Jinhy\.stmcufinder\plugins\mcufinder
2025-01-16 22:50:44,814 [WARN] DbFile:41 - Overriding database path with different value: C:\Users\Jinhy\.stmcufinder\plugins\mcufinder/ => C:\Users\Jinhy\.stmcufinder\plugins\mcufinder
2025-01-16 22:50:44,815 [INFO] CrossReferenceDbSqlite:203 - Set database path to: C:\Users\Jinhy\.stmcufinder\plugins\mcufinder//mcu/cs/
2025-01-16 22:50:44,862 [INFO] MainPanel:272 - HeapMemory: 268435456
2025-01-16 22:50:44,918 [INFO] DbMcusXml:78 - Set database path to: D:\Program Files\STM32CubeIDE_1.17.0\STM32CubeIDE\plugins\com.st.stm32cube.common.mx_6.13.0.202411220809\\db\/mcu/
2025-01-16 22:50:44,918 [INFO] ApiDb:274 - Set plugin database path to: D:\Program Files\STM32CubeIDE_1.17.0\STM32CubeIDE\plugins\com.st.stm32cube.common.mx_6.13.0.202411220809\\db\/plugins/boardmanager/
2025-01-16 22:50:44,918 [INFO] ApiDb:261 - Set plugin images path to: D:\Program Files\STM32CubeIDE_1.17.0\STM32CubeIDE\plugins\com.st.stm32cube.common.mx_6.13.0.202411220809\\db\/plugins/mcufinder/images/
2025-01-16 22:50:44,919 [WARN] DbFile:41 - Overriding database path with different value: C:\Users\Jinhy\.stmcufinder\plugins\mcufinder/ => C:\Users\Jinhy\.stmcufinder\plugins\mcufinder
2025-01-16 22:50:44,919 [INFO] ApiDb:250 - Set database path to: C:\Users\Jinhy\.stmcufinder\plugins\mcufinder//mcu/
2025-01-16 22:50:44,919 [WARN] DbFile:41 - Overriding database path with different value: C:\Users\Jinhy\.stmcufinder\plugins\mcufinder/ => C:\Users\Jinhy\.stmcufinder\plugins\mcufinder
2025-01-16 22:50:44,919 [INFO] DbMcusAds:125 - Set database path to: C:\Users\Jinhy\.stmcufinder\plugins\mcufinder//mcu/
2025-01-16 22:50:44,919 [WARN] DbFile:41 - Overriding database path with different value: C:\Users\Jinhy\.stmcufinder\plugins\mcufinder/ => C:\Users\Jinhy\.stmcufinder\plugins\mcufinder
2025-01-16 22:50:44,919 [WARN] DbFile:41 - Overriding database path with different value: C:\Users\Jinhy\.stmcufinder\plugins\mcufinder/ => C:\Users\Jinhy\.stmcufinder\plugins\mcufinder
2025-01-16 22:50:44,919 [INFO] CrossReferenceDbSqlite:203 - Set database path to: C:\Users\Jinhy\.stmcufinder\plugins\mcufinder//mcu/cs/
2025-01-16 22:50:44,932 [INFO] ApplicationProperties:184 - Using Application install path: D:\Program Files\STM32CubeIDE_1.17.0\STM32CubeIDE\plugins\com.st.stm32cube.common.mx_6.13.0.202411220809
2025-01-16 22:50:44,933 [INFO] PluginManage:196 - Search for loadable plugins [exclusion list=, ]
2025-01-16 22:50:44,933 [INFO] PluginManage:310 - Check plugin analytics
2025-01-16 22:50:45,107 [INFO] AnalyticsPlugin:253 - Accepted Software Licenses: STM32CubeMX.6.13.0
2025-01-16 22:50:45,107 [INFO] AnalyticsPlugin:255 - Accepted CMSIS Pack Licenses: 
2025-01-16 22:50:45,107 [INFO] AnalyticsPlugin:257 - Accepted Firmware Licenses: 
2025-01-16 22:50:45,114 [INFO] PluginManage:359 - Loaded plugin analytics (category:tool,tabindex:-1)
2025-01-16 22:50:45,114 [INFO] PluginManage:310 - Check plugin cadmodel
2025-01-16 22:50:45,120 [INFO] CADModel:105 - Init CAD model plugin
2025-01-16 22:50:45,121 [INFO] PluginManage:359 - Loaded plugin cadmodel (category:power,tabindex:5)
2025-01-16 22:50:45,121 [INFO] PluginManage:310 - Check plugin clock
2025-01-16 22:50:45,134 [INFO] PluginManage:359 - Loaded plugin clock (category:base,tabindex:2)
2025-01-16 22:50:45,134 [INFO] PluginManage:310 - Check plugin ddr
2025-01-16 22:50:45,137 [INFO] PluginManage:359 - Loaded plugin ddr (category:tool,tabindex:6)
2025-01-16 22:50:45,137 [INFO] PluginManage:310 - Check plugin filemanager
2025-01-16 22:50:45,266 [INFO] PluginManage:359 - Loaded plugin filemanager (category:base,tabindex:10)
2025-01-16 22:50:45,266 [INFO] PluginManage:310 - Check plugin ipmanager
2025-01-16 22:50:45,272 [INFO] PluginManage:359 - Loaded plugin ipmanager (category:base,tabindex:5)
2025-01-16 22:50:45,272 [INFO] PluginManage:310 - Check plugin lpbam
2025-01-16 22:50:45,279 [INFO] PluginManage:359 - Loaded plugin lpbam (category:base,tabindex:0)
2025-01-16 22:50:45,279 [INFO] PluginManage:310 - Check plugin memorymap
2025-01-16 22:50:45,290 [INFO] PluginManage:359 - Loaded plugin memorymap (category:base,tabindex:4)
2025-01-16 22:50:45,290 [INFO] PluginManage:310 - Check plugin pinoutandconfiguration
2025-01-16 22:50:45,296 [INFO] PluginManage:359 - Loaded plugin pinoutandconfiguration (category:base,tabindex:1)
2025-01-16 22:50:45,296 [INFO] PluginManage:310 - Check plugin pinoutconfig
2025-01-16 22:50:45,375 [WARN] SupportedApi:132 - Cannot load RTOS API schema: s4s-elt-must-match.1: The content of 'definitions' must match (annotation?, (simpleType | complexType)?, (unique | key | keyref)*)). A problem was found starting at: attribute.
2025-01-16 22:50:45,480 [INFO] PluginManage:359 - Loaded plugin pinoutconfig (category:base,tabindex:0)
2025-01-16 22:50:45,481 [INFO] PluginManage:310 - Check plugin power
2025-01-16 22:50:45,487 [INFO] PluginManage:359 - Loaded plugin power (category:power,tabindex:4)
2025-01-16 22:50:45,487 [INFO] PluginManage:310 - Check plugin projectmanager
2025-01-16 22:50:45,498 [INFO] PluginManage:359 - Loaded plugin projectmanager (category:projectmanager,tabindex:4)
2025-01-16 22:50:45,498 [INFO] PluginManage:310 - Check plugin rif
2025-01-16 22:50:45,503 [INFO] PluginManage:359 - Loaded plugin rif (category:base,tabindex:3)
2025-01-16 22:50:45,503 [INFO] PluginManage:310 - Check plugin thirdparty
2025-01-16 22:50:45,629 [WARN] IntegrityCheckThread:84 - waiting for thirdparty lock release [integrity check]
2025-01-16 22:50:45,629 [INFO] IntegrityCheckThread:86 - entering critical section [integrity check]
2025-01-16 22:50:45,630 [INFO] ThirdPartyUpdaterWithRetryManager:70 - Updater plugin not ready yet. [1/15]
2025-01-16 22:50:45,630 [INFO] PluginManage:359 - Loaded plugin thirdparty (category:base,tabindex:-1)
2025-01-16 22:50:45,630 [INFO] PluginManage:310 - Check plugin tools
2025-01-16 22:50:45,635 [INFO] PluginManage:359 - Loaded plugin tools (category:base,tabindex:7)
2025-01-16 22:50:45,636 [INFO] PluginManage:310 - Check plugin tutovideos
2025-01-16 22:50:45,802 [INFO] PluginManage:359 - Loaded plugin tutovideos (category:base,tabindex:-1)
2025-01-16 22:50:45,803 [INFO] PluginManage:310 - Check plugin updater
2025-01-16 22:50:45,841 [INFO] PluginManage:359 - Loaded plugin updater (category:base,tabindex:12)
2025-01-16 22:50:45,842 [INFO] PluginManage:310 - Check plugin userauth
2025-01-16 22:50:45,852 [INFO] UserAuth:118 - Init User Auth plugin
2025-01-16 22:50:45,853 [INFO] PluginManage:359 - Loaded plugin userauth (category:base,tabindex:14)
2025-01-16 22:50:45,854 [INFO] PluginManage:283 - PluginManage : Loaded plugins [18]
2025-01-16 22:50:46,008 [INFO] PinOutPanel:1589 - setPackage(No Configuration,No Configuration)
2025-01-16 22:50:46,070 [INFO] CADModel:165 - CPN selected for project level
2025-01-16 22:50:46,070 [INFO] CADModel:114 - Register for checkConnection events
2025-01-16 22:50:46,087 [INFO] IPUIPlugin:80 - create IPUIPlugin
2025-01-16 22:50:46,087 [INFO] PluginManager:220 - loadIPPluginJar : add adc
2025-01-16 22:50:46,089 [INFO] IPUIPlugin:80 - create IPUIPlugin
2025-01-16 22:50:46,089 [INFO] PluginManager:220 - loadIPPluginJar : add aes
2025-01-16 22:50:46,091 [INFO] IPUIPlugin:80 - create IPUIPlugin
2025-01-16 22:50:46,091 [INFO] PluginManager:220 - loadIPPluginJar : add can
2025-01-16 22:50:46,092 [INFO] IPUIPlugin:80 - create IPUIPlugin
2025-01-16 22:50:46,092 [INFO] PluginManager:220 - loadIPPluginJar : add comp
2025-01-16 22:50:46,094 [INFO] IPUIPlugin:80 - create IPUIPlugin
2025-01-16 22:50:46,094 [INFO] PluginManager:220 - loadIPPluginJar : add cryp
2025-01-16 22:50:46,097 [INFO] IPUIPlugin:80 - create IPUIPlugin
2025-01-16 22:50:46,097 [INFO] PluginManager:220 - loadIPPluginJar : add ddr_ctrl_phy
2025-01-16 22:50:46,099 [INFO] IPUIPlugin:80 - create IPUIPlugin
2025-01-16 22:50:46,099 [INFO] PluginManager:220 - loadIPPluginJar : add dfsdm
2025-01-16 22:50:46,105 [INFO] IPUIPlugin:80 - create IPUIPlugin
2025-01-16 22:50:46,105 [INFO] PluginManager:220 - loadIPPluginJar : add dma
2025-01-16 22:50:46,107 [INFO] IPUIPlugin:80 - create IPUIPlugin
2025-01-16 22:50:46,107 [INFO] PluginManager:220 - loadIPPluginJar : add dma3
2025-01-16 22:50:46,109 [INFO] IPUIPlugin:80 - create IPUIPlugin
2025-01-16 22:50:46,109 [INFO] PluginManager:220 - loadIPPluginJar : add extmemmanager
2025-01-16 22:50:46,110 [INFO] IPUIPlugin:80 - create IPUIPlugin
2025-01-16 22:50:46,110 [INFO] PluginManager:220 - loadIPPluginJar : add fatfs
2025-01-16 22:50:46,115 [INFO] IPUIPlugin:80 - create IPUIPlugin
2025-01-16 22:50:46,115 [INFO] PluginManager:220 - loadIPPluginJar : add fmc
2025-01-16 22:50:46,120 [INFO] IPUIPlugin:80 - create IPUIPlugin
2025-01-16 22:50:46,120 [INFO] PluginManager:220 - loadIPPluginJar : add freertos
2025-01-16 22:50:46,121 [INFO] IPUIPlugin:80 - create IPUIPlugin
2025-01-16 22:50:46,121 [INFO] PluginManager:220 - loadIPPluginJar : add genericplugin
2025-01-16 22:50:46,122 [INFO] IPUIPlugin:80 - create IPUIPlugin
2025-01-16 22:50:46,122 [INFO] PluginManager:220 - loadIPPluginJar : add gfxmmu
2025-01-16 22:50:46,126 [INFO] IPUIPlugin:80 - create IPUIPlugin
2025-01-16 22:50:46,126 [INFO] PluginManager:220 - loadIPPluginJar : add gic
2025-01-16 22:50:46,130 [INFO] IPUIPlugin:80 - create IPUIPlugin
2025-01-16 22:50:46,130 [INFO] PluginManager:220 - loadIPPluginJar : add gpio
2025-01-16 22:50:46,131 [INFO] IPUIPlugin:80 - create IPUIPlugin
2025-01-16 22:50:46,131 [INFO] PluginManager:220 - loadIPPluginJar : add gtzc
2025-01-16 22:50:46,133 [INFO] IPUIPlugin:80 - create IPUIPlugin
2025-01-16 22:50:46,133 [INFO] PluginManager:220 - loadIPPluginJar : add hash
2025-01-16 22:50:46,134 [INFO] IPUIPlugin:80 - create IPUIPlugin
2025-01-16 22:50:46,134 [INFO] PluginManager:220 - loadIPPluginJar : add i2c
2025-01-16 22:50:46,137 [INFO] IPUIPlugin:80 - create IPUIPlugin
2025-01-16 22:50:46,138 [INFO] PluginManager:220 - loadIPPluginJar : add i2s
2025-01-16 22:50:46,140 [INFO] IPUIPlugin:80 - create IPUIPlugin
2025-01-16 22:50:46,140 [INFO] PluginManager:220 - loadIPPluginJar : add i3c
2025-01-16 22:50:46,143 [INFO] IPUIPlugin:80 - create IPUIPlugin
2025-01-16 22:50:46,143 [INFO] PluginManager:220 - loadIPPluginJar : add ipddr
2025-01-16 22:50:46,153 [INFO] IPUIPlugin:80 - create IPUIPlugin
2025-01-16 22:50:46,153 [INFO] PluginManager:220 - loadIPPluginJar : add linkedlist
2025-01-16 22:50:46,159 [INFO] IPUIPlugin:80 - create IPUIPlugin
2025-01-16 22:50:46,160 [INFO] PluginManager:220 - loadIPPluginJar : add lorawan
2025-01-16 22:50:46,160 [INFO] IPUIPlugin:80 - create IPUIPlugin
2025-01-16 22:50:46,161 [INFO] PluginManager:220 - loadIPPluginJar : add ltdc
2025-01-16 22:50:46,163 [INFO] IPUIPlugin:80 - create IPUIPlugin
2025-01-16 22:50:46,163 [INFO] PluginManager:220 - loadIPPluginJar : add mdma
2025-01-16 22:50:46,168 [INFO] IPUIPlugin:80 - create IPUIPlugin
2025-01-16 22:50:46,169 [INFO] PluginManager:220 - loadIPPluginJar : add nvic
2025-01-16 22:50:46,171 [INFO] IPUIPlugin:80 - create IPUIPlugin
2025-01-16 22:50:46,171 [INFO] PluginManager:220 - loadIPPluginJar : add opamp
2025-01-16 22:50:46,175 [INFO] IPUIPlugin:80 - create IPUIPlugin
2025-01-16 22:50:46,176 [INFO] PluginManager:220 - loadIPPluginJar : add openamp
2025-01-16 22:50:46,179 [INFO] IPUIPlugin:80 - create IPUIPlugin
2025-01-16 22:50:46,179 [INFO] PluginManager:220 - loadIPPluginJar : add pdm2pcm
2025-01-16 22:50:46,183 [INFO] IPUIPlugin:80 - create IPUIPlugin
2025-01-16 22:50:46,186 [INFO] PluginManager:220 - loadIPPluginJar : add plateformsettings
2025-01-16 22:50:46,188 [INFO] IPUIPlugin:80 - create IPUIPlugin
2025-01-16 22:50:46,188 [INFO] PluginManager:220 - loadIPPluginJar : add quadspi
2025-01-16 22:50:46,190 [INFO] IPUIPlugin:80 - create IPUIPlugin
2025-01-16 22:50:46,190 [INFO] PluginManager:220 - loadIPPluginJar : add radio
2025-01-16 22:50:46,192 [INFO] IPUIPlugin:80 - create IPUIPlugin
2025-01-16 22:50:46,192 [INFO] PluginManager:220 - loadIPPluginJar : add resmgrutility
2025-01-16 22:50:46,194 [INFO] IPUIPlugin:80 - create IPUIPlugin
2025-01-16 22:50:46,194 [INFO] PluginManager:220 - loadIPPluginJar : add sai
2025-01-16 22:50:46,196 [INFO] IPUIPlugin:80 - create IPUIPlugin
2025-01-16 22:50:46,196 [INFO] PluginManager:220 - loadIPPluginJar : add spi
2025-01-16 22:50:46,199 [INFO] IPUIPlugin:80 - create IPUIPlugin
2025-01-16 22:50:46,199 [INFO] PluginManager:220 - loadIPPluginJar : add stm32_wpan
2025-01-16 22:50:46,202 [INFO] IPUIPlugin:80 - create IPUIPlugin
2025-01-16 22:50:46,202 [INFO] PluginManager:220 - loadIPPluginJar : add tim
2025-01-16 22:50:46,205 [INFO] IPUIPlugin:80 - create IPUIPlugin
2025-01-16 22:50:46,205 [INFO] PluginManager:220 - loadIPPluginJar : add touchsensing
2025-01-16 22:50:46,209 [INFO] IPUIPlugin:80 - create IPUIPlugin
2025-01-16 22:50:46,209 [INFO] PluginManager:220 - loadIPPluginJar : add tracer_emb
2025-01-16 22:50:46,211 [INFO] IPUIPlugin:80 - create IPUIPlugin
2025-01-16 22:50:46,211 [INFO] PluginManager:220 - loadIPPluginJar : add ts
2025-01-16 22:50:46,212 [INFO] IPUIPlugin:80 - create IPUIPlugin
2025-01-16 22:50:46,212 [INFO] PluginManager:220 - loadIPPluginJar : add tsc
2025-01-16 22:50:46,213 [INFO] IPUIPlugin:80 - create IPUIPlugin
2025-01-16 22:50:46,213 [INFO] PluginManager:220 - loadIPPluginJar : add ucpd
2025-01-16 22:50:46,217 [INFO] IPUIPlugin:80 - create IPUIPlugin
2025-01-16 22:50:46,217 [INFO] PluginManager:220 - loadIPPluginJar : add usart
2025-01-16 22:50:46,219 [INFO] IPUIPlugin:80 - create IPUIPlugin
2025-01-16 22:50:46,220 [INFO] PluginManager:220 - loadIPPluginJar : add usbx
2025-01-16 22:50:46,343 [FATAL] Updater:351 - Updater called before beeing initialized
2025-01-16 22:50:46,380 [INFO] RulesReader:64 - Compatibility file has been processed (297 Rules)
2025-01-16 22:50:46,390 [INFO] RulesReader:64 - Compatibility file has been processed (297 Rules)
2025-01-16 22:50:46,401 [INFO] CADModel:165 - CPN selected for project level
2025-01-16 22:50:46,401 [INFO] CADModel:114 - Register for checkConnection events
2025-01-16 22:50:46,401 [FATAL] Updater:351 - Updater called before beeing initialized
2025-01-16 22:50:46,401 [ERROR] CADModel:125 - Updater not yet initialized, retry later 
2025-01-16 22:50:46,594 [FATAL] Updater:351 - Updater called before beeing initialized
2025-01-16 22:50:46,597 [INFO] CADModel:165 - CPN selected for project level
2025-01-16 22:50:46,597 [INFO] CADModel:114 - Register for checkConnection events
2025-01-16 22:50:46,597 [FATAL] Updater:351 - Updater called before beeing initialized
2025-01-16 22:50:46,597 [ERROR] CADModel:125 - Updater not yet initialized, retry later 
2025-01-16 22:50:46,601 [FATAL] Updater:351 - Updater called before beeing initialized
2025-01-16 22:50:46,722 [FATAL] Updater:351 - Updater called before beeing initialized
2025-01-16 22:50:46,730 [INFO] DbMcusAds:53 - JSON generation date=Wed Dec 18 01:01:15 KST 2024 (1734451275222)
2025-01-16 22:50:46,731 [FATAL] Updater:351 - Updater called before beeing initialized
2025-01-16 22:50:46,760 [WARN] DetailPanel:346 - Failed to get advertising image, set to default
2025-01-16 22:50:46,963 [FATAL] Updater:351 - Updater called before beeing initialized
2025-01-16 22:50:46,965 [FATAL] Updater:351 - Updater called before beeing initialized
2025-01-16 22:50:46,965 [FATAL] Updater:351 - Updater called before beeing initialized
2025-01-16 22:50:46,965 [WARN] DetailPanel:346 - Failed to get advertising image, set to default
2025-01-16 22:50:46,966 [FATAL] Updater:351 - Updater called before beeing initialized
2025-01-16 22:50:47,003 [ERROR] Updater:1198 - MainUpdater not yet initialized. External WinMGr cannot be set.
2025-01-16 22:50:47,005 [INFO] Updater:1134 - Updater Version found : 6.13.0
2025-01-16 22:50:47,017 [INFO] ApplicationProperties:184 - Using Application install path: D:\Program Files\STM32CubeIDE_1.17.0\STM32CubeIDE\plugins\com.st.stm32cube.common.mx_6.13.0.202411220809
2025-01-16 22:50:48,593 [ERROR] LogOutputStream:75 - [STDERR_REDIRECT] Jan 16, 2025 10:50:48 PM java.util.prefs.WindowsPreferences <init>
2025-01-16 22:50:48,593 [ERROR] LogOutputStream:75 - [STDERR_REDIRECT] WARNING: Could not open/create prefs root node Software\JavaSoft\Prefs at root 0xffffffff80000002. Windows RegCreateKeyEx(...) returned error code 5.
2025-01-16 22:50:48,593 [ERROR] LogOutputStream:75 - [STDERR_REDIRECT] 
2025-01-16 22:50:48,631 [INFO] ThirdPartyUpdaterWithRetryManager:70 - Updater plugin not ready yet. [2/15]
2025-01-16 22:50:49,071 [INFO] MainUpdater:2872 - connection check result : 10
2025-01-16 22:50:49,072 [INFO] MainUpdater:289 - Updater Check For Update Now.
2025-01-16 22:50:49,072 [INFO] MicroXplorer:498 - Change Database Version : DB.6.0.130
2025-01-16 22:50:49,096 [INFO] McuFinderGlobals:63 - Set McuFinder mode to 2 (CubeIDE integrated)
2025-01-16 22:50:49,097 [INFO] UserAuth:486 - Internet connection configuration mode: 1
2025-01-16 22:50:49,143 [INFO] JxBrowserEngine:152 - Initiate JxBrowser Engine with user profile folder
2025-01-16 22:50:49,275 [INFO] CheckServerUpdateThread:120 - End of CheckServer Thread
2025-01-16 22:50:49,914 [INFO] WebApp:168 - Instantiating new browser for Auth
2025-01-16 22:50:50,503 [INFO] WebApp:449 - Apply proxy settings
2025-01-16 22:50:50,504 [INFO] WebApp:534 - Chromium requires no authentication
2025-01-16 22:50:50,510 [INFO] WebApp:477 - Direct internet connection detected
2025-01-16 22:50:50,525 [INFO] WebApp:880 - Register for checkConnection events
2025-01-16 22:50:50,525 [INFO] WebApp:449 - Apply proxy settings
2025-01-16 22:50:50,525 [INFO] WebApp:534 - Chromium requires no authentication
2025-01-16 22:50:50,528 [INFO] WebApp:477 - Direct internet connection detected
2025-01-16 22:50:50,657 [INFO] WebApp:221 - Starting web application
2025-01-16 22:50:50,657 [INFO] WebApp:579 - Web application path used D:\Program Files\STM32CubeIDE_1.17.0\STM32CubeIDE\plugins\com.st.stm32cube.common.mx_6.13.0.202411220809\db\plugins\mcufinder\reactClient1\index.html
2025-01-16 22:50:50,731 [INFO] UserAuth:486 - Internet connection configuration mode: 1
2025-01-16 22:50:50,955 [INFO] WebApp:187 - Connection restablished
2025-01-16 22:50:51,815 [WARN] PackLoader:240 - Cannot read IP mode file for STMicroelectronics.FP-SNS-MOTENVWB1.1.4.0
2025-01-16 22:50:51,838 [WARN] PackLoader:240 - Cannot read IP mode file for STMicroelectronics.FP-ATR-ASTRA1.2.0.1
2025-01-16 22:50:51,852 [WARN] PackLoader:240 - Cannot read IP mode file for STMicroelectronics.X-CUBE-SMBUS.2.1.0
2025-01-16 22:50:51,870 [WARN] PackLoader:240 - Cannot read IP mode file for STMicroelectronics.X-CUBE-WB05N.1.1.0
2025-01-16 22:50:51,911 [WARN] PackLoader:240 - Cannot read IP mode file for STMicroelectronics.X-CUBE-AZRTOS-F7.1.1.0
2025-01-16 22:50:51,983 [WARN] PackLoader:240 - Cannot read IP mode file for STMicroelectronics.X-CUBE-MEMS1.11.0.0
2025-01-16 22:50:52,093 [WARN] PackLoader:240 - Cannot read IP mode file for STMicroelectronics.FP-SNS-FLIGHT1.5.0.2
2025-01-16 22:50:52,133 [WARN] PackLoader:240 - Cannot read IP mode file for Infineon.AIROC-Wi-Fi-Bluetooth-STM32.1.7.0
2025-01-16 22:50:52,182 [WARN] PackLoader:240 - Cannot read IP mode file for STMicroelectronics.X-CUBE-DISPLAY.3.0.0
2025-01-16 22:50:52,206 [WARN] PackLoader:240 - Cannot read IP mode file for STMicroelectronics.X-CUBE-BLE1.7.0.0
2025-01-16 22:50:52,223 [WARN] PackLoader:240 - Cannot read IP mode file for STMicroelectronics.X-CUBE-NFC10.1.0.0
2025-01-16 22:50:52,243 [WARN] PackLoader:240 - Cannot read IP mode file for STMicroelectronics.X-CUBE-BLEMGR.4.0.0
2025-01-16 22:50:52,258 [WARN] PackLoader:240 - Cannot read IP mode file for emotas.I-CUBE-CANOPEN.1.3.0
2025-01-16 22:50:52,271 [WARN] PackLoader:240 - Cannot read IP mode file for STMicroelectronics.X-CUBE-BLEMGR.3.1.0
2025-01-16 22:50:52,285 [WARN] PackLoader:240 - Cannot read IP mode file for STMicroelectronics.FP-SNS-SMARTAG2.1.2.0
2025-01-16 22:50:52,335 [WARN] PackLoader:240 - Cannot read IP mode file for STMicroelectronics.X-CUBE-MEMS1.11.1.0
2025-01-16 22:50:52,432 [INFO] LogOutputStream:77 - [STDOUT_REDIRECT] 1 : Invalid condition id : UX_CORESTACK_Condition cause : null
2025-01-16 22:50:52,433 [INFO] LogOutputStream:77 - [STDOUT_REDIRECT] 1 : Invalid condition id : UX_CORESTACK_Condition cause : null
2025-01-16 22:50:52,437 [INFO] LogOutputStream:77 - [STDOUT_REDIRECT] 1 : Invalid condition id : UX_CORESTACK_Condition cause : null
2025-01-16 22:50:52,438 [INFO] LogOutputStream:77 - [STDOUT_REDIRECT] 1 : Invalid condition id : UX_CORESTACK_Condition cause : null
2025-01-16 22:50:52,440 [INFO] LogOutputStream:77 - [STDOUT_REDIRECT] 1 : Invalid condition id : UX_CORESTACK_Condition cause : null
2025-01-16 22:50:52,441 [WARN] PackLoader:240 - Cannot read IP mode file for STMicroelectronics.X-CUBE-AZRTOS-WL.2.0.0
2025-01-16 22:50:52,456 [WARN] PackLoader:240 - Cannot read IP mode file for STMicroelectronics.FP-SNS-MOTENV1.5.0.0
2025-01-16 22:50:52,468 [WARN] PackLoader:240 - Cannot read IP mode file for wolfSSL.I-CUBE-wolfMQTT.1.19.0
2025-01-16 22:50:52,485 [WARN] PackLoader:240 - Cannot read IP mode file for WES.I-CUBE-Cesium.1.3.0
2025-01-16 22:50:52,500 [WARN] PackLoader:240 - Cannot read IP mode file for STMicroelectronics.X-CUBE-BLE2.3.3.0
2025-01-16 22:50:52,516 [WARN] PackLoader:240 - Cannot read IP mode file for STMicroelectronics.X-CUBE-NFC9.1.0.0
2025-01-16 22:50:52,529 [WARN] PackLoader:240 - Cannot read IP mode file for STMicroelectronics.X-CUBE-TCPP.4.1.0
2025-01-16 22:50:52,555 [WARN] PackLoader:240 - Cannot read IP mode file for STMicroelectronics.X-CUBE-AZRTOS-G0.1.1.0
2025-01-16 22:50:52,571 [WARN] PackLoader:240 - Cannot read IP mode file for STMicroelectronics.X-CUBE-SAFEA1.1.2.2
2025-01-16 22:50:52,589 [WARN] PackLoader:240 - Cannot read IP mode file for STMicroelectronics.X-CUBE-NFC4.3.0.0
2025-01-16 22:50:52,604 [WARN] PackLoader:240 - Cannot read IP mode file for EmbeddedOffice.I-CUBE-FS-RTOS.1.0.1
2025-01-16 22:50:52,618 [WARN] PackLoader:240 - Cannot read IP mode file for STMicroelectronics.X-CUBE-TCPP.4.2.0
2025-01-16 22:50:52,636 [WARN] PackLoader:240 - Cannot read IP mode file for RealThread.X-CUBE-RT-Thread_Nano.4.1.1
2025-01-16 22:50:52,649 [WARN] PackLoader:240 - Cannot read IP mode file for STMicroelectronics.FP-ATR-SIGFOX1.3.2.0
2025-01-16 22:50:52,664 [WARN] ConditionMgr:438 - getConditionDescription Invalid condition id : Cortex-A Device cause : null
2025-01-16 22:50:52,690 [WARN] ConditionMgr:1044 - genDependencies : Invalid condition id : Cortex-A Device cause : null
2025-01-16 22:50:52,690 [WARN] ConditionMgr:1044 - genDependencies : Invalid condition id : Cortex-A Device cause : null
2025-01-16 22:50:52,690 [WARN] ConditionMgr:1044 - genDependencies : Invalid condition id : Cortex-A Device cause : null
2025-01-16 22:50:52,706 [WARN] PackLoader:240 - Cannot read IP mode file for STMicroelectronics.X-CUBE-EEPRMA1.5.1.0
2025-01-16 22:50:52,718 [WARN] PackLoader:240 - Cannot read IP mode file for wolfSSL.I-CUBE-wolfSSL.5.7.4
2025-01-16 22:50:52,736 [WARN] PackLoader:240 - Cannot read IP mode file for ITTIA_DB.I-CUBE-ITTIADB.8.9.0
2025-01-16 22:50:52,765 [WARN] PackLoader:240 - Cannot read IP mode file for SEGGER.I-CUBE-embOS.1.3.1
2025-01-16 22:50:52,800 [WARN] PackLoader:240 - Cannot read IP mode file for STMicroelectronics.X-CUBE-ALGOBUILD.1.4.0
2025-01-16 22:50:52,815 [WARN] PackLoader:240 - Cannot read IP mode file for STMicroelectronics.X-CUBE-AI.9.1.0
2025-01-16 22:50:52,837 [WARN] PackLoader:240 - Cannot read IP mode file for STMicroelectronics.X-CUBE-AZRTOS-F4.1.1.0
2025-01-16 22:50:52,850 [WARN] PackLoader:240 - Cannot read IP mode file for STMicroelectronics.X-CUBE-ISPU.2.1.0
2025-01-16 22:50:52,863 [WARN] PackLoader:240 - Cannot read IP mode file for STMicroelectronics.X-CUBE-FREERTOS.1.2.0
2025-01-16 22:50:52,883 [WARN] PackLoader:240 - Cannot read IP mode file for STMicroelectronics.X-CUBE-AZRTOS-L5.2.0.0
2025-01-16 22:50:52,900 [WARN] PackLoader:240 - Cannot read IP mode file for STMicroelectronics.X-CUBE-NFC6.3.1.0
2025-01-16 22:50:52,915 [WARN] PackLoader:240 - Cannot read IP mode file for STMicroelectronics.X-CUBE-DPower.1.2.0
2025-01-16 22:50:52,926 [WARN] PackLoader:240 - Cannot read IP mode file for STMicroelectronics.X-CUBE-FREERTOS.1.3.0
2025-01-16 22:50:52,940 [WARN] PackLoader:240 - Cannot read IP mode file for STMicroelectronics.X-CUBE-NFC7.1.0.1
2025-01-16 22:50:52,964 [WARN] ConditionMgr:438 - getConditionDescription Invalid condition id : LAN8742 Phy interface Condition cause : null
2025-01-16 22:50:52,964 [WARN] PackLoader:240 - Cannot read IP mode file for STMicroelectronics.X-CUBE-AZRTOS-L4.2.0.0
2025-01-16 22:50:52,965 [WARN] ConditionMgr:1044 - genDependencies : Invalid condition id : LAN8742 Phy interface Condition cause : null
2025-01-16 22:50:52,965 [WARN] ConditionMgr:1044 - genDependencies : Invalid condition id : LAN8742 Phy interface Condition cause : null
2025-01-16 22:50:52,965 [WARN] ConditionMgr:1044 - genDependencies : Invalid condition id : LAN8742 Phy interface Condition cause : null
2025-01-16 22:50:52,981 [WARN] PackLoader:240 - Cannot read IP mode file for STMicroelectronics.X-CUBE-SFXS2LP1.4.0.0
2025-01-16 22:50:53,015 [WARN] PackLoader:240 - Cannot read IP mode file for STMicroelectronics.X-CUBE-AZRTOS-H7.3.3.0
2025-01-16 22:50:53,041 [WARN] PackLoader:240 - Cannot read IP mode file for STMicroelectronics.X-CUBE-IPS.3.0.0
2025-01-16 22:50:53,085 [WARN] ConditionMgr:438 - getConditionDescription Invalid condition id : UX DEVICE CLASS RTOS Condition cause : null
2025-01-16 22:50:53,086 [WARN] ConditionMgr:438 - getConditionDescription Invalid condition id : UX DEVICE CLASS RTOS Condition cause : null
2025-01-16 22:50:53,087 [WARN] PackLoader:240 - Cannot read IP mode file for STMicroelectronics.X-CUBE-AZRTOS-WB.2.0.0
2025-01-16 22:50:53,087 [WARN] ConditionMgr:1044 - genDependencies : Invalid condition id : UX DEVICE CLASS RTOS Condition cause : null
2025-01-16 22:50:53,087 [WARN] ConditionMgr:1044 - genDependencies : Invalid condition id : UX DEVICE CLASS RTOS Condition cause : null
2025-01-16 22:50:53,088 [WARN] ConditionMgr:1044 - genDependencies : Invalid condition id : UX DEVICE CLASS RTOS Condition cause : null
2025-01-16 22:50:53,088 [WARN] ConditionMgr:1044 - genDependencies : Invalid condition id : UX DEVICE CLASS RTOS Condition cause : null
2025-01-16 22:50:53,088 [WARN] ConditionMgr:1044 - genDependencies : Invalid condition id : UX DEVICE CLASS RTOS Condition cause : null
2025-01-16 22:50:53,103 [WARN] PackLoader:240 - Cannot read IP mode file for STMicroelectronics.X-CUBE-GNSS1.7.0.0
2025-01-16 22:50:53,118 [WARN] PackLoader:240 - Cannot read IP mode file for STMicroelectronics.X-CUBE-GNSS1.7.0.1
2025-01-16 22:50:53,133 [WARN] PackLoader:240 - Cannot read IP mode file for STMicroelectronics.FP-SNS-STBOX1.2.0.0
2025-01-16 22:50:53,152 [WARN] PackLoader:240 - Cannot read IP mode file for STMicroelectronics.X-CUBE-SUBG2.5.0.0
2025-01-16 22:50:53,166 [WARN] PackLoader:240 - Cannot read IP mode file for Cesanta.I-CUBE-Mongoose.7.13.0
2025-01-16 22:50:53,188 [WARN] PackLoader:240 - Cannot read IP mode file for STMicroelectronics.X-CUBE-AZRTOS-G4.2.0.0
2025-01-16 22:50:53,205 [WARN] PackLoader:240 - Cannot read IP mode file for STMicroelectronics.X-CUBE-IPS.3.1.0
2025-01-16 22:50:53,223 [WARN] PackLoader:240 - Cannot read IP mode file for STMicroelectronics.X-CUBE-ALS.1.0.2
2025-01-16 22:50:53,241 [WARN] PackLoader:240 - Cannot read IP mode file for STMicroelectronics.X-CUBE-TOUCHGFX.4.24.2
2025-01-16 22:50:53,254 [WARN] PackLoader:240 - Cannot read IP mode file for STMicroelectronics.X-CUBE-TOUCHGFX.4.24.1
2025-01-16 22:50:53,267 [WARN] PackLoader:240 - Cannot read IP mode file for wolfSSL.I-CUBE-wolfTPM.3.4.0
2025-01-16 22:50:53,281 [WARN] PackLoader:240 - Cannot read IP mode file for portGmbH.I-Cube-SoM-uGOAL.1.1.0
2025-01-16 22:50:53,303 [WARN] PackLoader:240 - Cannot read IP mode file for STMicroelectronics.X-CUBE-AZRTOS-H7RS.1.0.0
2025-01-16 22:50:53,321 [WARN] PackLoader:240 - Cannot read IP mode file for STMicroelectronics.X-CUBE-TOF1.3.4.2
2025-01-16 22:50:53,337 [WARN] PackLoader:240 - Cannot read IP mode file for wolfSSL.I-CUBE-wolfSSH.1.4.17
2025-01-16 22:50:53,338 [INFO] ThirdParty:978 - Integrity check success = true
2025-01-16 22:50:53,338 [INFO] IntegrityCheckThread:100 - exiting critical section [integrity check]
2025-01-16 22:50:53,338 [INFO] IntegrityCheckThread:103 - End integrity checks thread
