2025-01-08 00:57:01,008 [ERROR] LogOutputStream:75 - [STDERR_REDIRECT] 
2025-01-08 15:34:09,784 [INFO] Activator:176 - 


2025-01-08 15:34:09,786 [INFO] Activator:177 - !SESSION log4j initialized
2025-01-08 15:34:15,271 [INFO] LogOutputStream:77 - [STDOUT_REDIRECT] 
2025-01-08 15:34:19,342 [INFO] ApplicationProperties:184 - Using Application install path: D:\Program Files\STM32CubeIDE_1.17.0\STM32CubeIDE\plugins\com.st.stm32cube.common.mx_6.13.0.202411220809
2025-01-08 15:34:19,361 [INFO] DbMcusXml:78 - Set database path to: D:\Program Files\STM32CubeIDE_1.17.0\STM32CubeIDE\plugins\com.st.stm32cube.common.mx_6.13.0.202411220809\\db\/mcu/
2025-01-08 15:34:19,361 [INFO] ApiDb:274 - Set plugin database path to: D:\Program Files\STM32CubeIDE_1.17.0\STM32CubeIDE\plugins\com.st.stm32cube.common.mx_6.13.0.202411220809\\db\/plugins/boardmanager/
2025-01-08 15:34:19,361 [WARN] ApiDb:259 - Overriding images path with different value:  => D:\Program Files\STM32CubeIDE_1.17.0\STM32CubeIDE\plugins\com.st.stm32cube.common.mx_6.13.0.202411220809\\db\/plugins/mcufinder/images/
2025-01-08 15:34:19,375 [INFO] ApiDb:250 - Set database path to: C:\Users\Jinhy\.stmcufinder\plugins\mcufinder//mcu/
2025-01-08 15:34:19,376 [INFO] DbMcusAds:125 - Set database path to: C:\Users\Jinhy\.stmcufinder\plugins\mcufinder//mcu/
2025-01-08 15:34:19,379 [INFO] CrossReferenceDbSqlite:203 - Set database path to: C:\Users\Jinhy\.stmcufinder\plugins\mcufinder//mcu/cs/
2025-01-08 15:34:19,480 [INFO] RulesReader:64 - Compatibility file has been processed (297 Rules)
2025-01-08 15:34:19,557 [INFO] DbMcusXml:78 - Set database path to: D:\Program Files\STM32CubeIDE_1.17.0\STM32CubeIDE\plugins\com.st.stm32cube.common.mx_6.13.0.202411220809\\db\/mcu/
2025-01-08 15:34:19,557 [INFO] ApiDb:274 - Set plugin database path to: D:\Program Files\STM32CubeIDE_1.17.0\STM32CubeIDE\plugins\com.st.stm32cube.common.mx_6.13.0.202411220809\\db\/plugins/boardmanager/
2025-01-08 15:34:19,557 [INFO] ApiDb:261 - Set plugin images path to: D:\Program Files\STM32CubeIDE_1.17.0\STM32CubeIDE\plugins\com.st.stm32cube.common.mx_6.13.0.202411220809\\db\/plugins/mcufinder/images/
2025-01-08 15:34:19,557 [WARN] DbFile:41 - Overriding database path with different value: C:\Users\Jinhy\.stmcufinder\plugins\mcufinder/ => C:\Users\Jinhy\.stmcufinder\plugins\mcufinder
2025-01-08 15:34:19,558 [INFO] ApiDb:250 - Set database path to: C:\Users\Jinhy\.stmcufinder\plugins\mcufinder//mcu/
2025-01-08 15:34:19,558 [WARN] DbFile:41 - Overriding database path with different value: C:\Users\Jinhy\.stmcufinder\plugins\mcufinder/ => C:\Users\Jinhy\.stmcufinder\plugins\mcufinder
2025-01-08 15:34:19,558 [INFO] DbMcusAds:125 - Set database path to: C:\Users\Jinhy\.stmcufinder\plugins\mcufinder//mcu/
2025-01-08 15:34:19,558 [WARN] DbFile:41 - Overriding database path with different value: C:\Users\Jinhy\.stmcufinder\plugins\mcufinder/ => C:\Users\Jinhy\.stmcufinder\plugins\mcufinder
2025-01-08 15:34:19,558 [WARN] DbFile:41 - Overriding database path with different value: C:\Users\Jinhy\.stmcufinder\plugins\mcufinder/ => C:\Users\Jinhy\.stmcufinder\plugins\mcufinder
2025-01-08 15:34:19,558 [INFO] CrossReferenceDbSqlite:203 - Set database path to: C:\Users\Jinhy\.stmcufinder\plugins\mcufinder//mcu/cs/
2025-01-08 15:34:19,674 [INFO] MainPanel:272 - HeapMemory: 268435456
2025-01-08 15:34:19,764 [INFO] DbMcusXml:78 - Set database path to: D:\Program Files\STM32CubeIDE_1.17.0\STM32CubeIDE\plugins\com.st.stm32cube.common.mx_6.13.0.202411220809\\db\/mcu/
2025-01-08 15:34:19,764 [INFO] ApiDb:274 - Set plugin database path to: D:\Program Files\STM32CubeIDE_1.17.0\STM32CubeIDE\plugins\com.st.stm32cube.common.mx_6.13.0.202411220809\\db\/plugins/boardmanager/
2025-01-08 15:34:19,765 [INFO] ApiDb:261 - Set plugin images path to: D:\Program Files\STM32CubeIDE_1.17.0\STM32CubeIDE\plugins\com.st.stm32cube.common.mx_6.13.0.202411220809\\db\/plugins/mcufinder/images/
2025-01-08 15:34:19,765 [WARN] DbFile:41 - Overriding database path with different value: C:\Users\Jinhy\.stmcufinder\plugins\mcufinder/ => C:\Users\Jinhy\.stmcufinder\plugins\mcufinder
2025-01-08 15:34:19,765 [INFO] ApiDb:250 - Set database path to: C:\Users\Jinhy\.stmcufinder\plugins\mcufinder//mcu/
2025-01-08 15:34:19,765 [WARN] DbFile:41 - Overriding database path with different value: C:\Users\Jinhy\.stmcufinder\plugins\mcufinder/ => C:\Users\Jinhy\.stmcufinder\plugins\mcufinder
2025-01-08 15:34:19,765 [INFO] DbMcusAds:125 - Set database path to: C:\Users\Jinhy\.stmcufinder\plugins\mcufinder//mcu/
2025-01-08 15:34:19,765 [WARN] DbFile:41 - Overriding database path with different value: C:\Users\Jinhy\.stmcufinder\plugins\mcufinder/ => C:\Users\Jinhy\.stmcufinder\plugins\mcufinder
2025-01-08 15:34:19,765 [WARN] DbFile:41 - Overriding database path with different value: C:\Users\Jinhy\.stmcufinder\plugins\mcufinder/ => C:\Users\Jinhy\.stmcufinder\plugins\mcufinder
2025-01-08 15:34:19,765 [INFO] CrossReferenceDbSqlite:203 - Set database path to: C:\Users\Jinhy\.stmcufinder\plugins\mcufinder//mcu/cs/
2025-01-08 15:34:19,780 [INFO] ApplicationProperties:184 - Using Application install path: D:\Program Files\STM32CubeIDE_1.17.0\STM32CubeIDE\plugins\com.st.stm32cube.common.mx_6.13.0.202411220809
2025-01-08 15:34:19,781 [INFO] PluginManage:196 - Search for loadable plugins [exclusion list=, ]
2025-01-08 15:34:19,782 [INFO] PluginManage:310 - Check plugin analytics
2025-01-08 15:34:19,976 [INFO] AnalyticsPlugin:253 - Accepted Software Licenses: STM32CubeMX.6.13.0
2025-01-08 15:34:19,976 [INFO] AnalyticsPlugin:255 - Accepted CMSIS Pack Licenses: 
2025-01-08 15:34:19,977 [INFO] AnalyticsPlugin:257 - Accepted Firmware Licenses: 
2025-01-08 15:34:19,980 [INFO] PluginManage:359 - Loaded plugin analytics (category:tool,tabindex:-1)
2025-01-08 15:34:19,980 [INFO] PluginManage:310 - Check plugin cadmodel
2025-01-08 15:34:19,997 [INFO] CADModel:105 - Init CAD model plugin
2025-01-08 15:34:19,997 [INFO] PluginManage:359 - Loaded plugin cadmodel (category:power,tabindex:5)
2025-01-08 15:34:19,997 [INFO] PluginManage:310 - Check plugin clock
2025-01-08 15:34:20,016 [INFO] PluginManage:359 - Loaded plugin clock (category:base,tabindex:2)
2025-01-08 15:34:20,016 [INFO] PluginManage:310 - Check plugin ddr
2025-01-08 15:34:20,018 [INFO] PluginManage:359 - Loaded plugin ddr (category:tool,tabindex:6)
2025-01-08 15:34:20,020 [INFO] PluginManage:310 - Check plugin filemanager
2025-01-08 15:34:20,152 [INFO] PluginManage:359 - Loaded plugin filemanager (category:base,tabindex:10)
2025-01-08 15:34:20,152 [INFO] PluginManage:310 - Check plugin ipmanager
2025-01-08 15:34:20,158 [INFO] PluginManage:359 - Loaded plugin ipmanager (category:base,tabindex:5)
2025-01-08 15:34:20,158 [INFO] PluginManage:310 - Check plugin lpbam
2025-01-08 15:34:20,174 [INFO] PluginManage:359 - Loaded plugin lpbam (category:base,tabindex:0)
2025-01-08 15:34:20,174 [INFO] PluginManage:310 - Check plugin memorymap
2025-01-08 15:34:20,192 [INFO] PluginManage:359 - Loaded plugin memorymap (category:base,tabindex:4)
2025-01-08 15:34:20,192 [INFO] PluginManage:310 - Check plugin pinoutandconfiguration
2025-01-08 15:34:20,206 [INFO] PluginManage:359 - Loaded plugin pinoutandconfiguration (category:base,tabindex:1)
2025-01-08 15:34:20,206 [INFO] PluginManage:310 - Check plugin pinoutconfig
2025-01-08 15:34:20,298 [WARN] SupportedApi:132 - Cannot load RTOS API schema: s4s-elt-must-match.1: The content of 'definitions' must match (annotation?, (simpleType | complexType)?, (unique | key | keyref)*)). A problem was found starting at: attribute.
2025-01-08 15:34:20,408 [INFO] PluginManage:359 - Loaded plugin pinoutconfig (category:base,tabindex:0)
2025-01-08 15:34:20,408 [INFO] PluginManage:310 - Check plugin power
2025-01-08 15:34:20,425 [INFO] PluginManage:359 - Loaded plugin power (category:power,tabindex:4)
2025-01-08 15:34:20,425 [INFO] PluginManage:310 - Check plugin projectmanager
2025-01-08 15:34:20,442 [INFO] PluginManage:359 - Loaded plugin projectmanager (category:projectmanager,tabindex:4)
2025-01-08 15:34:20,442 [INFO] PluginManage:310 - Check plugin rif
2025-01-08 15:34:20,458 [INFO] PluginManage:359 - Loaded plugin rif (category:base,tabindex:3)
2025-01-08 15:34:20,458 [INFO] PluginManage:310 - Check plugin thirdparty
2025-01-08 15:34:20,710 [WARN] IntegrityCheckThread:84 - waiting for thirdparty lock release [integrity check]
2025-01-08 15:34:20,711 [INFO] IntegrityCheckThread:86 - entering critical section [integrity check]
2025-01-08 15:34:20,711 [INFO] PluginManage:359 - Loaded plugin thirdparty (category:base,tabindex:-1)
2025-01-08 15:34:20,711 [INFO] PluginManage:310 - Check plugin tools
2025-01-08 15:34:20,711 [INFO] ThirdPartyUpdaterWithRetryManager:70 - Updater plugin not ready yet. [1/15]
2025-01-08 15:34:20,738 [INFO] PluginManage:359 - Loaded plugin tools (category:base,tabindex:7)
2025-01-08 15:34:20,738 [INFO] PluginManage:310 - Check plugin tutovideos
2025-01-08 15:34:20,906 [INFO] PluginManage:359 - Loaded plugin tutovideos (category:base,tabindex:-1)
2025-01-08 15:34:20,906 [INFO] PluginManage:310 - Check plugin updater
2025-01-08 15:34:20,928 [INFO] PluginManage:359 - Loaded plugin updater (category:base,tabindex:12)
2025-01-08 15:34:20,928 [INFO] PluginManage:310 - Check plugin userauth
2025-01-08 15:34:20,931 [INFO] UserAuth:118 - Init User Auth plugin
2025-01-08 15:34:20,932 [INFO] PluginManage:359 - Loaded plugin userauth (category:base,tabindex:14)
2025-01-08 15:34:20,932 [INFO] PluginManage:283 - PluginManage : Loaded plugins [18]
2025-01-08 15:34:21,113 [INFO] PinOutPanel:1589 - setPackage(No Configuration,No Configuration)
2025-01-08 15:34:21,184 [INFO] CADModel:165 - CPN selected for project level
2025-01-08 15:34:21,184 [INFO] CADModel:114 - Register for checkConnection events
2025-01-08 15:34:21,212 [INFO] IPUIPlugin:80 - create IPUIPlugin
2025-01-08 15:34:21,212 [INFO] PluginManager:220 - loadIPPluginJar : add adc
2025-01-08 15:34:21,242 [INFO] IPUIPlugin:80 - create IPUIPlugin
2025-01-08 15:34:21,242 [INFO] PluginManager:220 - loadIPPluginJar : add aes
2025-01-08 15:34:21,274 [INFO] IPUIPlugin:80 - create IPUIPlugin
2025-01-08 15:34:21,275 [INFO] PluginManager:220 - loadIPPluginJar : add can
2025-01-08 15:34:21,296 [INFO] IPUIPlugin:80 - create IPUIPlugin
2025-01-08 15:34:21,296 [INFO] PluginManager:220 - loadIPPluginJar : add comp
2025-01-08 15:34:21,324 [INFO] IPUIPlugin:80 - create IPUIPlugin
2025-01-08 15:34:21,324 [INFO] PluginManager:220 - loadIPPluginJar : add cryp
2025-01-08 15:34:21,335 [INFO] IPUIPlugin:80 - create IPUIPlugin
2025-01-08 15:34:21,335 [INFO] PluginManager:220 - loadIPPluginJar : add ddr_ctrl_phy
2025-01-08 15:34:21,360 [INFO] IPUIPlugin:80 - create IPUIPlugin
2025-01-08 15:34:21,360 [INFO] PluginManager:220 - loadIPPluginJar : add dfsdm
2025-01-08 15:34:21,371 [INFO] IPUIPlugin:80 - create IPUIPlugin
2025-01-08 15:34:21,372 [INFO] PluginManager:220 - loadIPPluginJar : add dma
2025-01-08 15:34:21,403 [INFO] IPUIPlugin:80 - create IPUIPlugin
2025-01-08 15:34:21,403 [INFO] PluginManager:220 - loadIPPluginJar : add dma3
2025-01-08 15:34:21,437 [INFO] IPUIPlugin:80 - create IPUIPlugin
2025-01-08 15:34:21,437 [INFO] PluginManager:220 - loadIPPluginJar : add extmemmanager
2025-01-08 15:34:21,453 [INFO] IPUIPlugin:80 - create IPUIPlugin
2025-01-08 15:34:21,453 [INFO] PluginManager:220 - loadIPPluginJar : add fatfs
2025-01-08 15:34:21,489 [INFO] IPUIPlugin:80 - create IPUIPlugin
2025-01-08 15:34:21,489 [INFO] PluginManager:220 - loadIPPluginJar : add fmc
2025-01-08 15:34:21,502 [INFO] IPUIPlugin:80 - create IPUIPlugin
2025-01-08 15:34:21,503 [INFO] PluginManager:220 - loadIPPluginJar : add freertos
2025-01-08 15:34:21,520 [INFO] IPUIPlugin:80 - create IPUIPlugin
2025-01-08 15:34:21,520 [INFO] PluginManager:220 - loadIPPluginJar : add genericplugin
2025-01-08 15:34:21,588 [INFO] IPUIPlugin:80 - create IPUIPlugin
2025-01-08 15:34:21,589 [INFO] PluginManager:220 - loadIPPluginJar : add gfxmmu
2025-01-08 15:34:21,683 [INFO] IPUIPlugin:80 - create IPUIPlugin
2025-01-08 15:34:21,683 [INFO] PluginManager:220 - loadIPPluginJar : add gic
2025-01-08 15:34:21,695 [INFO] IPUIPlugin:80 - create IPUIPlugin
2025-01-08 15:34:21,696 [INFO] PluginManager:220 - loadIPPluginJar : add gpio
2025-01-08 15:34:21,764 [INFO] IPUIPlugin:80 - create IPUIPlugin
2025-01-08 15:34:21,764 [INFO] PluginManager:220 - loadIPPluginJar : add gtzc
2025-01-08 15:34:21,791 [INFO] IPUIPlugin:80 - create IPUIPlugin
2025-01-08 15:34:21,791 [INFO] PluginManager:220 - loadIPPluginJar : add hash
2025-01-08 15:34:21,833 [INFO] IPUIPlugin:80 - create IPUIPlugin
2025-01-08 15:34:21,834 [INFO] PluginManager:220 - loadIPPluginJar : add i2c
2025-01-08 15:34:21,862 [INFO] IPUIPlugin:80 - create IPUIPlugin
2025-01-08 15:34:21,862 [INFO] PluginManager:220 - loadIPPluginJar : add i2s
2025-01-08 15:34:21,892 [INFO] IPUIPlugin:80 - create IPUIPlugin
2025-01-08 15:34:21,892 [INFO] PluginManager:220 - loadIPPluginJar : add i3c
2025-01-08 15:34:21,962 [INFO] IPUIPlugin:80 - create IPUIPlugin
2025-01-08 15:34:21,962 [INFO] PluginManager:220 - loadIPPluginJar : add ipddr
2025-01-08 15:34:22,027 [INFO] IPUIPlugin:80 - create IPUIPlugin
2025-01-08 15:34:22,027 [INFO] PluginManager:220 - loadIPPluginJar : add linkedlist
2025-01-08 15:34:22,056 [INFO] IPUIPlugin:80 - create IPUIPlugin
2025-01-08 15:34:22,056 [INFO] PluginManager:220 - loadIPPluginJar : add lorawan
2025-01-08 15:34:22,083 [INFO] IPUIPlugin:80 - create IPUIPlugin
2025-01-08 15:34:22,083 [INFO] PluginManager:220 - loadIPPluginJar : add ltdc
2025-01-08 15:34:22,094 [INFO] IPUIPlugin:80 - create IPUIPlugin
2025-01-08 15:34:22,095 [INFO] PluginManager:220 - loadIPPluginJar : add mdma
2025-01-08 15:34:22,106 [INFO] IPUIPlugin:80 - create IPUIPlugin
2025-01-08 15:34:22,106 [INFO] PluginManager:220 - loadIPPluginJar : add nvic
2025-01-08 15:34:22,134 [INFO] IPUIPlugin:80 - create IPUIPlugin
2025-01-08 15:34:22,134 [INFO] PluginManager:220 - loadIPPluginJar : add opamp
2025-01-08 15:34:22,178 [INFO] IPUIPlugin:80 - create IPUIPlugin
2025-01-08 15:34:22,178 [INFO] PluginManager:220 - loadIPPluginJar : add openamp
2025-01-08 15:34:22,210 [INFO] IPUIPlugin:80 - create IPUIPlugin
2025-01-08 15:34:22,210 [INFO] PluginManager:220 - loadIPPluginJar : add pdm2pcm
2025-01-08 15:34:22,222 [INFO] IPUIPlugin:80 - create IPUIPlugin
2025-01-08 15:34:22,223 [INFO] PluginManager:220 - loadIPPluginJar : add plateformsettings
2025-01-08 15:34:22,243 [INFO] IPUIPlugin:80 - create IPUIPlugin
2025-01-08 15:34:22,243 [INFO] PluginManager:220 - loadIPPluginJar : add quadspi
2025-01-08 15:34:22,264 [INFO] IPUIPlugin:80 - create IPUIPlugin
2025-01-08 15:34:22,265 [INFO] PluginManager:220 - loadIPPluginJar : add radio
2025-01-08 15:34:22,276 [INFO] IPUIPlugin:80 - create IPUIPlugin
2025-01-08 15:34:22,276 [INFO] PluginManager:220 - loadIPPluginJar : add resmgrutility
2025-01-08 15:34:22,310 [INFO] IPUIPlugin:80 - create IPUIPlugin
2025-01-08 15:34:22,310 [INFO] PluginManager:220 - loadIPPluginJar : add sai
2025-01-08 15:34:22,337 [INFO] IPUIPlugin:80 - create IPUIPlugin
2025-01-08 15:34:22,337 [INFO] PluginManager:220 - loadIPPluginJar : add spi
2025-01-08 15:34:22,390 [INFO] IPUIPlugin:80 - create IPUIPlugin
2025-01-08 15:34:22,390 [INFO] PluginManager:220 - loadIPPluginJar : add stm32_wpan
2025-01-08 15:34:22,410 [INFO] IPUIPlugin:80 - create IPUIPlugin
2025-01-08 15:34:22,410 [INFO] PluginManager:220 - loadIPPluginJar : add tim
2025-01-08 15:34:22,456 [INFO] IPUIPlugin:80 - create IPUIPlugin
2025-01-08 15:34:22,456 [INFO] PluginManager:220 - loadIPPluginJar : add touchsensing
2025-01-08 15:34:22,477 [INFO] IPUIPlugin:80 - create IPUIPlugin
2025-01-08 15:34:22,477 [INFO] PluginManager:220 - loadIPPluginJar : add tracer_emb
2025-01-08 15:34:22,496 [INFO] IPUIPlugin:80 - create IPUIPlugin
2025-01-08 15:34:22,496 [INFO] PluginManager:220 - loadIPPluginJar : add ts
2025-01-08 15:34:22,513 [INFO] IPUIPlugin:80 - create IPUIPlugin
2025-01-08 15:34:22,513 [INFO] PluginManager:220 - loadIPPluginJar : add tsc
2025-01-08 15:34:22,532 [INFO] IPUIPlugin:80 - create IPUIPlugin
2025-01-08 15:34:22,533 [INFO] PluginManager:220 - loadIPPluginJar : add ucpd
2025-01-08 15:34:22,564 [INFO] IPUIPlugin:80 - create IPUIPlugin
2025-01-08 15:34:22,565 [INFO] PluginManager:220 - loadIPPluginJar : add usart
2025-01-08 15:34:22,598 [INFO] IPUIPlugin:80 - create IPUIPlugin
2025-01-08 15:34:22,598 [INFO] PluginManager:220 - loadIPPluginJar : add usbx
2025-01-08 15:34:22,711 [FATAL] Updater:351 - Updater called before beeing initialized
2025-01-08 15:34:22,733 [INFO] RulesReader:64 - Compatibility file has been processed (297 Rules)
2025-01-08 15:34:22,744 [INFO] RulesReader:64 - Compatibility file has been processed (297 Rules)
2025-01-08 15:34:22,757 [INFO] CADModel:165 - CPN selected for project level
2025-01-08 15:34:22,758 [INFO] CADModel:114 - Register for checkConnection events
2025-01-08 15:34:22,758 [FATAL] Updater:351 - Updater called before beeing initialized
2025-01-08 15:34:22,758 [ERROR] CADModel:125 - Updater not yet initialized, retry later 
2025-01-08 15:34:22,902 [FATAL] Updater:351 - Updater called before beeing initialized
2025-01-08 15:34:22,904 [INFO] CADModel:165 - CPN selected for project level
2025-01-08 15:34:22,904 [INFO] CADModel:114 - Register for checkConnection events
2025-01-08 15:34:22,904 [FATAL] Updater:351 - Updater called before beeing initialized
2025-01-08 15:34:22,905 [ERROR] CADModel:125 - Updater not yet initialized, retry later 
2025-01-08 15:34:22,907 [FATAL] Updater:351 - Updater called before beeing initialized
2025-01-08 15:34:23,014 [FATAL] Updater:351 - Updater called before beeing initialized
2025-01-08 15:34:23,025 [INFO] DbMcusAds:53 - JSON generation date=Wed Dec 18 01:01:15 KST 2024 (1734451275222)
2025-01-08 15:34:23,025 [FATAL] Updater:351 - Updater called before beeing initialized
2025-01-08 15:34:23,094 [WARN] DetailPanel:346 - Failed to get advertising image, set to default
2025-01-08 15:34:23,238 [FATAL] Updater:351 - Updater called before beeing initialized
2025-01-08 15:34:23,241 [FATAL] Updater:351 - Updater called before beeing initialized
2025-01-08 15:34:23,242 [FATAL] Updater:351 - Updater called before beeing initialized
2025-01-08 15:34:23,242 [WARN] DetailPanel:346 - Failed to get advertising image, set to default
2025-01-08 15:34:23,242 [FATAL] Updater:351 - Updater called before beeing initialized
2025-01-08 15:34:23,296 [ERROR] Updater:1198 - MainUpdater not yet initialized. External WinMGr cannot be set.
2025-01-08 15:34:23,304 [INFO] Updater:1134 - Updater Version found : 6.13.0
2025-01-08 15:34:23,323 [INFO] ApplicationProperties:184 - Using Application install path: D:\Program Files\STM32CubeIDE_1.17.0\STM32CubeIDE\plugins\com.st.stm32cube.common.mx_6.13.0.202411220809
2025-01-08 15:34:23,712 [INFO] ThirdPartyUpdaterWithRetryManager:70 - Updater plugin not ready yet. [2/15]
2025-01-08 15:34:24,898 [ERROR] LogOutputStream:75 - [STDERR_REDIRECT] Jan 08, 2025 3:34:24 PM java.util.prefs.WindowsPreferences <init>
2025-01-08 15:34:24,898 [ERROR] LogOutputStream:75 - [STDERR_REDIRECT] WARNING: Could not open/create prefs root node Software\JavaSoft\Prefs at root 0xffffffff80000002. Windows RegCreateKeyEx(...) returned error code 5.
2025-01-08 15:34:24,898 [ERROR] LogOutputStream:75 - [STDERR_REDIRECT] 
2025-01-08 15:34:25,430 [INFO] MainUpdater:2872 - connection check result : 10
2025-01-08 15:34:25,431 [INFO] MainUpdater:289 - Updater Check For Update Now.
2025-01-08 15:34:25,431 [INFO] MicroXplorer:498 - Change Database Version : DB.6.0.130
2025-01-08 15:34:25,462 [INFO] McuFinderGlobals:63 - Set McuFinder mode to 2 (CubeIDE integrated)
2025-01-08 15:34:25,469 [INFO] UserAuth:486 - Internet connection configuration mode: 1
2025-01-08 15:34:25,519 [INFO] JxBrowserEngine:152 - Initiate JxBrowser Engine with user profile folder
2025-01-08 15:34:25,669 [INFO] CheckServerUpdateThread:120 - End of CheckServer Thread
2025-01-08 15:34:26,748 [INFO] WebApp:168 - Instantiating new browser for Auth
2025-01-08 15:34:27,071 [WARN] PackLoader:240 - Cannot read IP mode file for STMicroelectronics.FP-SNS-MOTENVWB1.1.4.0
2025-01-08 15:34:27,096 [WARN] PackLoader:240 - Cannot read IP mode file for STMicroelectronics.FP-ATR-ASTRA1.2.0.1
2025-01-08 15:34:27,134 [WARN] PackLoader:240 - Cannot read IP mode file for STMicroelectronics.X-CUBE-SMBUS.2.1.0
2025-01-08 15:34:27,160 [WARN] PackLoader:240 - Cannot read IP mode file for STMicroelectronics.X-CUBE-WB05N.1.1.0
2025-01-08 15:34:27,233 [WARN] PackLoader:240 - Cannot read IP mode file for STMicroelectronics.X-CUBE-AZRTOS-F7.1.1.0
2025-01-08 15:34:27,316 [WARN] PackLoader:240 - Cannot read IP mode file for STMicroelectronics.X-CUBE-MEMS1.11.0.0
2025-01-08 15:34:27,437 [WARN] PackLoader:240 - Cannot read IP mode file for STMicroelectronics.FP-SNS-FLIGHT1.5.0.2
2025-01-08 15:34:27,494 [WARN] PackLoader:240 - Cannot read IP mode file for Infineon.AIROC-Wi-Fi-Bluetooth-STM32.1.7.0
2025-01-08 15:34:27,549 [WARN] PackLoader:240 - Cannot read IP mode file for STMicroelectronics.X-CUBE-DISPLAY.3.0.0
2025-01-08 15:34:27,569 [WARN] PackLoader:240 - Cannot read IP mode file for STMicroelectronics.X-CUBE-BLE1.7.0.0
2025-01-08 15:34:27,586 [WARN] PackLoader:240 - Cannot read IP mode file for STMicroelectronics.X-CUBE-NFC10.1.0.0
2025-01-08 15:34:27,604 [WARN] PackLoader:240 - Cannot read IP mode file for STMicroelectronics.X-CUBE-BLEMGR.4.0.0
2025-01-08 15:34:27,622 [WARN] PackLoader:240 - Cannot read IP mode file for emotas.I-CUBE-CANOPEN.1.3.0
2025-01-08 15:34:27,637 [WARN] PackLoader:240 - Cannot read IP mode file for STMicroelectronics.X-CUBE-BLEMGR.3.1.0
2025-01-08 15:34:27,652 [WARN] PackLoader:240 - Cannot read IP mode file for STMicroelectronics.FP-SNS-SMARTAG2.1.2.0
2025-01-08 15:34:27,707 [WARN] PackLoader:240 - Cannot read IP mode file for STMicroelectronics.X-CUBE-MEMS1.11.1.0
2025-01-08 15:34:27,793 [INFO] LogOutputStream:77 - [STDOUT_REDIRECT] 1 : Invalid condition id : UX_CORESTACK_Condition cause : null
2025-01-08 15:34:27,794 [INFO] LogOutputStream:77 - [STDOUT_REDIRECT] 1 : Invalid condition id : UX_CORESTACK_Condition cause : null
2025-01-08 15:34:27,796 [INFO] LogOutputStream:77 - [STDOUT_REDIRECT] 1 : Invalid condition id : UX_CORESTACK_Condition cause : null
2025-01-08 15:34:27,797 [INFO] LogOutputStream:77 - [STDOUT_REDIRECT] 1 : Invalid condition id : UX_CORESTACK_Condition cause : null
2025-01-08 15:34:27,798 [INFO] LogOutputStream:77 - [STDOUT_REDIRECT] 1 : Invalid condition id : UX_CORESTACK_Condition cause : null
2025-01-08 15:34:27,801 [WARN] PackLoader:240 - Cannot read IP mode file for STMicroelectronics.X-CUBE-AZRTOS-WL.2.0.0
2025-01-08 15:34:27,815 [WARN] PackLoader:240 - Cannot read IP mode file for STMicroelectronics.FP-SNS-MOTENV1.5.0.0
2025-01-08 15:34:27,828 [WARN] PackLoader:240 - Cannot read IP mode file for wolfSSL.I-CUBE-wolfMQTT.1.19.0
2025-01-08 15:34:27,847 [WARN] PackLoader:240 - Cannot read IP mode file for WES.I-CUBE-Cesium.1.3.0
2025-01-08 15:34:27,863 [WARN] PackLoader:240 - Cannot read IP mode file for STMicroelectronics.X-CUBE-BLE2.3.3.0
2025-01-08 15:34:27,877 [WARN] PackLoader:240 - Cannot read IP mode file for STMicroelectronics.X-CUBE-NFC9.1.0.0
2025-01-08 15:34:27,891 [WARN] PackLoader:240 - Cannot read IP mode file for STMicroelectronics.X-CUBE-TCPP.4.1.0
2025-01-08 15:34:27,917 [WARN] PackLoader:240 - Cannot read IP mode file for STMicroelectronics.X-CUBE-AZRTOS-G0.1.1.0
2025-01-08 15:34:27,933 [WARN] PackLoader:240 - Cannot read IP mode file for STMicroelectronics.X-CUBE-SAFEA1.1.2.2
2025-01-08 15:34:27,947 [WARN] PackLoader:240 - Cannot read IP mode file for STMicroelectronics.X-CUBE-NFC4.3.0.0
2025-01-08 15:34:27,968 [WARN] PackLoader:240 - Cannot read IP mode file for EmbeddedOffice.I-CUBE-FS-RTOS.1.0.1
2025-01-08 15:34:27,984 [WARN] PackLoader:240 - Cannot read IP mode file for STMicroelectronics.X-CUBE-TCPP.4.2.0
2025-01-08 15:34:28,000 [WARN] PackLoader:240 - Cannot read IP mode file for RealThread.X-CUBE-RT-Thread_Nano.4.1.1
2025-01-08 15:34:28,012 [WARN] PackLoader:240 - Cannot read IP mode file for STMicroelectronics.FP-ATR-SIGFOX1.3.2.0
2025-01-08 15:34:28,028 [WARN] ConditionMgr:438 - getConditionDescription Invalid condition id : Cortex-A Device cause : null
2025-01-08 15:34:28,051 [WARN] ConditionMgr:1044 - genDependencies : Invalid condition id : Cortex-A Device cause : null
2025-01-08 15:34:28,051 [WARN] ConditionMgr:1044 - genDependencies : Invalid condition id : Cortex-A Device cause : null
2025-01-08 15:34:28,051 [WARN] ConditionMgr:1044 - genDependencies : Invalid condition id : Cortex-A Device cause : null
2025-01-08 15:34:28,064 [WARN] PackLoader:240 - Cannot read IP mode file for STMicroelectronics.X-CUBE-EEPRMA1.5.1.0
2025-01-08 15:34:28,076 [WARN] PackLoader:240 - Cannot read IP mode file for wolfSSL.I-CUBE-wolfSSL.5.7.4
2025-01-08 15:34:28,091 [WARN] PackLoader:240 - Cannot read IP mode file for ITTIA_DB.I-CUBE-ITTIADB.8.9.0
2025-01-08 15:34:28,117 [WARN] PackLoader:240 - Cannot read IP mode file for SEGGER.I-CUBE-embOS.1.3.1
2025-01-08 15:34:28,154 [WARN] PackLoader:240 - Cannot read IP mode file for STMicroelectronics.X-CUBE-ALGOBUILD.1.4.0
2025-01-08 15:34:28,170 [WARN] PackLoader:240 - Cannot read IP mode file for STMicroelectronics.X-CUBE-AI.9.1.0
2025-01-08 15:34:28,194 [WARN] PackLoader:240 - Cannot read IP mode file for STMicroelectronics.X-CUBE-AZRTOS-F4.1.1.0
2025-01-08 15:34:28,208 [WARN] PackLoader:240 - Cannot read IP mode file for STMicroelectronics.X-CUBE-ISPU.2.1.0
2025-01-08 15:34:28,220 [WARN] PackLoader:240 - Cannot read IP mode file for STMicroelectronics.X-CUBE-FREERTOS.1.2.0
2025-01-08 15:34:28,243 [WARN] PackLoader:240 - Cannot read IP mode file for STMicroelectronics.X-CUBE-AZRTOS-L5.2.0.0
2025-01-08 15:34:28,268 [WARN] PackLoader:240 - Cannot read IP mode file for STMicroelectronics.X-CUBE-NFC6.3.1.0
2025-01-08 15:34:28,288 [WARN] PackLoader:240 - Cannot read IP mode file for STMicroelectronics.X-CUBE-DPower.1.2.0
2025-01-08 15:34:28,313 [WARN] PackLoader:240 - Cannot read IP mode file for STMicroelectronics.X-CUBE-FREERTOS.1.3.0
2025-01-08 15:34:28,330 [WARN] PackLoader:240 - Cannot read IP mode file for STMicroelectronics.X-CUBE-NFC7.1.0.1
2025-01-08 15:34:28,355 [WARN] ConditionMgr:438 - getConditionDescription Invalid condition id : LAN8742 Phy interface Condition cause : null
2025-01-08 15:34:28,355 [WARN] PackLoader:240 - Cannot read IP mode file for STMicroelectronics.X-CUBE-AZRTOS-L4.2.0.0
2025-01-08 15:34:28,356 [WARN] ConditionMgr:1044 - genDependencies : Invalid condition id : LAN8742 Phy interface Condition cause : null
2025-01-08 15:34:28,356 [WARN] ConditionMgr:1044 - genDependencies : Invalid condition id : LAN8742 Phy interface Condition cause : null
2025-01-08 15:34:28,357 [WARN] ConditionMgr:1044 - genDependencies : Invalid condition id : LAN8742 Phy interface Condition cause : null
2025-01-08 15:34:28,371 [WARN] PackLoader:240 - Cannot read IP mode file for STMicroelectronics.X-CUBE-SFXS2LP1.4.0.0
2025-01-08 15:34:28,396 [WARN] PackLoader:240 - Cannot read IP mode file for STMicroelectronics.X-CUBE-AZRTOS-H7.3.3.0
2025-01-08 15:34:28,416 [WARN] PackLoader:240 - Cannot read IP mode file for STMicroelectronics.X-CUBE-IPS.3.0.0
2025-01-08 15:34:28,440 [WARN] ConditionMgr:438 - getConditionDescription Invalid condition id : UX DEVICE CLASS RTOS Condition cause : null
2025-01-08 15:34:28,440 [WARN] ConditionMgr:438 - getConditionDescription Invalid condition id : UX DEVICE CLASS RTOS Condition cause : null
2025-01-08 15:34:28,441 [WARN] PackLoader:240 - Cannot read IP mode file for STMicroelectronics.X-CUBE-AZRTOS-WB.2.0.0
2025-01-08 15:34:28,441 [WARN] ConditionMgr:1044 - genDependencies : Invalid condition id : UX DEVICE CLASS RTOS Condition cause : null
2025-01-08 15:34:28,441 [WARN] ConditionMgr:1044 - genDependencies : Invalid condition id : UX DEVICE CLASS RTOS Condition cause : null
2025-01-08 15:34:28,442 [WARN] ConditionMgr:1044 - genDependencies : Invalid condition id : UX DEVICE CLASS RTOS Condition cause : null
2025-01-08 15:34:28,442 [WARN] ConditionMgr:1044 - genDependencies : Invalid condition id : UX DEVICE CLASS RTOS Condition cause : null
2025-01-08 15:34:28,442 [WARN] ConditionMgr:1044 - genDependencies : Invalid condition id : UX DEVICE CLASS RTOS Condition cause : null
2025-01-08 15:34:28,457 [WARN] PackLoader:240 - Cannot read IP mode file for STMicroelectronics.X-CUBE-GNSS1.7.0.0
2025-01-08 15:34:28,470 [WARN] PackLoader:240 - Cannot read IP mode file for STMicroelectronics.X-CUBE-GNSS1.7.0.1
2025-01-08 15:34:28,487 [WARN] PackLoader:240 - Cannot read IP mode file for STMicroelectronics.FP-SNS-STBOX1.2.0.0
2025-01-08 15:34:28,507 [WARN] PackLoader:240 - Cannot read IP mode file for STMicroelectronics.X-CUBE-SUBG2.5.0.0
2025-01-08 15:34:28,522 [WARN] PackLoader:240 - Cannot read IP mode file for Cesanta.I-CUBE-Mongoose.7.13.0
2025-01-08 15:34:28,543 [WARN] PackLoader:240 - Cannot read IP mode file for STMicroelectronics.X-CUBE-AZRTOS-G4.2.0.0
2025-01-08 15:34:28,557 [WARN] PackLoader:240 - Cannot read IP mode file for STMicroelectronics.X-CUBE-ALS.1.0.2
2025-01-08 15:34:28,574 [WARN] PackLoader:240 - Cannot read IP mode file for STMicroelectronics.X-CUBE-TOUCHGFX.4.24.1
2025-01-08 15:34:28,587 [WARN] PackLoader:240 - Cannot read IP mode file for wolfSSL.I-CUBE-wolfTPM.3.4.0
2025-01-08 15:34:28,599 [WARN] PackLoader:240 - Cannot read IP mode file for portGmbH.I-Cube-SoM-uGOAL.1.1.0
2025-01-08 15:34:28,620 [WARN] PackLoader:240 - Cannot read IP mode file for STMicroelectronics.X-CUBE-AZRTOS-H7RS.1.0.0
2025-01-08 15:34:28,638 [WARN] PackLoader:240 - Cannot read IP mode file for STMicroelectronics.X-CUBE-TOF1.3.4.2
2025-01-08 15:34:28,657 [WARN] PackLoader:240 - Cannot read IP mode file for wolfSSL.I-CUBE-wolfSSH.1.4.17
2025-01-08 15:34:28,657 [INFO] ThirdParty:978 - Integrity check success = true
2025-01-08 15:34:28,657 [INFO] IntegrityCheckThread:100 - exiting critical section [integrity check]
2025-01-08 15:34:28,659 [INFO] IntegrityCheckThread:103 - End integrity checks thread
2025-01-08 15:34:29,200 [INFO] WebApp:449 - Apply proxy settings
2025-01-08 15:34:29,200 [INFO] WebApp:534 - Chromium requires no authentication
2025-01-08 15:34:29,210 [INFO] WebApp:477 - Direct internet connection detected
2025-01-08 15:34:29,235 [INFO] WebApp:880 - Register for checkConnection events
2025-01-08 15:34:29,235 [INFO] WebApp:449 - Apply proxy settings
2025-01-08 15:34:29,235 [INFO] WebApp:534 - Chromium requires no authentication
2025-01-08 15:34:29,236 [INFO] WebApp:477 - Direct internet connection detected
2025-01-08 15:34:29,384 [INFO] WebApp:221 - Starting web application
2025-01-08 15:34:29,384 [INFO] WebApp:579 - Web application path used D:\Program Files\STM32CubeIDE_1.17.0\STM32CubeIDE\plugins\com.st.stm32cube.common.mx_6.13.0.202411220809\db\plugins\mcufinder\reactClient1\index.html
2025-01-08 15:34:29,635 [INFO] UserAuth:486 - Internet connection configuration mode: 1
2025-01-08 15:34:29,690 [INFO] WebApp:187 - Connection restablished
2025-01-08 16:07:18,463 [ERROR] LogOutputStream:75 - [STDERR_REDIRECT] 
2025-01-08 16:16:26,902 [INFO] Activator:176 - 


2025-01-08 16:16:26,904 [INFO] Activator:177 - !SESSION log4j initialized
2025-01-08 16:16:33,851 [INFO] LogOutputStream:77 - [STDOUT_REDIRECT] 
2025-01-08 16:16:36,992 [INFO] ApplicationProperties:184 - Using Application install path: D:\Program Files\STM32CubeIDE_1.17.0\STM32CubeIDE\plugins\com.st.stm32cube.common.mx_6.13.0.202411220809
2025-01-08 16:16:37,009 [INFO] DbMcusXml:78 - Set database path to: D:\Program Files\STM32CubeIDE_1.17.0\STM32CubeIDE\plugins\com.st.stm32cube.common.mx_6.13.0.202411220809\\db\/mcu/
2025-01-08 16:16:37,009 [INFO] ApiDb:274 - Set plugin database path to: D:\Program Files\STM32CubeIDE_1.17.0\STM32CubeIDE\plugins\com.st.stm32cube.common.mx_6.13.0.202411220809\\db\/plugins/boardmanager/
2025-01-08 16:16:37,009 [WARN] ApiDb:259 - Overriding images path with different value:  => D:\Program Files\STM32CubeIDE_1.17.0\STM32CubeIDE\plugins\com.st.stm32cube.common.mx_6.13.0.202411220809\\db\/plugins/mcufinder/images/
2025-01-08 16:16:37,024 [INFO] ApiDb:250 - Set database path to: C:\Users\Jinhy\.stmcufinder\plugins\mcufinder//mcu/
2025-01-08 16:16:37,025 [INFO] DbMcusAds:125 - Set database path to: C:\Users\Jinhy\.stmcufinder\plugins\mcufinder//mcu/
2025-01-08 16:16:37,028 [INFO] CrossReferenceDbSqlite:203 - Set database path to: C:\Users\Jinhy\.stmcufinder\plugins\mcufinder//mcu/cs/
2025-01-08 16:16:37,159 [INFO] RulesReader:64 - Compatibility file has been processed (297 Rules)
2025-01-08 16:16:37,286 [INFO] DbMcusXml:78 - Set database path to: D:\Program Files\STM32CubeIDE_1.17.0\STM32CubeIDE\plugins\com.st.stm32cube.common.mx_6.13.0.202411220809\\db\/mcu/
2025-01-08 16:16:37,286 [INFO] ApiDb:274 - Set plugin database path to: D:\Program Files\STM32CubeIDE_1.17.0\STM32CubeIDE\plugins\com.st.stm32cube.common.mx_6.13.0.202411220809\\db\/plugins/boardmanager/
2025-01-08 16:16:37,286 [INFO] ApiDb:261 - Set plugin images path to: D:\Program Files\STM32CubeIDE_1.17.0\STM32CubeIDE\plugins\com.st.stm32cube.common.mx_6.13.0.202411220809\\db\/plugins/mcufinder/images/
2025-01-08 16:16:37,288 [WARN] DbFile:41 - Overriding database path with different value: C:\Users\Jinhy\.stmcufinder\plugins\mcufinder/ => C:\Users\Jinhy\.stmcufinder\plugins\mcufinder
2025-01-08 16:16:37,288 [INFO] ApiDb:250 - Set database path to: C:\Users\Jinhy\.stmcufinder\plugins\mcufinder//mcu/
2025-01-08 16:16:37,288 [WARN] DbFile:41 - Overriding database path with different value: C:\Users\Jinhy\.stmcufinder\plugins\mcufinder/ => C:\Users\Jinhy\.stmcufinder\plugins\mcufinder
2025-01-08 16:16:37,288 [INFO] DbMcusAds:125 - Set database path to: C:\Users\Jinhy\.stmcufinder\plugins\mcufinder//mcu/
2025-01-08 16:16:37,288 [WARN] DbFile:41 - Overriding database path with different value: C:\Users\Jinhy\.stmcufinder\plugins\mcufinder/ => C:\Users\Jinhy\.stmcufinder\plugins\mcufinder
2025-01-08 16:16:37,288 [WARN] DbFile:41 - Overriding database path with different value: C:\Users\Jinhy\.stmcufinder\plugins\mcufinder/ => C:\Users\Jinhy\.stmcufinder\plugins\mcufinder
2025-01-08 16:16:37,288 [INFO] CrossReferenceDbSqlite:203 - Set database path to: C:\Users\Jinhy\.stmcufinder\plugins\mcufinder//mcu/cs/
2025-01-08 16:16:37,365 [INFO] MainPanel:272 - HeapMemory: 268435456
2025-01-08 16:16:37,460 [INFO] DbMcusXml:78 - Set database path to: D:\Program Files\STM32CubeIDE_1.17.0\STM32CubeIDE\plugins\com.st.stm32cube.common.mx_6.13.0.202411220809\\db\/mcu/
2025-01-08 16:16:37,460 [INFO] ApiDb:274 - Set plugin database path to: D:\Program Files\STM32CubeIDE_1.17.0\STM32CubeIDE\plugins\com.st.stm32cube.common.mx_6.13.0.202411220809\\db\/plugins/boardmanager/
2025-01-08 16:16:37,460 [INFO] ApiDb:261 - Set plugin images path to: D:\Program Files\STM32CubeIDE_1.17.0\STM32CubeIDE\plugins\com.st.stm32cube.common.mx_6.13.0.202411220809\\db\/plugins/mcufinder/images/
2025-01-08 16:16:37,460 [WARN] DbFile:41 - Overriding database path with different value: C:\Users\Jinhy\.stmcufinder\plugins\mcufinder/ => C:\Users\Jinhy\.stmcufinder\plugins\mcufinder
2025-01-08 16:16:37,460 [INFO] ApiDb:250 - Set database path to: C:\Users\Jinhy\.stmcufinder\plugins\mcufinder//mcu/
2025-01-08 16:16:37,460 [WARN] DbFile:41 - Overriding database path with different value: C:\Users\Jinhy\.stmcufinder\plugins\mcufinder/ => C:\Users\Jinhy\.stmcufinder\plugins\mcufinder
2025-01-08 16:16:37,460 [INFO] DbMcusAds:125 - Set database path to: C:\Users\Jinhy\.stmcufinder\plugins\mcufinder//mcu/
2025-01-08 16:16:37,461 [WARN] DbFile:41 - Overriding database path with different value: C:\Users\Jinhy\.stmcufinder\plugins\mcufinder/ => C:\Users\Jinhy\.stmcufinder\plugins\mcufinder
2025-01-08 16:16:37,461 [WARN] DbFile:41 - Overriding database path with different value: C:\Users\Jinhy\.stmcufinder\plugins\mcufinder/ => C:\Users\Jinhy\.stmcufinder\plugins\mcufinder
2025-01-08 16:16:37,461 [INFO] CrossReferenceDbSqlite:203 - Set database path to: C:\Users\Jinhy\.stmcufinder\plugins\mcufinder//mcu/cs/
2025-01-08 16:16:37,475 [INFO] ApplicationProperties:184 - Using Application install path: D:\Program Files\STM32CubeIDE_1.17.0\STM32CubeIDE\plugins\com.st.stm32cube.common.mx_6.13.0.202411220809
2025-01-08 16:16:37,477 [INFO] PluginManage:196 - Search for loadable plugins [exclusion list=, ]
2025-01-08 16:16:37,478 [INFO] PluginManage:310 - Check plugin analytics
2025-01-08 16:16:37,671 [INFO] AnalyticsPlugin:253 - Accepted Software Licenses: STM32CubeMX.6.13.0
2025-01-08 16:16:37,671 [INFO] AnalyticsPlugin:255 - Accepted CMSIS Pack Licenses: 
2025-01-08 16:16:37,671 [INFO] AnalyticsPlugin:257 - Accepted Firmware Licenses: 
2025-01-08 16:16:37,677 [INFO] PluginManage:359 - Loaded plugin analytics (category:tool,tabindex:-1)
2025-01-08 16:16:37,677 [INFO] PluginManage:310 - Check plugin cadmodel
2025-01-08 16:16:37,698 [INFO] CADModel:105 - Init CAD model plugin
2025-01-08 16:16:37,698 [INFO] PluginManage:359 - Loaded plugin cadmodel (category:power,tabindex:5)
2025-01-08 16:16:37,698 [INFO] PluginManage:310 - Check plugin clock
2025-01-08 16:16:37,718 [INFO] PluginManage:359 - Loaded plugin clock (category:base,tabindex:2)
2025-01-08 16:16:37,718 [INFO] PluginManage:310 - Check plugin ddr
2025-01-08 16:16:37,721 [INFO] PluginManage:359 - Loaded plugin ddr (category:tool,tabindex:6)
2025-01-08 16:16:37,722 [INFO] PluginManage:310 - Check plugin filemanager
2025-01-08 16:16:37,865 [INFO] PluginManage:359 - Loaded plugin filemanager (category:base,tabindex:10)
2025-01-08 16:16:37,865 [INFO] PluginManage:310 - Check plugin ipmanager
2025-01-08 16:16:37,870 [INFO] PluginManage:359 - Loaded plugin ipmanager (category:base,tabindex:5)
2025-01-08 16:16:37,871 [INFO] PluginManage:310 - Check plugin lpbam
2025-01-08 16:16:37,887 [INFO] PluginManage:359 - Loaded plugin lpbam (category:base,tabindex:0)
2025-01-08 16:16:37,887 [INFO] PluginManage:310 - Check plugin memorymap
2025-01-08 16:16:37,907 [INFO] PluginManage:359 - Loaded plugin memorymap (category:base,tabindex:4)
2025-01-08 16:16:37,908 [INFO] PluginManage:310 - Check plugin pinoutandconfiguration
2025-01-08 16:16:37,922 [INFO] PluginManage:359 - Loaded plugin pinoutandconfiguration (category:base,tabindex:1)
2025-01-08 16:16:37,922 [INFO] PluginManage:310 - Check plugin pinoutconfig
2025-01-08 16:16:38,008 [WARN] SupportedApi:132 - Cannot load RTOS API schema: s4s-elt-must-match.1: The content of 'definitions' must match (annotation?, (simpleType | complexType)?, (unique | key | keyref)*)). A problem was found starting at: attribute.
2025-01-08 16:16:38,120 [INFO] PluginManage:359 - Loaded plugin pinoutconfig (category:base,tabindex:0)
2025-01-08 16:16:38,122 [INFO] PluginManage:310 - Check plugin power
2025-01-08 16:16:38,138 [INFO] PluginManage:359 - Loaded plugin power (category:power,tabindex:4)
2025-01-08 16:16:38,138 [INFO] PluginManage:310 - Check plugin projectmanager
2025-01-08 16:16:38,153 [INFO] PluginManage:359 - Loaded plugin projectmanager (category:projectmanager,tabindex:4)
2025-01-08 16:16:38,153 [INFO] PluginManage:310 - Check plugin rif
2025-01-08 16:16:38,167 [INFO] PluginManage:359 - Loaded plugin rif (category:base,tabindex:3)
2025-01-08 16:16:38,167 [INFO] PluginManage:310 - Check plugin thirdparty
2025-01-08 16:16:38,415 [WARN] IntegrityCheckThread:84 - waiting for thirdparty lock release [integrity check]
2025-01-08 16:16:38,416 [INFO] IntegrityCheckThread:86 - entering critical section [integrity check]
2025-01-08 16:16:38,416 [INFO] PluginManage:359 - Loaded plugin thirdparty (category:base,tabindex:-1)
2025-01-08 16:16:38,416 [INFO] PluginManage:310 - Check plugin tools
2025-01-08 16:16:38,416 [INFO] ThirdPartyUpdaterWithRetryManager:70 - Updater plugin not ready yet. [1/15]
2025-01-08 16:16:38,446 [INFO] PluginManage:359 - Loaded plugin tools (category:base,tabindex:7)
2025-01-08 16:16:38,446 [INFO] PluginManage:310 - Check plugin tutovideos
2025-01-08 16:16:38,595 [INFO] PluginManage:359 - Loaded plugin tutovideos (category:base,tabindex:-1)
2025-01-08 16:16:38,595 [INFO] PluginManage:310 - Check plugin updater
2025-01-08 16:16:38,620 [INFO] PluginManage:359 - Loaded plugin updater (category:base,tabindex:12)
2025-01-08 16:16:38,620 [INFO] PluginManage:310 - Check plugin userauth
2025-01-08 16:16:38,626 [INFO] UserAuth:118 - Init User Auth plugin
2025-01-08 16:16:38,627 [INFO] PluginManage:359 - Loaded plugin userauth (category:base,tabindex:14)
2025-01-08 16:16:38,628 [INFO] PluginManage:283 - PluginManage : Loaded plugins [18]
2025-01-08 16:16:38,814 [INFO] PinOutPanel:1589 - setPackage(No Configuration,No Configuration)
2025-01-08 16:16:38,895 [INFO] CADModel:165 - CPN selected for project level
2025-01-08 16:16:38,895 [INFO] CADModel:114 - Register for checkConnection events
2025-01-08 16:16:38,924 [INFO] IPUIPlugin:80 - create IPUIPlugin
2025-01-08 16:16:38,924 [INFO] PluginManager:220 - loadIPPluginJar : add adc
2025-01-08 16:16:38,955 [INFO] IPUIPlugin:80 - create IPUIPlugin
2025-01-08 16:16:38,955 [INFO] PluginManager:220 - loadIPPluginJar : add aes
2025-01-08 16:16:39,037 [INFO] IPUIPlugin:80 - create IPUIPlugin
2025-01-08 16:16:39,037 [INFO] PluginManager:220 - loadIPPluginJar : add can
2025-01-08 16:16:39,058 [INFO] IPUIPlugin:80 - create IPUIPlugin
2025-01-08 16:16:39,058 [INFO] PluginManager:220 - loadIPPluginJar : add comp
2025-01-08 16:16:39,123 [INFO] IPUIPlugin:80 - create IPUIPlugin
2025-01-08 16:16:39,123 [INFO] PluginManager:220 - loadIPPluginJar : add cryp
2025-01-08 16:16:39,136 [INFO] IPUIPlugin:80 - create IPUIPlugin
2025-01-08 16:16:39,136 [INFO] PluginManager:220 - loadIPPluginJar : add ddr_ctrl_phy
2025-01-08 16:16:39,162 [INFO] IPUIPlugin:80 - create IPUIPlugin
2025-01-08 16:16:39,162 [INFO] PluginManager:220 - loadIPPluginJar : add dfsdm
2025-01-08 16:16:39,174 [INFO] IPUIPlugin:80 - create IPUIPlugin
2025-01-08 16:16:39,174 [INFO] PluginManager:220 - loadIPPluginJar : add dma
2025-01-08 16:16:39,201 [INFO] IPUIPlugin:80 - create IPUIPlugin
2025-01-08 16:16:39,202 [INFO] PluginManager:220 - loadIPPluginJar : add dma3
2025-01-08 16:16:39,301 [INFO] IPUIPlugin:80 - create IPUIPlugin
2025-01-08 16:16:39,301 [INFO] PluginManager:220 - loadIPPluginJar : add extmemmanager
2025-01-08 16:16:39,342 [INFO] IPUIPlugin:80 - create IPUIPlugin
2025-01-08 16:16:39,343 [INFO] PluginManager:220 - loadIPPluginJar : add fatfs
2025-01-08 16:16:39,376 [INFO] IPUIPlugin:80 - create IPUIPlugin
2025-01-08 16:16:39,376 [INFO] PluginManager:220 - loadIPPluginJar : add fmc
2025-01-08 16:16:39,400 [INFO] IPUIPlugin:80 - create IPUIPlugin
2025-01-08 16:16:39,400 [INFO] PluginManager:220 - loadIPPluginJar : add freertos
2025-01-08 16:16:39,415 [INFO] IPUIPlugin:80 - create IPUIPlugin
2025-01-08 16:16:39,416 [INFO] PluginManager:220 - loadIPPluginJar : add genericplugin
2025-01-08 16:16:39,521 [INFO] IPUIPlugin:80 - create IPUIPlugin
2025-01-08 16:16:39,521 [INFO] PluginManager:220 - loadIPPluginJar : add gfxmmu
2025-01-08 16:16:39,685 [INFO] IPUIPlugin:80 - create IPUIPlugin
2025-01-08 16:16:39,685 [INFO] PluginManager:220 - loadIPPluginJar : add gic
2025-01-08 16:16:39,707 [INFO] IPUIPlugin:80 - create IPUIPlugin
2025-01-08 16:16:39,707 [INFO] PluginManager:220 - loadIPPluginJar : add gpio
2025-01-08 16:16:39,832 [INFO] IPUIPlugin:80 - create IPUIPlugin
2025-01-08 16:16:39,832 [INFO] PluginManager:220 - loadIPPluginJar : add gtzc
2025-01-08 16:16:39,896 [INFO] IPUIPlugin:80 - create IPUIPlugin
2025-01-08 16:16:39,896 [INFO] PluginManager:220 - loadIPPluginJar : add hash
2025-01-08 16:16:39,934 [INFO] IPUIPlugin:80 - create IPUIPlugin
2025-01-08 16:16:39,934 [INFO] PluginManager:220 - loadIPPluginJar : add i2c
2025-01-08 16:16:40,019 [INFO] IPUIPlugin:80 - create IPUIPlugin
2025-01-08 16:16:40,020 [INFO] PluginManager:220 - loadIPPluginJar : add i2s
2025-01-08 16:16:40,099 [INFO] IPUIPlugin:80 - create IPUIPlugin
2025-01-08 16:16:40,099 [INFO] PluginManager:220 - loadIPPluginJar : add i3c
2025-01-08 16:16:40,309 [INFO] IPUIPlugin:80 - create IPUIPlugin
2025-01-08 16:16:40,310 [INFO] PluginManager:220 - loadIPPluginJar : add ipddr
2025-01-08 16:16:40,390 [INFO] IPUIPlugin:80 - create IPUIPlugin
2025-01-08 16:16:40,391 [INFO] PluginManager:220 - loadIPPluginJar : add linkedlist
2025-01-08 16:16:40,419 [INFO] IPUIPlugin:80 - create IPUIPlugin
2025-01-08 16:16:40,419 [INFO] PluginManager:220 - loadIPPluginJar : add lorawan
2025-01-08 16:16:40,498 [INFO] IPUIPlugin:80 - create IPUIPlugin
2025-01-08 16:16:40,498 [INFO] PluginManager:220 - loadIPPluginJar : add ltdc
2025-01-08 16:16:40,521 [INFO] IPUIPlugin:80 - create IPUIPlugin
2025-01-08 16:16:40,521 [INFO] PluginManager:220 - loadIPPluginJar : add mdma
2025-01-08 16:16:40,531 [INFO] IPUIPlugin:80 - create IPUIPlugin
2025-01-08 16:16:40,531 [INFO] PluginManager:220 - loadIPPluginJar : add nvic
2025-01-08 16:16:40,559 [INFO] IPUIPlugin:80 - create IPUIPlugin
2025-01-08 16:16:40,559 [INFO] PluginManager:220 - loadIPPluginJar : add opamp
2025-01-08 16:16:40,680 [INFO] IPUIPlugin:80 - create IPUIPlugin
2025-01-08 16:16:40,680 [INFO] PluginManager:220 - loadIPPluginJar : add openamp
2025-01-08 16:16:40,775 [INFO] IPUIPlugin:80 - create IPUIPlugin
2025-01-08 16:16:40,775 [INFO] PluginManager:220 - loadIPPluginJar : add pdm2pcm
2025-01-08 16:16:40,787 [INFO] IPUIPlugin:80 - create IPUIPlugin
2025-01-08 16:16:40,798 [INFO] PluginManager:220 - loadIPPluginJar : add plateformsettings
2025-01-08 16:16:40,818 [INFO] IPUIPlugin:80 - create IPUIPlugin
2025-01-08 16:16:40,818 [INFO] PluginManager:220 - loadIPPluginJar : add quadspi
2025-01-08 16:16:40,839 [INFO] IPUIPlugin:80 - create IPUIPlugin
2025-01-08 16:16:40,840 [INFO] PluginManager:220 - loadIPPluginJar : add radio
2025-01-08 16:16:40,864 [INFO] IPUIPlugin:80 - create IPUIPlugin
2025-01-08 16:16:40,864 [INFO] PluginManager:220 - loadIPPluginJar : add resmgrutility
2025-01-08 16:16:40,904 [INFO] IPUIPlugin:80 - create IPUIPlugin
2025-01-08 16:16:40,904 [INFO] PluginManager:220 - loadIPPluginJar : add sai
2025-01-08 16:16:40,982 [INFO] IPUIPlugin:80 - create IPUIPlugin
2025-01-08 16:16:40,983 [INFO] PluginManager:220 - loadIPPluginJar : add spi
2025-01-08 16:16:41,136 [INFO] IPUIPlugin:80 - create IPUIPlugin
2025-01-08 16:16:41,136 [INFO] PluginManager:220 - loadIPPluginJar : add stm32_wpan
2025-01-08 16:16:41,185 [INFO] IPUIPlugin:80 - create IPUIPlugin
2025-01-08 16:16:41,185 [INFO] PluginManager:220 - loadIPPluginJar : add tim
2025-01-08 16:16:41,244 [INFO] IPUIPlugin:80 - create IPUIPlugin
2025-01-08 16:16:41,245 [INFO] PluginManager:220 - loadIPPluginJar : add touchsensing
2025-01-08 16:16:41,290 [INFO] IPUIPlugin:80 - create IPUIPlugin
2025-01-08 16:16:41,290 [INFO] PluginManager:220 - loadIPPluginJar : add tracer_emb
2025-01-08 16:16:41,338 [INFO] IPUIPlugin:80 - create IPUIPlugin
2025-01-08 16:16:41,338 [INFO] PluginManager:220 - loadIPPluginJar : add ts
2025-01-08 16:16:41,357 [INFO] IPUIPlugin:80 - create IPUIPlugin
2025-01-08 16:16:41,357 [INFO] PluginManager:220 - loadIPPluginJar : add tsc
2025-01-08 16:16:41,376 [INFO] IPUIPlugin:80 - create IPUIPlugin
2025-01-08 16:16:41,376 [INFO] PluginManager:220 - loadIPPluginJar : add ucpd
2025-01-08 16:16:41,407 [INFO] IPUIPlugin:80 - create IPUIPlugin
2025-01-08 16:16:41,407 [INFO] PluginManager:220 - loadIPPluginJar : add usart
2025-01-08 16:16:41,418 [INFO] ThirdPartyUpdaterWithRetryManager:70 - Updater plugin not ready yet. [2/15]
2025-01-08 16:16:41,493 [INFO] IPUIPlugin:80 - create IPUIPlugin
2025-01-08 16:16:41,493 [INFO] PluginManager:220 - loadIPPluginJar : add usbx
2025-01-08 16:16:41,606 [FATAL] Updater:351 - Updater called before beeing initialized
2025-01-08 16:16:41,630 [INFO] RulesReader:64 - Compatibility file has been processed (297 Rules)
2025-01-08 16:16:41,640 [INFO] RulesReader:64 - Compatibility file has been processed (297 Rules)
2025-01-08 16:16:41,656 [INFO] CADModel:165 - CPN selected for project level
2025-01-08 16:16:41,656 [INFO] CADModel:114 - Register for checkConnection events
2025-01-08 16:16:41,656 [FATAL] Updater:351 - Updater called before beeing initialized
2025-01-08 16:16:41,656 [ERROR] CADModel:125 - Updater not yet initialized, retry later 
2025-01-08 16:16:41,803 [FATAL] Updater:351 - Updater called before beeing initialized
2025-01-08 16:16:41,805 [INFO] CADModel:165 - CPN selected for project level
2025-01-08 16:16:41,805 [INFO] CADModel:114 - Register for checkConnection events
2025-01-08 16:16:41,805 [FATAL] Updater:351 - Updater called before beeing initialized
2025-01-08 16:16:41,805 [ERROR] CADModel:125 - Updater not yet initialized, retry later 
2025-01-08 16:16:41,808 [FATAL] Updater:351 - Updater called before beeing initialized
2025-01-08 16:16:41,915 [FATAL] Updater:351 - Updater called before beeing initialized
2025-01-08 16:16:41,925 [INFO] DbMcusAds:53 - JSON generation date=Wed Dec 18 01:01:15 KST 2024 (1734451275222)
2025-01-08 16:16:41,926 [FATAL] Updater:351 - Updater called before beeing initialized
2025-01-08 16:16:41,991 [WARN] DetailPanel:346 - Failed to get advertising image, set to default
2025-01-08 16:16:42,136 [FATAL] Updater:351 - Updater called before beeing initialized
2025-01-08 16:16:42,138 [FATAL] Updater:351 - Updater called before beeing initialized
2025-01-08 16:16:42,138 [FATAL] Updater:351 - Updater called before beeing initialized
2025-01-08 16:16:42,138 [WARN] DetailPanel:346 - Failed to get advertising image, set to default
2025-01-08 16:16:42,139 [FATAL] Updater:351 - Updater called before beeing initialized
2025-01-08 16:16:42,191 [ERROR] Updater:1198 - MainUpdater not yet initialized. External WinMGr cannot be set.
2025-01-08 16:16:42,200 [INFO] Updater:1134 - Updater Version found : 6.13.0
2025-01-08 16:16:42,223 [INFO] ApplicationProperties:184 - Using Application install path: D:\Program Files\STM32CubeIDE_1.17.0\STM32CubeIDE\plugins\com.st.stm32cube.common.mx_6.13.0.202411220809
2025-01-08 16:16:43,803 [ERROR] LogOutputStream:75 - [STDERR_REDIRECT] Jan 08, 2025 4:16:43 PM java.util.prefs.WindowsPreferences <init>
2025-01-08 16:16:43,804 [ERROR] LogOutputStream:75 - [STDERR_REDIRECT] WARNING: Could not open/create prefs root node Software\JavaSoft\Prefs at root 0xffffffff80000002. Windows RegCreateKeyEx(...) returned error code 5.
2025-01-08 16:16:43,804 [ERROR] LogOutputStream:75 - [STDERR_REDIRECT] 
2025-01-08 16:16:44,317 [INFO] MainUpdater:2872 - connection check result : 10
2025-01-08 16:16:44,318 [INFO] MainUpdater:289 - Updater Check For Update Now.
2025-01-08 16:16:44,318 [INFO] MicroXplorer:498 - Change Database Version : DB.6.0.130
2025-01-08 16:16:44,338 [INFO] McuFinderGlobals:63 - Set McuFinder mode to 2 (CubeIDE integrated)
2025-01-08 16:16:44,344 [INFO] UserAuth:486 - Internet connection configuration mode: 1
2025-01-08 16:16:44,391 [INFO] JxBrowserEngine:152 - Initiate JxBrowser Engine with user profile folder
2025-01-08 16:16:44,418 [WARN] MainUpdater:1193 - Updater busy. Cannot search thirdparties
2025-01-08 16:16:44,418 [INFO] ThirdPartyUpdaterWithRetryManager:96 - Updater plugin is busy. [1/15]
2025-01-08 16:16:44,608 [INFO] CheckServerUpdateThread:120 - End of CheckServer Thread
2025-01-08 16:16:45,431 [INFO] WebApp:168 - Instantiating new browser for Auth
2025-01-08 16:16:46,089 [INFO] WebApp:449 - Apply proxy settings
2025-01-08 16:16:46,089 [INFO] WebApp:534 - Chromium requires no authentication
2025-01-08 16:16:46,106 [INFO] WebApp:477 - Direct internet connection detected
2025-01-08 16:16:46,141 [INFO] WebApp:880 - Register for checkConnection events
2025-01-08 16:16:46,141 [INFO] WebApp:449 - Apply proxy settings
2025-01-08 16:16:46,141 [INFO] WebApp:534 - Chromium requires no authentication
2025-01-08 16:16:46,142 [INFO] WebApp:477 - Direct internet connection detected
2025-01-08 16:16:46,323 [INFO] WebApp:221 - Starting web application
2025-01-08 16:16:46,323 [INFO] WebApp:579 - Web application path used D:\Program Files\STM32CubeIDE_1.17.0\STM32CubeIDE\plugins\com.st.stm32cube.common.mx_6.13.0.202411220809\db\plugins\mcufinder\reactClient1\index.html
2025-01-08 16:16:46,566 [INFO] UserAuth:486 - Internet connection configuration mode: 1
2025-01-08 16:16:46,601 [INFO] WebApp:187 - Connection restablished
2025-01-08 16:16:47,600 [WARN] PackLoader:240 - Cannot read IP mode file for STMicroelectronics.FP-SNS-MOTENVWB1.1.4.0
2025-01-08 16:16:47,614 [WARN] PackLoader:240 - Cannot read IP mode file for STMicroelectronics.FP-ATR-ASTRA1.2.0.1
2025-01-08 16:16:47,627 [WARN] PackLoader:240 - Cannot read IP mode file for STMicroelectronics.X-CUBE-SMBUS.2.1.0
2025-01-08 16:16:47,641 [WARN] PackLoader:240 - Cannot read IP mode file for STMicroelectronics.X-CUBE-WB05N.1.1.0
2025-01-08 16:16:47,683 [WARN] PackLoader:240 - Cannot read IP mode file for STMicroelectronics.X-CUBE-AZRTOS-F7.1.1.0
2025-01-08 16:16:47,757 [WARN] PackLoader:240 - Cannot read IP mode file for STMicroelectronics.X-CUBE-MEMS1.11.0.0
2025-01-08 16:16:47,920 [WARN] PackLoader:240 - Cannot read IP mode file for STMicroelectronics.FP-SNS-FLIGHT1.5.0.2
2025-01-08 16:16:47,972 [WARN] PackLoader:240 - Cannot read IP mode file for Infineon.AIROC-Wi-Fi-Bluetooth-STM32.1.7.0
2025-01-08 16:16:47,994 [WARN] PackLoader:240 - Cannot read IP mode file for STMicroelectronics.X-CUBE-DISPLAY.3.0.0
2025-01-08 16:16:48,012 [WARN] PackLoader:240 - Cannot read IP mode file for STMicroelectronics.X-CUBE-BLE1.7.0.0
2025-01-08 16:16:48,029 [WARN] PackLoader:240 - Cannot read IP mode file for STMicroelectronics.X-CUBE-NFC10.1.0.0
2025-01-08 16:16:48,047 [WARN] PackLoader:240 - Cannot read IP mode file for STMicroelectronics.X-CUBE-BLEMGR.4.0.0
2025-01-08 16:16:48,062 [WARN] PackLoader:240 - Cannot read IP mode file for emotas.I-CUBE-CANOPEN.1.3.0
2025-01-08 16:16:48,076 [WARN] PackLoader:240 - Cannot read IP mode file for STMicroelectronics.X-CUBE-BLEMGR.3.1.0
2025-01-08 16:16:48,089 [WARN] PackLoader:240 - Cannot read IP mode file for STMicroelectronics.FP-SNS-SMARTAG2.1.2.0
2025-01-08 16:16:48,143 [WARN] PackLoader:240 - Cannot read IP mode file for STMicroelectronics.X-CUBE-MEMS1.11.1.0
2025-01-08 16:16:48,261 [INFO] LogOutputStream:77 - [STDOUT_REDIRECT] 1 : Invalid condition id : UX_CORESTACK_Condition cause : null
2025-01-08 16:16:48,263 [INFO] LogOutputStream:77 - [STDOUT_REDIRECT] 1 : Invalid condition id : UX_CORESTACK_Condition cause : null
2025-01-08 16:16:48,265 [INFO] LogOutputStream:77 - [STDOUT_REDIRECT] 1 : Invalid condition id : UX_CORESTACK_Condition cause : null
2025-01-08 16:16:48,267 [INFO] LogOutputStream:77 - [STDOUT_REDIRECT] 1 : Invalid condition id : UX_CORESTACK_Condition cause : null
2025-01-08 16:16:48,270 [INFO] LogOutputStream:77 - [STDOUT_REDIRECT] 1 : Invalid condition id : UX_CORESTACK_Condition cause : null
2025-01-08 16:16:48,272 [WARN] PackLoader:240 - Cannot read IP mode file for STMicroelectronics.X-CUBE-AZRTOS-WL.2.0.0
2025-01-08 16:16:48,292 [WARN] PackLoader:240 - Cannot read IP mode file for STMicroelectronics.FP-SNS-MOTENV1.5.0.0
2025-01-08 16:16:48,308 [WARN] PackLoader:240 - Cannot read IP mode file for wolfSSL.I-CUBE-wolfMQTT.1.19.0
2025-01-08 16:16:48,329 [WARN] PackLoader:240 - Cannot read IP mode file for WES.I-CUBE-Cesium.1.3.0
2025-01-08 16:16:48,348 [WARN] PackLoader:240 - Cannot read IP mode file for STMicroelectronics.X-CUBE-BLE2.3.3.0
2025-01-08 16:16:48,363 [WARN] PackLoader:240 - Cannot read IP mode file for STMicroelectronics.X-CUBE-NFC9.1.0.0
2025-01-08 16:16:48,379 [WARN] PackLoader:240 - Cannot read IP mode file for STMicroelectronics.X-CUBE-TCPP.4.1.0
2025-01-08 16:16:48,407 [WARN] PackLoader:240 - Cannot read IP mode file for STMicroelectronics.X-CUBE-AZRTOS-G0.1.1.0
2025-01-08 16:16:48,426 [WARN] PackLoader:240 - Cannot read IP mode file for STMicroelectronics.X-CUBE-SAFEA1.1.2.2
2025-01-08 16:16:48,440 [WARN] PackLoader:240 - Cannot read IP mode file for STMicroelectronics.X-CUBE-NFC4.3.0.0
2025-01-08 16:16:48,457 [WARN] PackLoader:240 - Cannot read IP mode file for EmbeddedOffice.I-CUBE-FS-RTOS.1.0.1
2025-01-08 16:16:48,472 [WARN] PackLoader:240 - Cannot read IP mode file for STMicroelectronics.X-CUBE-TCPP.4.2.0
2025-01-08 16:16:48,489 [WARN] PackLoader:240 - Cannot read IP mode file for RealThread.X-CUBE-RT-Thread_Nano.4.1.1
2025-01-08 16:16:48,504 [WARN] PackLoader:240 - Cannot read IP mode file for STMicroelectronics.FP-ATR-SIGFOX1.3.2.0
2025-01-08 16:16:48,517 [WARN] ConditionMgr:438 - getConditionDescription Invalid condition id : Cortex-A Device cause : null
2025-01-08 16:16:48,548 [WARN] ConditionMgr:1044 - genDependencies : Invalid condition id : Cortex-A Device cause : null
2025-01-08 16:16:48,548 [WARN] ConditionMgr:1044 - genDependencies : Invalid condition id : Cortex-A Device cause : null
2025-01-08 16:16:48,548 [WARN] ConditionMgr:1044 - genDependencies : Invalid condition id : Cortex-A Device cause : null
2025-01-08 16:16:48,565 [WARN] PackLoader:240 - Cannot read IP mode file for STMicroelectronics.X-CUBE-EEPRMA1.5.1.0
2025-01-08 16:16:48,578 [WARN] PackLoader:240 - Cannot read IP mode file for wolfSSL.I-CUBE-wolfSSL.5.7.4
2025-01-08 16:16:48,594 [WARN] PackLoader:240 - Cannot read IP mode file for ITTIA_DB.I-CUBE-ITTIADB.8.9.0
2025-01-08 16:16:48,628 [WARN] PackLoader:240 - Cannot read IP mode file for SEGGER.I-CUBE-embOS.1.3.1
2025-01-08 16:16:48,662 [WARN] PackLoader:240 - Cannot read IP mode file for STMicroelectronics.X-CUBE-ALGOBUILD.1.4.0
2025-01-08 16:16:48,676 [WARN] PackLoader:240 - Cannot read IP mode file for STMicroelectronics.X-CUBE-AI.9.1.0
2025-01-08 16:16:48,697 [WARN] PackLoader:240 - Cannot read IP mode file for STMicroelectronics.X-CUBE-AZRTOS-F4.1.1.0
2025-01-08 16:16:48,710 [WARN] PackLoader:240 - Cannot read IP mode file for STMicroelectronics.X-CUBE-ISPU.2.1.0
2025-01-08 16:16:48,721 [WARN] PackLoader:240 - Cannot read IP mode file for STMicroelectronics.X-CUBE-FREERTOS.1.2.0
2025-01-08 16:16:48,742 [WARN] PackLoader:240 - Cannot read IP mode file for STMicroelectronics.X-CUBE-AZRTOS-L5.2.0.0
2025-01-08 16:16:48,757 [WARN] PackLoader:240 - Cannot read IP mode file for STMicroelectronics.X-CUBE-NFC6.3.1.0
2025-01-08 16:16:48,769 [WARN] PackLoader:240 - Cannot read IP mode file for STMicroelectronics.X-CUBE-DPower.1.2.0
2025-01-08 16:16:48,782 [WARN] PackLoader:240 - Cannot read IP mode file for STMicroelectronics.X-CUBE-FREERTOS.1.3.0
2025-01-08 16:16:48,794 [WARN] PackLoader:240 - Cannot read IP mode file for STMicroelectronics.X-CUBE-NFC7.1.0.1
2025-01-08 16:16:48,820 [WARN] ConditionMgr:438 - getConditionDescription Invalid condition id : LAN8742 Phy interface Condition cause : null
2025-01-08 16:16:48,821 [WARN] PackLoader:240 - Cannot read IP mode file for STMicroelectronics.X-CUBE-AZRTOS-L4.2.0.0
2025-01-08 16:16:48,822 [WARN] ConditionMgr:1044 - genDependencies : Invalid condition id : LAN8742 Phy interface Condition cause : null
2025-01-08 16:16:48,822 [WARN] ConditionMgr:1044 - genDependencies : Invalid condition id : LAN8742 Phy interface Condition cause : null
2025-01-08 16:16:48,823 [WARN] ConditionMgr:1044 - genDependencies : Invalid condition id : LAN8742 Phy interface Condition cause : null
2025-01-08 16:16:48,836 [WARN] PackLoader:240 - Cannot read IP mode file for STMicroelectronics.X-CUBE-SFXS2LP1.4.0.0
2025-01-08 16:16:48,859 [WARN] PackLoader:240 - Cannot read IP mode file for STMicroelectronics.X-CUBE-AZRTOS-H7.3.3.0
2025-01-08 16:16:48,875 [WARN] PackLoader:240 - Cannot read IP mode file for STMicroelectronics.X-CUBE-IPS.3.0.0
2025-01-08 16:16:48,896 [WARN] ConditionMgr:438 - getConditionDescription Invalid condition id : UX DEVICE CLASS RTOS Condition cause : null
2025-01-08 16:16:48,897 [WARN] ConditionMgr:438 - getConditionDescription Invalid condition id : UX DEVICE CLASS RTOS Condition cause : null
2025-01-08 16:16:48,898 [WARN] PackLoader:240 - Cannot read IP mode file for STMicroelectronics.X-CUBE-AZRTOS-WB.2.0.0
2025-01-08 16:16:48,898 [WARN] ConditionMgr:1044 - genDependencies : Invalid condition id : UX DEVICE CLASS RTOS Condition cause : null
2025-01-08 16:16:48,898 [WARN] ConditionMgr:1044 - genDependencies : Invalid condition id : UX DEVICE CLASS RTOS Condition cause : null
2025-01-08 16:16:48,899 [WARN] ConditionMgr:1044 - genDependencies : Invalid condition id : UX DEVICE CLASS RTOS Condition cause : null
2025-01-08 16:16:48,899 [WARN] ConditionMgr:1044 - genDependencies : Invalid condition id : UX DEVICE CLASS RTOS Condition cause : null
2025-01-08 16:16:48,899 [WARN] ConditionMgr:1044 - genDependencies : Invalid condition id : UX DEVICE CLASS RTOS Condition cause : null
2025-01-08 16:16:48,912 [WARN] PackLoader:240 - Cannot read IP mode file for STMicroelectronics.X-CUBE-GNSS1.7.0.0
2025-01-08 16:16:48,924 [WARN] PackLoader:240 - Cannot read IP mode file for STMicroelectronics.X-CUBE-GNSS1.7.0.1
2025-01-08 16:16:48,936 [WARN] PackLoader:240 - Cannot read IP mode file for STMicroelectronics.FP-SNS-STBOX1.2.0.0
2025-01-08 16:16:48,950 [WARN] PackLoader:240 - Cannot read IP mode file for STMicroelectronics.X-CUBE-SUBG2.5.0.0
2025-01-08 16:16:48,973 [WARN] PackLoader:240 - Cannot read IP mode file for Cesanta.I-CUBE-Mongoose.7.13.0
2025-01-08 16:16:49,011 [WARN] PackLoader:240 - Cannot read IP mode file for STMicroelectronics.X-CUBE-AZRTOS-G4.2.0.0
2025-01-08 16:16:49,026 [WARN] PackLoader:240 - Cannot read IP mode file for STMicroelectronics.X-CUBE-ALS.1.0.2
2025-01-08 16:16:49,041 [WARN] PackLoader:240 - Cannot read IP mode file for STMicroelectronics.X-CUBE-TOUCHGFX.4.24.1
2025-01-08 16:16:49,051 [WARN] PackLoader:240 - Cannot read IP mode file for wolfSSL.I-CUBE-wolfTPM.3.4.0
2025-01-08 16:16:49,062 [WARN] PackLoader:240 - Cannot read IP mode file for portGmbH.I-Cube-SoM-uGOAL.1.1.0
2025-01-08 16:16:49,081 [WARN] PackLoader:240 - Cannot read IP mode file for STMicroelectronics.X-CUBE-AZRTOS-H7RS.1.0.0
2025-01-08 16:16:49,096 [WARN] PackLoader:240 - Cannot read IP mode file for STMicroelectronics.X-CUBE-TOF1.3.4.2
2025-01-08 16:16:49,110 [WARN] PackLoader:240 - Cannot read IP mode file for wolfSSL.I-CUBE-wolfSSH.1.4.17
2025-01-08 16:16:49,112 [INFO] ThirdParty:978 - Integrity check success = true
2025-01-08 16:16:49,112 [INFO] IntegrityCheckThread:100 - exiting critical section [integrity check]
2025-01-08 16:16:49,112 [INFO] IntegrityCheckThread:103 - End integrity checks thread
2025-01-08 21:43:24,584 [INFO] WebApp:190 - Connection lost
2025-01-08 21:43:25,003 [INFO] WebApp:187 - Connection restablished
2025-01-08 21:43:26,946 [INFO] WebApp:190 - Connection lost
2025-01-08 21:43:27,180 [INFO] WebApp:187 - Connection restablished
