2025-01-18 00:43:23,792 [ERROR] LogOutputStream:75 - [STDERR_REDIRECT] 
2025-01-18 00:45:59,195 [INFO] Activator:176 - 


2025-01-18 00:45:59,197 [INFO] Activator:177 - !SESSION log4j initialized
2025-01-18 00:46:03,517 [INFO] LogOutputStream:77 - [STDOUT_REDIRECT] 
2025-01-18 00:46:04,852 [INFO] ApplicationProperties:184 - Using Application install path: D:\Program Files\STM32CubeIDE_1.17.0\STM32CubeIDE\plugins\com.st.stm32cube.common.mx_6.13.0.202411220809
2025-01-18 00:46:04,864 [INFO] DbMcusXml:78 - Set database path to: D:\Program Files\STM32CubeIDE_1.17.0\STM32CubeIDE\plugins\com.st.stm32cube.common.mx_6.13.0.202411220809\\db\/mcu/
2025-01-18 00:46:04,864 [INFO] ApiDb:274 - Set plugin database path to: D:\Program Files\STM32CubeIDE_1.17.0\STM32CubeIDE\plugins\com.st.stm32cube.common.mx_6.13.0.202411220809\\db\/plugins/boardmanager/
2025-01-18 00:46:04,865 [WARN] ApiDb:259 - Overriding images path with different value:  => D:\Program Files\STM32CubeIDE_1.17.0\STM32CubeIDE\plugins\com.st.stm32cube.common.mx_6.13.0.202411220809\\db\/plugins/mcufinder/images/
2025-01-18 00:46:04,873 [INFO] ApiDb:250 - Set database path to: C:\Users\Jinhy\.stmcufinder\plugins\mcufinder//mcu/
2025-01-18 00:46:04,874 [INFO] DbMcusAds:125 - Set database path to: C:\Users\Jinhy\.stmcufinder\plugins\mcufinder//mcu/
2025-01-18 00:46:04,875 [INFO] CrossReferenceDbSqlite:203 - Set database path to: C:\Users\Jinhy\.stmcufinder\plugins\mcufinder//mcu/cs/
2025-01-18 00:46:04,953 [INFO] RulesReader:64 - Compatibility file has been processed (297 Rules)
2025-01-18 00:46:05,010 [INFO] DbMcusXml:78 - Set database path to: D:\Program Files\STM32CubeIDE_1.17.0\STM32CubeIDE\plugins\com.st.stm32cube.common.mx_6.13.0.202411220809\\db\/mcu/
2025-01-18 00:46:05,010 [INFO] ApiDb:274 - Set plugin database path to: D:\Program Files\STM32CubeIDE_1.17.0\STM32CubeIDE\plugins\com.st.stm32cube.common.mx_6.13.0.202411220809\\db\/plugins/boardmanager/
2025-01-18 00:46:05,010 [INFO] ApiDb:261 - Set plugin images path to: D:\Program Files\STM32CubeIDE_1.17.0\STM32CubeIDE\plugins\com.st.stm32cube.common.mx_6.13.0.202411220809\\db\/plugins/mcufinder/images/
2025-01-18 00:46:05,011 [WARN] DbFile:41 - Overriding database path with different value: C:\Users\Jinhy\.stmcufinder\plugins\mcufinder/ => C:\Users\Jinhy\.stmcufinder\plugins\mcufinder
2025-01-18 00:46:05,011 [INFO] ApiDb:250 - Set database path to: C:\Users\Jinhy\.stmcufinder\plugins\mcufinder//mcu/
2025-01-18 00:46:05,011 [WARN] DbFile:41 - Overriding database path with different value: C:\Users\Jinhy\.stmcufinder\plugins\mcufinder/ => C:\Users\Jinhy\.stmcufinder\plugins\mcufinder
2025-01-18 00:46:05,011 [INFO] DbMcusAds:125 - Set database path to: C:\Users\Jinhy\.stmcufinder\plugins\mcufinder//mcu/
2025-01-18 00:46:05,011 [WARN] DbFile:41 - Overriding database path with different value: C:\Users\Jinhy\.stmcufinder\plugins\mcufinder/ => C:\Users\Jinhy\.stmcufinder\plugins\mcufinder
2025-01-18 00:46:05,011 [WARN] DbFile:41 - Overriding database path with different value: C:\Users\Jinhy\.stmcufinder\plugins\mcufinder/ => C:\Users\Jinhy\.stmcufinder\plugins\mcufinder
2025-01-18 00:46:05,011 [INFO] CrossReferenceDbSqlite:203 - Set database path to: C:\Users\Jinhy\.stmcufinder\plugins\mcufinder//mcu/cs/
2025-01-18 00:46:05,055 [INFO] MainPanel:272 - HeapMemory: 268435456
2025-01-18 00:46:05,107 [INFO] DbMcusXml:78 - Set database path to: D:\Program Files\STM32CubeIDE_1.17.0\STM32CubeIDE\plugins\com.st.stm32cube.common.mx_6.13.0.202411220809\\db\/mcu/
2025-01-18 00:46:05,107 [INFO] ApiDb:274 - Set plugin database path to: D:\Program Files\STM32CubeIDE_1.17.0\STM32CubeIDE\plugins\com.st.stm32cube.common.mx_6.13.0.202411220809\\db\/plugins/boardmanager/
2025-01-18 00:46:05,107 [INFO] ApiDb:261 - Set plugin images path to: D:\Program Files\STM32CubeIDE_1.17.0\STM32CubeIDE\plugins\com.st.stm32cube.common.mx_6.13.0.202411220809\\db\/plugins/mcufinder/images/
2025-01-18 00:46:05,108 [WARN] DbFile:41 - Overriding database path with different value: C:\Users\Jinhy\.stmcufinder\plugins\mcufinder/ => C:\Users\Jinhy\.stmcufinder\plugins\mcufinder
2025-01-18 00:46:05,108 [INFO] ApiDb:250 - Set database path to: C:\Users\Jinhy\.stmcufinder\plugins\mcufinder//mcu/
2025-01-18 00:46:05,108 [WARN] DbFile:41 - Overriding database path with different value: C:\Users\Jinhy\.stmcufinder\plugins\mcufinder/ => C:\Users\Jinhy\.stmcufinder\plugins\mcufinder
2025-01-18 00:46:05,108 [INFO] DbMcusAds:125 - Set database path to: C:\Users\Jinhy\.stmcufinder\plugins\mcufinder//mcu/
2025-01-18 00:46:05,108 [WARN] DbFile:41 - Overriding database path with different value: C:\Users\Jinhy\.stmcufinder\plugins\mcufinder/ => C:\Users\Jinhy\.stmcufinder\plugins\mcufinder
2025-01-18 00:46:05,108 [WARN] DbFile:41 - Overriding database path with different value: C:\Users\Jinhy\.stmcufinder\plugins\mcufinder/ => C:\Users\Jinhy\.stmcufinder\plugins\mcufinder
2025-01-18 00:46:05,108 [INFO] CrossReferenceDbSqlite:203 - Set database path to: C:\Users\Jinhy\.stmcufinder\plugins\mcufinder//mcu/cs/
2025-01-18 00:46:05,123 [INFO] ApplicationProperties:184 - Using Application install path: D:\Program Files\STM32CubeIDE_1.17.0\STM32CubeIDE\plugins\com.st.stm32cube.common.mx_6.13.0.202411220809
2025-01-18 00:46:05,124 [INFO] PluginManage:196 - Search for loadable plugins [exclusion list=, ]
2025-01-18 00:46:05,124 [INFO] PluginManage:310 - Check plugin analytics
2025-01-18 00:46:05,281 [INFO] AnalyticsPlugin:253 - Accepted Software Licenses: STM32CubeMX.6.13.0
2025-01-18 00:46:05,281 [INFO] AnalyticsPlugin:255 - Accepted CMSIS Pack Licenses: 
2025-01-18 00:46:05,281 [INFO] AnalyticsPlugin:257 - Accepted Firmware Licenses: 
2025-01-18 00:46:05,285 [INFO] PluginManage:359 - Loaded plugin analytics (category:tool,tabindex:-1)
2025-01-18 00:46:05,286 [INFO] PluginManage:310 - Check plugin cadmodel
2025-01-18 00:46:05,298 [INFO] CADModel:105 - Init CAD model plugin
2025-01-18 00:46:05,298 [INFO] PluginManage:359 - Loaded plugin cadmodel (category:power,tabindex:5)
2025-01-18 00:46:05,298 [INFO] PluginManage:310 - Check plugin clock
2025-01-18 00:46:05,312 [INFO] PluginManage:359 - Loaded plugin clock (category:base,tabindex:2)
2025-01-18 00:46:05,312 [INFO] PluginManage:310 - Check plugin ddr
2025-01-18 00:46:05,314 [INFO] PluginManage:359 - Loaded plugin ddr (category:tool,tabindex:6)
2025-01-18 00:46:05,314 [INFO] PluginManage:310 - Check plugin filemanager
2025-01-18 00:46:05,424 [INFO] PluginManage:359 - Loaded plugin filemanager (category:base,tabindex:10)
2025-01-18 00:46:05,424 [INFO] PluginManage:310 - Check plugin ipmanager
2025-01-18 00:46:05,428 [INFO] PluginManage:359 - Loaded plugin ipmanager (category:base,tabindex:5)
2025-01-18 00:46:05,429 [INFO] PluginManage:310 - Check plugin lpbam
2025-01-18 00:46:05,442 [INFO] PluginManage:359 - Loaded plugin lpbam (category:base,tabindex:0)
2025-01-18 00:46:05,442 [INFO] PluginManage:310 - Check plugin memorymap
2025-01-18 00:46:05,455 [INFO] PluginManage:359 - Loaded plugin memorymap (category:base,tabindex:4)
2025-01-18 00:46:05,455 [INFO] PluginManage:310 - Check plugin pinoutandconfiguration
2025-01-18 00:46:05,468 [INFO] PluginManage:359 - Loaded plugin pinoutandconfiguration (category:base,tabindex:1)
2025-01-18 00:46:05,468 [INFO] PluginManage:310 - Check plugin pinoutconfig
2025-01-18 00:46:05,559 [WARN] SupportedApi:132 - Cannot load RTOS API schema: s4s-elt-must-match.1: The content of 'definitions' must match (annotation?, (simpleType | complexType)?, (unique | key | keyref)*)). A problem was found starting at: attribute.
2025-01-18 00:46:05,655 [INFO] PluginManage:359 - Loaded plugin pinoutconfig (category:base,tabindex:0)
2025-01-18 00:46:05,655 [INFO] PluginManage:310 - Check plugin power
2025-01-18 00:46:05,668 [INFO] PluginManage:359 - Loaded plugin power (category:power,tabindex:4)
2025-01-18 00:46:05,668 [INFO] PluginManage:310 - Check plugin projectmanager
2025-01-18 00:46:05,678 [INFO] PluginManage:359 - Loaded plugin projectmanager (category:projectmanager,tabindex:4)
2025-01-18 00:46:05,678 [INFO] PluginManage:310 - Check plugin rif
2025-01-18 00:46:05,691 [INFO] PluginManage:359 - Loaded plugin rif (category:base,tabindex:3)
2025-01-18 00:46:05,691 [INFO] PluginManage:310 - Check plugin thirdparty
2025-01-18 00:46:05,944 [INFO] PluginManage:359 - Loaded plugin thirdparty (category:base,tabindex:-1)
2025-01-18 00:46:05,944 [INFO] PluginManage:310 - Check plugin tools
2025-01-18 00:46:05,944 [WARN] IntegrityCheckThread:84 - waiting for thirdparty lock release [integrity check]
2025-01-18 00:46:05,944 [INFO] IntegrityCheckThread:86 - entering critical section [integrity check]
2025-01-18 00:46:05,945 [INFO] ThirdPartyUpdaterWithRetryManager:70 - Updater plugin not ready yet. [1/15]
2025-01-18 00:46:05,971 [INFO] PluginManage:359 - Loaded plugin tools (category:base,tabindex:7)
2025-01-18 00:46:05,971 [INFO] PluginManage:310 - Check plugin tutovideos
2025-01-18 00:46:06,093 [INFO] PluginManage:359 - Loaded plugin tutovideos (category:base,tabindex:-1)
2025-01-18 00:46:06,093 [INFO] PluginManage:310 - Check plugin updater
2025-01-18 00:46:06,109 [INFO] PluginManage:359 - Loaded plugin updater (category:base,tabindex:12)
2025-01-18 00:46:06,109 [INFO] PluginManage:310 - Check plugin userauth
2025-01-18 00:46:06,112 [INFO] UserAuth:118 - Init User Auth plugin
2025-01-18 00:46:06,112 [INFO] PluginManage:359 - Loaded plugin userauth (category:base,tabindex:14)
2025-01-18 00:46:06,112 [INFO] PluginManage:283 - PluginManage : Loaded plugins [18]
2025-01-18 00:46:06,245 [INFO] PinOutPanel:1589 - setPackage(No Configuration,No Configuration)
2025-01-18 00:46:06,301 [INFO] CADModel:165 - CPN selected for project level
2025-01-18 00:46:06,301 [INFO] CADModel:114 - Register for checkConnection events
2025-01-18 00:46:06,322 [INFO] IPUIPlugin:80 - create IPUIPlugin
2025-01-18 00:46:06,322 [INFO] PluginManager:220 - loadIPPluginJar : add adc
2025-01-18 00:46:06,352 [INFO] IPUIPlugin:80 - create IPUIPlugin
2025-01-18 00:46:06,352 [INFO] PluginManager:220 - loadIPPluginJar : add aes
2025-01-18 00:46:06,386 [INFO] IPUIPlugin:80 - create IPUIPlugin
2025-01-18 00:46:06,386 [INFO] PluginManager:220 - loadIPPluginJar : add can
2025-01-18 00:46:06,407 [INFO] IPUIPlugin:80 - create IPUIPlugin
2025-01-18 00:46:06,407 [INFO] PluginManager:220 - loadIPPluginJar : add comp
2025-01-18 00:46:06,435 [INFO] IPUIPlugin:80 - create IPUIPlugin
2025-01-18 00:46:06,436 [INFO] PluginManager:220 - loadIPPluginJar : add cryp
2025-01-18 00:46:06,446 [INFO] IPUIPlugin:80 - create IPUIPlugin
2025-01-18 00:46:06,446 [INFO] PluginManager:220 - loadIPPluginJar : add ddr_ctrl_phy
2025-01-18 00:46:06,469 [INFO] IPUIPlugin:80 - create IPUIPlugin
2025-01-18 00:46:06,469 [INFO] PluginManager:220 - loadIPPluginJar : add dfsdm
2025-01-18 00:46:06,479 [INFO] IPUIPlugin:80 - create IPUIPlugin
2025-01-18 00:46:06,479 [INFO] PluginManager:220 - loadIPPluginJar : add dma
2025-01-18 00:46:06,505 [INFO] IPUIPlugin:80 - create IPUIPlugin
2025-01-18 00:46:06,505 [INFO] PluginManager:220 - loadIPPluginJar : add dma3
2025-01-18 00:46:06,537 [INFO] IPUIPlugin:80 - create IPUIPlugin
2025-01-18 00:46:06,537 [INFO] PluginManager:220 - loadIPPluginJar : add extmemmanager
2025-01-18 00:46:06,552 [INFO] IPUIPlugin:80 - create IPUIPlugin
2025-01-18 00:46:06,552 [INFO] PluginManager:220 - loadIPPluginJar : add fatfs
2025-01-18 00:46:06,585 [INFO] IPUIPlugin:80 - create IPUIPlugin
2025-01-18 00:46:06,586 [INFO] PluginManager:220 - loadIPPluginJar : add fmc
2025-01-18 00:46:06,599 [INFO] IPUIPlugin:80 - create IPUIPlugin
2025-01-18 00:46:06,599 [INFO] PluginManager:220 - loadIPPluginJar : add freertos
2025-01-18 00:46:06,615 [INFO] IPUIPlugin:80 - create IPUIPlugin
2025-01-18 00:46:06,615 [INFO] PluginManager:220 - loadIPPluginJar : add genericplugin
2025-01-18 00:46:06,676 [INFO] IPUIPlugin:80 - create IPUIPlugin
2025-01-18 00:46:06,676 [INFO] PluginManager:220 - loadIPPluginJar : add gfxmmu
2025-01-18 00:46:06,769 [INFO] IPUIPlugin:80 - create IPUIPlugin
2025-01-18 00:46:06,770 [INFO] PluginManager:220 - loadIPPluginJar : add gic
2025-01-18 00:46:06,779 [INFO] IPUIPlugin:80 - create IPUIPlugin
2025-01-18 00:46:06,779 [INFO] PluginManager:220 - loadIPPluginJar : add gpio
2025-01-18 00:46:06,840 [INFO] IPUIPlugin:80 - create IPUIPlugin
2025-01-18 00:46:06,840 [INFO] PluginManager:220 - loadIPPluginJar : add gtzc
2025-01-18 00:46:06,862 [INFO] IPUIPlugin:80 - create IPUIPlugin
2025-01-18 00:46:06,862 [INFO] PluginManager:220 - loadIPPluginJar : add hash
2025-01-18 00:46:06,898 [INFO] IPUIPlugin:80 - create IPUIPlugin
2025-01-18 00:46:06,898 [INFO] PluginManager:220 - loadIPPluginJar : add i2c
2025-01-18 00:46:06,924 [INFO] IPUIPlugin:80 - create IPUIPlugin
2025-01-18 00:46:06,924 [INFO] PluginManager:220 - loadIPPluginJar : add i2s
2025-01-18 00:46:06,951 [INFO] IPUIPlugin:80 - create IPUIPlugin
2025-01-18 00:46:06,951 [INFO] PluginManager:220 - loadIPPluginJar : add i3c
2025-01-18 00:46:07,020 [INFO] IPUIPlugin:80 - create IPUIPlugin
2025-01-18 00:46:07,021 [INFO] PluginManager:220 - loadIPPluginJar : add ipddr
2025-01-18 00:46:07,092 [INFO] IPUIPlugin:80 - create IPUIPlugin
2025-01-18 00:46:07,092 [INFO] PluginManager:220 - loadIPPluginJar : add linkedlist
2025-01-18 00:46:07,118 [INFO] IPUIPlugin:80 - create IPUIPlugin
2025-01-18 00:46:07,118 [INFO] PluginManager:220 - loadIPPluginJar : add lorawan
2025-01-18 00:46:07,143 [INFO] IPUIPlugin:80 - create IPUIPlugin
2025-01-18 00:46:07,143 [INFO] PluginManager:220 - loadIPPluginJar : add ltdc
2025-01-18 00:46:07,153 [INFO] IPUIPlugin:80 - create IPUIPlugin
2025-01-18 00:46:07,153 [INFO] PluginManager:220 - loadIPPluginJar : add mdma
2025-01-18 00:46:07,161 [INFO] IPUIPlugin:80 - create IPUIPlugin
2025-01-18 00:46:07,161 [INFO] PluginManager:220 - loadIPPluginJar : add nvic
2025-01-18 00:46:07,186 [INFO] IPUIPlugin:80 - create IPUIPlugin
2025-01-18 00:46:07,186 [INFO] PluginManager:220 - loadIPPluginJar : add opamp
2025-01-18 00:46:07,229 [INFO] IPUIPlugin:80 - create IPUIPlugin
2025-01-18 00:46:07,230 [INFO] PluginManager:220 - loadIPPluginJar : add openamp
2025-01-18 00:46:07,260 [INFO] IPUIPlugin:80 - create IPUIPlugin
2025-01-18 00:46:07,260 [INFO] PluginManager:220 - loadIPPluginJar : add pdm2pcm
2025-01-18 00:46:07,272 [INFO] IPUIPlugin:80 - create IPUIPlugin
2025-01-18 00:46:07,273 [INFO] PluginManager:220 - loadIPPluginJar : add plateformsettings
2025-01-18 00:46:07,292 [INFO] IPUIPlugin:80 - create IPUIPlugin
2025-01-18 00:46:07,292 [INFO] PluginManager:220 - loadIPPluginJar : add quadspi
2025-01-18 00:46:07,311 [INFO] IPUIPlugin:80 - create IPUIPlugin
2025-01-18 00:46:07,311 [INFO] PluginManager:220 - loadIPPluginJar : add radio
2025-01-18 00:46:07,321 [INFO] IPUIPlugin:80 - create IPUIPlugin
2025-01-18 00:46:07,322 [INFO] PluginManager:220 - loadIPPluginJar : add resmgrutility
2025-01-18 00:46:07,356 [INFO] IPUIPlugin:80 - create IPUIPlugin
2025-01-18 00:46:07,356 [INFO] PluginManager:220 - loadIPPluginJar : add sai
2025-01-18 00:46:07,382 [INFO] IPUIPlugin:80 - create IPUIPlugin
2025-01-18 00:46:07,382 [INFO] PluginManager:220 - loadIPPluginJar : add spi
2025-01-18 00:46:07,426 [INFO] IPUIPlugin:80 - create IPUIPlugin
2025-01-18 00:46:07,426 [INFO] PluginManager:220 - loadIPPluginJar : add stm32_wpan
2025-01-18 00:46:07,442 [INFO] IPUIPlugin:80 - create IPUIPlugin
2025-01-18 00:46:07,442 [INFO] PluginManager:220 - loadIPPluginJar : add tim
2025-01-18 00:46:07,484 [INFO] IPUIPlugin:80 - create IPUIPlugin
2025-01-18 00:46:07,484 [INFO] PluginManager:220 - loadIPPluginJar : add touchsensing
2025-01-18 00:46:07,499 [INFO] IPUIPlugin:80 - create IPUIPlugin
2025-01-18 00:46:07,499 [INFO] PluginManager:220 - loadIPPluginJar : add tracer_emb
2025-01-18 00:46:07,515 [INFO] IPUIPlugin:80 - create IPUIPlugin
2025-01-18 00:46:07,515 [INFO] PluginManager:220 - loadIPPluginJar : add ts
2025-01-18 00:46:07,530 [INFO] IPUIPlugin:80 - create IPUIPlugin
2025-01-18 00:46:07,530 [INFO] PluginManager:220 - loadIPPluginJar : add tsc
2025-01-18 00:46:07,545 [INFO] IPUIPlugin:80 - create IPUIPlugin
2025-01-18 00:46:07,545 [INFO] PluginManager:220 - loadIPPluginJar : add ucpd
2025-01-18 00:46:07,575 [INFO] IPUIPlugin:80 - create IPUIPlugin
2025-01-18 00:46:07,575 [INFO] PluginManager:220 - loadIPPluginJar : add usart
2025-01-18 00:46:07,606 [INFO] IPUIPlugin:80 - create IPUIPlugin
2025-01-18 00:46:07,606 [INFO] PluginManager:220 - loadIPPluginJar : add usbx
2025-01-18 00:46:07,712 [FATAL] Updater:351 - Updater called before beeing initialized
2025-01-18 00:46:07,732 [INFO] RulesReader:64 - Compatibility file has been processed (297 Rules)
2025-01-18 00:46:07,743 [INFO] RulesReader:64 - Compatibility file has been processed (297 Rules)
2025-01-18 00:46:07,757 [INFO] CADModel:165 - CPN selected for project level
2025-01-18 00:46:07,757 [INFO] CADModel:114 - Register for checkConnection events
2025-01-18 00:46:07,757 [FATAL] Updater:351 - Updater called before beeing initialized
2025-01-18 00:46:07,757 [ERROR] CADModel:125 - Updater not yet initialized, retry later 
2025-01-18 00:46:07,859 [FATAL] Updater:351 - Updater called before beeing initialized
2025-01-18 00:46:07,860 [INFO] CADModel:165 - CPN selected for project level
2025-01-18 00:46:07,860 [INFO] CADModel:114 - Register for checkConnection events
2025-01-18 00:46:07,860 [FATAL] Updater:351 - Updater called before beeing initialized
2025-01-18 00:46:07,860 [ERROR] CADModel:125 - Updater not yet initialized, retry later 
2025-01-18 00:46:07,863 [FATAL] Updater:351 - Updater called before beeing initialized
2025-01-18 00:46:07,964 [FATAL] Updater:351 - Updater called before beeing initialized
2025-01-18 00:46:07,973 [INFO] DbMcusAds:53 - JSON generation date=Wed Dec 18 01:01:15 KST 2024 (1734451275230)
2025-01-18 00:46:07,973 [FATAL] Updater:351 - Updater called before beeing initialized
2025-01-18 00:46:08,033 [WARN] DetailPanel:346 - Failed to get advertising image, set to default
2025-01-18 00:46:08,171 [FATAL] Updater:351 - Updater called before beeing initialized
2025-01-18 00:46:08,172 [FATAL] Updater:351 - Updater called before beeing initialized
2025-01-18 00:46:08,173 [FATAL] Updater:351 - Updater called before beeing initialized
2025-01-18 00:46:08,173 [WARN] DetailPanel:346 - Failed to get advertising image, set to default
2025-01-18 00:46:08,174 [FATAL] Updater:351 - Updater called before beeing initialized
2025-01-18 00:46:08,222 [ERROR] Updater:1198 - MainUpdater not yet initialized. External WinMGr cannot be set.
2025-01-18 00:46:08,230 [INFO] Updater:1134 - Updater Version found : 6.13.0
2025-01-18 00:46:08,240 [INFO] ApplicationProperties:184 - Using Application install path: D:\Program Files\STM32CubeIDE_1.17.0\STM32CubeIDE\plugins\com.st.stm32cube.common.mx_6.13.0.202411220809
2025-01-18 00:46:08,946 [INFO] ThirdPartyUpdaterWithRetryManager:70 - Updater plugin not ready yet. [2/15]
2025-01-18 00:46:09,811 [ERROR] LogOutputStream:75 - [STDERR_REDIRECT] Jan 18, 2025 12:46:09 AM java.util.prefs.WindowsPreferences <init>
2025-01-18 00:46:09,813 [ERROR] LogOutputStream:75 - [STDERR_REDIRECT] WARNING: Could not open/create prefs root node Software\JavaSoft\Prefs at root 0xffffffff80000002. Windows RegCreateKeyEx(...) returned error code 5.
2025-01-18 00:46:09,813 [ERROR] LogOutputStream:75 - [STDERR_REDIRECT] 
2025-01-18 00:46:10,179 [INFO] MainUpdater:2872 - connection check result : 10
2025-01-18 00:46:10,180 [INFO] MainUpdater:289 - Updater Check For Update Now.
2025-01-18 00:46:10,180 [INFO] MicroXplorer:498 - Change Database Version : DB.6.0.130
2025-01-18 00:46:10,204 [INFO] McuFinderGlobals:63 - Set McuFinder mode to 2 (CubeIDE integrated)
2025-01-18 00:46:10,209 [INFO] UserAuth:486 - Internet connection configuration mode: 1
2025-01-18 00:46:10,225 [INFO] JxBrowserEngine:152 - Initiate JxBrowser Engine with user profile folder
2025-01-18 00:46:10,386 [INFO] CheckServerUpdateThread:120 - End of CheckServer Thread
2025-01-18 00:46:10,779 [INFO] WebApp:168 - Instantiating new browser for Auth
2025-01-18 00:46:11,194 [INFO] WebApp:449 - Apply proxy settings
2025-01-18 00:46:11,194 [INFO] WebApp:534 - Chromium requires no authentication
2025-01-18 00:46:11,199 [INFO] WebApp:477 - Direct internet connection detected
2025-01-18 00:46:11,211 [INFO] WebApp:880 - Register for checkConnection events
2025-01-18 00:46:11,211 [INFO] WebApp:449 - Apply proxy settings
2025-01-18 00:46:11,211 [INFO] WebApp:534 - Chromium requires no authentication
2025-01-18 00:46:11,212 [INFO] WebApp:477 - Direct internet connection detected
2025-01-18 00:46:11,310 [INFO] WebApp:221 - Starting web application
2025-01-18 00:46:11,310 [INFO] WebApp:579 - Web application path used D:\Program Files\STM32CubeIDE_1.17.0\STM32CubeIDE\plugins\com.st.stm32cube.common.mx_6.13.0.202411220809\db\plugins\mcufinder\reactClient1\index.html
2025-01-18 00:46:11,549 [INFO] UserAuth:486 - Internet connection configuration mode: 1
2025-01-18 00:46:11,635 [INFO] WebApp:187 - Connection restablished
2025-01-18 00:46:12,090 [WARN] PackLoader:240 - Cannot read IP mode file for STMicroelectronics.FP-SNS-MOTENVWB1.1.4.0
2025-01-18 00:46:12,103 [WARN] PackLoader:240 - Cannot read IP mode file for STMicroelectronics.FP-ATR-ASTRA1.2.0.1
2025-01-18 00:46:12,116 [WARN] PackLoader:240 - Cannot read IP mode file for STMicroelectronics.X-CUBE-SMBUS.2.1.0
2025-01-18 00:46:12,129 [WARN] PackLoader:240 - Cannot read IP mode file for STMicroelectronics.X-CUBE-WB05N.1.1.0
2025-01-18 00:46:12,158 [WARN] PackLoader:240 - Cannot read IP mode file for STMicroelectronics.X-CUBE-AZRTOS-F7.1.1.0
2025-01-18 00:46:12,210 [WARN] PackLoader:240 - Cannot read IP mode file for STMicroelectronics.X-CUBE-MEMS1.11.0.0
2025-01-18 00:46:12,288 [WARN] PackLoader:240 - Cannot read IP mode file for STMicroelectronics.FP-SNS-FLIGHT1.5.0.2
2025-01-18 00:46:12,313 [WARN] PackLoader:240 - Cannot read IP mode file for Infineon.AIROC-Wi-Fi-Bluetooth-STM32.1.7.0
2025-01-18 00:46:12,343 [WARN] PackLoader:240 - Cannot read IP mode file for STMicroelectronics.X-CUBE-DISPLAY.3.0.0
2025-01-18 00:46:12,372 [WARN] PackLoader:240 - Cannot read IP mode file for STMicroelectronics.X-CUBE-BLE1.7.0.0
2025-01-18 00:46:12,391 [WARN] PackLoader:240 - Cannot read IP mode file for STMicroelectronics.X-CUBE-NFC10.1.0.0
2025-01-18 00:46:12,407 [WARN] PackLoader:240 - Cannot read IP mode file for STMicroelectronics.X-CUBE-BLEMGR.4.0.0
2025-01-18 00:46:12,421 [WARN] PackLoader:240 - Cannot read IP mode file for emotas.I-CUBE-CANOPEN.1.3.0
2025-01-18 00:46:12,435 [WARN] PackLoader:240 - Cannot read IP mode file for STMicroelectronics.X-CUBE-BLEMGR.3.1.0
2025-01-18 00:46:12,447 [WARN] PackLoader:240 - Cannot read IP mode file for STMicroelectronics.FP-SNS-SMARTAG2.1.2.0
2025-01-18 00:46:12,483 [WARN] PackLoader:240 - Cannot read IP mode file for STMicroelectronics.X-CUBE-MEMS1.11.1.0
2025-01-18 00:46:12,552 [INFO] LogOutputStream:77 - [STDOUT_REDIRECT] 1 : Invalid condition id : UX_CORESTACK_Condition cause : null
2025-01-18 00:46:12,553 [INFO] LogOutputStream:77 - [STDOUT_REDIRECT] 1 : Invalid condition id : UX_CORESTACK_Condition cause : null
2025-01-18 00:46:12,554 [INFO] LogOutputStream:77 - [STDOUT_REDIRECT] 1 : Invalid condition id : UX_CORESTACK_Condition cause : null
2025-01-18 00:46:12,555 [INFO] LogOutputStream:77 - [STDOUT_REDIRECT] 1 : Invalid condition id : UX_CORESTACK_Condition cause : null
2025-01-18 00:46:12,556 [INFO] LogOutputStream:77 - [STDOUT_REDIRECT] 1 : Invalid condition id : UX_CORESTACK_Condition cause : null
2025-01-18 00:46:12,558 [WARN] PackLoader:240 - Cannot read IP mode file for STMicroelectronics.X-CUBE-AZRTOS-WL.2.0.0
2025-01-18 00:46:12,570 [WARN] PackLoader:240 - Cannot read IP mode file for STMicroelectronics.FP-SNS-MOTENV1.5.0.0
2025-01-18 00:46:12,580 [WARN] PackLoader:240 - Cannot read IP mode file for wolfSSL.I-CUBE-wolfMQTT.1.19.0
2025-01-18 00:46:12,593 [WARN] PackLoader:240 - Cannot read IP mode file for WES.I-CUBE-Cesium.1.3.0
2025-01-18 00:46:12,604 [WARN] PackLoader:240 - Cannot read IP mode file for STMicroelectronics.X-CUBE-BLE2.3.3.0
2025-01-18 00:46:12,615 [WARN] PackLoader:240 - Cannot read IP mode file for STMicroelectronics.X-CUBE-NFC9.1.0.0
2025-01-18 00:46:12,629 [WARN] PackLoader:240 - Cannot read IP mode file for STMicroelectronics.X-CUBE-TCPP.4.1.0
2025-01-18 00:46:12,648 [WARN] PackLoader:240 - Cannot read IP mode file for STMicroelectronics.X-CUBE-AZRTOS-G0.1.1.0
2025-01-18 00:46:12,665 [WARN] PackLoader:240 - Cannot read IP mode file for STMicroelectronics.X-CUBE-SAFEA1.1.2.2
2025-01-18 00:46:12,678 [WARN] PackLoader:240 - Cannot read IP mode file for STMicroelectronics.X-CUBE-NFC4.3.0.0
2025-01-18 00:46:12,690 [WARN] PackLoader:240 - Cannot read IP mode file for EmbeddedOffice.I-CUBE-FS-RTOS.1.0.1
2025-01-18 00:46:12,701 [WARN] PackLoader:240 - Cannot read IP mode file for STMicroelectronics.X-CUBE-TCPP.4.2.0
2025-01-18 00:46:12,712 [WARN] PackLoader:240 - Cannot read IP mode file for RealThread.X-CUBE-RT-Thread_Nano.4.1.1
2025-01-18 00:46:12,721 [WARN] PackLoader:240 - Cannot read IP mode file for STMicroelectronics.FP-ATR-SIGFOX1.3.2.0
2025-01-18 00:46:12,730 [WARN] ConditionMgr:438 - getConditionDescription Invalid condition id : Cortex-A Device cause : null
2025-01-18 00:46:12,747 [WARN] ConditionMgr:1044 - genDependencies : Invalid condition id : Cortex-A Device cause : null
2025-01-18 00:46:12,747 [WARN] ConditionMgr:1044 - genDependencies : Invalid condition id : Cortex-A Device cause : null
2025-01-18 00:46:12,747 [WARN] ConditionMgr:1044 - genDependencies : Invalid condition id : Cortex-A Device cause : null
2025-01-18 00:46:12,758 [WARN] PackLoader:240 - Cannot read IP mode file for STMicroelectronics.X-CUBE-EEPRMA1.5.1.0
2025-01-18 00:46:12,768 [WARN] PackLoader:240 - Cannot read IP mode file for wolfSSL.I-CUBE-wolfSSL.5.7.4
2025-01-18 00:46:12,784 [WARN] PackLoader:240 - Cannot read IP mode file for ITTIA_DB.I-CUBE-ITTIADB.8.9.0
2025-01-18 00:46:12,813 [WARN] PackLoader:240 - Cannot read IP mode file for SEGGER.I-CUBE-embOS.1.3.1
2025-01-18 00:46:12,845 [WARN] PackLoader:240 - Cannot read IP mode file for STMicroelectronics.X-CUBE-ALGOBUILD.1.4.0
2025-01-18 00:46:12,858 [WARN] PackLoader:240 - Cannot read IP mode file for STMicroelectronics.X-CUBE-AI.9.1.0
2025-01-18 00:46:12,876 [WARN] PackLoader:240 - Cannot read IP mode file for STMicroelectronics.X-CUBE-AZRTOS-F4.1.1.0
2025-01-18 00:46:12,888 [WARN] PackLoader:240 - Cannot read IP mode file for STMicroelectronics.X-CUBE-ISPU.2.1.0
2025-01-18 00:46:12,899 [WARN] PackLoader:240 - Cannot read IP mode file for STMicroelectronics.X-CUBE-FREERTOS.1.2.0
2025-01-18 00:46:12,920 [WARN] PackLoader:240 - Cannot read IP mode file for STMicroelectronics.X-CUBE-AZRTOS-L5.2.0.0
2025-01-18 00:46:12,941 [WARN] PackLoader:240 - Cannot read IP mode file for STMicroelectronics.X-CUBE-NFC6.3.1.0
2025-01-18 00:46:12,964 [WARN] PackLoader:240 - Cannot read IP mode file for STMicroelectronics.X-CUBE-DPower.1.2.0
2025-01-18 00:46:12,978 [WARN] PackLoader:240 - Cannot read IP mode file for STMicroelectronics.X-CUBE-FREERTOS.1.3.0
2025-01-18 00:46:12,990 [WARN] PackLoader:240 - Cannot read IP mode file for STMicroelectronics.X-CUBE-NFC7.1.0.1
2025-01-18 00:46:13,012 [WARN] ConditionMgr:438 - getConditionDescription Invalid condition id : LAN8742 Phy interface Condition cause : null
2025-01-18 00:46:13,013 [WARN] PackLoader:240 - Cannot read IP mode file for STMicroelectronics.X-CUBE-AZRTOS-L4.2.0.0
2025-01-18 00:46:13,013 [WARN] ConditionMgr:1044 - genDependencies : Invalid condition id : LAN8742 Phy interface Condition cause : null
2025-01-18 00:46:13,013 [WARN] ConditionMgr:1044 - genDependencies : Invalid condition id : LAN8742 Phy interface Condition cause : null
2025-01-18 00:46:13,014 [WARN] ConditionMgr:1044 - genDependencies : Invalid condition id : LAN8742 Phy interface Condition cause : null
2025-01-18 00:46:13,026 [WARN] PackLoader:240 - Cannot read IP mode file for STMicroelectronics.X-CUBE-SFXS2LP1.4.0.0
2025-01-18 00:46:13,047 [WARN] PackLoader:240 - Cannot read IP mode file for STMicroelectronics.X-CUBE-AZRTOS-H7.3.3.0
2025-01-18 00:46:13,062 [WARN] PackLoader:240 - Cannot read IP mode file for STMicroelectronics.X-CUBE-IPS.3.0.0
2025-01-18 00:46:13,080 [WARN] ConditionMgr:438 - getConditionDescription Invalid condition id : UX DEVICE CLASS RTOS Condition cause : null
2025-01-18 00:46:13,080 [WARN] ConditionMgr:438 - getConditionDescription Invalid condition id : UX DEVICE CLASS RTOS Condition cause : null
2025-01-18 00:46:13,081 [WARN] PackLoader:240 - Cannot read IP mode file for STMicroelectronics.X-CUBE-AZRTOS-WB.2.0.0
2025-01-18 00:46:13,081 [WARN] ConditionMgr:1044 - genDependencies : Invalid condition id : UX DEVICE CLASS RTOS Condition cause : null
2025-01-18 00:46:13,081 [WARN] ConditionMgr:1044 - genDependencies : Invalid condition id : UX DEVICE CLASS RTOS Condition cause : null
2025-01-18 00:46:13,081 [WARN] ConditionMgr:1044 - genDependencies : Invalid condition id : UX DEVICE CLASS RTOS Condition cause : null
2025-01-18 00:46:13,081 [WARN] ConditionMgr:1044 - genDependencies : Invalid condition id : UX DEVICE CLASS RTOS Condition cause : null
2025-01-18 00:46:13,081 [WARN] ConditionMgr:1044 - genDependencies : Invalid condition id : UX DEVICE CLASS RTOS Condition cause : null
2025-01-18 00:46:13,092 [WARN] PackLoader:240 - Cannot read IP mode file for STMicroelectronics.X-CUBE-GNSS1.7.0.0
2025-01-18 00:46:13,107 [WARN] PackLoader:240 - Cannot read IP mode file for STMicroelectronics.X-CUBE-GNSS1.7.0.1
2025-01-18 00:46:13,119 [WARN] PackLoader:240 - Cannot read IP mode file for STMicroelectronics.FP-SNS-STBOX1.2.0.0
2025-01-18 00:46:13,133 [WARN] PackLoader:240 - Cannot read IP mode file for STMicroelectronics.X-CUBE-SUBG2.5.0.0
2025-01-18 00:46:13,149 [WARN] PackLoader:240 - Cannot read IP mode file for Cesanta.I-CUBE-Mongoose.7.13.0
2025-01-18 00:46:13,167 [WARN] PackLoader:240 - Cannot read IP mode file for STMicroelectronics.X-CUBE-AZRTOS-G4.2.0.0
2025-01-18 00:46:13,181 [WARN] PackLoader:240 - Cannot read IP mode file for STMicroelectronics.X-CUBE-IPS.3.1.0
2025-01-18 00:46:13,194 [WARN] PackLoader:240 - Cannot read IP mode file for STMicroelectronics.X-CUBE-ALS.1.0.2
2025-01-18 00:46:13,207 [WARN] PackLoader:240 - Cannot read IP mode file for STMicroelectronics.X-CUBE-TOUCHGFX.4.24.2
2025-01-18 00:46:13,216 [WARN] PackLoader:240 - Cannot read IP mode file for STMicroelectronics.X-CUBE-TOUCHGFX.4.24.1
2025-01-18 00:46:13,227 [WARN] PackLoader:240 - Cannot read IP mode file for wolfSSL.I-CUBE-wolfTPM.3.4.0
2025-01-18 00:46:13,239 [WARN] PackLoader:240 - Cannot read IP mode file for portGmbH.I-Cube-SoM-uGOAL.1.1.0
2025-01-18 00:46:13,262 [WARN] PackLoader:240 - Cannot read IP mode file for STMicroelectronics.X-CUBE-AZRTOS-H7RS.1.0.0
2025-01-18 00:46:13,276 [WARN] PackLoader:240 - Cannot read IP mode file for STMicroelectronics.X-CUBE-TOF1.3.4.2
2025-01-18 00:46:13,289 [WARN] PackLoader:240 - Cannot read IP mode file for wolfSSL.I-CUBE-wolfSSH.1.4.17
2025-01-18 00:46:13,290 [INFO] ThirdParty:978 - Integrity check success = true
2025-01-18 00:46:13,290 [INFO] IntegrityCheckThread:100 - exiting critical section [integrity check]
2025-01-18 00:46:13,290 [INFO] IntegrityCheckThread:103 - End integrity checks thread
