2025-01-17 00:10:47,522 [ERROR] LogOutputStream:75 - [STDERR_REDIRECT] 
2025-01-17 00:10:59,498 [INFO] Activator:176 - 


2025-01-17 00:10:59,499 [INFO] Activator:177 - !SESSION log4j initialized
2025-01-17 00:11:03,043 [INFO] LogOutputStream:77 - [STDOUT_REDIRECT] 
2025-01-17 00:11:04,051 [INFO] ApplicationProperties:184 - Using Application install path: D:\Program Files\STM32CubeIDE_1.17.0\STM32CubeIDE\plugins\com.st.stm32cube.common.mx_6.13.0.202411220809
2025-01-17 00:11:04,064 [INFO] DbMcusXml:78 - Set database path to: D:\Program Files\STM32CubeIDE_1.17.0\STM32CubeIDE\plugins\com.st.stm32cube.common.mx_6.13.0.202411220809\\db\/mcu/
2025-01-17 00:11:04,064 [INFO] ApiDb:274 - Set plugin database path to: D:\Program Files\STM32CubeIDE_1.17.0\STM32CubeIDE\plugins\com.st.stm32cube.common.mx_6.13.0.202411220809\\db\/plugins/boardmanager/
2025-01-17 00:11:04,065 [WARN] ApiDb:259 - Overriding images path with different value:  => D:\Program Files\STM32CubeIDE_1.17.0\STM32CubeIDE\plugins\com.st.stm32cube.common.mx_6.13.0.202411220809\\db\/plugins/mcufinder/images/
2025-01-17 00:11:04,073 [INFO] ApiDb:250 - Set database path to: C:\Users\Jinhy\.stmcufinder\plugins\mcufinder//mcu/
2025-01-17 00:11:04,074 [INFO] DbMcusAds:125 - Set database path to: C:\Users\Jinhy\.stmcufinder\plugins\mcufinder//mcu/
2025-01-17 00:11:04,075 [INFO] CrossReferenceDbSqlite:203 - Set database path to: C:\Users\Jinhy\.stmcufinder\plugins\mcufinder//mcu/cs/
2025-01-17 00:11:04,164 [INFO] RulesReader:64 - Compatibility file has been processed (297 Rules)
2025-01-17 00:11:04,229 [INFO] DbMcusXml:78 - Set database path to: D:\Program Files\STM32CubeIDE_1.17.0\STM32CubeIDE\plugins\com.st.stm32cube.common.mx_6.13.0.202411220809\\db\/mcu/
2025-01-17 00:11:04,229 [INFO] ApiDb:274 - Set plugin database path to: D:\Program Files\STM32CubeIDE_1.17.0\STM32CubeIDE\plugins\com.st.stm32cube.common.mx_6.13.0.202411220809\\db\/plugins/boardmanager/
2025-01-17 00:11:04,229 [INFO] ApiDb:261 - Set plugin images path to: D:\Program Files\STM32CubeIDE_1.17.0\STM32CubeIDE\plugins\com.st.stm32cube.common.mx_6.13.0.202411220809\\db\/plugins/mcufinder/images/
2025-01-17 00:11:04,229 [WARN] DbFile:41 - Overriding database path with different value: C:\Users\Jinhy\.stmcufinder\plugins\mcufinder/ => C:\Users\Jinhy\.stmcufinder\plugins\mcufinder
2025-01-17 00:11:04,229 [INFO] ApiDb:250 - Set database path to: C:\Users\Jinhy\.stmcufinder\plugins\mcufinder//mcu/
2025-01-17 00:11:04,229 [WARN] DbFile:41 - Overriding database path with different value: C:\Users\Jinhy\.stmcufinder\plugins\mcufinder/ => C:\Users\Jinhy\.stmcufinder\plugins\mcufinder
2025-01-17 00:11:04,229 [INFO] DbMcusAds:125 - Set database path to: C:\Users\Jinhy\.stmcufinder\plugins\mcufinder//mcu/
2025-01-17 00:11:04,229 [WARN] DbFile:41 - Overriding database path with different value: C:\Users\Jinhy\.stmcufinder\plugins\mcufinder/ => C:\Users\Jinhy\.stmcufinder\plugins\mcufinder
2025-01-17 00:11:04,229 [WARN] DbFile:41 - Overriding database path with different value: C:\Users\Jinhy\.stmcufinder\plugins\mcufinder/ => C:\Users\Jinhy\.stmcufinder\plugins\mcufinder
2025-01-17 00:11:04,230 [INFO] CrossReferenceDbSqlite:203 - Set database path to: C:\Users\Jinhy\.stmcufinder\plugins\mcufinder//mcu/cs/
2025-01-17 00:11:04,282 [INFO] MainPanel:272 - HeapMemory: 268435456
2025-01-17 00:11:04,369 [INFO] DbMcusXml:78 - Set database path to: D:\Program Files\STM32CubeIDE_1.17.0\STM32CubeIDE\plugins\com.st.stm32cube.common.mx_6.13.0.202411220809\\db\/mcu/
2025-01-17 00:11:04,370 [INFO] ApiDb:274 - Set plugin database path to: D:\Program Files\STM32CubeIDE_1.17.0\STM32CubeIDE\plugins\com.st.stm32cube.common.mx_6.13.0.202411220809\\db\/plugins/boardmanager/
2025-01-17 00:11:04,370 [INFO] ApiDb:261 - Set plugin images path to: D:\Program Files\STM32CubeIDE_1.17.0\STM32CubeIDE\plugins\com.st.stm32cube.common.mx_6.13.0.202411220809\\db\/plugins/mcufinder/images/
2025-01-17 00:11:04,370 [WARN] DbFile:41 - Overriding database path with different value: C:\Users\Jinhy\.stmcufinder\plugins\mcufinder/ => C:\Users\Jinhy\.stmcufinder\plugins\mcufinder
2025-01-17 00:11:04,371 [INFO] ApiDb:250 - Set database path to: C:\Users\Jinhy\.stmcufinder\plugins\mcufinder//mcu/
2025-01-17 00:11:04,371 [WARN] DbFile:41 - Overriding database path with different value: C:\Users\Jinhy\.stmcufinder\plugins\mcufinder/ => C:\Users\Jinhy\.stmcufinder\plugins\mcufinder
2025-01-17 00:11:04,371 [INFO] DbMcusAds:125 - Set database path to: C:\Users\Jinhy\.stmcufinder\plugins\mcufinder//mcu/
2025-01-17 00:11:04,371 [WARN] DbFile:41 - Overriding database path with different value: C:\Users\Jinhy\.stmcufinder\plugins\mcufinder/ => C:\Users\Jinhy\.stmcufinder\plugins\mcufinder
2025-01-17 00:11:04,371 [WARN] DbFile:41 - Overriding database path with different value: C:\Users\Jinhy\.stmcufinder\plugins\mcufinder/ => C:\Users\Jinhy\.stmcufinder\plugins\mcufinder
2025-01-17 00:11:04,371 [INFO] CrossReferenceDbSqlite:203 - Set database path to: C:\Users\Jinhy\.stmcufinder\plugins\mcufinder//mcu/cs/
2025-01-17 00:11:04,382 [INFO] ApplicationProperties:184 - Using Application install path: D:\Program Files\STM32CubeIDE_1.17.0\STM32CubeIDE\plugins\com.st.stm32cube.common.mx_6.13.0.202411220809
2025-01-17 00:11:04,383 [INFO] PluginManage:196 - Search for loadable plugins [exclusion list=, ]
2025-01-17 00:11:04,384 [INFO] PluginManage:310 - Check plugin analytics
2025-01-17 00:11:04,522 [INFO] AnalyticsPlugin:253 - Accepted Software Licenses: STM32CubeMX.6.13.0
2025-01-17 00:11:04,522 [INFO] AnalyticsPlugin:255 - Accepted CMSIS Pack Licenses: 
2025-01-17 00:11:04,522 [INFO] AnalyticsPlugin:257 - Accepted Firmware Licenses: 
2025-01-17 00:11:04,525 [INFO] PluginManage:359 - Loaded plugin analytics (category:tool,tabindex:-1)
2025-01-17 00:11:04,526 [INFO] PluginManage:310 - Check plugin cadmodel
2025-01-17 00:11:04,529 [INFO] CADModel:105 - Init CAD model plugin
2025-01-17 00:11:04,529 [INFO] PluginManage:359 - Loaded plugin cadmodel (category:power,tabindex:5)
2025-01-17 00:11:04,529 [INFO] PluginManage:310 - Check plugin clock
2025-01-17 00:11:04,536 [INFO] PluginManage:359 - Loaded plugin clock (category:base,tabindex:2)
2025-01-17 00:11:04,536 [INFO] PluginManage:310 - Check plugin ddr
2025-01-17 00:11:04,538 [INFO] PluginManage:359 - Loaded plugin ddr (category:tool,tabindex:6)
2025-01-17 00:11:04,538 [INFO] PluginManage:310 - Check plugin filemanager
2025-01-17 00:11:04,648 [INFO] PluginManage:359 - Loaded plugin filemanager (category:base,tabindex:10)
2025-01-17 00:11:04,648 [INFO] PluginManage:310 - Check plugin ipmanager
2025-01-17 00:11:04,652 [INFO] PluginManage:359 - Loaded plugin ipmanager (category:base,tabindex:5)
2025-01-17 00:11:04,652 [INFO] PluginManage:310 - Check plugin lpbam
2025-01-17 00:11:04,658 [INFO] PluginManage:359 - Loaded plugin lpbam (category:base,tabindex:0)
2025-01-17 00:11:04,658 [INFO] PluginManage:310 - Check plugin memorymap
2025-01-17 00:11:04,667 [INFO] PluginManage:359 - Loaded plugin memorymap (category:base,tabindex:4)
2025-01-17 00:11:04,667 [INFO] PluginManage:310 - Check plugin pinoutandconfiguration
2025-01-17 00:11:04,671 [INFO] PluginManage:359 - Loaded plugin pinoutandconfiguration (category:base,tabindex:1)
2025-01-17 00:11:04,671 [INFO] PluginManage:310 - Check plugin pinoutconfig
2025-01-17 00:11:04,729 [WARN] SupportedApi:132 - Cannot load RTOS API schema: s4s-elt-must-match.1: The content of 'definitions' must match (annotation?, (simpleType | complexType)?, (unique | key | keyref)*)). A problem was found starting at: attribute.
2025-01-17 00:11:04,841 [INFO] PluginManage:359 - Loaded plugin pinoutconfig (category:base,tabindex:0)
2025-01-17 00:11:04,841 [INFO] PluginManage:310 - Check plugin power
2025-01-17 00:11:04,850 [INFO] PluginManage:359 - Loaded plugin power (category:power,tabindex:4)
2025-01-17 00:11:04,850 [INFO] PluginManage:310 - Check plugin projectmanager
2025-01-17 00:11:04,865 [INFO] PluginManage:359 - Loaded plugin projectmanager (category:projectmanager,tabindex:4)
2025-01-17 00:11:04,865 [INFO] PluginManage:310 - Check plugin rif
2025-01-17 00:11:04,872 [INFO] PluginManage:359 - Loaded plugin rif (category:base,tabindex:3)
2025-01-17 00:11:04,872 [INFO] PluginManage:310 - Check plugin thirdparty
2025-01-17 00:11:04,973 [WARN] IntegrityCheckThread:84 - waiting for thirdparty lock release [integrity check]
2025-01-17 00:11:04,973 [INFO] IntegrityCheckThread:86 - entering critical section [integrity check]
2025-01-17 00:11:04,974 [INFO] ThirdPartyUpdaterWithRetryManager:70 - Updater plugin not ready yet. [1/15]
2025-01-17 00:11:04,974 [INFO] PluginManage:359 - Loaded plugin thirdparty (category:base,tabindex:-1)
2025-01-17 00:11:04,974 [INFO] PluginManage:310 - Check plugin tools
2025-01-17 00:11:04,977 [INFO] PluginManage:359 - Loaded plugin tools (category:base,tabindex:7)
2025-01-17 00:11:04,977 [INFO] PluginManage:310 - Check plugin tutovideos
2025-01-17 00:11:05,083 [INFO] PluginManage:359 - Loaded plugin tutovideos (category:base,tabindex:-1)
2025-01-17 00:11:05,083 [INFO] PluginManage:310 - Check plugin updater
2025-01-17 00:11:05,098 [INFO] PluginManage:359 - Loaded plugin updater (category:base,tabindex:12)
2025-01-17 00:11:05,098 [INFO] PluginManage:310 - Check plugin userauth
2025-01-17 00:11:05,101 [INFO] UserAuth:118 - Init User Auth plugin
2025-01-17 00:11:05,101 [INFO] PluginManage:359 - Loaded plugin userauth (category:base,tabindex:14)
2025-01-17 00:11:05,101 [INFO] PluginManage:283 - PluginManage : Loaded plugins [18]
2025-01-17 00:11:05,240 [INFO] PinOutPanel:1589 - setPackage(No Configuration,No Configuration)
2025-01-17 00:11:05,300 [INFO] CADModel:165 - CPN selected for project level
2025-01-17 00:11:05,300 [INFO] CADModel:114 - Register for checkConnection events
2025-01-17 00:11:05,316 [INFO] IPUIPlugin:80 - create IPUIPlugin
2025-01-17 00:11:05,317 [INFO] PluginManager:220 - loadIPPluginJar : add adc
2025-01-17 00:11:05,319 [INFO] IPUIPlugin:80 - create IPUIPlugin
2025-01-17 00:11:05,319 [INFO] PluginManager:220 - loadIPPluginJar : add aes
2025-01-17 00:11:05,322 [INFO] IPUIPlugin:80 - create IPUIPlugin
2025-01-17 00:11:05,322 [INFO] PluginManager:220 - loadIPPluginJar : add can
2025-01-17 00:11:05,324 [INFO] IPUIPlugin:80 - create IPUIPlugin
2025-01-17 00:11:05,324 [INFO] PluginManager:220 - loadIPPluginJar : add comp
2025-01-17 00:11:05,326 [INFO] IPUIPlugin:80 - create IPUIPlugin
2025-01-17 00:11:05,326 [INFO] PluginManager:220 - loadIPPluginJar : add cryp
2025-01-17 00:11:05,329 [INFO] IPUIPlugin:80 - create IPUIPlugin
2025-01-17 00:11:05,330 [INFO] PluginManager:220 - loadIPPluginJar : add ddr_ctrl_phy
2025-01-17 00:11:05,331 [INFO] IPUIPlugin:80 - create IPUIPlugin
2025-01-17 00:11:05,331 [INFO] PluginManager:220 - loadIPPluginJar : add dfsdm
2025-01-17 00:11:05,336 [INFO] IPUIPlugin:80 - create IPUIPlugin
2025-01-17 00:11:05,336 [INFO] PluginManager:220 - loadIPPluginJar : add dma
2025-01-17 00:11:05,337 [INFO] IPUIPlugin:80 - create IPUIPlugin
2025-01-17 00:11:05,337 [INFO] PluginManager:220 - loadIPPluginJar : add dma3
2025-01-17 00:11:05,340 [INFO] IPUIPlugin:80 - create IPUIPlugin
2025-01-17 00:11:05,340 [INFO] PluginManager:220 - loadIPPluginJar : add extmemmanager
2025-01-17 00:11:05,341 [INFO] IPUIPlugin:80 - create IPUIPlugin
2025-01-17 00:11:05,341 [INFO] PluginManager:220 - loadIPPluginJar : add fatfs
2025-01-17 00:11:05,344 [INFO] IPUIPlugin:80 - create IPUIPlugin
2025-01-17 00:11:05,344 [INFO] PluginManager:220 - loadIPPluginJar : add fmc
2025-01-17 00:11:05,349 [INFO] IPUIPlugin:80 - create IPUIPlugin
2025-01-17 00:11:05,349 [INFO] PluginManager:220 - loadIPPluginJar : add freertos
2025-01-17 00:11:05,350 [INFO] IPUIPlugin:80 - create IPUIPlugin
2025-01-17 00:11:05,350 [INFO] PluginManager:220 - loadIPPluginJar : add genericplugin
2025-01-17 00:11:05,351 [INFO] IPUIPlugin:80 - create IPUIPlugin
2025-01-17 00:11:05,351 [INFO] PluginManager:220 - loadIPPluginJar : add gfxmmu
2025-01-17 00:11:05,355 [INFO] IPUIPlugin:80 - create IPUIPlugin
2025-01-17 00:11:05,355 [INFO] PluginManager:220 - loadIPPluginJar : add gic
2025-01-17 00:11:05,357 [INFO] IPUIPlugin:80 - create IPUIPlugin
2025-01-17 00:11:05,357 [INFO] PluginManager:220 - loadIPPluginJar : add gpio
2025-01-17 00:11:05,358 [INFO] IPUIPlugin:80 - create IPUIPlugin
2025-01-17 00:11:05,358 [INFO] PluginManager:220 - loadIPPluginJar : add gtzc
2025-01-17 00:11:05,358 [INFO] IPUIPlugin:80 - create IPUIPlugin
2025-01-17 00:11:05,360 [INFO] PluginManager:220 - loadIPPluginJar : add hash
2025-01-17 00:11:05,362 [INFO] IPUIPlugin:80 - create IPUIPlugin
2025-01-17 00:11:05,362 [INFO] PluginManager:220 - loadIPPluginJar : add i2c
2025-01-17 00:11:05,363 [INFO] IPUIPlugin:80 - create IPUIPlugin
2025-01-17 00:11:05,363 [INFO] PluginManager:220 - loadIPPluginJar : add i2s
2025-01-17 00:11:05,365 [INFO] IPUIPlugin:80 - create IPUIPlugin
2025-01-17 00:11:05,365 [INFO] PluginManager:220 - loadIPPluginJar : add i3c
2025-01-17 00:11:05,367 [INFO] IPUIPlugin:80 - create IPUIPlugin
2025-01-17 00:11:05,367 [INFO] PluginManager:220 - loadIPPluginJar : add ipddr
2025-01-17 00:11:05,372 [INFO] IPUIPlugin:80 - create IPUIPlugin
2025-01-17 00:11:05,372 [INFO] PluginManager:220 - loadIPPluginJar : add linkedlist
2025-01-17 00:11:05,375 [INFO] IPUIPlugin:80 - create IPUIPlugin
2025-01-17 00:11:05,375 [INFO] PluginManager:220 - loadIPPluginJar : add lorawan
2025-01-17 00:11:05,376 [INFO] IPUIPlugin:80 - create IPUIPlugin
2025-01-17 00:11:05,376 [INFO] PluginManager:220 - loadIPPluginJar : add ltdc
2025-01-17 00:11:05,379 [INFO] IPUIPlugin:80 - create IPUIPlugin
2025-01-17 00:11:05,379 [INFO] PluginManager:220 - loadIPPluginJar : add mdma
2025-01-17 00:11:05,381 [INFO] IPUIPlugin:80 - create IPUIPlugin
2025-01-17 00:11:05,381 [INFO] PluginManager:220 - loadIPPluginJar : add nvic
2025-01-17 00:11:05,382 [INFO] IPUIPlugin:80 - create IPUIPlugin
2025-01-17 00:11:05,382 [INFO] PluginManager:220 - loadIPPluginJar : add opamp
2025-01-17 00:11:05,385 [INFO] IPUIPlugin:80 - create IPUIPlugin
2025-01-17 00:11:05,385 [INFO] PluginManager:220 - loadIPPluginJar : add openamp
2025-01-17 00:11:05,389 [INFO] IPUIPlugin:80 - create IPUIPlugin
2025-01-17 00:11:05,389 [INFO] PluginManager:220 - loadIPPluginJar : add pdm2pcm
2025-01-17 00:11:05,392 [INFO] IPUIPlugin:80 - create IPUIPlugin
2025-01-17 00:11:05,394 [INFO] PluginManager:220 - loadIPPluginJar : add plateformsettings
2025-01-17 00:11:05,395 [INFO] IPUIPlugin:80 - create IPUIPlugin
2025-01-17 00:11:05,395 [INFO] PluginManager:220 - loadIPPluginJar : add quadspi
2025-01-17 00:11:05,396 [INFO] IPUIPlugin:80 - create IPUIPlugin
2025-01-17 00:11:05,396 [INFO] PluginManager:220 - loadIPPluginJar : add radio
2025-01-17 00:11:05,398 [INFO] IPUIPlugin:80 - create IPUIPlugin
2025-01-17 00:11:05,398 [INFO] PluginManager:220 - loadIPPluginJar : add resmgrutility
2025-01-17 00:11:05,400 [INFO] IPUIPlugin:80 - create IPUIPlugin
2025-01-17 00:11:05,400 [INFO] PluginManager:220 - loadIPPluginJar : add sai
2025-01-17 00:11:05,401 [INFO] IPUIPlugin:80 - create IPUIPlugin
2025-01-17 00:11:05,402 [INFO] PluginManager:220 - loadIPPluginJar : add spi
2025-01-17 00:11:05,405 [INFO] IPUIPlugin:80 - create IPUIPlugin
2025-01-17 00:11:05,405 [INFO] PluginManager:220 - loadIPPluginJar : add stm32_wpan
2025-01-17 00:11:05,406 [INFO] IPUIPlugin:80 - create IPUIPlugin
2025-01-17 00:11:05,406 [INFO] PluginManager:220 - loadIPPluginJar : add tim
2025-01-17 00:11:05,408 [INFO] IPUIPlugin:80 - create IPUIPlugin
2025-01-17 00:11:05,408 [INFO] PluginManager:220 - loadIPPluginJar : add touchsensing
2025-01-17 00:11:05,410 [INFO] IPUIPlugin:80 - create IPUIPlugin
2025-01-17 00:11:05,410 [INFO] PluginManager:220 - loadIPPluginJar : add tracer_emb
2025-01-17 00:11:05,412 [INFO] IPUIPlugin:80 - create IPUIPlugin
2025-01-17 00:11:05,412 [INFO] PluginManager:220 - loadIPPluginJar : add ts
2025-01-17 00:11:05,414 [INFO] IPUIPlugin:80 - create IPUIPlugin
2025-01-17 00:11:05,414 [INFO] PluginManager:220 - loadIPPluginJar : add tsc
2025-01-17 00:11:05,416 [INFO] IPUIPlugin:80 - create IPUIPlugin
2025-01-17 00:11:05,416 [INFO] PluginManager:220 - loadIPPluginJar : add ucpd
2025-01-17 00:11:05,418 [INFO] IPUIPlugin:80 - create IPUIPlugin
2025-01-17 00:11:05,418 [INFO] PluginManager:220 - loadIPPluginJar : add usart
2025-01-17 00:11:05,420 [INFO] IPUIPlugin:80 - create IPUIPlugin
2025-01-17 00:11:05,420 [INFO] PluginManager:220 - loadIPPluginJar : add usbx
2025-01-17 00:11:05,528 [FATAL] Updater:351 - Updater called before beeing initialized
2025-01-17 00:11:05,547 [INFO] RulesReader:64 - Compatibility file has been processed (297 Rules)
2025-01-17 00:11:05,557 [INFO] RulesReader:64 - Compatibility file has been processed (297 Rules)
2025-01-17 00:11:05,566 [INFO] CADModel:165 - CPN selected for project level
2025-01-17 00:11:05,566 [INFO] CADModel:114 - Register for checkConnection events
2025-01-17 00:11:05,566 [FATAL] Updater:351 - Updater called before beeing initialized
2025-01-17 00:11:05,566 [ERROR] CADModel:125 - Updater not yet initialized, retry later 
2025-01-17 00:11:05,669 [FATAL] Updater:351 - Updater called before beeing initialized
2025-01-17 00:11:05,671 [INFO] CADModel:165 - CPN selected for project level
2025-01-17 00:11:05,671 [INFO] CADModel:114 - Register for checkConnection events
2025-01-17 00:11:05,671 [FATAL] Updater:351 - Updater called before beeing initialized
2025-01-17 00:11:05,671 [ERROR] CADModel:125 - Updater not yet initialized, retry later 
2025-01-17 00:11:05,673 [FATAL] Updater:351 - Updater called before beeing initialized
2025-01-17 00:11:05,755 [FATAL] Updater:351 - Updater called before beeing initialized
2025-01-17 00:11:05,764 [INFO] DbMcusAds:53 - JSON generation date=Wed Dec 18 01:01:15 KST 2024 (1734451275230)
2025-01-17 00:11:05,764 [FATAL] Updater:351 - Updater called before beeing initialized
2025-01-17 00:11:05,786 [WARN] DetailPanel:346 - Failed to get advertising image, set to default
2025-01-17 00:11:05,931 [FATAL] Updater:351 - Updater called before beeing initialized
2025-01-17 00:11:05,932 [FATAL] Updater:351 - Updater called before beeing initialized
2025-01-17 00:11:05,932 [FATAL] Updater:351 - Updater called before beeing initialized
2025-01-17 00:11:05,933 [WARN] DetailPanel:346 - Failed to get advertising image, set to default
2025-01-17 00:11:05,934 [FATAL] Updater:351 - Updater called before beeing initialized
2025-01-17 00:11:05,990 [ERROR] Updater:1198 - MainUpdater not yet initialized. External WinMGr cannot be set.
2025-01-17 00:11:05,996 [INFO] Updater:1134 - Updater Version found : 6.13.0
2025-01-17 00:11:06,021 [INFO] ApplicationProperties:184 - Using Application install path: D:\Program Files\STM32CubeIDE_1.17.0\STM32CubeIDE\plugins\com.st.stm32cube.common.mx_6.13.0.202411220809
2025-01-17 00:11:07,601 [ERROR] LogOutputStream:75 - [STDERR_REDIRECT] Jan 17, 2025 12:11:07 AM java.util.prefs.WindowsPreferences <init>
2025-01-17 00:11:07,602 [ERROR] LogOutputStream:75 - [STDERR_REDIRECT] WARNING: Could not open/create prefs root node Software\JavaSoft\Prefs at root 0xffffffff80000002. Windows RegCreateKeyEx(...) returned error code 5.
2025-01-17 00:11:07,602 [ERROR] LogOutputStream:75 - [STDERR_REDIRECT] 
2025-01-17 00:11:07,974 [INFO] ThirdPartyUpdaterWithRetryManager:70 - Updater plugin not ready yet. [2/15]
2025-01-17 00:11:07,991 [INFO] MainUpdater:2872 - connection check result : 10
2025-01-17 00:11:07,991 [INFO] MainUpdater:289 - Updater Check For Update Now.
2025-01-17 00:11:07,991 [INFO] MicroXplorer:498 - Change Database Version : DB.6.0.130
2025-01-17 00:11:08,007 [INFO] McuFinderGlobals:63 - Set McuFinder mode to 2 (CubeIDE integrated)
2025-01-17 00:11:08,008 [INFO] UserAuth:486 - Internet connection configuration mode: 1
2025-01-17 00:11:08,039 [INFO] JxBrowserEngine:152 - Initiate JxBrowser Engine with user profile folder
2025-01-17 00:11:08,160 [INFO] CheckServerUpdateThread:120 - End of CheckServer Thread
2025-01-17 00:11:08,682 [INFO] WebApp:168 - Instantiating new browser for Auth
2025-01-17 00:11:09,182 [INFO] WebApp:449 - Apply proxy settings
2025-01-17 00:11:09,183 [INFO] WebApp:534 - Chromium requires no authentication
2025-01-17 00:11:09,190 [INFO] WebApp:477 - Direct internet connection detected
2025-01-17 00:11:09,208 [INFO] WebApp:880 - Register for checkConnection events
2025-01-17 00:11:09,208 [INFO] WebApp:449 - Apply proxy settings
2025-01-17 00:11:09,208 [INFO] WebApp:534 - Chromium requires no authentication
2025-01-17 00:11:09,208 [INFO] WebApp:477 - Direct internet connection detected
2025-01-17 00:11:09,318 [INFO] WebApp:221 - Starting web application
2025-01-17 00:11:09,318 [INFO] WebApp:579 - Web application path used D:\Program Files\STM32CubeIDE_1.17.0\STM32CubeIDE\plugins\com.st.stm32cube.common.mx_6.13.0.202411220809\db\plugins\mcufinder\reactClient1\index.html
2025-01-17 00:11:09,378 [INFO] UserAuth:486 - Internet connection configuration mode: 1
2025-01-17 00:11:09,613 [INFO] WebApp:187 - Connection restablished
2025-01-17 00:11:11,088 [WARN] PackLoader:240 - Cannot read IP mode file for STMicroelectronics.FP-SNS-MOTENVWB1.1.4.0
2025-01-17 00:11:11,097 [WARN] PackLoader:240 - Cannot read IP mode file for STMicroelectronics.FP-ATR-ASTRA1.2.0.1
2025-01-17 00:11:11,102 [WARN] PackLoader:240 - Cannot read IP mode file for STMicroelectronics.X-CUBE-SMBUS.2.1.0
2025-01-17 00:11:11,107 [WARN] PackLoader:240 - Cannot read IP mode file for STMicroelectronics.X-CUBE-WB05N.1.1.0
2025-01-17 00:11:11,129 [WARN] PackLoader:240 - Cannot read IP mode file for STMicroelectronics.X-CUBE-AZRTOS-F7.1.1.0
2025-01-17 00:11:11,168 [WARN] PackLoader:240 - Cannot read IP mode file for STMicroelectronics.X-CUBE-MEMS1.11.0.0
2025-01-17 00:11:11,259 [WARN] PackLoader:240 - Cannot read IP mode file for STMicroelectronics.FP-SNS-FLIGHT1.5.0.2
2025-01-17 00:11:11,297 [WARN] PackLoader:240 - Cannot read IP mode file for Infineon.AIROC-Wi-Fi-Bluetooth-STM32.1.7.0
2025-01-17 00:11:11,305 [WARN] PackLoader:240 - Cannot read IP mode file for STMicroelectronics.X-CUBE-DISPLAY.3.0.0
2025-01-17 00:11:11,310 [WARN] PackLoader:240 - Cannot read IP mode file for STMicroelectronics.X-CUBE-BLE1.7.0.0
2025-01-17 00:11:11,313 [WARN] PackLoader:240 - Cannot read IP mode file for STMicroelectronics.X-CUBE-NFC10.1.0.0
2025-01-17 00:11:11,319 [WARN] PackLoader:240 - Cannot read IP mode file for STMicroelectronics.X-CUBE-BLEMGR.4.0.0
2025-01-17 00:11:11,324 [WARN] PackLoader:240 - Cannot read IP mode file for emotas.I-CUBE-CANOPEN.1.3.0
2025-01-17 00:11:11,328 [WARN] PackLoader:240 - Cannot read IP mode file for STMicroelectronics.X-CUBE-BLEMGR.3.1.0
2025-01-17 00:11:11,332 [WARN] PackLoader:240 - Cannot read IP mode file for STMicroelectronics.FP-SNS-SMARTAG2.1.2.0
2025-01-17 00:11:11,356 [WARN] PackLoader:240 - Cannot read IP mode file for STMicroelectronics.X-CUBE-MEMS1.11.1.0
2025-01-17 00:11:11,438 [INFO] LogOutputStream:77 - [STDOUT_REDIRECT] 1 : Invalid condition id : UX_CORESTACK_Condition cause : null
2025-01-17 00:11:11,439 [INFO] LogOutputStream:77 - [STDOUT_REDIRECT] 1 : Invalid condition id : UX_CORESTACK_Condition cause : null
2025-01-17 00:11:11,440 [INFO] LogOutputStream:77 - [STDOUT_REDIRECT] 1 : Invalid condition id : UX_CORESTACK_Condition cause : null
2025-01-17 00:11:11,441 [INFO] LogOutputStream:77 - [STDOUT_REDIRECT] 1 : Invalid condition id : UX_CORESTACK_Condition cause : null
2025-01-17 00:11:11,441 [INFO] LogOutputStream:77 - [STDOUT_REDIRECT] 1 : Invalid condition id : UX_CORESTACK_Condition cause : null
2025-01-17 00:11:11,444 [WARN] PackLoader:240 - Cannot read IP mode file for STMicroelectronics.X-CUBE-AZRTOS-WL.2.0.0
2025-01-17 00:11:11,448 [WARN] PackLoader:240 - Cannot read IP mode file for STMicroelectronics.FP-SNS-MOTENV1.5.0.0
2025-01-17 00:11:11,450 [WARN] PackLoader:240 - Cannot read IP mode file for wolfSSL.I-CUBE-wolfMQTT.1.19.0
2025-01-17 00:11:11,458 [WARN] PackLoader:240 - Cannot read IP mode file for WES.I-CUBE-Cesium.1.3.0
2025-01-17 00:11:11,460 [WARN] PackLoader:240 - Cannot read IP mode file for STMicroelectronics.X-CUBE-BLE2.3.3.0
2025-01-17 00:11:11,463 [WARN] PackLoader:240 - Cannot read IP mode file for STMicroelectronics.X-CUBE-NFC9.1.0.0
2025-01-17 00:11:11,466 [WARN] PackLoader:240 - Cannot read IP mode file for STMicroelectronics.X-CUBE-TCPP.4.1.0
2025-01-17 00:11:11,473 [WARN] PackLoader:240 - Cannot read IP mode file for STMicroelectronics.X-CUBE-AZRTOS-G0.1.1.0
2025-01-17 00:11:11,477 [WARN] PackLoader:240 - Cannot read IP mode file for STMicroelectronics.X-CUBE-SAFEA1.1.2.2
2025-01-17 00:11:11,480 [WARN] PackLoader:240 - Cannot read IP mode file for STMicroelectronics.X-CUBE-NFC4.3.0.0
2025-01-17 00:11:11,487 [WARN] PackLoader:240 - Cannot read IP mode file for EmbeddedOffice.I-CUBE-FS-RTOS.1.0.1
2025-01-17 00:11:11,491 [WARN] PackLoader:240 - Cannot read IP mode file for STMicroelectronics.X-CUBE-TCPP.4.2.0
2025-01-17 00:11:11,501 [WARN] PackLoader:240 - Cannot read IP mode file for RealThread.X-CUBE-RT-Thread_Nano.4.1.1
2025-01-17 00:11:11,505 [WARN] PackLoader:240 - Cannot read IP mode file for STMicroelectronics.FP-ATR-SIGFOX1.3.2.0
2025-01-17 00:11:11,507 [WARN] ConditionMgr:438 - getConditionDescription Invalid condition id : Cortex-A Device cause : null
2025-01-17 00:11:11,528 [WARN] ConditionMgr:1044 - genDependencies : Invalid condition id : Cortex-A Device cause : null
2025-01-17 00:11:11,528 [WARN] ConditionMgr:1044 - genDependencies : Invalid condition id : Cortex-A Device cause : null
2025-01-17 00:11:11,528 [WARN] ConditionMgr:1044 - genDependencies : Invalid condition id : Cortex-A Device cause : null
2025-01-17 00:11:11,531 [WARN] PackLoader:240 - Cannot read IP mode file for STMicroelectronics.X-CUBE-EEPRMA1.5.1.0
2025-01-17 00:11:11,534 [WARN] PackLoader:240 - Cannot read IP mode file for wolfSSL.I-CUBE-wolfSSL.5.7.4
2025-01-17 00:11:11,538 [WARN] PackLoader:240 - Cannot read IP mode file for ITTIA_DB.I-CUBE-ITTIADB.8.9.0
2025-01-17 00:11:11,554 [WARN] PackLoader:240 - Cannot read IP mode file for SEGGER.I-CUBE-embOS.1.3.1
2025-01-17 00:11:11,571 [WARN] PackLoader:240 - Cannot read IP mode file for STMicroelectronics.X-CUBE-ALGOBUILD.1.4.0
2025-01-17 00:11:11,574 [WARN] PackLoader:240 - Cannot read IP mode file for STMicroelectronics.X-CUBE-AI.9.1.0
2025-01-17 00:11:11,583 [WARN] PackLoader:240 - Cannot read IP mode file for STMicroelectronics.X-CUBE-AZRTOS-F4.1.1.0
2025-01-17 00:11:11,586 [WARN] PackLoader:240 - Cannot read IP mode file for STMicroelectronics.X-CUBE-ISPU.2.1.0
2025-01-17 00:11:11,588 [WARN] PackLoader:240 - Cannot read IP mode file for STMicroelectronics.X-CUBE-FREERTOS.1.2.0
2025-01-17 00:11:11,598 [WARN] PackLoader:240 - Cannot read IP mode file for STMicroelectronics.X-CUBE-AZRTOS-L5.2.0.0
2025-01-17 00:11:11,604 [WARN] PackLoader:240 - Cannot read IP mode file for STMicroelectronics.X-CUBE-NFC6.3.1.0
2025-01-17 00:11:11,609 [WARN] PackLoader:240 - Cannot read IP mode file for STMicroelectronics.X-CUBE-DPower.1.2.0
2025-01-17 00:11:11,612 [WARN] PackLoader:240 - Cannot read IP mode file for STMicroelectronics.X-CUBE-FREERTOS.1.3.0
2025-01-17 00:11:11,614 [WARN] PackLoader:240 - Cannot read IP mode file for STMicroelectronics.X-CUBE-NFC7.1.0.1
2025-01-17 00:11:11,624 [WARN] ConditionMgr:438 - getConditionDescription Invalid condition id : LAN8742 Phy interface Condition cause : null
2025-01-17 00:11:11,625 [WARN] PackLoader:240 - Cannot read IP mode file for STMicroelectronics.X-CUBE-AZRTOS-L4.2.0.0
2025-01-17 00:11:11,625 [WARN] ConditionMgr:1044 - genDependencies : Invalid condition id : LAN8742 Phy interface Condition cause : null
2025-01-17 00:11:11,625 [WARN] ConditionMgr:1044 - genDependencies : Invalid condition id : LAN8742 Phy interface Condition cause : null
2025-01-17 00:11:11,625 [WARN] ConditionMgr:1044 - genDependencies : Invalid condition id : LAN8742 Phy interface Condition cause : null
2025-01-17 00:11:11,629 [WARN] PackLoader:240 - Cannot read IP mode file for STMicroelectronics.X-CUBE-SFXS2LP1.4.0.0
2025-01-17 00:11:11,640 [WARN] PackLoader:240 - Cannot read IP mode file for STMicroelectronics.X-CUBE-AZRTOS-H7.3.3.0
2025-01-17 00:11:11,653 [WARN] PackLoader:240 - Cannot read IP mode file for STMicroelectronics.X-CUBE-IPS.3.0.0
2025-01-17 00:11:11,664 [WARN] ConditionMgr:438 - getConditionDescription Invalid condition id : UX DEVICE CLASS RTOS Condition cause : null
2025-01-17 00:11:11,664 [WARN] ConditionMgr:438 - getConditionDescription Invalid condition id : UX DEVICE CLASS RTOS Condition cause : null
2025-01-17 00:11:11,675 [WARN] PackLoader:240 - Cannot read IP mode file for STMicroelectronics.X-CUBE-AZRTOS-WB.2.0.0
2025-01-17 00:11:11,675 [WARN] ConditionMgr:1044 - genDependencies : Invalid condition id : UX DEVICE CLASS RTOS Condition cause : null
2025-01-17 00:11:11,675 [WARN] ConditionMgr:1044 - genDependencies : Invalid condition id : UX DEVICE CLASS RTOS Condition cause : null
2025-01-17 00:11:11,676 [WARN] ConditionMgr:1044 - genDependencies : Invalid condition id : UX DEVICE CLASS RTOS Condition cause : null
2025-01-17 00:11:11,676 [WARN] ConditionMgr:1044 - genDependencies : Invalid condition id : UX DEVICE CLASS RTOS Condition cause : null
2025-01-17 00:11:11,676 [WARN] ConditionMgr:1044 - genDependencies : Invalid condition id : UX DEVICE CLASS RTOS Condition cause : null
2025-01-17 00:11:11,681 [WARN] PackLoader:240 - Cannot read IP mode file for STMicroelectronics.X-CUBE-GNSS1.7.0.0
2025-01-17 00:11:11,686 [WARN] PackLoader:240 - Cannot read IP mode file for STMicroelectronics.X-CUBE-GNSS1.7.0.1
2025-01-17 00:11:11,692 [WARN] PackLoader:240 - Cannot read IP mode file for STMicroelectronics.FP-SNS-STBOX1.2.0.0
2025-01-17 00:11:11,699 [WARN] PackLoader:240 - Cannot read IP mode file for STMicroelectronics.X-CUBE-SUBG2.5.0.0
2025-01-17 00:11:11,704 [WARN] PackLoader:240 - Cannot read IP mode file for Cesanta.I-CUBE-Mongoose.7.13.0
2025-01-17 00:11:11,711 [WARN] PackLoader:240 - Cannot read IP mode file for STMicroelectronics.X-CUBE-AZRTOS-G4.2.0.0
2025-01-17 00:11:11,718 [WARN] PackLoader:240 - Cannot read IP mode file for STMicroelectronics.X-CUBE-IPS.3.1.0
2025-01-17 00:11:11,724 [WARN] PackLoader:240 - Cannot read IP mode file for STMicroelectronics.X-CUBE-ALS.1.0.2
2025-01-17 00:11:11,731 [WARN] PackLoader:240 - Cannot read IP mode file for STMicroelectronics.X-CUBE-TOUCHGFX.4.24.2
2025-01-17 00:11:11,733 [WARN] PackLoader:240 - Cannot read IP mode file for STMicroelectronics.X-CUBE-TOUCHGFX.4.24.1
2025-01-17 00:11:11,734 [WARN] PackLoader:240 - Cannot read IP mode file for wolfSSL.I-CUBE-wolfTPM.3.4.0
2025-01-17 00:11:11,738 [WARN] PackLoader:240 - Cannot read IP mode file for portGmbH.I-Cube-SoM-uGOAL.1.1.0
2025-01-17 00:11:11,745 [WARN] PackLoader:240 - Cannot read IP mode file for STMicroelectronics.X-CUBE-AZRTOS-H7RS.1.0.0
2025-01-17 00:11:11,753 [WARN] PackLoader:240 - Cannot read IP mode file for STMicroelectronics.X-CUBE-TOF1.3.4.2
2025-01-17 00:11:11,761 [WARN] PackLoader:240 - Cannot read IP mode file for wolfSSL.I-CUBE-wolfSSH.1.4.17
2025-01-17 00:11:11,761 [INFO] ThirdParty:978 - Integrity check success = true
2025-01-17 00:11:11,761 [INFO] IntegrityCheckThread:100 - exiting critical section [integrity check]
2025-01-17 00:11:11,761 [INFO] IntegrityCheckThread:103 - End integrity checks thread
2025-01-17 01:25:47,765 [ERROR] LogOutputStream:75 - [STDERR_REDIRECT] 
2025-01-17 01:40:52,277 [INFO] Activator:176 - 


2025-01-17 01:40:52,279 [INFO] Activator:177 - !SESSION log4j initialized
2025-01-17 01:40:58,147 [INFO] LogOutputStream:77 - [STDOUT_REDIRECT] 
2025-01-17 01:41:01,599 [INFO] ApplicationProperties:184 - Using Application install path: D:\Program Files\STM32CubeIDE_1.17.0\STM32CubeIDE\plugins\com.st.stm32cube.common.mx_6.13.0.202411220809
2025-01-17 01:41:01,615 [INFO] DbMcusXml:78 - Set database path to: D:\Program Files\STM32CubeIDE_1.17.0\STM32CubeIDE\plugins\com.st.stm32cube.common.mx_6.13.0.202411220809\\db\/mcu/
2025-01-17 01:41:01,615 [INFO] ApiDb:274 - Set plugin database path to: D:\Program Files\STM32CubeIDE_1.17.0\STM32CubeIDE\plugins\com.st.stm32cube.common.mx_6.13.0.202411220809\\db\/plugins/boardmanager/
2025-01-17 01:41:01,615 [WARN] ApiDb:259 - Overriding images path with different value:  => D:\Program Files\STM32CubeIDE_1.17.0\STM32CubeIDE\plugins\com.st.stm32cube.common.mx_6.13.0.202411220809\\db\/plugins/mcufinder/images/
2025-01-17 01:41:01,627 [INFO] ApiDb:250 - Set database path to: C:\Users\Jinhy\.stmcufinder\plugins\mcufinder//mcu/
2025-01-17 01:41:01,628 [INFO] DbMcusAds:125 - Set database path to: C:\Users\Jinhy\.stmcufinder\plugins\mcufinder//mcu/
2025-01-17 01:41:01,630 [INFO] CrossReferenceDbSqlite:203 - Set database path to: C:\Users\Jinhy\.stmcufinder\plugins\mcufinder//mcu/cs/
2025-01-17 01:41:01,719 [INFO] RulesReader:64 - Compatibility file has been processed (297 Rules)
2025-01-17 01:41:01,782 [INFO] DbMcusXml:78 - Set database path to: D:\Program Files\STM32CubeIDE_1.17.0\STM32CubeIDE\plugins\com.st.stm32cube.common.mx_6.13.0.202411220809\\db\/mcu/
2025-01-17 01:41:01,782 [INFO] ApiDb:274 - Set plugin database path to: D:\Program Files\STM32CubeIDE_1.17.0\STM32CubeIDE\plugins\com.st.stm32cube.common.mx_6.13.0.202411220809\\db\/plugins/boardmanager/
2025-01-17 01:41:01,782 [INFO] ApiDb:261 - Set plugin images path to: D:\Program Files\STM32CubeIDE_1.17.0\STM32CubeIDE\plugins\com.st.stm32cube.common.mx_6.13.0.202411220809\\db\/plugins/mcufinder/images/
2025-01-17 01:41:01,782 [WARN] DbFile:41 - Overriding database path with different value: C:\Users\Jinhy\.stmcufinder\plugins\mcufinder/ => C:\Users\Jinhy\.stmcufinder\plugins\mcufinder
2025-01-17 01:41:01,782 [INFO] ApiDb:250 - Set database path to: C:\Users\Jinhy\.stmcufinder\plugins\mcufinder//mcu/
2025-01-17 01:41:01,782 [WARN] DbFile:41 - Overriding database path with different value: C:\Users\Jinhy\.stmcufinder\plugins\mcufinder/ => C:\Users\Jinhy\.stmcufinder\plugins\mcufinder
2025-01-17 01:41:01,782 [INFO] DbMcusAds:125 - Set database path to: C:\Users\Jinhy\.stmcufinder\plugins\mcufinder//mcu/
2025-01-17 01:41:01,783 [WARN] DbFile:41 - Overriding database path with different value: C:\Users\Jinhy\.stmcufinder\plugins\mcufinder/ => C:\Users\Jinhy\.stmcufinder\plugins\mcufinder
2025-01-17 01:41:01,783 [WARN] DbFile:41 - Overriding database path with different value: C:\Users\Jinhy\.stmcufinder\plugins\mcufinder/ => C:\Users\Jinhy\.stmcufinder\plugins\mcufinder
2025-01-17 01:41:01,783 [INFO] CrossReferenceDbSqlite:203 - Set database path to: C:\Users\Jinhy\.stmcufinder\plugins\mcufinder//mcu/cs/
2025-01-17 01:41:01,839 [INFO] MainPanel:272 - HeapMemory: 268435456
2025-01-17 01:41:01,928 [INFO] DbMcusXml:78 - Set database path to: D:\Program Files\STM32CubeIDE_1.17.0\STM32CubeIDE\plugins\com.st.stm32cube.common.mx_6.13.0.202411220809\\db\/mcu/
2025-01-17 01:41:01,928 [INFO] ApiDb:274 - Set plugin database path to: D:\Program Files\STM32CubeIDE_1.17.0\STM32CubeIDE\plugins\com.st.stm32cube.common.mx_6.13.0.202411220809\\db\/plugins/boardmanager/
2025-01-17 01:41:01,928 [INFO] ApiDb:261 - Set plugin images path to: D:\Program Files\STM32CubeIDE_1.17.0\STM32CubeIDE\plugins\com.st.stm32cube.common.mx_6.13.0.202411220809\\db\/plugins/mcufinder/images/
2025-01-17 01:41:01,928 [WARN] DbFile:41 - Overriding database path with different value: C:\Users\Jinhy\.stmcufinder\plugins\mcufinder/ => C:\Users\Jinhy\.stmcufinder\plugins\mcufinder
2025-01-17 01:41:01,928 [INFO] ApiDb:250 - Set database path to: C:\Users\Jinhy\.stmcufinder\plugins\mcufinder//mcu/
2025-01-17 01:41:01,928 [WARN] DbFile:41 - Overriding database path with different value: C:\Users\Jinhy\.stmcufinder\plugins\mcufinder/ => C:\Users\Jinhy\.stmcufinder\plugins\mcufinder
2025-01-17 01:41:01,928 [INFO] DbMcusAds:125 - Set database path to: C:\Users\Jinhy\.stmcufinder\plugins\mcufinder//mcu/
2025-01-17 01:41:01,928 [WARN] DbFile:41 - Overriding database path with different value: C:\Users\Jinhy\.stmcufinder\plugins\mcufinder/ => C:\Users\Jinhy\.stmcufinder\plugins\mcufinder
2025-01-17 01:41:01,928 [WARN] DbFile:41 - Overriding database path with different value: C:\Users\Jinhy\.stmcufinder\plugins\mcufinder/ => C:\Users\Jinhy\.stmcufinder\plugins\mcufinder
2025-01-17 01:41:01,928 [INFO] CrossReferenceDbSqlite:203 - Set database path to: C:\Users\Jinhy\.stmcufinder\plugins\mcufinder//mcu/cs/
2025-01-17 01:41:01,943 [INFO] ApplicationProperties:184 - Using Application install path: D:\Program Files\STM32CubeIDE_1.17.0\STM32CubeIDE\plugins\com.st.stm32cube.common.mx_6.13.0.202411220809
2025-01-17 01:41:01,944 [INFO] PluginManage:196 - Search for loadable plugins [exclusion list=, ]
2025-01-17 01:41:01,944 [INFO] PluginManage:310 - Check plugin analytics
2025-01-17 01:41:02,099 [INFO] AnalyticsPlugin:253 - Accepted Software Licenses: STM32CubeMX.6.13.0
2025-01-17 01:41:02,099 [INFO] AnalyticsPlugin:255 - Accepted CMSIS Pack Licenses: 
2025-01-17 01:41:02,099 [INFO] AnalyticsPlugin:257 - Accepted Firmware Licenses: 
2025-01-17 01:41:02,104 [INFO] PluginManage:359 - Loaded plugin analytics (category:tool,tabindex:-1)
2025-01-17 01:41:02,105 [INFO] PluginManage:310 - Check plugin cadmodel
2025-01-17 01:41:02,123 [INFO] CADModel:105 - Init CAD model plugin
2025-01-17 01:41:02,124 [INFO] PluginManage:359 - Loaded plugin cadmodel (category:power,tabindex:5)
2025-01-17 01:41:02,124 [INFO] PluginManage:310 - Check plugin clock
2025-01-17 01:41:02,147 [INFO] PluginManage:359 - Loaded plugin clock (category:base,tabindex:2)
2025-01-17 01:41:02,147 [INFO] PluginManage:310 - Check plugin ddr
2025-01-17 01:41:02,151 [INFO] PluginManage:359 - Loaded plugin ddr (category:tool,tabindex:6)
2025-01-17 01:41:02,151 [INFO] PluginManage:310 - Check plugin filemanager
2025-01-17 01:41:02,314 [INFO] PluginManage:359 - Loaded plugin filemanager (category:base,tabindex:10)
2025-01-17 01:41:02,314 [INFO] PluginManage:310 - Check plugin ipmanager
2025-01-17 01:41:02,320 [INFO] PluginManage:359 - Loaded plugin ipmanager (category:base,tabindex:5)
2025-01-17 01:41:02,320 [INFO] PluginManage:310 - Check plugin lpbam
2025-01-17 01:41:02,336 [INFO] PluginManage:359 - Loaded plugin lpbam (category:base,tabindex:0)
2025-01-17 01:41:02,336 [INFO] PluginManage:310 - Check plugin memorymap
2025-01-17 01:41:02,355 [INFO] PluginManage:359 - Loaded plugin memorymap (category:base,tabindex:4)
2025-01-17 01:41:02,355 [INFO] PluginManage:310 - Check plugin pinoutandconfiguration
2025-01-17 01:41:02,371 [INFO] PluginManage:359 - Loaded plugin pinoutandconfiguration (category:base,tabindex:1)
2025-01-17 01:41:02,371 [INFO] PluginManage:310 - Check plugin pinoutconfig
2025-01-17 01:41:02,472 [WARN] SupportedApi:132 - Cannot load RTOS API schema: s4s-elt-must-match.1: The content of 'definitions' must match (annotation?, (simpleType | complexType)?, (unique | key | keyref)*)). A problem was found starting at: attribute.
2025-01-17 01:41:02,595 [INFO] PluginManage:359 - Loaded plugin pinoutconfig (category:base,tabindex:0)
2025-01-17 01:41:02,595 [INFO] PluginManage:310 - Check plugin power
2025-01-17 01:41:02,612 [INFO] PluginManage:359 - Loaded plugin power (category:power,tabindex:4)
2025-01-17 01:41:02,612 [INFO] PluginManage:310 - Check plugin projectmanager
2025-01-17 01:41:02,624 [INFO] PluginManage:359 - Loaded plugin projectmanager (category:projectmanager,tabindex:4)
2025-01-17 01:41:02,624 [INFO] PluginManage:310 - Check plugin rif
2025-01-17 01:41:02,638 [INFO] PluginManage:359 - Loaded plugin rif (category:base,tabindex:3)
2025-01-17 01:41:02,638 [INFO] PluginManage:310 - Check plugin thirdparty
2025-01-17 01:41:02,857 [INFO] PluginManage:359 - Loaded plugin thirdparty (category:base,tabindex:-1)
2025-01-17 01:41:02,857 [WARN] IntegrityCheckThread:84 - waiting for thirdparty lock release [integrity check]
2025-01-17 01:41:02,858 [INFO] IntegrityCheckThread:86 - entering critical section [integrity check]
2025-01-17 01:41:02,858 [INFO] PluginManage:310 - Check plugin tools
2025-01-17 01:41:02,858 [INFO] ThirdPartyUpdaterWithRetryManager:70 - Updater plugin not ready yet. [1/15]
2025-01-17 01:41:02,884 [INFO] PluginManage:359 - Loaded plugin tools (category:base,tabindex:7)
2025-01-17 01:41:02,884 [INFO] PluginManage:310 - Check plugin tutovideos
2025-01-17 01:41:03,032 [INFO] PluginManage:359 - Loaded plugin tutovideos (category:base,tabindex:-1)
2025-01-17 01:41:03,032 [INFO] PluginManage:310 - Check plugin updater
2025-01-17 01:41:03,052 [INFO] PluginManage:359 - Loaded plugin updater (category:base,tabindex:12)
2025-01-17 01:41:03,052 [INFO] PluginManage:310 - Check plugin userauth
2025-01-17 01:41:03,056 [INFO] UserAuth:118 - Init User Auth plugin
2025-01-17 01:41:03,056 [INFO] PluginManage:359 - Loaded plugin userauth (category:base,tabindex:14)
2025-01-17 01:41:03,057 [INFO] PluginManage:283 - PluginManage : Loaded plugins [18]
2025-01-17 01:41:03,223 [INFO] PinOutPanel:1589 - setPackage(No Configuration,No Configuration)
2025-01-17 01:41:03,282 [INFO] CADModel:165 - CPN selected for project level
2025-01-17 01:41:03,282 [INFO] CADModel:114 - Register for checkConnection events
2025-01-17 01:41:03,305 [INFO] IPUIPlugin:80 - create IPUIPlugin
2025-01-17 01:41:03,305 [INFO] PluginManager:220 - loadIPPluginJar : add adc
2025-01-17 01:41:03,332 [INFO] IPUIPlugin:80 - create IPUIPlugin
2025-01-17 01:41:03,333 [INFO] PluginManager:220 - loadIPPluginJar : add aes
2025-01-17 01:41:03,361 [INFO] IPUIPlugin:80 - create IPUIPlugin
2025-01-17 01:41:03,362 [INFO] PluginManager:220 - loadIPPluginJar : add can
2025-01-17 01:41:03,379 [INFO] IPUIPlugin:80 - create IPUIPlugin
2025-01-17 01:41:03,379 [INFO] PluginManager:220 - loadIPPluginJar : add comp
2025-01-17 01:41:03,404 [INFO] IPUIPlugin:80 - create IPUIPlugin
2025-01-17 01:41:03,404 [INFO] PluginManager:220 - loadIPPluginJar : add cryp
2025-01-17 01:41:03,414 [INFO] IPUIPlugin:80 - create IPUIPlugin
2025-01-17 01:41:03,414 [INFO] PluginManager:220 - loadIPPluginJar : add ddr_ctrl_phy
2025-01-17 01:41:03,437 [INFO] IPUIPlugin:80 - create IPUIPlugin
2025-01-17 01:41:03,438 [INFO] PluginManager:220 - loadIPPluginJar : add dfsdm
2025-01-17 01:41:03,449 [INFO] IPUIPlugin:80 - create IPUIPlugin
2025-01-17 01:41:03,449 [INFO] PluginManager:220 - loadIPPluginJar : add dma
2025-01-17 01:41:03,476 [INFO] IPUIPlugin:80 - create IPUIPlugin
2025-01-17 01:41:03,476 [INFO] PluginManager:220 - loadIPPluginJar : add dma3
2025-01-17 01:41:03,508 [INFO] IPUIPlugin:80 - create IPUIPlugin
2025-01-17 01:41:03,508 [INFO] PluginManager:220 - loadIPPluginJar : add extmemmanager
2025-01-17 01:41:03,522 [INFO] IPUIPlugin:80 - create IPUIPlugin
2025-01-17 01:41:03,522 [INFO] PluginManager:220 - loadIPPluginJar : add fatfs
2025-01-17 01:41:03,554 [INFO] IPUIPlugin:80 - create IPUIPlugin
2025-01-17 01:41:03,554 [INFO] PluginManager:220 - loadIPPluginJar : add fmc
2025-01-17 01:41:03,567 [INFO] IPUIPlugin:80 - create IPUIPlugin
2025-01-17 01:41:03,568 [INFO] PluginManager:220 - loadIPPluginJar : add freertos
2025-01-17 01:41:03,583 [INFO] IPUIPlugin:80 - create IPUIPlugin
2025-01-17 01:41:03,583 [INFO] PluginManager:220 - loadIPPluginJar : add genericplugin
2025-01-17 01:41:03,642 [INFO] IPUIPlugin:80 - create IPUIPlugin
2025-01-17 01:41:03,642 [INFO] PluginManager:220 - loadIPPluginJar : add gfxmmu
2025-01-17 01:41:03,728 [INFO] IPUIPlugin:80 - create IPUIPlugin
2025-01-17 01:41:03,728 [INFO] PluginManager:220 - loadIPPluginJar : add gic
2025-01-17 01:41:03,739 [INFO] IPUIPlugin:80 - create IPUIPlugin
2025-01-17 01:41:03,740 [INFO] PluginManager:220 - loadIPPluginJar : add gpio
2025-01-17 01:41:03,830 [INFO] IPUIPlugin:80 - create IPUIPlugin
2025-01-17 01:41:03,831 [INFO] PluginManager:220 - loadIPPluginJar : add gtzc
2025-01-17 01:41:03,864 [INFO] IPUIPlugin:80 - create IPUIPlugin
2025-01-17 01:41:03,864 [INFO] PluginManager:220 - loadIPPluginJar : add hash
2025-01-17 01:41:03,918 [INFO] IPUIPlugin:80 - create IPUIPlugin
2025-01-17 01:41:03,919 [INFO] PluginManager:220 - loadIPPluginJar : add i2c
2025-01-17 01:41:03,962 [INFO] IPUIPlugin:80 - create IPUIPlugin
2025-01-17 01:41:03,962 [INFO] PluginManager:220 - loadIPPluginJar : add i2s
2025-01-17 01:41:04,008 [INFO] IPUIPlugin:80 - create IPUIPlugin
2025-01-17 01:41:04,008 [INFO] PluginManager:220 - loadIPPluginJar : add i3c
2025-01-17 01:41:04,105 [INFO] IPUIPlugin:80 - create IPUIPlugin
2025-01-17 01:41:04,105 [INFO] PluginManager:220 - loadIPPluginJar : add ipddr
2025-01-17 01:41:04,176 [INFO] IPUIPlugin:80 - create IPUIPlugin
2025-01-17 01:41:04,176 [INFO] PluginManager:220 - loadIPPluginJar : add linkedlist
2025-01-17 01:41:04,204 [INFO] IPUIPlugin:80 - create IPUIPlugin
2025-01-17 01:41:04,204 [INFO] PluginManager:220 - loadIPPluginJar : add lorawan
2025-01-17 01:41:04,231 [INFO] IPUIPlugin:80 - create IPUIPlugin
2025-01-17 01:41:04,231 [INFO] PluginManager:220 - loadIPPluginJar : add ltdc
2025-01-17 01:41:04,243 [INFO] IPUIPlugin:80 - create IPUIPlugin
2025-01-17 01:41:04,244 [INFO] PluginManager:220 - loadIPPluginJar : add mdma
2025-01-17 01:41:04,254 [INFO] IPUIPlugin:80 - create IPUIPlugin
2025-01-17 01:41:04,254 [INFO] PluginManager:220 - loadIPPluginJar : add nvic
2025-01-17 01:41:04,284 [INFO] IPUIPlugin:80 - create IPUIPlugin
2025-01-17 01:41:04,284 [INFO] PluginManager:220 - loadIPPluginJar : add opamp
2025-01-17 01:41:04,354 [INFO] IPUIPlugin:80 - create IPUIPlugin
2025-01-17 01:41:04,354 [INFO] PluginManager:220 - loadIPPluginJar : add openamp
2025-01-17 01:41:04,391 [INFO] IPUIPlugin:80 - create IPUIPlugin
2025-01-17 01:41:04,391 [INFO] PluginManager:220 - loadIPPluginJar : add pdm2pcm
2025-01-17 01:41:04,404 [INFO] IPUIPlugin:80 - create IPUIPlugin
2025-01-17 01:41:04,407 [INFO] PluginManager:220 - loadIPPluginJar : add plateformsettings
2025-01-17 01:41:04,425 [INFO] IPUIPlugin:80 - create IPUIPlugin
2025-01-17 01:41:04,426 [INFO] PluginManager:220 - loadIPPluginJar : add quadspi
2025-01-17 01:41:04,448 [INFO] IPUIPlugin:80 - create IPUIPlugin
2025-01-17 01:41:04,448 [INFO] PluginManager:220 - loadIPPluginJar : add radio
2025-01-17 01:41:04,460 [INFO] IPUIPlugin:80 - create IPUIPlugin
2025-01-17 01:41:04,460 [INFO] PluginManager:220 - loadIPPluginJar : add resmgrutility
2025-01-17 01:41:04,499 [INFO] IPUIPlugin:80 - create IPUIPlugin
2025-01-17 01:41:04,499 [INFO] PluginManager:220 - loadIPPluginJar : add sai
2025-01-17 01:41:04,527 [INFO] IPUIPlugin:80 - create IPUIPlugin
2025-01-17 01:41:04,528 [INFO] PluginManager:220 - loadIPPluginJar : add spi
2025-01-17 01:41:04,593 [INFO] IPUIPlugin:80 - create IPUIPlugin
2025-01-17 01:41:04,593 [INFO] PluginManager:220 - loadIPPluginJar : add stm32_wpan
2025-01-17 01:41:04,620 [INFO] IPUIPlugin:80 - create IPUIPlugin
2025-01-17 01:41:04,620 [INFO] PluginManager:220 - loadIPPluginJar : add tim
2025-01-17 01:41:04,668 [INFO] IPUIPlugin:80 - create IPUIPlugin
2025-01-17 01:41:04,668 [INFO] PluginManager:220 - loadIPPluginJar : add touchsensing
2025-01-17 01:41:04,686 [INFO] IPUIPlugin:80 - create IPUIPlugin
2025-01-17 01:41:04,686 [INFO] PluginManager:220 - loadIPPluginJar : add tracer_emb
2025-01-17 01:41:04,705 [INFO] IPUIPlugin:80 - create IPUIPlugin
2025-01-17 01:41:04,705 [INFO] PluginManager:220 - loadIPPluginJar : add ts
2025-01-17 01:41:04,721 [INFO] IPUIPlugin:80 - create IPUIPlugin
2025-01-17 01:41:04,721 [INFO] PluginManager:220 - loadIPPluginJar : add tsc
2025-01-17 01:41:04,739 [INFO] IPUIPlugin:80 - create IPUIPlugin
2025-01-17 01:41:04,740 [INFO] PluginManager:220 - loadIPPluginJar : add ucpd
2025-01-17 01:41:04,775 [INFO] IPUIPlugin:80 - create IPUIPlugin
2025-01-17 01:41:04,775 [INFO] PluginManager:220 - loadIPPluginJar : add usart
2025-01-17 01:41:04,808 [INFO] IPUIPlugin:80 - create IPUIPlugin
2025-01-17 01:41:04,808 [INFO] PluginManager:220 - loadIPPluginJar : add usbx
2025-01-17 01:41:04,914 [FATAL] Updater:351 - Updater called before beeing initialized
2025-01-17 01:41:04,933 [INFO] RulesReader:64 - Compatibility file has been processed (297 Rules)
2025-01-17 01:41:04,943 [INFO] RulesReader:64 - Compatibility file has been processed (297 Rules)
2025-01-17 01:41:04,957 [INFO] CADModel:165 - CPN selected for project level
2025-01-17 01:41:04,957 [INFO] CADModel:114 - Register for checkConnection events
2025-01-17 01:41:04,958 [FATAL] Updater:351 - Updater called before beeing initialized
2025-01-17 01:41:04,958 [ERROR] CADModel:125 - Updater not yet initialized, retry later 
2025-01-17 01:41:05,106 [FATAL] Updater:351 - Updater called before beeing initialized
2025-01-17 01:41:05,126 [INFO] CADModel:165 - CPN selected for project level
2025-01-17 01:41:05,126 [INFO] CADModel:114 - Register for checkConnection events
2025-01-17 01:41:05,126 [FATAL] Updater:351 - Updater called before beeing initialized
2025-01-17 01:41:05,127 [ERROR] CADModel:125 - Updater not yet initialized, retry later 
2025-01-17 01:41:05,129 [FATAL] Updater:351 - Updater called before beeing initialized
2025-01-17 01:41:05,220 [FATAL] Updater:351 - Updater called before beeing initialized
2025-01-17 01:41:05,229 [INFO] DbMcusAds:53 - JSON generation date=Wed Dec 18 01:01:15 KST 2024 (1734451275230)
2025-01-17 01:41:05,230 [FATAL] Updater:351 - Updater called before beeing initialized
2025-01-17 01:41:05,292 [WARN] DetailPanel:346 - Failed to get advertising image, set to default
2025-01-17 01:41:05,433 [FATAL] Updater:351 - Updater called before beeing initialized
2025-01-17 01:41:05,434 [FATAL] Updater:351 - Updater called before beeing initialized
2025-01-17 01:41:05,435 [FATAL] Updater:351 - Updater called before beeing initialized
2025-01-17 01:41:05,435 [WARN] DetailPanel:346 - Failed to get advertising image, set to default
2025-01-17 01:41:05,436 [FATAL] Updater:351 - Updater called before beeing initialized
2025-01-17 01:41:05,488 [ERROR] Updater:1198 - MainUpdater not yet initialized. External WinMGr cannot be set.
2025-01-17 01:41:05,497 [INFO] Updater:1134 - Updater Version found : 6.13.0
2025-01-17 01:41:05,509 [INFO] ApplicationProperties:184 - Using Application install path: D:\Program Files\STM32CubeIDE_1.17.0\STM32CubeIDE\plugins\com.st.stm32cube.common.mx_6.13.0.202411220809
2025-01-17 01:41:05,859 [INFO] ThirdPartyUpdaterWithRetryManager:70 - Updater plugin not ready yet. [2/15]
2025-01-17 01:41:07,081 [ERROR] LogOutputStream:75 - [STDERR_REDIRECT] Jan 17, 2025 1:41:07 AM java.util.prefs.WindowsPreferences <init>
2025-01-17 01:41:07,082 [ERROR] LogOutputStream:75 - [STDERR_REDIRECT] WARNING: Could not open/create prefs root node Software\JavaSoft\Prefs at root 0xffffffff80000002. Windows RegCreateKeyEx(...) returned error code 5.
2025-01-17 01:41:07,082 [ERROR] LogOutputStream:75 - [STDERR_REDIRECT] 
2025-01-17 01:41:07,488 [INFO] MainUpdater:2872 - connection check result : 10
2025-01-17 01:41:07,488 [INFO] MainUpdater:289 - Updater Check For Update Now.
2025-01-17 01:41:07,488 [INFO] MicroXplorer:498 - Change Database Version : DB.6.0.130
2025-01-17 01:41:07,503 [INFO] McuFinderGlobals:63 - Set McuFinder mode to 2 (CubeIDE integrated)
2025-01-17 01:41:07,510 [INFO] UserAuth:486 - Internet connection configuration mode: 1
2025-01-17 01:41:07,535 [INFO] JxBrowserEngine:152 - Initiate JxBrowser Engine with user profile folder
2025-01-17 01:41:07,756 [INFO] CheckServerUpdateThread:120 - End of CheckServer Thread
2025-01-17 01:41:08,903 [INFO] WebApp:168 - Instantiating new browser for Auth
2025-01-17 01:41:09,226 [WARN] PackLoader:240 - Cannot read IP mode file for STMicroelectronics.FP-SNS-MOTENVWB1.1.4.0
2025-01-17 01:41:09,244 [WARN] PackLoader:240 - Cannot read IP mode file for STMicroelectronics.FP-ATR-ASTRA1.2.0.1
2025-01-17 01:41:09,265 [WARN] PackLoader:240 - Cannot read IP mode file for STMicroelectronics.X-CUBE-SMBUS.2.1.0
2025-01-17 01:41:09,283 [WARN] PackLoader:240 - Cannot read IP mode file for STMicroelectronics.X-CUBE-WB05N.1.1.0
2025-01-17 01:41:09,327 [WARN] PackLoader:240 - Cannot read IP mode file for STMicroelectronics.X-CUBE-AZRTOS-F7.1.1.0
2025-01-17 01:41:09,414 [WARN] PackLoader:240 - Cannot read IP mode file for STMicroelectronics.X-CUBE-MEMS1.11.0.0
2025-01-17 01:41:09,504 [WARN] PackLoader:240 - Cannot read IP mode file for STMicroelectronics.FP-SNS-FLIGHT1.5.0.2
2025-01-17 01:41:09,533 [WARN] PackLoader:240 - Cannot read IP mode file for Infineon.AIROC-Wi-Fi-Bluetooth-STM32.1.7.0
2025-01-17 01:41:09,550 [WARN] PackLoader:240 - Cannot read IP mode file for STMicroelectronics.X-CUBE-DISPLAY.3.0.0
2025-01-17 01:41:09,563 [WARN] PackLoader:240 - Cannot read IP mode file for STMicroelectronics.X-CUBE-BLE1.7.0.0
2025-01-17 01:41:09,576 [WARN] PackLoader:240 - Cannot read IP mode file for STMicroelectronics.X-CUBE-NFC10.1.0.0
2025-01-17 01:41:09,602 [WARN] PackLoader:240 - Cannot read IP mode file for STMicroelectronics.X-CUBE-BLEMGR.4.0.0
2025-01-17 01:41:09,641 [WARN] PackLoader:240 - Cannot read IP mode file for emotas.I-CUBE-CANOPEN.1.3.0
2025-01-17 01:41:09,662 [WARN] PackLoader:240 - Cannot read IP mode file for STMicroelectronics.X-CUBE-BLEMGR.3.1.0
2025-01-17 01:41:09,677 [WARN] PackLoader:240 - Cannot read IP mode file for STMicroelectronics.FP-SNS-SMARTAG2.1.2.0
2025-01-17 01:41:09,716 [WARN] PackLoader:240 - Cannot read IP mode file for STMicroelectronics.X-CUBE-MEMS1.11.1.0
2025-01-17 01:41:09,783 [INFO] LogOutputStream:77 - [STDOUT_REDIRECT] 1 : Invalid condition id : UX_CORESTACK_Condition cause : null
2025-01-17 01:41:09,784 [INFO] LogOutputStream:77 - [STDOUT_REDIRECT] 1 : Invalid condition id : UX_CORESTACK_Condition cause : null
2025-01-17 01:41:09,786 [INFO] LogOutputStream:77 - [STDOUT_REDIRECT] 1 : Invalid condition id : UX_CORESTACK_Condition cause : null
2025-01-17 01:41:09,787 [INFO] LogOutputStream:77 - [STDOUT_REDIRECT] 1 : Invalid condition id : UX_CORESTACK_Condition cause : null
2025-01-17 01:41:09,788 [INFO] LogOutputStream:77 - [STDOUT_REDIRECT] 1 : Invalid condition id : UX_CORESTACK_Condition cause : null
2025-01-17 01:41:09,789 [WARN] PackLoader:240 - Cannot read IP mode file for STMicroelectronics.X-CUBE-AZRTOS-WL.2.0.0
2025-01-17 01:41:09,800 [WARN] PackLoader:240 - Cannot read IP mode file for STMicroelectronics.FP-SNS-MOTENV1.5.0.0
2025-01-17 01:41:09,810 [WARN] PackLoader:240 - Cannot read IP mode file for wolfSSL.I-CUBE-wolfMQTT.1.19.0
2025-01-17 01:41:09,823 [WARN] PackLoader:240 - Cannot read IP mode file for WES.I-CUBE-Cesium.1.3.0
2025-01-17 01:41:09,834 [WARN] PackLoader:240 - Cannot read IP mode file for STMicroelectronics.X-CUBE-BLE2.3.3.0
2025-01-17 01:41:09,847 [WARN] PackLoader:240 - Cannot read IP mode file for STMicroelectronics.X-CUBE-NFC9.1.0.0
2025-01-17 01:41:09,868 [WARN] PackLoader:240 - Cannot read IP mode file for STMicroelectronics.X-CUBE-TCPP.4.1.0
2025-01-17 01:41:09,888 [WARN] PackLoader:240 - Cannot read IP mode file for STMicroelectronics.X-CUBE-AZRTOS-G0.1.1.0
2025-01-17 01:41:09,901 [WARN] PackLoader:240 - Cannot read IP mode file for STMicroelectronics.X-CUBE-SAFEA1.1.2.2
2025-01-17 01:41:09,913 [WARN] PackLoader:240 - Cannot read IP mode file for STMicroelectronics.X-CUBE-NFC4.3.0.0
2025-01-17 01:41:09,924 [WARN] PackLoader:240 - Cannot read IP mode file for EmbeddedOffice.I-CUBE-FS-RTOS.1.0.1
2025-01-17 01:41:09,934 [WARN] PackLoader:240 - Cannot read IP mode file for STMicroelectronics.X-CUBE-TCPP.4.2.0
2025-01-17 01:41:09,945 [WARN] PackLoader:240 - Cannot read IP mode file for RealThread.X-CUBE-RT-Thread_Nano.4.1.1
2025-01-17 01:41:09,954 [WARN] PackLoader:240 - Cannot read IP mode file for STMicroelectronics.FP-ATR-SIGFOX1.3.2.0
2025-01-17 01:41:09,965 [WARN] ConditionMgr:438 - getConditionDescription Invalid condition id : Cortex-A Device cause : null
2025-01-17 01:41:09,995 [WARN] ConditionMgr:1044 - genDependencies : Invalid condition id : Cortex-A Device cause : null
2025-01-17 01:41:09,995 [WARN] ConditionMgr:1044 - genDependencies : Invalid condition id : Cortex-A Device cause : null
2025-01-17 01:41:09,995 [WARN] ConditionMgr:1044 - genDependencies : Invalid condition id : Cortex-A Device cause : null
2025-01-17 01:41:10,010 [WARN] PackLoader:240 - Cannot read IP mode file for STMicroelectronics.X-CUBE-EEPRMA1.5.1.0
2025-01-17 01:41:10,021 [WARN] PackLoader:240 - Cannot read IP mode file for wolfSSL.I-CUBE-wolfSSL.5.7.4
2025-01-17 01:41:10,034 [WARN] PackLoader:240 - Cannot read IP mode file for ITTIA_DB.I-CUBE-ITTIADB.8.9.0
2025-01-17 01:41:10,062 [WARN] PackLoader:240 - Cannot read IP mode file for SEGGER.I-CUBE-embOS.1.3.1
2025-01-17 01:41:10,098 [WARN] PackLoader:240 - Cannot read IP mode file for STMicroelectronics.X-CUBE-ALGOBUILD.1.4.0
2025-01-17 01:41:10,111 [WARN] PackLoader:240 - Cannot read IP mode file for STMicroelectronics.X-CUBE-AI.9.1.0
2025-01-17 01:41:10,135 [WARN] PackLoader:240 - Cannot read IP mode file for STMicroelectronics.X-CUBE-AZRTOS-F4.1.1.0
2025-01-17 01:41:10,147 [WARN] PackLoader:240 - Cannot read IP mode file for STMicroelectronics.X-CUBE-ISPU.2.1.0
2025-01-17 01:41:10,160 [WARN] PackLoader:240 - Cannot read IP mode file for STMicroelectronics.X-CUBE-FREERTOS.1.2.0
2025-01-17 01:41:10,201 [WARN] PackLoader:240 - Cannot read IP mode file for STMicroelectronics.X-CUBE-AZRTOS-L5.2.0.0
2025-01-17 01:41:10,214 [WARN] PackLoader:240 - Cannot read IP mode file for STMicroelectronics.X-CUBE-NFC6.3.1.0
2025-01-17 01:41:10,228 [WARN] PackLoader:240 - Cannot read IP mode file for STMicroelectronics.X-CUBE-DPower.1.2.0
2025-01-17 01:41:10,244 [WARN] PackLoader:240 - Cannot read IP mode file for STMicroelectronics.X-CUBE-FREERTOS.1.3.0
2025-01-17 01:41:10,262 [WARN] PackLoader:240 - Cannot read IP mode file for STMicroelectronics.X-CUBE-NFC7.1.0.1
2025-01-17 01:41:10,296 [WARN] ConditionMgr:438 - getConditionDescription Invalid condition id : LAN8742 Phy interface Condition cause : null
2025-01-17 01:41:10,296 [WARN] PackLoader:240 - Cannot read IP mode file for STMicroelectronics.X-CUBE-AZRTOS-L4.2.0.0
2025-01-17 01:41:10,297 [WARN] ConditionMgr:1044 - genDependencies : Invalid condition id : LAN8742 Phy interface Condition cause : null
2025-01-17 01:41:10,298 [WARN] ConditionMgr:1044 - genDependencies : Invalid condition id : LAN8742 Phy interface Condition cause : null
2025-01-17 01:41:10,298 [WARN] ConditionMgr:1044 - genDependencies : Invalid condition id : LAN8742 Phy interface Condition cause : null
2025-01-17 01:41:10,317 [WARN] PackLoader:240 - Cannot read IP mode file for STMicroelectronics.X-CUBE-SFXS2LP1.4.0.0
2025-01-17 01:41:10,356 [WARN] PackLoader:240 - Cannot read IP mode file for STMicroelectronics.X-CUBE-AZRTOS-H7.3.3.0
2025-01-17 01:41:10,358 [INFO] WebApp:449 - Apply proxy settings
2025-01-17 01:41:10,359 [INFO] WebApp:534 - Chromium requires no authentication
2025-01-17 01:41:10,377 [WARN] PackLoader:240 - Cannot read IP mode file for STMicroelectronics.X-CUBE-IPS.3.0.0
2025-01-17 01:41:10,388 [INFO] WebApp:477 - Direct internet connection detected
2025-01-17 01:41:10,417 [WARN] ConditionMgr:438 - getConditionDescription Invalid condition id : UX DEVICE CLASS RTOS Condition cause : null
2025-01-17 01:41:10,418 [WARN] ConditionMgr:438 - getConditionDescription Invalid condition id : UX DEVICE CLASS RTOS Condition cause : null
2025-01-17 01:41:10,420 [WARN] PackLoader:240 - Cannot read IP mode file for STMicroelectronics.X-CUBE-AZRTOS-WB.2.0.0
2025-01-17 01:41:10,421 [WARN] ConditionMgr:1044 - genDependencies : Invalid condition id : UX DEVICE CLASS RTOS Condition cause : null
2025-01-17 01:41:10,421 [WARN] ConditionMgr:1044 - genDependencies : Invalid condition id : UX DEVICE CLASS RTOS Condition cause : null
2025-01-17 01:41:10,422 [WARN] ConditionMgr:1044 - genDependencies : Invalid condition id : UX DEVICE CLASS RTOS Condition cause : null
2025-01-17 01:41:10,422 [WARN] ConditionMgr:1044 - genDependencies : Invalid condition id : UX DEVICE CLASS RTOS Condition cause : null
2025-01-17 01:41:10,422 [WARN] ConditionMgr:1044 - genDependencies : Invalid condition id : UX DEVICE CLASS RTOS Condition cause : null
2025-01-17 01:41:10,451 [WARN] PackLoader:240 - Cannot read IP mode file for STMicroelectronics.X-CUBE-GNSS1.7.0.0
2025-01-17 01:41:10,473 [WARN] PackLoader:240 - Cannot read IP mode file for STMicroelectronics.X-CUBE-GNSS1.7.0.1
2025-01-17 01:41:10,488 [WARN] PackLoader:240 - Cannot read IP mode file for STMicroelectronics.FP-SNS-STBOX1.2.0.0
2025-01-17 01:41:10,506 [WARN] PackLoader:240 - Cannot read IP mode file for STMicroelectronics.X-CUBE-SUBG2.5.0.0
2025-01-17 01:41:10,506 [INFO] WebApp:880 - Register for checkConnection events
2025-01-17 01:41:10,506 [INFO] WebApp:449 - Apply proxy settings
2025-01-17 01:41:10,507 [INFO] WebApp:534 - Chromium requires no authentication
2025-01-17 01:41:10,507 [INFO] WebApp:477 - Direct internet connection detected
2025-01-17 01:41:10,523 [WARN] PackLoader:240 - Cannot read IP mode file for Cesanta.I-CUBE-Mongoose.7.13.0
2025-01-17 01:41:10,544 [WARN] PackLoader:240 - Cannot read IP mode file for STMicroelectronics.X-CUBE-AZRTOS-G4.2.0.0
2025-01-17 01:41:10,561 [WARN] PackLoader:240 - Cannot read IP mode file for STMicroelectronics.X-CUBE-IPS.3.1.0
2025-01-17 01:41:10,576 [WARN] PackLoader:240 - Cannot read IP mode file for STMicroelectronics.X-CUBE-ALS.1.0.2
2025-01-17 01:41:10,589 [WARN] PackLoader:240 - Cannot read IP mode file for STMicroelectronics.X-CUBE-TOUCHGFX.4.24.2
2025-01-17 01:41:10,602 [WARN] PackLoader:240 - Cannot read IP mode file for STMicroelectronics.X-CUBE-TOUCHGFX.4.24.1
2025-01-17 01:41:10,614 [WARN] PackLoader:240 - Cannot read IP mode file for wolfSSL.I-CUBE-wolfTPM.3.4.0
2025-01-17 01:41:10,627 [WARN] PackLoader:240 - Cannot read IP mode file for portGmbH.I-Cube-SoM-uGOAL.1.1.0
2025-01-17 01:41:10,649 [WARN] PackLoader:240 - Cannot read IP mode file for STMicroelectronics.X-CUBE-AZRTOS-H7RS.1.0.0
2025-01-17 01:41:10,666 [WARN] PackLoader:240 - Cannot read IP mode file for STMicroelectronics.X-CUBE-TOF1.3.4.2
2025-01-17 01:41:10,680 [WARN] PackLoader:240 - Cannot read IP mode file for wolfSSL.I-CUBE-wolfSSH.1.4.17
2025-01-17 01:41:10,680 [INFO] ThirdParty:978 - Integrity check success = true
2025-01-17 01:41:10,681 [INFO] IntegrityCheckThread:100 - exiting critical section [integrity check]
2025-01-17 01:41:10,681 [INFO] IntegrityCheckThread:103 - End integrity checks thread
2025-01-17 01:41:10,744 [INFO] WebApp:187 - Connection restablished
2025-01-17 01:41:10,895 [INFO] WebApp:221 - Starting web application
2025-01-17 01:41:10,895 [INFO] WebApp:579 - Web application path used D:\Program Files\STM32CubeIDE_1.17.0\STM32CubeIDE\plugins\com.st.stm32cube.common.mx_6.13.0.202411220809\db\plugins\mcufinder\reactClient1\index.html
2025-01-17 01:41:11,009 [INFO] UserAuth:486 - Internet connection configuration mode: 1
2025-01-17 02:14:30,865 [ERROR] LogOutputStream:75 - [STDERR_REDIRECT] 
2025-01-17 02:14:30,865 [ERROR] LogOutputStream:75 - [STDERR_REDIRECT] 
2025-01-17 20:59:06,377 [INFO] Activator:176 - 


2025-01-17 20:59:06,378 [INFO] Activator:177 - !SESSION log4j initialized
2025-01-17 20:59:10,661 [INFO] LogOutputStream:77 - [STDOUT_REDIRECT] 
2025-01-17 20:59:13,347 [INFO] ApplicationProperties:184 - Using Application install path: D:\Program Files\STM32CubeIDE_1.17.0\STM32CubeIDE\plugins\com.st.stm32cube.common.mx_6.13.0.202411220809
2025-01-17 20:59:13,369 [INFO] DbMcusXml:78 - Set database path to: D:\Program Files\STM32CubeIDE_1.17.0\STM32CubeIDE\plugins\com.st.stm32cube.common.mx_6.13.0.202411220809\\db\/mcu/
2025-01-17 20:59:13,369 [INFO] ApiDb:274 - Set plugin database path to: D:\Program Files\STM32CubeIDE_1.17.0\STM32CubeIDE\plugins\com.st.stm32cube.common.mx_6.13.0.202411220809\\db\/plugins/boardmanager/
2025-01-17 20:59:13,369 [WARN] ApiDb:259 - Overriding images path with different value:  => D:\Program Files\STM32CubeIDE_1.17.0\STM32CubeIDE\plugins\com.st.stm32cube.common.mx_6.13.0.202411220809\\db\/plugins/mcufinder/images/
2025-01-17 20:59:13,383 [INFO] ApiDb:250 - Set database path to: C:\Users\Jinhy\.stmcufinder\plugins\mcufinder//mcu/
2025-01-17 20:59:13,384 [INFO] DbMcusAds:125 - Set database path to: C:\Users\Jinhy\.stmcufinder\plugins\mcufinder//mcu/
2025-01-17 20:59:13,387 [INFO] CrossReferenceDbSqlite:203 - Set database path to: C:\Users\Jinhy\.stmcufinder\plugins\mcufinder//mcu/cs/
2025-01-17 20:59:13,497 [INFO] RulesReader:64 - Compatibility file has been processed (297 Rules)
2025-01-17 20:59:13,582 [INFO] DbMcusXml:78 - Set database path to: D:\Program Files\STM32CubeIDE_1.17.0\STM32CubeIDE\plugins\com.st.stm32cube.common.mx_6.13.0.202411220809\\db\/mcu/
2025-01-17 20:59:13,582 [INFO] ApiDb:274 - Set plugin database path to: D:\Program Files\STM32CubeIDE_1.17.0\STM32CubeIDE\plugins\com.st.stm32cube.common.mx_6.13.0.202411220809\\db\/plugins/boardmanager/
2025-01-17 20:59:13,582 [INFO] ApiDb:261 - Set plugin images path to: D:\Program Files\STM32CubeIDE_1.17.0\STM32CubeIDE\plugins\com.st.stm32cube.common.mx_6.13.0.202411220809\\db\/plugins/mcufinder/images/
2025-01-17 20:59:13,583 [WARN] DbFile:41 - Overriding database path with different value: C:\Users\Jinhy\.stmcufinder\plugins\mcufinder/ => C:\Users\Jinhy\.stmcufinder\plugins\mcufinder
2025-01-17 20:59:13,583 [INFO] ApiDb:250 - Set database path to: C:\Users\Jinhy\.stmcufinder\plugins\mcufinder//mcu/
2025-01-17 20:59:13,583 [WARN] DbFile:41 - Overriding database path with different value: C:\Users\Jinhy\.stmcufinder\plugins\mcufinder/ => C:\Users\Jinhy\.stmcufinder\plugins\mcufinder
2025-01-17 20:59:13,583 [INFO] DbMcusAds:125 - Set database path to: C:\Users\Jinhy\.stmcufinder\plugins\mcufinder//mcu/
2025-01-17 20:59:13,583 [WARN] DbFile:41 - Overriding database path with different value: C:\Users\Jinhy\.stmcufinder\plugins\mcufinder/ => C:\Users\Jinhy\.stmcufinder\plugins\mcufinder
2025-01-17 20:59:13,583 [WARN] DbFile:41 - Overriding database path with different value: C:\Users\Jinhy\.stmcufinder\plugins\mcufinder/ => C:\Users\Jinhy\.stmcufinder\plugins\mcufinder
2025-01-17 20:59:13,583 [INFO] CrossReferenceDbSqlite:203 - Set database path to: C:\Users\Jinhy\.stmcufinder\plugins\mcufinder//mcu/cs/
2025-01-17 20:59:13,680 [INFO] MainPanel:272 - HeapMemory: 268435456
2025-01-17 20:59:13,800 [INFO] DbMcusXml:78 - Set database path to: D:\Program Files\STM32CubeIDE_1.17.0\STM32CubeIDE\plugins\com.st.stm32cube.common.mx_6.13.0.202411220809\\db\/mcu/
2025-01-17 20:59:13,800 [INFO] ApiDb:274 - Set plugin database path to: D:\Program Files\STM32CubeIDE_1.17.0\STM32CubeIDE\plugins\com.st.stm32cube.common.mx_6.13.0.202411220809\\db\/plugins/boardmanager/
2025-01-17 20:59:13,800 [INFO] ApiDb:261 - Set plugin images path to: D:\Program Files\STM32CubeIDE_1.17.0\STM32CubeIDE\plugins\com.st.stm32cube.common.mx_6.13.0.202411220809\\db\/plugins/mcufinder/images/
2025-01-17 20:59:13,801 [WARN] DbFile:41 - Overriding database path with different value: C:\Users\Jinhy\.stmcufinder\plugins\mcufinder/ => C:\Users\Jinhy\.stmcufinder\plugins\mcufinder
2025-01-17 20:59:13,801 [INFO] ApiDb:250 - Set database path to: C:\Users\Jinhy\.stmcufinder\plugins\mcufinder//mcu/
2025-01-17 20:59:13,801 [WARN] DbFile:41 - Overriding database path with different value: C:\Users\Jinhy\.stmcufinder\plugins\mcufinder/ => C:\Users\Jinhy\.stmcufinder\plugins\mcufinder
2025-01-17 20:59:13,801 [INFO] DbMcusAds:125 - Set database path to: C:\Users\Jinhy\.stmcufinder\plugins\mcufinder//mcu/
2025-01-17 20:59:13,801 [WARN] DbFile:41 - Overriding database path with different value: C:\Users\Jinhy\.stmcufinder\plugins\mcufinder/ => C:\Users\Jinhy\.stmcufinder\plugins\mcufinder
2025-01-17 20:59:13,801 [WARN] DbFile:41 - Overriding database path with different value: C:\Users\Jinhy\.stmcufinder\plugins\mcufinder/ => C:\Users\Jinhy\.stmcufinder\plugins\mcufinder
2025-01-17 20:59:13,801 [INFO] CrossReferenceDbSqlite:203 - Set database path to: C:\Users\Jinhy\.stmcufinder\plugins\mcufinder//mcu/cs/
2025-01-17 20:59:13,817 [INFO] ApplicationProperties:184 - Using Application install path: D:\Program Files\STM32CubeIDE_1.17.0\STM32CubeIDE\plugins\com.st.stm32cube.common.mx_6.13.0.202411220809
2025-01-17 20:59:13,819 [INFO] PluginManage:196 - Search for loadable plugins [exclusion list=, ]
2025-01-17 20:59:13,820 [INFO] PluginManage:310 - Check plugin analytics
2025-01-17 20:59:14,033 [INFO] AnalyticsPlugin:253 - Accepted Software Licenses: STM32CubeMX.6.13.0
2025-01-17 20:59:14,034 [INFO] AnalyticsPlugin:255 - Accepted CMSIS Pack Licenses: 
2025-01-17 20:59:14,034 [INFO] AnalyticsPlugin:257 - Accepted Firmware Licenses: 
2025-01-17 20:59:14,037 [INFO] PluginManage:359 - Loaded plugin analytics (category:tool,tabindex:-1)
2025-01-17 20:59:14,037 [INFO] PluginManage:310 - Check plugin cadmodel
2025-01-17 20:59:14,058 [INFO] CADModel:105 - Init CAD model plugin
2025-01-17 20:59:14,058 [INFO] PluginManage:359 - Loaded plugin cadmodel (category:power,tabindex:5)
2025-01-17 20:59:14,058 [INFO] PluginManage:310 - Check plugin clock
2025-01-17 20:59:14,080 [INFO] PluginManage:359 - Loaded plugin clock (category:base,tabindex:2)
2025-01-17 20:59:14,080 [INFO] PluginManage:310 - Check plugin ddr
2025-01-17 20:59:14,082 [INFO] PluginManage:359 - Loaded plugin ddr (category:tool,tabindex:6)
2025-01-17 20:59:14,082 [INFO] PluginManage:310 - Check plugin filemanager
2025-01-17 20:59:14,282 [INFO] PluginManage:359 - Loaded plugin filemanager (category:base,tabindex:10)
2025-01-17 20:59:14,282 [INFO] PluginManage:310 - Check plugin ipmanager
2025-01-17 20:59:14,289 [INFO] PluginManage:359 - Loaded plugin ipmanager (category:base,tabindex:5)
2025-01-17 20:59:14,290 [INFO] PluginManage:310 - Check plugin lpbam
2025-01-17 20:59:14,318 [INFO] PluginManage:359 - Loaded plugin lpbam (category:base,tabindex:0)
2025-01-17 20:59:14,318 [INFO] PluginManage:310 - Check plugin memorymap
2025-01-17 20:59:14,352 [INFO] PluginManage:359 - Loaded plugin memorymap (category:base,tabindex:4)
2025-01-17 20:59:14,352 [INFO] PluginManage:310 - Check plugin pinoutandconfiguration
2025-01-17 20:59:14,377 [INFO] PluginManage:359 - Loaded plugin pinoutandconfiguration (category:base,tabindex:1)
2025-01-17 20:59:14,378 [INFO] PluginManage:310 - Check plugin pinoutconfig
2025-01-17 20:59:14,506 [WARN] SupportedApi:132 - Cannot load RTOS API schema: s4s-elt-must-match.1: The content of 'definitions' must match (annotation?, (simpleType | complexType)?, (unique | key | keyref)*)). A problem was found starting at: attribute.
2025-01-17 20:59:14,673 [INFO] PluginManage:359 - Loaded plugin pinoutconfig (category:base,tabindex:0)
2025-01-17 20:59:14,674 [INFO] PluginManage:310 - Check plugin power
2025-01-17 20:59:14,701 [INFO] PluginManage:359 - Loaded plugin power (category:power,tabindex:4)
2025-01-17 20:59:14,701 [INFO] PluginManage:310 - Check plugin projectmanager
2025-01-17 20:59:14,717 [INFO] PluginManage:359 - Loaded plugin projectmanager (category:projectmanager,tabindex:4)
2025-01-17 20:59:14,719 [INFO] PluginManage:310 - Check plugin rif
2025-01-17 20:59:14,740 [INFO] PluginManage:359 - Loaded plugin rif (category:base,tabindex:3)
2025-01-17 20:59:14,740 [INFO] PluginManage:310 - Check plugin thirdparty
2025-01-17 20:59:15,157 [INFO] PluginManage:359 - Loaded plugin thirdparty (category:base,tabindex:-1)
2025-01-17 20:59:15,156 [WARN] IntegrityCheckThread:84 - waiting for thirdparty lock release [integrity check]
2025-01-17 20:59:15,157 [INFO] IntegrityCheckThread:86 - entering critical section [integrity check]
2025-01-17 20:59:15,157 [INFO] PluginManage:310 - Check plugin tools
2025-01-17 20:59:15,158 [INFO] ThirdPartyUpdaterWithRetryManager:70 - Updater plugin not ready yet. [1/15]
2025-01-17 20:59:15,208 [INFO] PluginManage:359 - Loaded plugin tools (category:base,tabindex:7)
2025-01-17 20:59:15,209 [INFO] PluginManage:310 - Check plugin tutovideos
2025-01-17 20:59:15,441 [INFO] PluginManage:359 - Loaded plugin tutovideos (category:base,tabindex:-1)
2025-01-17 20:59:15,443 [INFO] PluginManage:310 - Check plugin updater
2025-01-17 20:59:15,471 [INFO] PluginManage:359 - Loaded plugin updater (category:base,tabindex:12)
2025-01-17 20:59:15,472 [INFO] PluginManage:310 - Check plugin userauth
2025-01-17 20:59:15,477 [INFO] UserAuth:118 - Init User Auth plugin
2025-01-17 20:59:15,478 [INFO] PluginManage:359 - Loaded plugin userauth (category:base,tabindex:14)
2025-01-17 20:59:15,479 [INFO] PluginManage:283 - PluginManage : Loaded plugins [18]
2025-01-17 20:59:15,722 [INFO] PinOutPanel:1589 - setPackage(No Configuration,No Configuration)
2025-01-17 20:59:15,816 [INFO] CADModel:165 - CPN selected for project level
2025-01-17 20:59:15,816 [INFO] CADModel:114 - Register for checkConnection events
2025-01-17 20:59:15,849 [INFO] IPUIPlugin:80 - create IPUIPlugin
2025-01-17 20:59:15,849 [INFO] PluginManager:220 - loadIPPluginJar : add adc
2025-01-17 20:59:15,893 [INFO] IPUIPlugin:80 - create IPUIPlugin
2025-01-17 20:59:15,894 [INFO] PluginManager:220 - loadIPPluginJar : add aes
2025-01-17 20:59:15,965 [INFO] IPUIPlugin:80 - create IPUIPlugin
2025-01-17 20:59:15,966 [INFO] PluginManager:220 - loadIPPluginJar : add can
2025-01-17 20:59:15,994 [INFO] IPUIPlugin:80 - create IPUIPlugin
2025-01-17 20:59:15,994 [INFO] PluginManager:220 - loadIPPluginJar : add comp
2025-01-17 20:59:16,033 [INFO] IPUIPlugin:80 - create IPUIPlugin
2025-01-17 20:59:16,034 [INFO] PluginManager:220 - loadIPPluginJar : add cryp
2025-01-17 20:59:16,046 [INFO] IPUIPlugin:80 - create IPUIPlugin
2025-01-17 20:59:16,046 [INFO] PluginManager:220 - loadIPPluginJar : add ddr_ctrl_phy
2025-01-17 20:59:16,080 [INFO] IPUIPlugin:80 - create IPUIPlugin
2025-01-17 20:59:16,080 [INFO] PluginManager:220 - loadIPPluginJar : add dfsdm
2025-01-17 20:59:16,096 [INFO] IPUIPlugin:80 - create IPUIPlugin
2025-01-17 20:59:16,097 [INFO] PluginManager:220 - loadIPPluginJar : add dma
2025-01-17 20:59:16,141 [INFO] IPUIPlugin:80 - create IPUIPlugin
2025-01-17 20:59:16,141 [INFO] PluginManager:220 - loadIPPluginJar : add dma3
2025-01-17 20:59:16,246 [INFO] IPUIPlugin:80 - create IPUIPlugin
2025-01-17 20:59:16,247 [INFO] PluginManager:220 - loadIPPluginJar : add extmemmanager
2025-01-17 20:59:16,290 [INFO] IPUIPlugin:80 - create IPUIPlugin
2025-01-17 20:59:16,290 [INFO] PluginManager:220 - loadIPPluginJar : add fatfs
2025-01-17 20:59:16,350 [INFO] IPUIPlugin:80 - create IPUIPlugin
2025-01-17 20:59:16,350 [INFO] PluginManager:220 - loadIPPluginJar : add fmc
2025-01-17 20:59:16,377 [INFO] IPUIPlugin:80 - create IPUIPlugin
2025-01-17 20:59:16,377 [INFO] PluginManager:220 - loadIPPluginJar : add freertos
2025-01-17 20:59:16,401 [INFO] IPUIPlugin:80 - create IPUIPlugin
2025-01-17 20:59:16,401 [INFO] PluginManager:220 - loadIPPluginJar : add genericplugin
2025-01-17 20:59:16,609 [INFO] IPUIPlugin:80 - create IPUIPlugin
2025-01-17 20:59:16,609 [INFO] PluginManager:220 - loadIPPluginJar : add gfxmmu
2025-01-17 20:59:16,781 [INFO] IPUIPlugin:80 - create IPUIPlugin
2025-01-17 20:59:16,781 [INFO] PluginManager:220 - loadIPPluginJar : add gic
2025-01-17 20:59:16,803 [INFO] IPUIPlugin:80 - create IPUIPlugin
2025-01-17 20:59:16,803 [INFO] PluginManager:220 - loadIPPluginJar : add gpio
2025-01-17 20:59:16,926 [INFO] IPUIPlugin:80 - create IPUIPlugin
2025-01-17 20:59:16,926 [INFO] PluginManager:220 - loadIPPluginJar : add gtzc
2025-01-17 20:59:17,001 [INFO] IPUIPlugin:80 - create IPUIPlugin
2025-01-17 20:59:17,001 [INFO] PluginManager:220 - loadIPPluginJar : add hash
2025-01-17 20:59:17,052 [INFO] IPUIPlugin:80 - create IPUIPlugin
2025-01-17 20:59:17,052 [INFO] PluginManager:220 - loadIPPluginJar : add i2c
2025-01-17 20:59:17,092 [INFO] IPUIPlugin:80 - create IPUIPlugin
2025-01-17 20:59:17,092 [INFO] PluginManager:220 - loadIPPluginJar : add i2s
2025-01-17 20:59:17,192 [INFO] IPUIPlugin:80 - create IPUIPlugin
2025-01-17 20:59:17,192 [INFO] PluginManager:220 - loadIPPluginJar : add i3c
2025-01-17 20:59:17,441 [INFO] IPUIPlugin:80 - create IPUIPlugin
2025-01-17 20:59:17,442 [INFO] PluginManager:220 - loadIPPluginJar : add ipddr
2025-01-17 20:59:17,615 [INFO] IPUIPlugin:80 - create IPUIPlugin
2025-01-17 20:59:17,615 [INFO] PluginManager:220 - loadIPPluginJar : add linkedlist
2025-01-17 20:59:17,649 [INFO] IPUIPlugin:80 - create IPUIPlugin
2025-01-17 20:59:17,649 [INFO] PluginManager:220 - loadIPPluginJar : add lorawan
2025-01-17 20:59:17,738 [INFO] IPUIPlugin:80 - create IPUIPlugin
2025-01-17 20:59:17,738 [INFO] PluginManager:220 - loadIPPluginJar : add ltdc
2025-01-17 20:59:17,765 [INFO] IPUIPlugin:80 - create IPUIPlugin
2025-01-17 20:59:17,765 [INFO] PluginManager:220 - loadIPPluginJar : add mdma
2025-01-17 20:59:17,777 [INFO] IPUIPlugin:80 - create IPUIPlugin
2025-01-17 20:59:17,777 [INFO] PluginManager:220 - loadIPPluginJar : add nvic
2025-01-17 20:59:17,807 [INFO] IPUIPlugin:80 - create IPUIPlugin
2025-01-17 20:59:17,807 [INFO] PluginManager:220 - loadIPPluginJar : add opamp
2025-01-17 20:59:17,957 [INFO] IPUIPlugin:80 - create IPUIPlugin
2025-01-17 20:59:17,957 [INFO] PluginManager:220 - loadIPPluginJar : add openamp
2025-01-17 20:59:18,062 [INFO] IPUIPlugin:80 - create IPUIPlugin
2025-01-17 20:59:18,062 [INFO] PluginManager:220 - loadIPPluginJar : add pdm2pcm
2025-01-17 20:59:18,078 [INFO] IPUIPlugin:80 - create IPUIPlugin
2025-01-17 20:59:18,079 [INFO] PluginManager:220 - loadIPPluginJar : add plateformsettings
2025-01-17 20:59:18,100 [INFO] IPUIPlugin:80 - create IPUIPlugin
2025-01-17 20:59:18,100 [INFO] PluginManager:220 - loadIPPluginJar : add quadspi
2025-01-17 20:59:18,122 [INFO] IPUIPlugin:80 - create IPUIPlugin
2025-01-17 20:59:18,123 [INFO] PluginManager:220 - loadIPPluginJar : add radio
2025-01-17 20:59:18,147 [INFO] IPUIPlugin:80 - create IPUIPlugin
2025-01-17 20:59:18,147 [INFO] PluginManager:220 - loadIPPluginJar : add resmgrutility
2025-01-17 20:59:18,159 [INFO] ThirdPartyUpdaterWithRetryManager:70 - Updater plugin not ready yet. [2/15]
2025-01-17 20:59:18,196 [INFO] IPUIPlugin:80 - create IPUIPlugin
2025-01-17 20:59:18,197 [INFO] PluginManager:220 - loadIPPluginJar : add sai
2025-01-17 20:59:18,287 [INFO] IPUIPlugin:80 - create IPUIPlugin
2025-01-17 20:59:18,287 [INFO] PluginManager:220 - loadIPPluginJar : add spi
2025-01-17 20:59:18,445 [INFO] IPUIPlugin:80 - create IPUIPlugin
2025-01-17 20:59:18,446 [INFO] PluginManager:220 - loadIPPluginJar : add stm32_wpan
2025-01-17 20:59:18,494 [INFO] IPUIPlugin:80 - create IPUIPlugin
2025-01-17 20:59:18,494 [INFO] PluginManager:220 - loadIPPluginJar : add tim
2025-01-17 20:59:18,557 [INFO] IPUIPlugin:80 - create IPUIPlugin
2025-01-17 20:59:18,558 [INFO] PluginManager:220 - loadIPPluginJar : add touchsensing
2025-01-17 20:59:18,609 [INFO] IPUIPlugin:80 - create IPUIPlugin
2025-01-17 20:59:18,609 [INFO] PluginManager:220 - loadIPPluginJar : add tracer_emb
2025-01-17 20:59:18,657 [INFO] IPUIPlugin:80 - create IPUIPlugin
2025-01-17 20:59:18,657 [INFO] PluginManager:220 - loadIPPluginJar : add ts
2025-01-17 20:59:18,704 [INFO] IPUIPlugin:80 - create IPUIPlugin
2025-01-17 20:59:18,705 [INFO] PluginManager:220 - loadIPPluginJar : add tsc
2025-01-17 20:59:18,724 [INFO] IPUIPlugin:80 - create IPUIPlugin
2025-01-17 20:59:18,724 [INFO] PluginManager:220 - loadIPPluginJar : add ucpd
2025-01-17 20:59:18,769 [INFO] IPUIPlugin:80 - create IPUIPlugin
2025-01-17 20:59:18,769 [INFO] PluginManager:220 - loadIPPluginJar : add usart
2025-01-17 20:59:18,863 [INFO] IPUIPlugin:80 - create IPUIPlugin
2025-01-17 20:59:18,863 [INFO] PluginManager:220 - loadIPPluginJar : add usbx
2025-01-17 20:59:18,970 [FATAL] Updater:351 - Updater called before beeing initialized
2025-01-17 20:59:18,992 [INFO] RulesReader:64 - Compatibility file has been processed (297 Rules)
2025-01-17 20:59:19,002 [INFO] RulesReader:64 - Compatibility file has been processed (297 Rules)
2025-01-17 20:59:19,010 [INFO] CADModel:165 - CPN selected for project level
2025-01-17 20:59:19,010 [INFO] CADModel:114 - Register for checkConnection events
2025-01-17 20:59:19,010 [FATAL] Updater:351 - Updater called before beeing initialized
2025-01-17 20:59:19,010 [ERROR] CADModel:125 - Updater not yet initialized, retry later 
2025-01-17 20:59:19,151 [FATAL] Updater:351 - Updater called before beeing initialized
2025-01-17 20:59:19,152 [INFO] CADModel:165 - CPN selected for project level
2025-01-17 20:59:19,152 [INFO] CADModel:114 - Register for checkConnection events
2025-01-17 20:59:19,152 [FATAL] Updater:351 - Updater called before beeing initialized
2025-01-17 20:59:19,152 [ERROR] CADModel:125 - Updater not yet initialized, retry later 
2025-01-17 20:59:19,155 [FATAL] Updater:351 - Updater called before beeing initialized
2025-01-17 20:59:19,257 [FATAL] Updater:351 - Updater called before beeing initialized
2025-01-17 20:59:19,275 [INFO] DbMcusAds:53 - JSON generation date=Wed Dec 18 01:01:15 KST 2024 (1734451275230)
2025-01-17 20:59:19,275 [FATAL] Updater:351 - Updater called before beeing initialized
2025-01-17 20:59:19,341 [WARN] DetailPanel:346 - Failed to get advertising image, set to default
2025-01-17 20:59:19,501 [FATAL] Updater:351 - Updater called before beeing initialized
2025-01-17 20:59:19,503 [FATAL] Updater:351 - Updater called before beeing initialized
2025-01-17 20:59:19,504 [FATAL] Updater:351 - Updater called before beeing initialized
2025-01-17 20:59:19,504 [WARN] DetailPanel:346 - Failed to get advertising image, set to default
2025-01-17 20:59:19,504 [FATAL] Updater:351 - Updater called before beeing initialized
2025-01-17 20:59:19,560 [ERROR] Updater:1198 - MainUpdater not yet initialized. External WinMGr cannot be set.
2025-01-17 20:59:19,568 [INFO] Updater:1134 - Updater Version found : 6.13.0
2025-01-17 20:59:19,584 [INFO] ApplicationProperties:184 - Using Application install path: D:\Program Files\STM32CubeIDE_1.17.0\STM32CubeIDE\plugins\com.st.stm32cube.common.mx_6.13.0.202411220809
2025-01-17 20:59:21,159 [INFO] ThirdPartyUpdaterWithRetryManager:70 - Updater plugin not ready yet. [3/15]
2025-01-17 20:59:21,167 [ERROR] LogOutputStream:75 - [STDERR_REDIRECT] Jan 17, 2025 8:59:21 PM java.util.prefs.WindowsPreferences <init>
2025-01-17 20:59:21,169 [ERROR] LogOutputStream:75 - [STDERR_REDIRECT] WARNING: Could not open/create prefs root node Software\JavaSoft\Prefs at root 0xffffffff80000002. Windows RegCreateKeyEx(...) returned error code 5.
2025-01-17 20:59:21,169 [ERROR] LogOutputStream:75 - [STDERR_REDIRECT] 
2025-01-17 20:59:21,679 [INFO] MainUpdater:2872 - connection check result : 10
2025-01-17 20:59:21,679 [INFO] MainUpdater:3566 - Updater definition file requires update
2025-01-17 20:59:21,680 [INFO] MainUpdater:289 - Updater Check For Update Now.
2025-01-17 20:59:21,680 [INFO] MicroXplorer:498 - Change Database Version : DB.6.0.130
2025-01-17 20:59:21,696 [INFO] McuFinderGlobals:63 - Set McuFinder mode to 2 (CubeIDE integrated)
2025-01-17 20:59:21,702 [INFO] UserAuth:486 - Internet connection configuration mode: 1
2025-01-17 20:59:21,729 [INFO] JxBrowserEngine:152 - Initiate JxBrowser Engine with user profile folder
2025-01-17 20:59:21,857 [INFO] ServerAccessManage:473 - Download File updaters.zip
2025-01-17 20:59:22,023 [INFO] FileExtend:240 - Unzip File : updaters.zip
2025-01-17 20:59:22,023 [INFO] FileExtend:255 - Standard Zip Deflate
2025-01-17 20:59:22,712 [INFO] ServerAccessManage:473 - Download File PacksControlFlags.xml
2025-01-17 20:59:22,856 [INFO] ServerAccessManage:473 - Download File cubemx.pidx
2025-01-17 20:59:22,920 [INFO] WebApp:168 - Instantiating new browser for Auth
2025-01-17 20:59:22,991 [INFO] LoadServerUpdatesThread:375 - End of LoadServerUpdate Thread
2025-01-17 20:59:23,232 [INFO] CheckServerUpdateThread:120 - End of CheckServer Thread
2025-01-17 20:59:23,683 [INFO] WebApp:449 - Apply proxy settings
2025-01-17 20:59:23,684 [INFO] WebApp:534 - Chromium requires no authentication
2025-01-17 20:59:23,695 [INFO] WebApp:477 - Direct internet connection detected
2025-01-17 20:59:23,720 [INFO] WebApp:880 - Register for checkConnection events
2025-01-17 20:59:23,720 [INFO] WebApp:449 - Apply proxy settings
2025-01-17 20:59:23,721 [INFO] WebApp:534 - Chromium requires no authentication
2025-01-17 20:59:23,721 [INFO] WebApp:477 - Direct internet connection detected
2025-01-17 20:59:23,906 [INFO] WebApp:221 - Starting web application
2025-01-17 20:59:23,906 [INFO] WebApp:579 - Web application path used D:\Program Files\STM32CubeIDE_1.17.0\STM32CubeIDE\plugins\com.st.stm32cube.common.mx_6.13.0.202411220809\db\plugins\mcufinder\reactClient1\index.html
2025-01-17 20:59:24,028 [INFO] UserAuth:486 - Internet connection configuration mode: 1
2025-01-17 20:59:24,087 [INFO] WebApp:187 - Connection restablished
2025-01-17 20:59:24,387 [WARN] PackLoader:240 - Cannot read IP mode file for STMicroelectronics.FP-SNS-MOTENVWB1.1.4.0
2025-01-17 20:59:24,409 [WARN] PackLoader:240 - Cannot read IP mode file for STMicroelectronics.FP-ATR-ASTRA1.2.0.1
2025-01-17 20:59:24,425 [WARN] PackLoader:240 - Cannot read IP mode file for STMicroelectronics.X-CUBE-SMBUS.2.1.0
2025-01-17 20:59:24,444 [WARN] PackLoader:240 - Cannot read IP mode file for STMicroelectronics.X-CUBE-WB05N.1.1.0
2025-01-17 20:59:24,491 [WARN] PackLoader:240 - Cannot read IP mode file for STMicroelectronics.X-CUBE-AZRTOS-F7.1.1.0
2025-01-17 20:59:24,570 [WARN] PackLoader:240 - Cannot read IP mode file for STMicroelectronics.X-CUBE-MEMS1.11.0.0
2025-01-17 20:59:24,689 [WARN] PackLoader:240 - Cannot read IP mode file for STMicroelectronics.FP-SNS-FLIGHT1.5.0.2
2025-01-17 20:59:24,720 [WARN] PackLoader:240 - Cannot read IP mode file for Infineon.AIROC-Wi-Fi-Bluetooth-STM32.1.7.0
2025-01-17 20:59:24,739 [WARN] PackLoader:240 - Cannot read IP mode file for STMicroelectronics.X-CUBE-DISPLAY.3.0.0
2025-01-17 20:59:24,755 [WARN] PackLoader:240 - Cannot read IP mode file for STMicroelectronics.X-CUBE-BLE1.7.0.0
2025-01-17 20:59:24,768 [WARN] PackLoader:240 - Cannot read IP mode file for STMicroelectronics.X-CUBE-NFC10.1.0.0
2025-01-17 20:59:24,785 [WARN] PackLoader:240 - Cannot read IP mode file for STMicroelectronics.X-CUBE-BLEMGR.4.0.0
2025-01-17 20:59:24,805 [WARN] PackLoader:240 - Cannot read IP mode file for emotas.I-CUBE-CANOPEN.1.3.0
2025-01-17 20:59:24,821 [WARN] PackLoader:240 - Cannot read IP mode file for STMicroelectronics.X-CUBE-BLEMGR.3.1.0
2025-01-17 20:59:24,835 [WARN] PackLoader:240 - Cannot read IP mode file for STMicroelectronics.FP-SNS-SMARTAG2.1.2.0
2025-01-17 20:59:24,893 [WARN] PackLoader:240 - Cannot read IP mode file for STMicroelectronics.X-CUBE-MEMS1.11.1.0
2025-01-17 20:59:24,986 [INFO] LogOutputStream:77 - [STDOUT_REDIRECT] 1 : Invalid condition id : UX_CORESTACK_Condition cause : null
2025-01-17 20:59:24,988 [INFO] LogOutputStream:77 - [STDOUT_REDIRECT] 1 : Invalid condition id : UX_CORESTACK_Condition cause : null
2025-01-17 20:59:24,989 [INFO] LogOutputStream:77 - [STDOUT_REDIRECT] 1 : Invalid condition id : UX_CORESTACK_Condition cause : null
2025-01-17 20:59:24,990 [INFO] LogOutputStream:77 - [STDOUT_REDIRECT] 1 : Invalid condition id : UX_CORESTACK_Condition cause : null
2025-01-17 20:59:24,991 [INFO] LogOutputStream:77 - [STDOUT_REDIRECT] 1 : Invalid condition id : UX_CORESTACK_Condition cause : null
2025-01-17 20:59:24,992 [WARN] PackLoader:240 - Cannot read IP mode file for STMicroelectronics.X-CUBE-AZRTOS-WL.2.0.0
2025-01-17 20:59:25,007 [WARN] PackLoader:240 - Cannot read IP mode file for STMicroelectronics.FP-SNS-MOTENV1.5.0.0
2025-01-17 20:59:25,021 [WARN] PackLoader:240 - Cannot read IP mode file for wolfSSL.I-CUBE-wolfMQTT.1.19.0
2025-01-17 20:59:25,039 [WARN] PackLoader:240 - Cannot read IP mode file for WES.I-CUBE-Cesium.1.3.0
2025-01-17 20:59:25,050 [WARN] PackLoader:240 - Cannot read IP mode file for STMicroelectronics.X-CUBE-BLE2.3.3.0
2025-01-17 20:59:25,066 [WARN] PackLoader:240 - Cannot read IP mode file for STMicroelectronics.X-CUBE-NFC9.1.0.0
2025-01-17 20:59:25,078 [WARN] PackLoader:240 - Cannot read IP mode file for STMicroelectronics.X-CUBE-TCPP.4.1.0
2025-01-17 20:59:25,098 [WARN] PackLoader:240 - Cannot read IP mode file for STMicroelectronics.X-CUBE-AZRTOS-G0.1.1.0
2025-01-17 20:59:25,118 [WARN] PackLoader:240 - Cannot read IP mode file for STMicroelectronics.X-CUBE-SAFEA1.1.2.2
2025-01-17 20:59:25,132 [WARN] PackLoader:240 - Cannot read IP mode file for STMicroelectronics.X-CUBE-NFC4.3.0.0
2025-01-17 20:59:25,147 [WARN] PackLoader:240 - Cannot read IP mode file for EmbeddedOffice.I-CUBE-FS-RTOS.1.0.1
2025-01-17 20:59:25,160 [WARN] PackLoader:240 - Cannot read IP mode file for STMicroelectronics.X-CUBE-TCPP.4.2.0
2025-01-17 20:59:25,173 [WARN] PackLoader:240 - Cannot read IP mode file for RealThread.X-CUBE-RT-Thread_Nano.4.1.1
2025-01-17 20:59:25,184 [WARN] PackLoader:240 - Cannot read IP mode file for STMicroelectronics.FP-ATR-SIGFOX1.3.2.0
2025-01-17 20:59:25,197 [WARN] ConditionMgr:438 - getConditionDescription Invalid condition id : Cortex-A Device cause : null
2025-01-17 20:59:25,221 [WARN] ConditionMgr:1044 - genDependencies : Invalid condition id : Cortex-A Device cause : null
2025-01-17 20:59:25,221 [WARN] ConditionMgr:1044 - genDependencies : Invalid condition id : Cortex-A Device cause : null
2025-01-17 20:59:25,221 [WARN] ConditionMgr:1044 - genDependencies : Invalid condition id : Cortex-A Device cause : null
2025-01-17 20:59:25,236 [WARN] PackLoader:240 - Cannot read IP mode file for STMicroelectronics.X-CUBE-EEPRMA1.5.1.0
2025-01-17 20:59:25,250 [WARN] PackLoader:240 - Cannot read IP mode file for wolfSSL.I-CUBE-wolfSSL.5.7.4
2025-01-17 20:59:25,263 [WARN] PackLoader:240 - Cannot read IP mode file for ITTIA_DB.I-CUBE-ITTIADB.8.9.0
2025-01-17 20:59:25,293 [WARN] PackLoader:240 - Cannot read IP mode file for SEGGER.I-CUBE-embOS.1.3.1
2025-01-17 20:59:25,326 [WARN] PackLoader:240 - Cannot read IP mode file for STMicroelectronics.X-CUBE-ALGOBUILD.1.4.0
2025-01-17 20:59:25,339 [WARN] PackLoader:240 - Cannot read IP mode file for STMicroelectronics.X-CUBE-AI.9.1.0
2025-01-17 20:59:25,359 [WARN] PackLoader:240 - Cannot read IP mode file for STMicroelectronics.X-CUBE-AZRTOS-F4.1.1.0
2025-01-17 20:59:25,372 [WARN] PackLoader:240 - Cannot read IP mode file for STMicroelectronics.X-CUBE-ISPU.2.1.0
2025-01-17 20:59:25,384 [WARN] PackLoader:240 - Cannot read IP mode file for STMicroelectronics.X-CUBE-FREERTOS.1.2.0
2025-01-17 20:59:25,414 [WARN] PackLoader:240 - Cannot read IP mode file for STMicroelectronics.X-CUBE-AZRTOS-L5.2.0.0
2025-01-17 20:59:25,432 [WARN] PackLoader:240 - Cannot read IP mode file for STMicroelectronics.X-CUBE-NFC6.3.1.0
2025-01-17 20:59:25,450 [WARN] PackLoader:240 - Cannot read IP mode file for STMicroelectronics.X-CUBE-DPower.1.2.0
2025-01-17 20:59:25,468 [WARN] PackLoader:240 - Cannot read IP mode file for STMicroelectronics.X-CUBE-FREERTOS.1.3.0
2025-01-17 20:59:25,482 [WARN] PackLoader:240 - Cannot read IP mode file for STMicroelectronics.X-CUBE-NFC7.1.0.1
2025-01-17 20:59:25,510 [WARN] ConditionMgr:438 - getConditionDescription Invalid condition id : LAN8742 Phy interface Condition cause : null
2025-01-17 20:59:25,511 [WARN] PackLoader:240 - Cannot read IP mode file for STMicroelectronics.X-CUBE-AZRTOS-L4.2.0.0
2025-01-17 20:59:25,512 [WARN] ConditionMgr:1044 - genDependencies : Invalid condition id : LAN8742 Phy interface Condition cause : null
2025-01-17 20:59:25,512 [WARN] ConditionMgr:1044 - genDependencies : Invalid condition id : LAN8742 Phy interface Condition cause : null
2025-01-17 20:59:25,513 [WARN] ConditionMgr:1044 - genDependencies : Invalid condition id : LAN8742 Phy interface Condition cause : null
2025-01-17 20:59:25,526 [WARN] PackLoader:240 - Cannot read IP mode file for STMicroelectronics.X-CUBE-SFXS2LP1.4.0.0
2025-01-17 20:59:25,553 [WARN] PackLoader:240 - Cannot read IP mode file for STMicroelectronics.X-CUBE-AZRTOS-H7.3.3.0
2025-01-17 20:59:25,571 [WARN] PackLoader:240 - Cannot read IP mode file for STMicroelectronics.X-CUBE-IPS.3.0.0
2025-01-17 20:59:25,591 [WARN] ConditionMgr:438 - getConditionDescription Invalid condition id : UX DEVICE CLASS RTOS Condition cause : null
2025-01-17 20:59:25,591 [WARN] ConditionMgr:438 - getConditionDescription Invalid condition id : UX DEVICE CLASS RTOS Condition cause : null
2025-01-17 20:59:25,592 [WARN] PackLoader:240 - Cannot read IP mode file for STMicroelectronics.X-CUBE-AZRTOS-WB.2.0.0
2025-01-17 20:59:25,593 [WARN] ConditionMgr:1044 - genDependencies : Invalid condition id : UX DEVICE CLASS RTOS Condition cause : null
2025-01-17 20:59:25,593 [WARN] ConditionMgr:1044 - genDependencies : Invalid condition id : UX DEVICE CLASS RTOS Condition cause : null
2025-01-17 20:59:25,593 [WARN] ConditionMgr:1044 - genDependencies : Invalid condition id : UX DEVICE CLASS RTOS Condition cause : null
2025-01-17 20:59:25,593 [WARN] ConditionMgr:1044 - genDependencies : Invalid condition id : UX DEVICE CLASS RTOS Condition cause : null
2025-01-17 20:59:25,593 [WARN] ConditionMgr:1044 - genDependencies : Invalid condition id : UX DEVICE CLASS RTOS Condition cause : null
2025-01-17 20:59:25,608 [WARN] PackLoader:240 - Cannot read IP mode file for STMicroelectronics.X-CUBE-GNSS1.7.0.0
2025-01-17 20:59:25,621 [WARN] PackLoader:240 - Cannot read IP mode file for STMicroelectronics.X-CUBE-GNSS1.7.0.1
2025-01-17 20:59:25,633 [WARN] PackLoader:240 - Cannot read IP mode file for STMicroelectronics.FP-SNS-STBOX1.2.0.0
2025-01-17 20:59:25,648 [WARN] PackLoader:240 - Cannot read IP mode file for STMicroelectronics.X-CUBE-SUBG2.5.0.0
2025-01-17 20:59:25,662 [WARN] PackLoader:240 - Cannot read IP mode file for Cesanta.I-CUBE-Mongoose.7.13.0
2025-01-17 20:59:25,686 [WARN] PackLoader:240 - Cannot read IP mode file for STMicroelectronics.X-CUBE-AZRTOS-G4.2.0.0
2025-01-17 20:59:25,703 [WARN] PackLoader:240 - Cannot read IP mode file for STMicroelectronics.X-CUBE-IPS.3.1.0
2025-01-17 20:59:25,718 [WARN] PackLoader:240 - Cannot read IP mode file for STMicroelectronics.X-CUBE-ALS.1.0.2
2025-01-17 20:59:25,731 [WARN] PackLoader:240 - Cannot read IP mode file for STMicroelectronics.X-CUBE-TOUCHGFX.4.24.2
2025-01-17 20:59:25,743 [WARN] PackLoader:240 - Cannot read IP mode file for STMicroelectronics.X-CUBE-TOUCHGFX.4.24.1
2025-01-17 20:59:25,755 [WARN] PackLoader:240 - Cannot read IP mode file for wolfSSL.I-CUBE-wolfTPM.3.4.0
2025-01-17 20:59:25,767 [WARN] PackLoader:240 - Cannot read IP mode file for portGmbH.I-Cube-SoM-uGOAL.1.1.0
2025-01-17 20:59:25,788 [WARN] PackLoader:240 - Cannot read IP mode file for STMicroelectronics.X-CUBE-AZRTOS-H7RS.1.0.0
2025-01-17 20:59:25,807 [WARN] PackLoader:240 - Cannot read IP mode file for STMicroelectronics.X-CUBE-TOF1.3.4.2
2025-01-17 20:59:25,826 [WARN] PackLoader:240 - Cannot read IP mode file for wolfSSL.I-CUBE-wolfSSH.1.4.17
2025-01-17 20:59:25,827 [INFO] ThirdParty:978 - Integrity check success = true
2025-01-17 20:59:25,827 [INFO] IntegrityCheckThread:100 - exiting critical section [integrity check]
2025-01-17 20:59:25,827 [INFO] IntegrityCheckThread:103 - End integrity checks thread
2025-01-17 20:59:40,926 [INFO] WebApp:190 - Connection lost
2025-01-17 20:59:41,133 [INFO] WebApp:187 - Connection restablished
