2024-12-04 22:25:52,089 [INFO] Activator:176 - 


2024-12-04 22:25:52,091 [INFO] Activator:177 - !SESSION log4j initialized
2024-12-04 22:25:55,360 [INFO] LogOutputStream:77 - [STDOUT_REDIRECT] 
2024-12-04 22:25:57,654 [INFO] ApplicationProperties:184 - Using Application install path: D:\Program Files\STM32CubeIDE_1.17.0\STM32CubeIDE\plugins\com.st.stm32cube.common.mx_6.13.0.202411220809
2024-12-04 22:25:57,665 [INFO] DbMcusXml:78 - Set database path to: D:\Program Files\STM32CubeIDE_1.17.0\STM32CubeIDE\plugins\com.st.stm32cube.common.mx_6.13.0.202411220809\\db\/mcu/
2024-12-04 22:25:57,665 [INFO] ApiDb:274 - Set plugin database path to: D:\Program Files\STM32CubeIDE_1.17.0\STM32CubeIDE\plugins\com.st.stm32cube.common.mx_6.13.0.202411220809\\db\/plugins/boardmanager/
2024-12-04 22:25:57,665 [WARN] ApiDb:259 - Overriding images path with different value:  => D:\Program Files\STM32CubeIDE_1.17.0\STM32CubeIDE\plugins\com.st.stm32cube.common.mx_6.13.0.202411220809\\db\/plugins/mcufinder/images/
2024-12-04 22:25:58,662 [WARN] ApiFinderProperties:113 - C:\Users\Jinhy\.stmcufinder\plugins\mcufinder\mcu\mcuFinder.mfd doesn't exist
2024-12-04 22:25:58,663 [INFO] ApiDb:250 - Set database path to: C:\Users\Jinhy\.stmcufinder\plugins\mcufinder//mcu/
2024-12-04 22:25:58,665 [INFO] DbMcusAds:125 - Set database path to: C:\Users\Jinhy\.stmcufinder\plugins\mcufinder//mcu/
2024-12-04 22:25:58,666 [INFO] CrossReferenceDbSqlite:203 - Set database path to: C:\Users\Jinhy\.stmcufinder\plugins\mcufinder//mcu/cs/
2024-12-04 22:25:58,748 [INFO] RulesReader:64 - Compatibility file has been processed (297 Rules)
2024-12-04 22:25:58,806 [INFO] DbMcusXml:78 - Set database path to: D:\Program Files\STM32CubeIDE_1.17.0\STM32CubeIDE\plugins\com.st.stm32cube.common.mx_6.13.0.202411220809\\db\/mcu/
2024-12-04 22:25:58,806 [INFO] ApiDb:274 - Set plugin database path to: D:\Program Files\STM32CubeIDE_1.17.0\STM32CubeIDE\plugins\com.st.stm32cube.common.mx_6.13.0.202411220809\\db\/plugins/boardmanager/
2024-12-04 22:25:58,807 [INFO] ApiDb:261 - Set plugin images path to: D:\Program Files\STM32CubeIDE_1.17.0\STM32CubeIDE\plugins\com.st.stm32cube.common.mx_6.13.0.202411220809\\db\/plugins/mcufinder/images/
2024-12-04 22:25:58,807 [WARN] DbFile:41 - Overriding database path with different value: C:\Users\Jinhy\.stmcufinder\plugins\mcufinder/ => C:\Users\Jinhy\.stmcufinder\plugins\mcufinder
2024-12-04 22:25:58,807 [INFO] ApiDb:250 - Set database path to: C:\Users\Jinhy\.stmcufinder\plugins\mcufinder//mcu/
2024-12-04 22:25:58,807 [WARN] DbFile:41 - Overriding database path with different value: C:\Users\Jinhy\.stmcufinder\plugins\mcufinder/ => C:\Users\Jinhy\.stmcufinder\plugins\mcufinder
2024-12-04 22:25:58,807 [INFO] DbMcusAds:125 - Set database path to: C:\Users\Jinhy\.stmcufinder\plugins\mcufinder//mcu/
2024-12-04 22:25:58,807 [WARN] DbFile:41 - Overriding database path with different value: C:\Users\Jinhy\.stmcufinder\plugins\mcufinder/ => C:\Users\Jinhy\.stmcufinder\plugins\mcufinder
2024-12-04 22:25:58,807 [WARN] DbFile:41 - Overriding database path with different value: C:\Users\Jinhy\.stmcufinder\plugins\mcufinder/ => C:\Users\Jinhy\.stmcufinder\plugins\mcufinder
2024-12-04 22:25:58,807 [INFO] CrossReferenceDbSqlite:203 - Set database path to: C:\Users\Jinhy\.stmcufinder\plugins\mcufinder//mcu/cs/
2024-12-04 22:25:58,853 [INFO] MainPanel:272 - HeapMemory: 268435456
2024-12-04 22:25:58,912 [INFO] DbMcusXml:78 - Set database path to: D:\Program Files\STM32CubeIDE_1.17.0\STM32CubeIDE\plugins\com.st.stm32cube.common.mx_6.13.0.202411220809\\db\/mcu/
2024-12-04 22:25:58,912 [INFO] ApiDb:274 - Set plugin database path to: D:\Program Files\STM32CubeIDE_1.17.0\STM32CubeIDE\plugins\com.st.stm32cube.common.mx_6.13.0.202411220809\\db\/plugins/boardmanager/
2024-12-04 22:25:58,912 [INFO] ApiDb:261 - Set plugin images path to: D:\Program Files\STM32CubeIDE_1.17.0\STM32CubeIDE\plugins\com.st.stm32cube.common.mx_6.13.0.202411220809\\db\/plugins/mcufinder/images/
2024-12-04 22:25:58,912 [WARN] DbFile:41 - Overriding database path with different value: C:\Users\Jinhy\.stmcufinder\plugins\mcufinder/ => C:\Users\Jinhy\.stmcufinder\plugins\mcufinder
2024-12-04 22:25:58,912 [INFO] ApiDb:250 - Set database path to: C:\Users\Jinhy\.stmcufinder\plugins\mcufinder//mcu/
2024-12-04 22:25:58,913 [WARN] DbFile:41 - Overriding database path with different value: C:\Users\Jinhy\.stmcufinder\plugins\mcufinder/ => C:\Users\Jinhy\.stmcufinder\plugins\mcufinder
2024-12-04 22:25:58,913 [INFO] DbMcusAds:125 - Set database path to: C:\Users\Jinhy\.stmcufinder\plugins\mcufinder//mcu/
2024-12-04 22:25:58,913 [WARN] DbFile:41 - Overriding database path with different value: C:\Users\Jinhy\.stmcufinder\plugins\mcufinder/ => C:\Users\Jinhy\.stmcufinder\plugins\mcufinder
2024-12-04 22:25:58,913 [WARN] DbFile:41 - Overriding database path with different value: C:\Users\Jinhy\.stmcufinder\plugins\mcufinder/ => C:\Users\Jinhy\.stmcufinder\plugins\mcufinder
2024-12-04 22:25:58,913 [INFO] CrossReferenceDbSqlite:203 - Set database path to: C:\Users\Jinhy\.stmcufinder\plugins\mcufinder//mcu/cs/
2024-12-04 22:25:58,939 [INFO] ApplicationProperties:184 - Using Application install path: D:\Program Files\STM32CubeIDE_1.17.0\STM32CubeIDE\plugins\com.st.stm32cube.common.mx_6.13.0.202411220809
2024-12-04 22:25:58,940 [INFO] PluginManage:196 - Search for loadable plugins [exclusion list=, ]
2024-12-04 22:25:58,941 [INFO] PluginManage:310 - Check plugin analytics
2024-12-04 22:25:59,127 [INFO] AnalyticsPlugin:253 - Accepted Software Licenses: 
2024-12-04 22:25:59,127 [INFO] AnalyticsPlugin:255 - Accepted CMSIS Pack Licenses: 
2024-12-04 22:25:59,127 [INFO] AnalyticsPlugin:257 - Accepted Firmware Licenses: 
2024-12-04 22:25:59,131 [INFO] PluginManage:359 - Loaded plugin analytics (category:tool,tabindex:-1)
2024-12-04 22:25:59,131 [INFO] PluginManage:310 - Check plugin cadmodel
2024-12-04 22:25:59,144 [INFO] CADModel:105 - Init CAD model plugin
2024-12-04 22:25:59,146 [INFO] PluginManage:359 - Loaded plugin cadmodel (category:power,tabindex:5)
2024-12-04 22:25:59,146 [INFO] PluginManage:310 - Check plugin clock
2024-12-04 22:25:59,162 [INFO] PluginManage:359 - Loaded plugin clock (category:base,tabindex:2)
2024-12-04 22:25:59,162 [INFO] PluginManage:310 - Check plugin ddr
2024-12-04 22:25:59,164 [INFO] PluginManage:359 - Loaded plugin ddr (category:tool,tabindex:6)
2024-12-04 22:25:59,164 [INFO] PluginManage:310 - Check plugin filemanager
2024-12-04 22:25:59,271 [INFO] PluginManage:359 - Loaded plugin filemanager (category:base,tabindex:10)
2024-12-04 22:25:59,271 [INFO] PluginManage:310 - Check plugin ipmanager
2024-12-04 22:25:59,275 [INFO] PluginManage:359 - Loaded plugin ipmanager (category:base,tabindex:5)
2024-12-04 22:25:59,276 [INFO] PluginManage:310 - Check plugin lpbam
2024-12-04 22:25:59,289 [INFO] PluginManage:359 - Loaded plugin lpbam (category:base,tabindex:0)
2024-12-04 22:25:59,289 [INFO] PluginManage:310 - Check plugin memorymap
2024-12-04 22:25:59,303 [INFO] PluginManage:359 - Loaded plugin memorymap (category:base,tabindex:4)
2024-12-04 22:25:59,303 [INFO] PluginManage:310 - Check plugin pinoutandconfiguration
2024-12-04 22:25:59,316 [INFO] PluginManage:359 - Loaded plugin pinoutandconfiguration (category:base,tabindex:1)
2024-12-04 22:25:59,317 [INFO] PluginManage:310 - Check plugin pinoutconfig
2024-12-04 22:25:59,378 [WARN] SupportedApi:132 - Cannot load RTOS API schema: s4s-elt-must-match.1: The content of 'definitions' must match (annotation?, (simpleType | complexType)?, (unique | key | keyref)*)). A problem was found starting at: attribute.
2024-12-04 22:25:59,455 [INFO] PluginManage:359 - Loaded plugin pinoutconfig (category:base,tabindex:0)
2024-12-04 22:25:59,455 [INFO] PluginManage:310 - Check plugin power
2024-12-04 22:25:59,468 [INFO] PluginManage:359 - Loaded plugin power (category:power,tabindex:4)
2024-12-04 22:25:59,469 [INFO] PluginManage:310 - Check plugin projectmanager
2024-12-04 22:25:59,480 [INFO] PluginManage:359 - Loaded plugin projectmanager (category:projectmanager,tabindex:4)
2024-12-04 22:25:59,480 [INFO] PluginManage:310 - Check plugin rif
2024-12-04 22:25:59,494 [INFO] PluginManage:359 - Loaded plugin rif (category:base,tabindex:3)
2024-12-04 22:25:59,494 [INFO] PluginManage:310 - Check plugin thirdparty
2024-12-04 22:25:59,688 [INFO] PluginManage:359 - Loaded plugin thirdparty (category:base,tabindex:-1)
2024-12-04 22:25:59,688 [INFO] PluginManage:310 - Check plugin tools
2024-12-04 22:25:59,688 [WARN] IntegrityCheckThread:84 - waiting for thirdparty lock release [integrity check]
2024-12-04 22:25:59,689 [INFO] IntegrityCheckThread:86 - entering critical section [integrity check]
2024-12-04 22:25:59,689 [INFO] ThirdPartyUpdaterWithRetryManager:70 - Updater plugin not ready yet. [1/15]
2024-12-04 22:25:59,714 [INFO] PluginManage:359 - Loaded plugin tools (category:base,tabindex:7)
2024-12-04 22:25:59,714 [INFO] PluginManage:310 - Check plugin tutovideos
2024-12-04 22:25:59,817 [INFO] PluginManage:359 - Loaded plugin tutovideos (category:base,tabindex:-1)
2024-12-04 22:25:59,817 [INFO] PluginManage:310 - Check plugin updater
2024-12-04 22:25:59,834 [INFO] PluginManage:359 - Loaded plugin updater (category:base,tabindex:12)
2024-12-04 22:25:59,834 [INFO] PluginManage:310 - Check plugin userauth
2024-12-04 22:25:59,836 [INFO] UserAuth:118 - Init User Auth plugin
2024-12-04 22:25:59,836 [INFO] PluginManage:359 - Loaded plugin userauth (category:base,tabindex:14)
2024-12-04 22:25:59,836 [INFO] PluginManage:283 - PluginManage : Loaded plugins [18]
2024-12-04 22:25:59,977 [INFO] PinOutPanel:1589 - setPackage(No Configuration,No Configuration)
2024-12-04 22:26:00,033 [INFO] CADModel:165 - CPN selected for project level
2024-12-04 22:26:00,034 [INFO] CADModel:114 - Register for checkConnection events
2024-12-04 22:26:00,053 [INFO] IPUIPlugin:80 - create IPUIPlugin
2024-12-04 22:26:00,053 [INFO] PluginManager:220 - loadIPPluginJar : add adc
2024-12-04 22:26:00,082 [INFO] IPUIPlugin:80 - create IPUIPlugin
2024-12-04 22:26:00,082 [INFO] PluginManager:220 - loadIPPluginJar : add aes
2024-12-04 22:26:00,113 [INFO] IPUIPlugin:80 - create IPUIPlugin
2024-12-04 22:26:00,113 [INFO] PluginManager:220 - loadIPPluginJar : add can
2024-12-04 22:26:00,131 [INFO] IPUIPlugin:80 - create IPUIPlugin
2024-12-04 22:26:00,132 [INFO] PluginManager:220 - loadIPPluginJar : add comp
2024-12-04 22:26:00,159 [INFO] IPUIPlugin:80 - create IPUIPlugin
2024-12-04 22:26:00,159 [INFO] PluginManager:220 - loadIPPluginJar : add cryp
2024-12-04 22:26:00,169 [INFO] IPUIPlugin:80 - create IPUIPlugin
2024-12-04 22:26:00,169 [INFO] PluginManager:220 - loadIPPluginJar : add ddr_ctrl_phy
2024-12-04 22:26:00,191 [INFO] IPUIPlugin:80 - create IPUIPlugin
2024-12-04 22:26:00,191 [INFO] PluginManager:220 - loadIPPluginJar : add dfsdm
2024-12-04 22:26:00,200 [INFO] IPUIPlugin:80 - create IPUIPlugin
2024-12-04 22:26:00,200 [INFO] PluginManager:220 - loadIPPluginJar : add dma
2024-12-04 22:26:00,226 [INFO] IPUIPlugin:80 - create IPUIPlugin
2024-12-04 22:26:00,226 [INFO] PluginManager:220 - loadIPPluginJar : add dma3
2024-12-04 22:26:00,256 [INFO] IPUIPlugin:80 - create IPUIPlugin
2024-12-04 22:26:00,257 [INFO] PluginManager:220 - loadIPPluginJar : add extmemmanager
2024-12-04 22:26:00,272 [INFO] IPUIPlugin:80 - create IPUIPlugin
2024-12-04 22:26:00,272 [INFO] PluginManager:220 - loadIPPluginJar : add fatfs
2024-12-04 22:26:00,370 [INFO] IPUIPlugin:80 - create IPUIPlugin
2024-12-04 22:26:00,371 [INFO] PluginManager:220 - loadIPPluginJar : add fmc
2024-12-04 22:26:00,395 [INFO] IPUIPlugin:80 - create IPUIPlugin
2024-12-04 22:26:00,396 [INFO] PluginManager:220 - loadIPPluginJar : add freertos
2024-12-04 22:26:00,443 [INFO] IPUIPlugin:80 - create IPUIPlugin
2024-12-04 22:26:00,443 [INFO] PluginManager:220 - loadIPPluginJar : add genericplugin
2024-12-04 22:26:00,652 [INFO] IPUIPlugin:80 - create IPUIPlugin
2024-12-04 22:26:00,652 [INFO] PluginManager:220 - loadIPPluginJar : add gfxmmu
2024-12-04 22:26:00,915 [INFO] IPUIPlugin:80 - create IPUIPlugin
2024-12-04 22:26:00,915 [INFO] PluginManager:220 - loadIPPluginJar : add gic
2024-12-04 22:26:00,933 [INFO] IPUIPlugin:80 - create IPUIPlugin
2024-12-04 22:26:00,933 [INFO] PluginManager:220 - loadIPPluginJar : add gpio
2024-12-04 22:26:01,126 [INFO] IPUIPlugin:80 - create IPUIPlugin
2024-12-04 22:26:01,126 [INFO] PluginManager:220 - loadIPPluginJar : add gtzc
2024-12-04 22:26:01,160 [INFO] IPUIPlugin:80 - create IPUIPlugin
2024-12-04 22:26:01,160 [INFO] PluginManager:220 - loadIPPluginJar : add hash
2024-12-04 22:26:01,210 [INFO] IPUIPlugin:80 - create IPUIPlugin
2024-12-04 22:26:01,210 [INFO] PluginManager:220 - loadIPPluginJar : add i2c
2024-12-04 22:26:01,245 [INFO] IPUIPlugin:80 - create IPUIPlugin
2024-12-04 22:26:01,245 [INFO] PluginManager:220 - loadIPPluginJar : add i2s
2024-12-04 22:26:01,281 [INFO] IPUIPlugin:80 - create IPUIPlugin
2024-12-04 22:26:01,281 [INFO] PluginManager:220 - loadIPPluginJar : add i3c
2024-12-04 22:26:01,356 [INFO] IPUIPlugin:80 - create IPUIPlugin
2024-12-04 22:26:01,356 [INFO] PluginManager:220 - loadIPPluginJar : add ipddr
2024-12-04 22:26:01,423 [INFO] IPUIPlugin:80 - create IPUIPlugin
2024-12-04 22:26:01,423 [INFO] PluginManager:220 - loadIPPluginJar : add linkedlist
2024-12-04 22:26:01,450 [INFO] IPUIPlugin:80 - create IPUIPlugin
2024-12-04 22:26:01,450 [INFO] PluginManager:220 - loadIPPluginJar : add lorawan
2024-12-04 22:26:01,474 [INFO] IPUIPlugin:80 - create IPUIPlugin
2024-12-04 22:26:01,475 [INFO] PluginManager:220 - loadIPPluginJar : add ltdc
2024-12-04 22:26:01,484 [INFO] IPUIPlugin:80 - create IPUIPlugin
2024-12-04 22:26:01,484 [INFO] PluginManager:220 - loadIPPluginJar : add mdma
2024-12-04 22:26:01,492 [INFO] IPUIPlugin:80 - create IPUIPlugin
2024-12-04 22:26:01,492 [INFO] PluginManager:220 - loadIPPluginJar : add nvic
2024-12-04 22:26:01,518 [INFO] IPUIPlugin:80 - create IPUIPlugin
2024-12-04 22:26:01,518 [INFO] PluginManager:220 - loadIPPluginJar : add opamp
2024-12-04 22:26:01,559 [INFO] IPUIPlugin:80 - create IPUIPlugin
2024-12-04 22:26:01,559 [INFO] PluginManager:220 - loadIPPluginJar : add openamp
2024-12-04 22:26:01,591 [INFO] IPUIPlugin:80 - create IPUIPlugin
2024-12-04 22:26:01,592 [INFO] PluginManager:220 - loadIPPluginJar : add pdm2pcm
2024-12-04 22:26:01,602 [INFO] IPUIPlugin:80 - create IPUIPlugin
2024-12-04 22:26:01,605 [INFO] PluginManager:220 - loadIPPluginJar : add plateformsettings
2024-12-04 22:26:01,622 [INFO] IPUIPlugin:80 - create IPUIPlugin
2024-12-04 22:26:01,622 [INFO] PluginManager:220 - loadIPPluginJar : add quadspi
2024-12-04 22:26:01,642 [INFO] IPUIPlugin:80 - create IPUIPlugin
2024-12-04 22:26:01,642 [INFO] PluginManager:220 - loadIPPluginJar : add radio
2024-12-04 22:26:01,651 [INFO] IPUIPlugin:80 - create IPUIPlugin
2024-12-04 22:26:01,651 [INFO] PluginManager:220 - loadIPPluginJar : add resmgrutility
2024-12-04 22:26:01,687 [INFO] IPUIPlugin:80 - create IPUIPlugin
2024-12-04 22:26:01,687 [INFO] PluginManager:220 - loadIPPluginJar : add sai
2024-12-04 22:26:01,712 [INFO] IPUIPlugin:80 - create IPUIPlugin
2024-12-04 22:26:01,712 [INFO] PluginManager:220 - loadIPPluginJar : add spi
2024-12-04 22:26:01,760 [INFO] IPUIPlugin:80 - create IPUIPlugin
2024-12-04 22:26:01,760 [INFO] PluginManager:220 - loadIPPluginJar : add stm32_wpan
2024-12-04 22:26:01,778 [INFO] IPUIPlugin:80 - create IPUIPlugin
2024-12-04 22:26:01,779 [INFO] PluginManager:220 - loadIPPluginJar : add tim
2024-12-04 22:26:01,827 [INFO] IPUIPlugin:80 - create IPUIPlugin
2024-12-04 22:26:01,827 [INFO] PluginManager:220 - loadIPPluginJar : add touchsensing
2024-12-04 22:26:01,854 [INFO] IPUIPlugin:80 - create IPUIPlugin
2024-12-04 22:26:01,854 [INFO] PluginManager:220 - loadIPPluginJar : add tracer_emb
2024-12-04 22:26:01,882 [INFO] IPUIPlugin:80 - create IPUIPlugin
2024-12-04 22:26:01,882 [INFO] PluginManager:220 - loadIPPluginJar : add ts
2024-12-04 22:26:01,910 [INFO] IPUIPlugin:80 - create IPUIPlugin
2024-12-04 22:26:01,910 [INFO] PluginManager:220 - loadIPPluginJar : add tsc
2024-12-04 22:26:01,937 [INFO] IPUIPlugin:80 - create IPUIPlugin
2024-12-04 22:26:01,937 [INFO] PluginManager:220 - loadIPPluginJar : add ucpd
2024-12-04 22:26:01,990 [INFO] IPUIPlugin:80 - create IPUIPlugin
2024-12-04 22:26:01,990 [INFO] PluginManager:220 - loadIPPluginJar : add usart
2024-12-04 22:26:02,037 [INFO] IPUIPlugin:80 - create IPUIPlugin
2024-12-04 22:26:02,037 [INFO] PluginManager:220 - loadIPPluginJar : add usbx
2024-12-04 22:26:02,141 [FATAL] Updater:351 - Updater called before beeing initialized
2024-12-04 22:26:02,157 [INFO] RulesReader:64 - Compatibility file has been processed (297 Rules)
2024-12-04 22:26:02,166 [INFO] RulesReader:64 - Compatibility file has been processed (297 Rules)
2024-12-04 22:26:02,174 [INFO] CADModel:165 - CPN selected for project level
2024-12-04 22:26:02,174 [INFO] CADModel:114 - Register for checkConnection events
2024-12-04 22:26:02,174 [FATAL] Updater:351 - Updater called before beeing initialized
2024-12-04 22:26:02,174 [ERROR] CADModel:125 - Updater not yet initialized, retry later 
2024-12-04 22:26:02,279 [FATAL] Updater:351 - Updater called before beeing initialized
2024-12-04 22:26:02,280 [INFO] CADModel:165 - CPN selected for project level
2024-12-04 22:26:02,280 [INFO] CADModel:114 - Register for checkConnection events
2024-12-04 22:26:02,280 [FATAL] Updater:351 - Updater called before beeing initialized
2024-12-04 22:26:02,280 [ERROR] CADModel:125 - Updater not yet initialized, retry later 
2024-12-04 22:26:02,282 [FATAL] Updater:351 - Updater called before beeing initialized
2024-12-04 22:26:02,357 [FATAL] Updater:351 - Updater called before beeing initialized
2024-12-04 22:26:02,362 [INFO] DbMcusAds:53 - JSON generation date=Thu Sep 30 15:55:09 KST 2021 (1632984909247)
2024-12-04 22:26:02,362 [FATAL] Updater:351 - Updater called before beeing initialized
2024-12-04 22:26:02,419 [WARN] DetailPanel:346 - Failed to get advertising image, set to default
2024-12-04 22:26:02,568 [FATAL] Updater:351 - Updater called before beeing initialized
2024-12-04 22:26:02,570 [FATAL] Updater:351 - Updater called before beeing initialized
2024-12-04 22:26:02,571 [FATAL] Updater:351 - Updater called before beeing initialized
2024-12-04 22:26:02,571 [WARN] DetailPanel:346 - Failed to get advertising image, set to default
2024-12-04 22:26:02,573 [FATAL] Updater:351 - Updater called before beeing initialized
2024-12-04 22:26:02,634 [ERROR] Updater:1198 - MainUpdater not yet initialized. External WinMGr cannot be set.
2024-12-04 22:26:02,644 [INFO] Updater:1134 - Updater Version found : 6.13.0
2024-12-04 22:26:02,658 [INFO] ApplicationProperties:184 - Using Application install path: D:\Program Files\STM32CubeIDE_1.17.0\STM32CubeIDE\plugins\com.st.stm32cube.common.mx_6.13.0.202411220809
2024-12-04 22:26:02,690 [INFO] ThirdPartyUpdaterWithRetryManager:70 - Updater plugin not ready yet. [2/15]
2024-12-04 22:26:04,223 [ERROR] LogOutputStream:75 - [STDERR_REDIRECT] Dec 04, 2024 10:26:04 PM java.util.prefs.WindowsPreferences <init>
2024-12-04 22:26:04,224 [ERROR] LogOutputStream:75 - [STDERR_REDIRECT] WARNING: Could not open/create prefs root node Software\JavaSoft\Prefs at root 0xffffffff80000002. Windows RegCreateKeyEx(...) returned error code 5.
2024-12-04 22:26:04,224 [ERROR] LogOutputStream:75 - [STDERR_REDIRECT] 
2024-12-04 22:26:04,244 [INFO] MainUpdater:525 - Copy updater definitions from MX database
2024-12-04 22:26:04,293 [INFO] MainUpdater:558 - Copy flag file definitions from MX database
2024-12-04 22:26:04,294 [INFO] MainUpdater:574 - Copy thirdparty index definitions from MX database
2024-12-04 22:26:04,295 [INFO] MainUpdater:593 - Copy default thirdparty db definitions from MX database
2024-12-04 22:26:04,917 [INFO] MainUpdater:2872 - connection check result : 10
2024-12-04 22:26:04,918 [INFO] MainUpdater:3566 - Updater definition file requires update
2024-12-04 22:26:04,918 [INFO] MainUpdater:289 - Updater Check For Update Now.
2024-12-04 22:26:04,918 [INFO] MicroXplorer:498 - Change Database Version : DB.6.0.130
2024-12-04 22:26:04,934 [INFO] McuFinderGlobals:63 - Set McuFinder mode to 2 (CubeIDE integrated)
2024-12-04 22:26:04,934 [INFO] UserAuth:171 - activating auth plugin
2024-12-04 22:26:04,938 [INFO] UserAuth:486 - Internet connection configuration mode: 1
2024-12-04 22:26:04,946 [INFO] JxBrowserEngine:152 - Initiate JxBrowser Engine with user profile folder
2024-12-04 22:26:05,691 [WARN] MainUpdater:1193 - Updater busy. Cannot search thirdparties
2024-12-04 22:26:05,691 [INFO] ThirdPartyUpdaterWithRetryManager:96 - Updater plugin is busy. [1/15]
2024-12-04 22:26:06,114 [INFO] ServerAccessManage:473 - Download File updaters.zip
2024-12-04 22:26:06,502 [INFO] FileExtend:240 - Unzip File : updaters.zip
2024-12-04 22:26:06,502 [INFO] FileExtend:255 - Standard Zip Deflate
2024-12-04 22:26:07,707 [INFO] ServerAccessManage:473 - Download File PacksControlFlags.xml
2024-12-04 22:26:08,669 [INFO] ServerAccessManage:473 - Download File cubemx.pidx
2024-12-04 22:26:08,694 [WARN] MainUpdater:1193 - Updater busy. Cannot search thirdparties
2024-12-04 22:26:08,694 [INFO] ThirdPartyUpdaterWithRetryManager:96 - Updater plugin is busy. [2/15]
2024-12-04 22:26:08,700 [INFO] WebApp:168 - Instantiating new browser for Auth
2024-12-04 22:26:09,175 [INFO] ServerAccessManage:473 - Download File STMicroelectronics.FP-ATR-ASTRA1.pdsc
2024-12-04 22:26:09,243 [INFO] WebApp:449 - Apply proxy settings
2024-12-04 22:26:09,244 [INFO] WebApp:534 - Chromium requires no authentication
2024-12-04 22:26:09,250 [INFO] WebApp:477 - Direct internet connection detected
2024-12-04 22:26:09,270 [INFO] WebApp:880 - Register for checkConnection events
2024-12-04 22:26:09,270 [INFO] WebApp:449 - Apply proxy settings
2024-12-04 22:26:09,270 [INFO] WebApp:534 - Chromium requires no authentication
2024-12-04 22:26:09,271 [INFO] WebApp:477 - Direct internet connection detected
2024-12-04 22:26:09,440 [INFO] WebApp:221 - Starting web application
2024-12-04 22:26:09,440 [INFO] WebApp:579 - Web application path used D:\Program Files\STM32CubeIDE_1.17.0\STM32CubeIDE\plugins\com.st.stm32cube.common.mx_6.13.0.202411220809\db\plugins\mcufinder\reactClient1\index.html
2024-12-04 22:26:09,713 [INFO] WebApp:187 - Connection restablished
2024-12-04 22:26:11,177 [INFO] ServerAccessManage:473 - Download File STMicroelectronics.FP-ATR-SIGFOX1.pdsc
2024-12-04 22:26:11,694 [WARN] MainUpdater:1193 - Updater busy. Cannot search thirdparties
2024-12-04 22:26:11,694 [INFO] ThirdPartyUpdaterWithRetryManager:96 - Updater plugin is busy. [3/15]
2024-12-04 22:26:12,839 [INFO] ServerAccessManage:473 - Download File STMicroelectronics.FP-SNS-STBOX1.pdsc
2024-12-04 22:26:14,447 [INFO] ServerAccessManage:473 - Download File STMicroelectronics.FP-SNS-FLIGHT1.pdsc
2024-12-04 22:26:14,696 [WARN] MainUpdater:1193 - Updater busy. Cannot search thirdparties
2024-12-04 22:26:14,696 [INFO] ThirdPartyUpdaterWithRetryManager:96 - Updater plugin is busy. [4/15]
2024-12-04 22:26:17,078 [INFO] ServerAccessManage:473 - Download File STMicroelectronics.FP-SNS-MOTENV1.pdsc
2024-12-04 22:26:17,697 [WARN] MainUpdater:1193 - Updater busy. Cannot search thirdparties
2024-12-04 22:26:17,697 [INFO] ThirdPartyUpdaterWithRetryManager:96 - Updater plugin is busy. [5/15]
2024-12-04 22:26:20,394 [INFO] ServerAccessManage:473 - Download File STMicroelectronics.FP-SNS-MOTENVWB1.pdsc
2024-12-04 22:26:20,698 [WARN] MainUpdater:1193 - Updater busy. Cannot search thirdparties
2024-12-04 22:26:20,699 [INFO] ThirdPartyUpdaterWithRetryManager:96 - Updater plugin is busy. [6/15]
2024-12-04 22:26:23,395 [INFO] ServerAccessManage:473 - Download File STMicroelectronics.FP-SNS-SMARTAG2.pdsc
2024-12-04 22:26:23,699 [WARN] MainUpdater:1193 - Updater busy. Cannot search thirdparties
2024-12-04 22:26:23,700 [INFO] ThirdPartyUpdaterWithRetryManager:96 - Updater plugin is busy. [7/15]
2024-12-04 22:26:24,684 [INFO] ServerAccessManage:473 - Download File STMicroelectronics.X-CUBE-AI.pdsc
2024-12-04 22:26:26,700 [WARN] MainUpdater:1193 - Updater busy. Cannot search thirdparties
2024-12-04 22:26:26,700 [INFO] ThirdPartyUpdaterWithRetryManager:96 - Updater plugin is busy. [8/15]
2024-12-04 22:26:29,702 [WARN] MainUpdater:1193 - Updater busy. Cannot search thirdparties
2024-12-04 22:26:29,703 [INFO] ThirdPartyUpdaterWithRetryManager:96 - Updater plugin is busy. [9/15]
2024-12-04 22:26:32,703 [WARN] MainUpdater:1193 - Updater busy. Cannot search thirdparties
2024-12-04 22:26:32,703 [INFO] ThirdPartyUpdaterWithRetryManager:96 - Updater plugin is busy. [10/15]
2024-12-04 22:26:35,706 [WARN] MainUpdater:1193 - Updater busy. Cannot search thirdparties
2024-12-04 22:26:35,706 [INFO] ThirdPartyUpdaterWithRetryManager:96 - Updater plugin is busy. [11/15]
2024-12-04 22:26:38,675 [INFO] ServerAccessManage:473 - Download File STMicroelectronics.X-CUBE-ALS.pdsc
2024-12-04 22:26:38,707 [WARN] MainUpdater:1193 - Updater busy. Cannot search thirdparties
2024-12-04 22:26:38,707 [INFO] ThirdPartyUpdaterWithRetryManager:96 - Updater plugin is busy. [12/15]
2024-12-04 22:26:41,708 [WARN] MainUpdater:1193 - Updater busy. Cannot search thirdparties
2024-12-04 22:26:41,708 [INFO] ThirdPartyUpdaterWithRetryManager:96 - Updater plugin is busy. [13/15]
2024-12-04 22:26:41,998 [INFO] ServerAccessManage:473 - Download File STMicroelectronics.X-CUBE-BLE1.pdsc
2024-12-04 22:26:44,709 [WARN] MainUpdater:1193 - Updater busy. Cannot search thirdparties
2024-12-04 22:26:44,709 [INFO] ThirdPartyUpdaterWithRetryManager:96 - Updater plugin is busy. [14/15]
2024-12-04 22:26:47,709 [WARN] MainUpdater:1193 - Updater busy. Cannot search thirdparties
2024-12-04 22:26:47,709 [INFO] ThirdPartyUpdaterWithRetryManager:96 - Updater plugin is busy. [15/15]
2024-12-04 22:26:47,710 [ERROR] IntegrityCheckThread:130 - Cannot retrieve database content from updater: error -1
2024-12-04 22:26:47,710 [INFO] ThirdParty:978 - Integrity check success = false
2024-12-04 22:26:47,710 [INFO] IntegrityCheckThread:100 - exiting critical section [integrity check]
2024-12-04 22:26:47,710 [INFO] IntegrityCheckThread:103 - End integrity checks thread
2024-12-04 22:26:52,284 [ERROR] ServerAccessManage:1089 - Problem, file not found on Server
2024-12-04 22:26:53,118 [INFO] ServerAccessManage:473 - Download File STMicroelectronics.X-CUBE-BLE2.pdsc
2024-12-04 22:26:58,719 [INFO] ServerAccessManage:473 - Download File STMicroelectronics.X-CUBE-BLEMGR.pdsc
2024-12-04 22:27:04,098 [INFO] ServerAccessManage:473 - Download File STMicroelectronics.X-CUBE-DISPLAY.pdsc
2024-12-04 22:27:09,507 [INFO] ServerAccessManage:473 - Download File STMicroelectronics.X-CUBE-DPOWER.pdsc
2024-12-04 22:27:11,240 [ERROR] ServerAccessManage:1089 - Problem, file not found on Server
2024-12-04 22:27:12,097 [ERROR] ServerAccessManage:1089 - Problem, file not found on Server
2024-12-04 22:27:12,901 [ERROR] ServerAccessManage:1089 - Problem, file not found on Server
2024-12-04 22:27:13,774 [ERROR] ServerAccessManage:1089 - Problem, file not found on Server
2024-12-04 22:27:14,627 [ERROR] ServerAccessManage:1089 - Problem, file not found on Server
2024-12-04 22:27:15,446 [ERROR] ServerAccessManage:1089 - Problem, file not found on Server
2024-12-04 22:27:20,573 [ERROR] ServerAccessManage:1089 - Problem, file not found on Server
2024-12-04 22:27:21,459 [ERROR] ServerAccessManage:1089 - Problem, file not found on Server
2024-12-04 22:27:22,239 [ERROR] ServerAccessManage:1089 - Problem, file not found on Server
2024-12-04 22:27:23,068 [ERROR] ServerAccessManage:1089 - Problem, file not found on Server
2024-12-04 22:27:23,929 [ERROR] ServerAccessManage:1089 - Problem, file not found on Server
2024-12-04 22:27:24,742 [INFO] ServerAccessManage:473 - Download File STMicroelectronics.X-CUBE-EEPRMA1.pdsc
2024-12-04 22:27:26,442 [ERROR] ServerAccessManage:1089 - Problem, file not found on Server
2024-12-04 22:27:28,860 [ERROR] ServerAccessManage:1089 - Problem, file not found on Server
2024-12-04 22:27:31,783 [INFO] ServerAccessManage:473 - Download File STMicroelectronics.X-CUBE-FREERTOS.pdsc
2024-12-04 22:27:35,402 [INFO] ServerAccessManage:473 - Download File STMicroelectronics.X-CUBE-GNSS1.pdsc
2024-12-04 22:27:42,912 [ERROR] ServerAccessManage:1089 - Problem, file not found on Server
2024-12-04 22:27:43,432 [ERROR] ServerAccessManage:1089 - Problem, file not found on Server
2024-12-04 22:27:43,843 [ERROR] ServerAccessManage:1089 - Problem, file not found on Server
2024-12-04 22:27:44,407 [ERROR] ServerAccessManage:1089 - Problem, file not found on Server
2024-12-04 22:27:45,177 [ERROR] ServerAccessManage:1089 - Problem, file not found on Server
2024-12-04 22:27:45,994 [ERROR] ServerAccessManage:1089 - Problem, file not found on Server
2024-12-04 22:27:46,911 [INFO] ServerAccessManage:473 - Download File STMicroelectronics.X-CUBE-ISPU.pdsc
2024-12-04 22:27:51,162 [INFO] ServerAccessManage:473 - Download File STMicroelectronics.X-CUBE-IPS.pdsc
2024-12-04 22:27:52,840 [INFO] ServerAccessManage:473 - Download File STMicroelectronics.X-CUBE-MEMS1.pdsc
2024-12-04 22:28:12,643 [INFO] ServerAccessManage:473 - Download File STMicroelectronics.X-CUBE-NFC4.pdsc
2024-12-04 22:28:23,203 [INFO] ServerAccessManage:473 - Download File STMicroelectronics.X-CUBE-NFC6.pdsc
2024-12-04 22:28:25,596 [INFO] ServerAccessManage:473 - Download File STMicroelectronics.X-CUBE-NFC7.pdsc
2024-12-04 22:28:27,965 [INFO] ServerAccessManage:473 - Download File STMicroelectronics.X-CUBE-NFC9.pdsc
2024-12-04 22:28:29,173 [INFO] ServerAccessManage:473 - Download File STMicroelectronics.X-CUBE-NFC10.pdsc
2024-12-04 22:28:30,535 [INFO] ServerAccessManage:473 - Download File STMicroelectronics.X-CUBE-SFXS2LP1.pdsc
2024-12-04 22:28:34,627 [INFO] ServerAccessManage:473 - Download File STMicroelectronics.X-CUBE-SAFEA1.pdsc
2024-12-04 22:28:36,327 [INFO] ServerAccessManage:473 - Download File STMicroelectronics.X-CUBE-SUBG2.pdsc
2024-12-04 22:28:42,574 [INFO] ServerAccessManage:473 - Download File STMicroelectronics.X-CUBE-SMBUS.pdsc
2024-12-04 22:28:44,173 [ERROR] ServerAccessManage:1089 - Problem, file not found on Server
2024-12-04 22:28:44,667 [INFO] ServerAccessManage:473 - Download File STMicroelectronics.X-CUBE-TCPP.pdsc
2024-12-04 22:28:46,381 [INFO] ServerAccessManage:473 - Download File STMicroelectronics.X-CUBE-TOF1.pdsc
2024-12-04 22:28:53,526 [ERROR] ServerAccessManage:1089 - Problem, file not found on Server
2024-12-04 22:28:55,145 [INFO] ServerAccessManage:473 - Download File STMicroelectronics.X-CUBE-TOUCHGFX.pdsc
2024-12-04 22:29:13,846 [INFO] ServerAccessManage:473 - Download File STMicroelectronics.X-CUBE-ALGOBUILD.pdsc
2024-12-04 22:29:19,300 [INFO] ServerAccessManage:473 - Download File STMicroelectronics.X-CUBE-AZRTOS-H7.pdsc
2024-12-04 22:29:26,483 [INFO] ServerAccessManage:473 - Download File STMicroelectronics.X-CUBE-AZRTOS-H7RS.pdsc
2024-12-04 22:29:28,184 [INFO] ServerAccessManage:473 - Download File STMicroelectronics.X-CUBE-AZRTOS-F4.pdsc
2024-12-04 22:29:30,568 [INFO] ServerAccessManage:473 - Download File STMicroelectronics.X-CUBE-AZRTOS-F7.pdsc
2024-12-04 22:29:32,733 [INFO] ServerAccessManage:473 - Download File STMicroelectronics.X-CUBE-AZRTOS-L4.pdsc
2024-12-04 22:29:35,131 [INFO] ServerAccessManage:473 - Download File STMicroelectronics.X-CUBE-AZRTOS-L5.pdsc
2024-12-04 22:29:38,176 [INFO] ServerAccessManage:473 - Download File STMicroelectronics.X-CUBE-AZRTOS-G0.pdsc
2024-12-04 22:29:39,939 [INFO] ServerAccessManage:473 - Download File STMicroelectronics.X-CUBE-AZRTOS-G4.pdsc
2024-12-04 22:29:42,096 [INFO] ServerAccessManage:473 - Download File STMicroelectronics.X-CUBE-AZRTOS-WB.pdsc
2024-12-04 22:29:44,122 [INFO] ServerAccessManage:473 - Download File STMicroelectronics.X-CUBE-AZRTOS-WL.pdsc
2024-12-04 22:29:46,191 [INFO] ServerAccessManage:473 - Download File STMicroelectronics.X-CUBE-WB05N.pdsc
2024-12-04 22:29:48,095 [INFO] ServerAccessManage:473 - Download File wolfSSL.I-CUBE-wolfSSL.pdsc
2024-12-04 22:29:53,515 [ERROR] ServerAccessManage:1089 - Problem, file not found on Server
2024-12-04 22:29:53,959 [ERROR] ServerAccessManage:1089 - Problem, file not found on Server
2024-12-04 22:29:54,397 [ERROR] ServerAccessManage:1089 - Problem, file not found on Server
2024-12-04 22:29:54,619 [INFO] ServerAccessManage:473 - Download File wolfSSL.I-CUBE-wolfMQTT.pdsc
2024-12-04 22:29:55,818 [ERROR] ServerAccessManage:1089 - Problem, file not found on Server
2024-12-04 22:29:56,044 [INFO] ServerAccessManage:473 - Download File wolfSSL.I-CUBE-wolfTPM.pdsc
2024-12-04 22:29:57,546 [INFO] ServerAccessManage:473 - Download File wolfSSL.I-CUBE-wolfSSH.pdsc
2024-12-04 22:29:58,827 [INFO] ServerAccessManage:473 - Download File RealThread.X-CUBE-RT-Thread_Nano.pdsc
2024-12-04 22:30:00,146 [INFO] ServerAccessManage:473 - Download File SEGGER.I-CUBE-embOS.pdsc
2024-12-04 22:30:03,611 [INFO] ServerAccessManage:473 - Download File portGmbH.I-Cube-SoM-uGOAL.pdsc
2024-12-04 22:30:06,408 [ERROR] ServerAccessManage:1089 - Problem, file not found on Server
2024-12-04 22:30:06,663 [ERROR] ServerAccessManage:1089 - Problem, file not found on Server
2024-12-04 22:30:06,919 [ERROR] ServerAccessManage:1089 - Problem, file not found on Server
2024-12-04 22:30:08,344 [INFO] ServerAccessManage:473 - Download File emotas.I-CUBE-CANOPEN.pdsc
2024-12-04 22:30:10,122 [INFO] ServerAccessManage:473 - Download File WES.I-CUBE-Cesium.pdsc
2024-12-04 22:30:10,786 [ERROR] ServerAccessManage:1089 - Problem, file not found on Server
2024-12-04 22:30:11,099 [ERROR] ServerAccessManage:1089 - Problem, file not found on Server
2024-12-04 22:30:12,300 [INFO] ServerAccessManage:473 - Download File ITTIA_DB.I-CUBE-ITTIADB.pdsc
2024-12-04 22:30:18,397 [INFO] ServerAccessManage:473 - Download File Infineon.AIROC-Wi-Fi-Bluetooth-STM32.pdsc
2024-12-04 22:30:22,996 [INFO] ServerAccessManage:473 - Download File Cesanta.I-CUBE-Mongoose.pdsc
2024-12-04 22:30:28,486 [INFO] ServerAccessManage:473 - Download File EmbeddedOffice.I-CUBE-FS-RTOS.pdsc
2024-12-04 22:30:29,902 [INFO] ServerAccessManage:473 - Download File quantropi.X-CUBE-qispace-sdk-base.pdsc
2024-12-04 22:30:30,255 [WARN] PackLoader:240 - Cannot read IP mode file for STMicroelectronics.FP-ATR-ASTRA1.2.0.1
2024-12-04 22:30:30,266 [WARN] PackLoader:240 - Cannot read IP mode file for STMicroelectronics.FP-ATR-SIGFOX1.3.2.0
2024-12-04 22:30:30,272 [WARN] PackLoader:240 - Cannot read IP mode file for STMicroelectronics.FP-SNS-STBOX1.2.0.0
2024-12-04 22:30:30,280 [WARN] CheckServerUpdateThread:151 - Open CheckUpdateFile Fail
2024-12-04 22:30:30,283 [WARN] PackLoader:240 - Cannot read IP mode file for STMicroelectronics.FP-SNS-FLIGHT1.5.0.2
2024-12-04 22:30:30,286 [WARN] PackLoader:240 - Cannot read IP mode file for STMicroelectronics.FP-SNS-MOTENV1.5.0.0
2024-12-04 22:30:30,291 [WARN] PackLoader:240 - Cannot read IP mode file for STMicroelectronics.FP-SNS-MOTENVWB1.1.4.0
2024-12-04 22:30:30,294 [WARN] PackLoader:240 - Cannot read IP mode file for STMicroelectronics.FP-SNS-SMARTAG2.1.2.0
2024-12-04 22:30:30,297 [WARN] PackLoader:240 - Cannot read IP mode file for STMicroelectronics.X-CUBE-AI.9.1.0
2024-12-04 22:30:30,305 [WARN] PackLoader:240 - Cannot read IP mode file for STMicroelectronics.X-CUBE-ALS.1.0.2
2024-12-04 22:30:30,313 [WARN] PackLoader:240 - Cannot read IP mode file for STMicroelectronics.X-CUBE-BLE1.7.0.0
2024-12-04 22:30:30,316 [WARN] PackLoader:240 - Cannot read IP mode file for STMicroelectronics.X-CUBE-BLE2.3.3.0
2024-12-04 22:30:30,325 [WARN] PackLoader:240 - Cannot read IP mode file for STMicroelectronics.X-CUBE-BLEMGR.3.1.0
2024-12-04 22:30:30,344 [WARN] PackLoader:240 - Cannot read IP mode file for STMicroelectronics.X-CUBE-DISPLAY.3.0.0
2024-12-04 22:30:30,351 [WARN] PackLoader:240 - Cannot read IP mode file for STMicroelectronics.X-CUBE-DPower.1.2.0
2024-12-04 22:30:30,355 [WARN] PackLoader:240 - Cannot read IP mode file for STMicroelectronics.X-CUBE-EEPRMA1.5.1.0
2024-12-04 22:30:30,359 [WARN] PackLoader:240 - Cannot read IP mode file for STMicroelectronics.X-CUBE-FREERTOS.1.2.0
2024-12-04 22:30:30,363 [WARN] PackLoader:240 - Cannot read IP mode file for STMicroelectronics.X-CUBE-GNSS1.7.0.0
2024-12-04 22:30:30,366 [WARN] PackLoader:240 - Cannot read IP mode file for STMicroelectronics.X-CUBE-ISPU.2.1.0
2024-12-04 22:30:30,372 [WARN] PackLoader:240 - Cannot read IP mode file for STMicroelectronics.X-CUBE-IPS.3.0.0
2024-12-04 22:30:30,396 [INFO] CheckServerUpdateThread:120 - End of CheckServer Thread
2024-12-04 22:30:30,404 [WARN] PackLoader:240 - Cannot read IP mode file for STMicroelectronics.X-CUBE-MEMS1.11.0.0
2024-12-04 22:30:30,515 [WARN] PackLoader:240 - Cannot read IP mode file for STMicroelectronics.X-CUBE-NFC4.3.0.0
2024-12-04 22:30:30,521 [WARN] PackLoader:240 - Cannot read IP mode file for STMicroelectronics.X-CUBE-NFC6.3.1.0
2024-12-04 22:30:30,526 [WARN] PackLoader:240 - Cannot read IP mode file for STMicroelectronics.X-CUBE-NFC7.1.0.1
2024-12-04 22:30:30,530 [WARN] PackLoader:240 - Cannot read IP mode file for STMicroelectronics.X-CUBE-NFC9.1.0.0
2024-12-04 22:30:30,536 [WARN] PackLoader:240 - Cannot read IP mode file for STMicroelectronics.X-CUBE-NFC10.1.0.0
2024-12-04 22:30:30,541 [WARN] PackLoader:240 - Cannot read IP mode file for STMicroelectronics.X-CUBE-SFXS2LP1.4.0.0
2024-12-04 22:30:30,546 [WARN] PackLoader:240 - Cannot read IP mode file for STMicroelectronics.X-CUBE-SAFEA1.1.2.2
2024-12-04 22:30:30,552 [WARN] PackLoader:240 - Cannot read IP mode file for STMicroelectronics.X-CUBE-SUBG2.5.0.0
2024-12-04 22:30:30,558 [WARN] PackLoader:240 - Cannot read IP mode file for STMicroelectronics.X-CUBE-SMBUS.2.1.0
2024-12-04 22:30:30,563 [WARN] PackLoader:240 - Cannot read IP mode file for STMicroelectronics.X-CUBE-TCPP.4.1.0
2024-12-04 22:30:30,570 [WARN] PackLoader:240 - Cannot read IP mode file for STMicroelectronics.X-CUBE-TOF1.3.4.2
2024-12-04 22:30:30,581 [WARN] PackLoader:240 - Cannot read IP mode file for STMicroelectronics.X-CUBE-TOUCHGFX.4.24.1
2024-12-04 22:30:30,585 [WARN] PackLoader:240 - Cannot read IP mode file for STMicroelectronics.X-CUBE-ALGOBUILD.1.4.0
2024-12-04 22:30:30,594 [WARN] PackLoader:240 - Cannot read IP mode file for STMicroelectronics.X-CUBE-AZRTOS-H7.3.3.0
2024-12-04 22:30:30,603 [WARN] PackLoader:240 - Cannot read IP mode file for STMicroelectronics.X-CUBE-AZRTOS-H7RS.1.0.0
2024-12-04 22:30:30,613 [WARN] PackLoader:240 - Cannot read IP mode file for STMicroelectronics.X-CUBE-AZRTOS-F4.1.1.0
2024-12-04 22:30:30,623 [WARN] PackLoader:240 - Cannot read IP mode file for STMicroelectronics.X-CUBE-AZRTOS-F7.1.1.0
2024-12-04 22:30:30,633 [WARN] ConditionMgr:438 - getConditionDescription Invalid condition id : LAN8742 Phy interface Condition cause : null
2024-12-04 22:30:30,633 [WARN] PackLoader:240 - Cannot read IP mode file for STMicroelectronics.X-CUBE-AZRTOS-L4.2.0.0
2024-12-04 22:30:30,634 [WARN] ConditionMgr:1044 - genDependencies : Invalid condition id : LAN8742 Phy interface Condition cause : null
2024-12-04 22:30:30,634 [WARN] ConditionMgr:1044 - genDependencies : Invalid condition id : LAN8742 Phy interface Condition cause : null
2024-12-04 22:30:30,636 [WARN] ConditionMgr:1044 - genDependencies : Invalid condition id : LAN8742 Phy interface Condition cause : null
2024-12-04 22:30:30,644 [WARN] PackLoader:240 - Cannot read IP mode file for STMicroelectronics.X-CUBE-AZRTOS-L5.2.0.0
2024-12-04 22:30:30,653 [WARN] PackLoader:240 - Cannot read IP mode file for STMicroelectronics.X-CUBE-AZRTOS-G0.1.1.0
2024-12-04 22:30:30,661 [WARN] PackLoader:240 - Cannot read IP mode file for STMicroelectronics.X-CUBE-AZRTOS-G4.2.0.0
2024-12-04 22:30:30,668 [WARN] ConditionMgr:438 - getConditionDescription Invalid condition id : UX DEVICE CLASS RTOS Condition cause : null
2024-12-04 22:30:30,668 [WARN] ConditionMgr:438 - getConditionDescription Invalid condition id : UX DEVICE CLASS RTOS Condition cause : null
2024-12-04 22:30:30,669 [WARN] PackLoader:240 - Cannot read IP mode file for STMicroelectronics.X-CUBE-AZRTOS-WB.2.0.0
2024-12-04 22:30:30,669 [WARN] ConditionMgr:1044 - genDependencies : Invalid condition id : UX DEVICE CLASS RTOS Condition cause : null
2024-12-04 22:30:30,669 [WARN] ConditionMgr:1044 - genDependencies : Invalid condition id : UX DEVICE CLASS RTOS Condition cause : null
2024-12-04 22:30:30,669 [WARN] ConditionMgr:1044 - genDependencies : Invalid condition id : UX DEVICE CLASS RTOS Condition cause : null
2024-12-04 22:30:30,669 [WARN] ConditionMgr:1044 - genDependencies : Invalid condition id : UX DEVICE CLASS RTOS Condition cause : null
2024-12-04 22:30:30,669 [WARN] ConditionMgr:1044 - genDependencies : Invalid condition id : UX DEVICE CLASS RTOS Condition cause : null
2024-12-04 22:30:30,675 [INFO] LogOutputStream:77 - [STDOUT_REDIRECT] 1 : Invalid condition id : UX_CORESTACK_Condition cause : null
2024-12-04 22:30:30,677 [INFO] LogOutputStream:77 - [STDOUT_REDIRECT] 1 : Invalid condition id : UX_CORESTACK_Condition cause : null
2024-12-04 22:30:30,678 [INFO] LogOutputStream:77 - [STDOUT_REDIRECT] 1 : Invalid condition id : UX_CORESTACK_Condition cause : null
2024-12-04 22:30:30,679 [INFO] LogOutputStream:77 - [STDOUT_REDIRECT] 1 : Invalid condition id : UX_CORESTACK_Condition cause : null
2024-12-04 22:30:30,680 [INFO] LogOutputStream:77 - [STDOUT_REDIRECT] 1 : Invalid condition id : UX_CORESTACK_Condition cause : null
2024-12-04 22:30:30,681 [WARN] PackLoader:240 - Cannot read IP mode file for STMicroelectronics.X-CUBE-AZRTOS-WL.2.0.0
2024-12-04 22:30:30,684 [WARN] PackLoader:240 - Cannot read IP mode file for STMicroelectronics.X-CUBE-WB05N.1.1.0
2024-12-04 22:30:30,686 [WARN] PackLoader:240 - Cannot read IP mode file for wolfSSL.I-CUBE-wolfSSL.5.7.4
2024-12-04 22:30:30,688 [WARN] PackLoader:240 - Cannot read IP mode file for wolfSSL.I-CUBE-wolfMQTT.1.19.0
2024-12-04 22:30:30,690 [WARN] PackLoader:240 - Cannot read IP mode file for wolfSSL.I-CUBE-wolfTPM.3.4.0
2024-12-04 22:30:30,692 [WARN] PackLoader:240 - Cannot read IP mode file for wolfSSL.I-CUBE-wolfSSH.1.4.17
2024-12-04 22:30:30,693 [WARN] PackLoader:240 - Cannot read IP mode file for RealThread.X-CUBE-RT-Thread_Nano.4.1.1
2024-12-04 22:30:30,708 [WARN] PackLoader:240 - Cannot read IP mode file for SEGGER.I-CUBE-embOS.1.3.1
2024-12-04 22:30:30,732 [WARN] PackLoader:240 - Cannot read IP mode file for portGmbH.I-Cube-SoM-uGOAL.1.1.0
2024-12-04 22:30:30,734 [WARN] PackLoader:240 - Cannot read IP mode file for emotas.I-CUBE-CANOPEN.1.3.0
2024-12-04 22:30:30,737 [WARN] PackLoader:240 - Cannot read IP mode file for WES.I-CUBE-Cesium.1.3.0
2024-12-04 22:30:30,740 [WARN] PackLoader:240 - Cannot read IP mode file for ITTIA_DB.I-CUBE-ITTIADB.8.9.0
2024-12-04 22:30:30,752 [WARN] PackLoader:240 - Cannot read IP mode file for Infineon.AIROC-Wi-Fi-Bluetooth-STM32.1.7.0
2024-12-04 22:30:30,760 [WARN] PackLoader:240 - Cannot read IP mode file for Cesanta.I-CUBE-Mongoose.7.13.0
2024-12-04 22:30:30,765 [WARN] PackLoader:240 - Cannot read IP mode file for EmbeddedOffice.I-CUBE-FS-RTOS.1.0.1
2024-12-04 22:30:30,769 [WARN] ConditionMgr:438 - getConditionDescription Invalid condition id : Cortex-A Device cause : null
2024-12-04 22:30:30,797 [WARN] ConditionMgr:1044 - genDependencies : Invalid condition id : Cortex-A Device cause : null
2024-12-04 22:30:30,797 [WARN] ConditionMgr:1044 - genDependencies : Invalid condition id : Cortex-A Device cause : null
2024-12-04 22:30:30,797 [WARN] ConditionMgr:1044 - genDependencies : Invalid condition id : Cortex-A Device cause : null
2024-12-04 22:30:30,797 [INFO] PopulateThirdPartyThread:66 - Ending populate Thread
2024-12-04 22:30:30,800 [INFO] ThirdParty:1030 - CMSIS Pack Vendor :STMicroelectronics X-CUBE-AZRTOS-H7 3.3.0
2024-12-04 22:30:30,800 [INFO] ThirdParty:1030 - CMSIS Pack Vendor :STMicroelectronics X-CUBE-NFC9 1.0.0
2024-12-04 22:30:30,800 [INFO] ThirdParty:1030 - CMSIS Pack Vendor :STMicroelectronics FP-SNS-MOTENVWB1 1.4.0
2024-12-04 22:30:30,800 [INFO] ThirdParty:1030 - CMSIS Pack Vendor :STMicroelectronics X-CUBE-AZRTOS-F4 1.1.0
2024-12-04 22:30:30,800 [INFO] ThirdParty:1030 - CMSIS Pack Vendor :STMicroelectronics FP-ATR-ASTRA1 2.0.1
2024-12-04 22:30:30,800 [INFO] ThirdParty:1030 - CMSIS Pack Vendor :STMicroelectronics X-CUBE-SMBUS 2.1.0
2024-12-04 22:30:30,800 [INFO] ThirdParty:1030 - CMSIS Pack Vendor :STMicroelectronics X-CUBE-WB05N 1.1.0
2024-12-04 22:30:30,800 [INFO] ThirdParty:1030 - CMSIS Pack Vendor :STMicroelectronics X-CUBE-ISPU 2.1.0
2024-12-04 22:30:30,800 [INFO] ThirdParty:1030 - CMSIS Pack Vendor :STMicroelectronics X-CUBE-TCPP 4.1.0
2024-12-04 22:30:30,800 [INFO] ThirdParty:1030 - CMSIS Pack Vendor :STMicroelectronics X-CUBE-FREERTOS 1.2.0
2024-12-04 22:30:30,800 [INFO] ThirdParty:1030 - CMSIS Pack Vendor :STMicroelectronics X-CUBE-IPS 3.0.0
2024-12-04 22:30:30,800 [INFO] ThirdParty:1030 - CMSIS Pack Vendor :STMicroelectronics X-CUBE-AZRTOS-WB 2.0.0
2024-12-04 22:30:30,800 [INFO] ThirdParty:1030 - CMSIS Pack Vendor :STMicroelectronics X-CUBE-GNSS1 7.0.0
2024-12-04 22:30:30,800 [INFO] ThirdParty:1030 - CMSIS Pack Vendor :STMicroelectronics X-CUBE-AZRTOS-F7 1.1.0
2024-12-04 22:30:30,800 [INFO] ThirdParty:1030 - CMSIS Pack Vendor :STMicroelectronics X-CUBE-AZRTOS-L5 2.0.0
2024-12-04 22:30:30,800 [INFO] ThirdParty:1030 - CMSIS Pack Vendor :STMicroelectronics X-CUBE-NFC6 3.1.0
2024-12-04 22:30:30,801 [INFO] ThirdParty:1030 - CMSIS Pack Vendor :STMicroelectronics FP-SNS-STBOX1 2.0.0
2024-12-04 22:30:30,801 [INFO] ThirdParty:1030 - CMSIS Pack Vendor :STMicroelectronics X-CUBE-MEMS1 11.0.0
2024-12-04 22:30:30,801 [INFO] ThirdParty:1030 - CMSIS Pack Vendor :STMicroelectronics X-CUBE-AZRTOS-G0 1.1.0
2024-12-04 22:30:30,801 [INFO] ThirdParty:1030 - CMSIS Pack Vendor :STMicroelectronics X-CUBE-DPower 1.2.0
2024-12-04 22:30:30,801 [INFO] ThirdParty:1030 - CMSIS Pack Vendor :STMicroelectronics X-CUBE-NFC4 3.0.0
2024-12-04 22:30:30,801 [INFO] ThirdParty:1030 - CMSIS Pack Vendor :STMicroelectronics X-CUBE-SAFEA1 1.2.2
2024-12-04 22:30:30,801 [INFO] ThirdParty:1030 - CMSIS Pack Vendor :STMicroelectronics X-CUBE-SUBG2 5.0.0
2024-12-04 22:30:30,801 [INFO] ThirdParty:1030 - CMSIS Pack Vendor :EmbeddedOffice I-CUBE-FS-RTOS 1.0.1
2024-12-04 22:30:30,801 [INFO] ThirdParty:1030 - CMSIS Pack Vendor :STMicroelectronics FP-SNS-FLIGHT1 5.0.2
2024-12-04 22:30:30,801 [INFO] ThirdParty:1030 - CMSIS Pack Vendor :Cesanta I-CUBE-Mongoose 7.13.0
2024-12-04 22:30:30,801 [INFO] ThirdParty:1030 - CMSIS Pack Vendor :Infineon AIROC-Wi-Fi-Bluetooth-STM32 1.7.0
2024-12-04 22:30:30,801 [INFO] ThirdParty:1030 - CMSIS Pack Vendor :STMicroelectronics X-CUBE-AZRTOS-G4 2.0.0
2024-12-04 22:30:30,801 [INFO] ThirdParty:1030 - CMSIS Pack Vendor :STMicroelectronics X-CUBE-DISPLAY 3.0.0
2024-12-04 22:30:30,801 [INFO] ThirdParty:1030 - CMSIS Pack Vendor :RealThread X-CUBE-RT-Thread_Nano 4.1.1
2024-12-04 22:30:30,801 [INFO] ThirdParty:1030 - CMSIS Pack Vendor :STMicroelectronics FP-ATR-SIGFOX1 3.2.0
2024-12-04 22:30:30,801 [INFO] ThirdParty:1030 - CMSIS Pack Vendor :STMicroelectronics X-CUBE-BLE1 7.0.0
2024-12-04 22:30:30,801 [INFO] ThirdParty:1030 - CMSIS Pack Vendor :STMicroelectronics X-CUBE-NFC10 1.0.0
2024-12-04 22:30:30,801 [INFO] ThirdParty:1030 - CMSIS Pack Vendor :quantropi X-CUBE-qispace-sdk-base 1.9.3
2024-12-04 22:30:30,801 [INFO] ThirdParty:1030 - CMSIS Pack Vendor :STMicroelectronics X-CUBE-EEPRMA1 5.1.0
2024-12-04 22:30:30,801 [INFO] ThirdParty:1030 - CMSIS Pack Vendor :STMicroelectronics X-CUBE-ALS 1.0.2
2024-12-04 22:30:30,801 [INFO] ThirdParty:1030 - CMSIS Pack Vendor :emotas I-CUBE-CANOPEN 1.3.0
2024-12-04 22:30:30,801 [INFO] ThirdParty:1030 - CMSIS Pack Vendor :wolfSSL I-CUBE-wolfSSL 5.7.4
2024-12-04 22:30:30,801 [INFO] ThirdParty:1030 - CMSIS Pack Vendor :STMicroelectronics X-CUBE-NFC7 1.0.1
2024-12-04 22:30:30,801 [INFO] ThirdParty:1030 - CMSIS Pack Vendor :ITTIA_DB I-CUBE-ITTIADB 8.9.0
2024-12-04 22:30:30,801 [INFO] ThirdParty:1030 - CMSIS Pack Vendor :STMicroelectronics X-CUBE-TOUCHGFX 4.24.1
2024-12-04 22:30:30,801 [INFO] ThirdParty:1030 - CMSIS Pack Vendor :wolfSSL I-CUBE-wolfTPM 3.4.0
2024-12-04 22:30:30,802 [INFO] ThirdParty:1030 - CMSIS Pack Vendor :portGmbH I-Cube-SoM-uGOAL 1.1.0
2024-12-04 22:30:30,802 [INFO] ThirdParty:1030 - CMSIS Pack Vendor :STMicroelectronics X-CUBE-BLEMGR 3.1.0
2024-12-04 22:30:30,802 [INFO] ThirdParty:1030 - CMSIS Pack Vendor :STMicroelectronics FP-SNS-SMARTAG2 1.2.0
2024-12-04 22:30:30,802 [INFO] ThirdParty:1030 - CMSIS Pack Vendor :STMicroelectronics X-CUBE-AZRTOS-WL 2.0.0
2024-12-04 22:30:30,802 [INFO] ThirdParty:1030 - CMSIS Pack Vendor :SEGGER I-CUBE-embOS 1.3.1
2024-12-04 22:30:30,802 [INFO] ThirdParty:1030 - CMSIS Pack Vendor :STMicroelectronics X-CUBE-ALGOBUILD 1.4.0
2024-12-04 22:30:30,802 [INFO] ThirdParty:1030 - CMSIS Pack Vendor :STMicroelectronics FP-SNS-MOTENV1 5.0.0
2024-12-04 22:30:30,802 [INFO] ThirdParty:1030 - CMSIS Pack Vendor :STMicroelectronics X-CUBE-AZRTOS-H7RS 1.0.0
2024-12-04 22:30:30,802 [INFO] ThirdParty:1030 - CMSIS Pack Vendor :wolfSSL I-CUBE-wolfMQTT 1.19.0
2024-12-04 22:30:30,802 [INFO] ThirdParty:1030 - CMSIS Pack Vendor :STMicroelectronics X-CUBE-AZRTOS-L4 2.0.0
2024-12-04 22:30:30,802 [INFO] ThirdParty:1030 - CMSIS Pack Vendor :WES I-CUBE-Cesium 1.3.0
2024-12-04 22:30:30,802 [INFO] ThirdParty:1030 - CMSIS Pack Vendor :STMicroelectronics X-CUBE-SFXS2LP1 4.0.0
2024-12-04 22:30:30,802 [INFO] ThirdParty:1030 - CMSIS Pack Vendor :STMicroelectronics X-CUBE-BLE2 3.3.0
2024-12-04 22:30:30,802 [INFO] ThirdParty:1030 - CMSIS Pack Vendor :STMicroelectronics X-CUBE-TOF1 3.4.2
2024-12-04 22:30:30,802 [INFO] ThirdParty:1030 - CMSIS Pack Vendor :STMicroelectronics X-CUBE-AI 9.1.0
2024-12-04 22:30:30,802 [INFO] ThirdParty:1030 - CMSIS Pack Vendor :wolfSSL I-CUBE-wolfSSH 1.4.17
2024-12-04 22:30:30,803 [INFO] LoadServerUpdatesThread:375 - End of LoadServerUpdate Thread
