2025-01-01 16:13:10,542 [INFO] Activator:176 - 


2025-01-01 16:13:10,546 [INFO] Activator:177 - !SESSION log4j initialized
2025-01-01 16:13:16,306 [INFO] LogOutputStream:77 - [STDOUT_REDIRECT] 
2025-01-01 16:13:19,588 [INFO] ApplicationProperties:184 - Using Application install path: D:\Program Files\STM32CubeIDE_1.17.0\STM32CubeIDE\plugins\com.st.stm32cube.common.mx_6.13.0.202411220809
2025-01-01 16:13:19,605 [INFO] DbMcusXml:78 - Set database path to: D:\Program Files\STM32CubeIDE_1.17.0\STM32CubeIDE\plugins\com.st.stm32cube.common.mx_6.13.0.202411220809\\db\/mcu/
2025-01-01 16:13:19,605 [INFO] ApiDb:274 - Set plugin database path to: D:\Program Files\STM32CubeIDE_1.17.0\STM32CubeIDE\plugins\com.st.stm32cube.common.mx_6.13.0.202411220809\\db\/plugins/boardmanager/
2025-01-01 16:13:19,605 [WARN] ApiDb:259 - Overriding images path with different value:  => D:\Program Files\STM32CubeIDE_1.17.0\STM32CubeIDE\plugins\com.st.stm32cube.common.mx_6.13.0.202411220809\\db\/plugins/mcufinder/images/
2025-01-01 16:13:19,624 [INFO] ApiDb:250 - Set database path to: C:\Users\Jinhy\.stmcufinder\plugins\mcufinder//mcu/
2025-01-01 16:13:19,625 [INFO] DbMcusAds:125 - Set database path to: C:\Users\Jinhy\.stmcufinder\plugins\mcufinder//mcu/
2025-01-01 16:13:19,627 [INFO] CrossReferenceDbSqlite:203 - Set database path to: C:\Users\Jinhy\.stmcufinder\plugins\mcufinder//mcu/cs/
2025-01-01 16:13:19,743 [INFO] RulesReader:64 - Compatibility file has been processed (297 Rules)
2025-01-01 16:13:19,819 [INFO] DbMcusXml:78 - Set database path to: D:\Program Files\STM32CubeIDE_1.17.0\STM32CubeIDE\plugins\com.st.stm32cube.common.mx_6.13.0.202411220809\\db\/mcu/
2025-01-01 16:13:19,819 [INFO] ApiDb:274 - Set plugin database path to: D:\Program Files\STM32CubeIDE_1.17.0\STM32CubeIDE\plugins\com.st.stm32cube.common.mx_6.13.0.202411220809\\db\/plugins/boardmanager/
2025-01-01 16:13:19,819 [INFO] ApiDb:261 - Set plugin images path to: D:\Program Files\STM32CubeIDE_1.17.0\STM32CubeIDE\plugins\com.st.stm32cube.common.mx_6.13.0.202411220809\\db\/plugins/mcufinder/images/
2025-01-01 16:13:19,821 [WARN] DbFile:41 - Overriding database path with different value: C:\Users\Jinhy\.stmcufinder\plugins\mcufinder/ => C:\Users\Jinhy\.stmcufinder\plugins\mcufinder
2025-01-01 16:13:19,821 [INFO] ApiDb:250 - Set database path to: C:\Users\Jinhy\.stmcufinder\plugins\mcufinder//mcu/
2025-01-01 16:13:19,821 [WARN] DbFile:41 - Overriding database path with different value: C:\Users\Jinhy\.stmcufinder\plugins\mcufinder/ => C:\Users\Jinhy\.stmcufinder\plugins\mcufinder
2025-01-01 16:13:19,821 [INFO] DbMcusAds:125 - Set database path to: C:\Users\Jinhy\.stmcufinder\plugins\mcufinder//mcu/
2025-01-01 16:13:19,821 [WARN] DbFile:41 - Overriding database path with different value: C:\Users\Jinhy\.stmcufinder\plugins\mcufinder/ => C:\Users\Jinhy\.stmcufinder\plugins\mcufinder
2025-01-01 16:13:19,821 [WARN] DbFile:41 - Overriding database path with different value: C:\Users\Jinhy\.stmcufinder\plugins\mcufinder/ => C:\Users\Jinhy\.stmcufinder\plugins\mcufinder
2025-01-01 16:13:19,821 [INFO] CrossReferenceDbSqlite:203 - Set database path to: C:\Users\Jinhy\.stmcufinder\plugins\mcufinder//mcu/cs/
2025-01-01 16:13:19,886 [INFO] MainPanel:272 - HeapMemory: 268435456
2025-01-01 16:13:19,977 [INFO] DbMcusXml:78 - Set database path to: D:\Program Files\STM32CubeIDE_1.17.0\STM32CubeIDE\plugins\com.st.stm32cube.common.mx_6.13.0.202411220809\\db\/mcu/
2025-01-01 16:13:19,977 [INFO] ApiDb:274 - Set plugin database path to: D:\Program Files\STM32CubeIDE_1.17.0\STM32CubeIDE\plugins\com.st.stm32cube.common.mx_6.13.0.202411220809\\db\/plugins/boardmanager/
2025-01-01 16:13:19,977 [INFO] ApiDb:261 - Set plugin images path to: D:\Program Files\STM32CubeIDE_1.17.0\STM32CubeIDE\plugins\com.st.stm32cube.common.mx_6.13.0.202411220809\\db\/plugins/mcufinder/images/
2025-01-01 16:13:19,977 [WARN] DbFile:41 - Overriding database path with different value: C:\Users\Jinhy\.stmcufinder\plugins\mcufinder/ => C:\Users\Jinhy\.stmcufinder\plugins\mcufinder
2025-01-01 16:13:19,978 [INFO] ApiDb:250 - Set database path to: C:\Users\Jinhy\.stmcufinder\plugins\mcufinder//mcu/
2025-01-01 16:13:19,978 [WARN] DbFile:41 - Overriding database path with different value: C:\Users\Jinhy\.stmcufinder\plugins\mcufinder/ => C:\Users\Jinhy\.stmcufinder\plugins\mcufinder
2025-01-01 16:13:19,978 [INFO] DbMcusAds:125 - Set database path to: C:\Users\Jinhy\.stmcufinder\plugins\mcufinder//mcu/
2025-01-01 16:13:19,978 [WARN] DbFile:41 - Overriding database path with different value: C:\Users\Jinhy\.stmcufinder\plugins\mcufinder/ => C:\Users\Jinhy\.stmcufinder\plugins\mcufinder
2025-01-01 16:13:19,978 [WARN] DbFile:41 - Overriding database path with different value: C:\Users\Jinhy\.stmcufinder\plugins\mcufinder/ => C:\Users\Jinhy\.stmcufinder\plugins\mcufinder
2025-01-01 16:13:19,978 [INFO] CrossReferenceDbSqlite:203 - Set database path to: C:\Users\Jinhy\.stmcufinder\plugins\mcufinder//mcu/cs/
2025-01-01 16:13:19,993 [INFO] ApplicationProperties:184 - Using Application install path: D:\Program Files\STM32CubeIDE_1.17.0\STM32CubeIDE\plugins\com.st.stm32cube.common.mx_6.13.0.202411220809
2025-01-01 16:13:19,995 [INFO] PluginManage:196 - Search for loadable plugins [exclusion list=, ]
2025-01-01 16:13:19,996 [INFO] PluginManage:310 - Check plugin analytics
2025-01-01 16:13:20,190 [INFO] AnalyticsPlugin:253 - Accepted Software Licenses: STM32CubeMX.6.13.0
2025-01-01 16:13:20,191 [INFO] AnalyticsPlugin:255 - Accepted CMSIS Pack Licenses: 
2025-01-01 16:13:20,192 [INFO] AnalyticsPlugin:257 - Accepted Firmware Licenses: 
2025-01-01 16:13:20,199 [INFO] PluginManage:359 - Loaded plugin analytics (category:tool,tabindex:-1)
2025-01-01 16:13:20,199 [INFO] PluginManage:310 - Check plugin cadmodel
2025-01-01 16:13:20,221 [INFO] CADModel:105 - Init CAD model plugin
2025-01-01 16:13:20,221 [INFO] PluginManage:359 - Loaded plugin cadmodel (category:power,tabindex:5)
2025-01-01 16:13:20,222 [INFO] PluginManage:310 - Check plugin clock
2025-01-01 16:13:20,249 [INFO] PluginManage:359 - Loaded plugin clock (category:base,tabindex:2)
2025-01-01 16:13:20,250 [INFO] PluginManage:310 - Check plugin ddr
2025-01-01 16:13:20,255 [INFO] PluginManage:359 - Loaded plugin ddr (category:tool,tabindex:6)
2025-01-01 16:13:20,256 [INFO] PluginManage:310 - Check plugin filemanager
2025-01-01 16:13:20,458 [INFO] PluginManage:359 - Loaded plugin filemanager (category:base,tabindex:10)
2025-01-01 16:13:20,458 [INFO] PluginManage:310 - Check plugin ipmanager
2025-01-01 16:13:20,469 [INFO] PluginManage:359 - Loaded plugin ipmanager (category:base,tabindex:5)
2025-01-01 16:13:20,470 [INFO] PluginManage:310 - Check plugin lpbam
2025-01-01 16:13:20,489 [INFO] PluginManage:359 - Loaded plugin lpbam (category:base,tabindex:0)
2025-01-01 16:13:20,489 [INFO] PluginManage:310 - Check plugin memorymap
2025-01-01 16:13:20,515 [INFO] PluginManage:359 - Loaded plugin memorymap (category:base,tabindex:4)
2025-01-01 16:13:20,515 [INFO] PluginManage:310 - Check plugin pinoutandconfiguration
2025-01-01 16:13:20,535 [INFO] PluginManage:359 - Loaded plugin pinoutandconfiguration (category:base,tabindex:1)
2025-01-01 16:13:20,535 [INFO] PluginManage:310 - Check plugin pinoutconfig
2025-01-01 16:13:20,681 [WARN] SupportedApi:132 - Cannot load RTOS API schema: s4s-elt-must-match.1: The content of 'definitions' must match (annotation?, (simpleType | complexType)?, (unique | key | keyref)*)). A problem was found starting at: attribute.
2025-01-01 16:13:20,838 [INFO] PluginManage:359 - Loaded plugin pinoutconfig (category:base,tabindex:0)
2025-01-01 16:13:20,838 [INFO] PluginManage:310 - Check plugin power
2025-01-01 16:13:20,858 [INFO] PluginManage:359 - Loaded plugin power (category:power,tabindex:4)
2025-01-01 16:13:20,858 [INFO] PluginManage:310 - Check plugin projectmanager
2025-01-01 16:13:20,869 [INFO] PluginManage:359 - Loaded plugin projectmanager (category:projectmanager,tabindex:4)
2025-01-01 16:13:20,869 [INFO] PluginManage:310 - Check plugin rif
2025-01-01 16:13:20,897 [INFO] PluginManage:359 - Loaded plugin rif (category:base,tabindex:3)
2025-01-01 16:13:20,897 [INFO] PluginManage:310 - Check plugin thirdparty
2025-01-01 16:13:21,153 [WARN] IntegrityCheckThread:84 - waiting for thirdparty lock release [integrity check]
2025-01-01 16:13:21,153 [INFO] PluginManage:359 - Loaded plugin thirdparty (category:base,tabindex:-1)
2025-01-01 16:13:21,153 [INFO] IntegrityCheckThread:86 - entering critical section [integrity check]
2025-01-01 16:13:21,153 [INFO] PluginManage:310 - Check plugin tools
2025-01-01 16:13:21,154 [INFO] ThirdPartyUpdaterWithRetryManager:70 - Updater plugin not ready yet. [1/15]
2025-01-01 16:13:21,185 [INFO] PluginManage:359 - Loaded plugin tools (category:base,tabindex:7)
2025-01-01 16:13:21,185 [INFO] PluginManage:310 - Check plugin tutovideos
2025-01-01 16:13:21,343 [INFO] PluginManage:359 - Loaded plugin tutovideos (category:base,tabindex:-1)
2025-01-01 16:13:21,343 [INFO] PluginManage:310 - Check plugin updater
2025-01-01 16:13:21,362 [INFO] PluginManage:359 - Loaded plugin updater (category:base,tabindex:12)
2025-01-01 16:13:21,362 [INFO] PluginManage:310 - Check plugin userauth
2025-01-01 16:13:21,365 [INFO] UserAuth:118 - Init User Auth plugin
2025-01-01 16:13:21,366 [INFO] PluginManage:359 - Loaded plugin userauth (category:base,tabindex:14)
2025-01-01 16:13:21,366 [INFO] PluginManage:283 - PluginManage : Loaded plugins [18]
2025-01-01 16:13:21,594 [INFO] PinOutPanel:1589 - setPackage(No Configuration,No Configuration)
2025-01-01 16:13:21,734 [INFO] CADModel:165 - CPN selected for project level
2025-01-01 16:13:21,734 [INFO] CADModel:114 - Register for checkConnection events
2025-01-01 16:13:21,770 [INFO] IPUIPlugin:80 - create IPUIPlugin
2025-01-01 16:13:21,770 [INFO] PluginManager:220 - loadIPPluginJar : add adc
2025-01-01 16:13:21,806 [INFO] IPUIPlugin:80 - create IPUIPlugin
2025-01-01 16:13:21,806 [INFO] PluginManager:220 - loadIPPluginJar : add aes
2025-01-01 16:13:21,899 [INFO] IPUIPlugin:80 - create IPUIPlugin
2025-01-01 16:13:21,899 [INFO] PluginManager:220 - loadIPPluginJar : add can
2025-01-01 16:13:21,925 [INFO] IPUIPlugin:80 - create IPUIPlugin
2025-01-01 16:13:21,925 [INFO] PluginManager:220 - loadIPPluginJar : add comp
2025-01-01 16:13:21,955 [INFO] IPUIPlugin:80 - create IPUIPlugin
2025-01-01 16:13:21,955 [INFO] PluginManager:220 - loadIPPluginJar : add cryp
2025-01-01 16:13:21,968 [INFO] IPUIPlugin:80 - create IPUIPlugin
2025-01-01 16:13:21,968 [INFO] PluginManager:220 - loadIPPluginJar : add ddr_ctrl_phy
2025-01-01 16:13:21,995 [INFO] IPUIPlugin:80 - create IPUIPlugin
2025-01-01 16:13:21,996 [INFO] PluginManager:220 - loadIPPluginJar : add dfsdm
2025-01-01 16:13:22,007 [INFO] IPUIPlugin:80 - create IPUIPlugin
2025-01-01 16:13:22,008 [INFO] PluginManager:220 - loadIPPluginJar : add dma
2025-01-01 16:13:22,039 [INFO] IPUIPlugin:80 - create IPUIPlugin
2025-01-01 16:13:22,039 [INFO] PluginManager:220 - loadIPPluginJar : add dma3
2025-01-01 16:13:22,075 [INFO] IPUIPlugin:80 - create IPUIPlugin
2025-01-01 16:13:22,075 [INFO] PluginManager:220 - loadIPPluginJar : add extmemmanager
2025-01-01 16:13:22,094 [INFO] IPUIPlugin:80 - create IPUIPlugin
2025-01-01 16:13:22,094 [INFO] PluginManager:220 - loadIPPluginJar : add fatfs
2025-01-01 16:13:22,157 [INFO] IPUIPlugin:80 - create IPUIPlugin
2025-01-01 16:13:22,157 [INFO] PluginManager:220 - loadIPPluginJar : add fmc
2025-01-01 16:13:22,189 [INFO] IPUIPlugin:80 - create IPUIPlugin
2025-01-01 16:13:22,189 [INFO] PluginManager:220 - loadIPPluginJar : add freertos
2025-01-01 16:13:22,214 [INFO] IPUIPlugin:80 - create IPUIPlugin
2025-01-01 16:13:22,215 [INFO] PluginManager:220 - loadIPPluginJar : add genericplugin
2025-01-01 16:13:22,455 [INFO] IPUIPlugin:80 - create IPUIPlugin
2025-01-01 16:13:22,455 [INFO] PluginManager:220 - loadIPPluginJar : add gfxmmu
2025-01-01 16:13:22,684 [INFO] IPUIPlugin:80 - create IPUIPlugin
2025-01-01 16:13:22,684 [INFO] PluginManager:220 - loadIPPluginJar : add gic
2025-01-01 16:13:22,707 [INFO] IPUIPlugin:80 - create IPUIPlugin
2025-01-01 16:13:22,707 [INFO] PluginManager:220 - loadIPPluginJar : add gpio
2025-01-01 16:13:22,853 [INFO] IPUIPlugin:80 - create IPUIPlugin
2025-01-01 16:13:22,853 [INFO] PluginManager:220 - loadIPPluginJar : add gtzc
2025-01-01 16:13:22,922 [INFO] IPUIPlugin:80 - create IPUIPlugin
2025-01-01 16:13:22,923 [INFO] PluginManager:220 - loadIPPluginJar : add hash
2025-01-01 16:13:22,971 [INFO] IPUIPlugin:80 - create IPUIPlugin
2025-01-01 16:13:22,971 [INFO] PluginManager:220 - loadIPPluginJar : add i2c
2025-01-01 16:13:23,056 [INFO] IPUIPlugin:80 - create IPUIPlugin
2025-01-01 16:13:23,056 [INFO] PluginManager:220 - loadIPPluginJar : add i2s
2025-01-01 16:13:23,142 [INFO] IPUIPlugin:80 - create IPUIPlugin
2025-01-01 16:13:23,142 [INFO] PluginManager:220 - loadIPPluginJar : add i3c
2025-01-01 16:13:23,346 [INFO] IPUIPlugin:80 - create IPUIPlugin
2025-01-01 16:13:23,346 [INFO] PluginManager:220 - loadIPPluginJar : add ipddr
2025-01-01 16:13:23,481 [INFO] IPUIPlugin:80 - create IPUIPlugin
2025-01-01 16:13:23,481 [INFO] PluginManager:220 - loadIPPluginJar : add linkedlist
2025-01-01 16:13:23,560 [INFO] IPUIPlugin:80 - create IPUIPlugin
2025-01-01 16:13:23,560 [INFO] PluginManager:220 - loadIPPluginJar : add lorawan
2025-01-01 16:13:23,639 [INFO] IPUIPlugin:80 - create IPUIPlugin
2025-01-01 16:13:23,639 [INFO] PluginManager:220 - loadIPPluginJar : add ltdc
2025-01-01 16:13:23,663 [INFO] IPUIPlugin:80 - create IPUIPlugin
2025-01-01 16:13:23,664 [INFO] PluginManager:220 - loadIPPluginJar : add mdma
2025-01-01 16:13:23,676 [INFO] IPUIPlugin:80 - create IPUIPlugin
2025-01-01 16:13:23,676 [INFO] PluginManager:220 - loadIPPluginJar : add nvic
2025-01-01 16:13:23,714 [INFO] IPUIPlugin:80 - create IPUIPlugin
2025-01-01 16:13:23,714 [INFO] PluginManager:220 - loadIPPluginJar : add opamp
2025-01-01 16:13:23,873 [INFO] IPUIPlugin:80 - create IPUIPlugin
2025-01-01 16:13:23,873 [INFO] PluginManager:220 - loadIPPluginJar : add openamp
2025-01-01 16:13:23,970 [INFO] IPUIPlugin:80 - create IPUIPlugin
2025-01-01 16:13:23,970 [INFO] PluginManager:220 - loadIPPluginJar : add pdm2pcm
2025-01-01 16:13:23,983 [INFO] IPUIPlugin:80 - create IPUIPlugin
2025-01-01 16:13:23,985 [INFO] PluginManager:220 - loadIPPluginJar : add plateformsettings
2025-01-01 16:13:24,005 [INFO] IPUIPlugin:80 - create IPUIPlugin
2025-01-01 16:13:24,005 [INFO] PluginManager:220 - loadIPPluginJar : add quadspi
2025-01-01 16:13:24,025 [INFO] IPUIPlugin:80 - create IPUIPlugin
2025-01-01 16:13:24,026 [INFO] PluginManager:220 - loadIPPluginJar : add radio
2025-01-01 16:13:24,052 [INFO] IPUIPlugin:80 - create IPUIPlugin
2025-01-01 16:13:24,052 [INFO] PluginManager:220 - loadIPPluginJar : add resmgrutility
2025-01-01 16:13:24,094 [INFO] IPUIPlugin:80 - create IPUIPlugin
2025-01-01 16:13:24,095 [INFO] PluginManager:220 - loadIPPluginJar : add sai
2025-01-01 16:13:24,155 [INFO] ThirdPartyUpdaterWithRetryManager:70 - Updater plugin not ready yet. [2/15]
2025-01-01 16:13:24,178 [INFO] IPUIPlugin:80 - create IPUIPlugin
2025-01-01 16:13:24,178 [INFO] PluginManager:220 - loadIPPluginJar : add spi
2025-01-01 16:13:24,346 [INFO] IPUIPlugin:80 - create IPUIPlugin
2025-01-01 16:13:24,346 [INFO] PluginManager:220 - loadIPPluginJar : add stm32_wpan
2025-01-01 16:13:24,406 [INFO] IPUIPlugin:80 - create IPUIPlugin
2025-01-01 16:13:24,406 [INFO] PluginManager:220 - loadIPPluginJar : add tim
2025-01-01 16:13:24,503 [INFO] IPUIPlugin:80 - create IPUIPlugin
2025-01-01 16:13:24,503 [INFO] PluginManager:220 - loadIPPluginJar : add touchsensing
2025-01-01 16:13:24,554 [INFO] IPUIPlugin:80 - create IPUIPlugin
2025-01-01 16:13:24,554 [INFO] PluginManager:220 - loadIPPluginJar : add tracer_emb
2025-01-01 16:13:24,604 [INFO] IPUIPlugin:80 - create IPUIPlugin
2025-01-01 16:13:24,604 [INFO] PluginManager:220 - loadIPPluginJar : add ts
2025-01-01 16:13:24,655 [INFO] IPUIPlugin:80 - create IPUIPlugin
2025-01-01 16:13:24,655 [INFO] PluginManager:220 - loadIPPluginJar : add tsc
2025-01-01 16:13:24,680 [INFO] IPUIPlugin:80 - create IPUIPlugin
2025-01-01 16:13:24,680 [INFO] PluginManager:220 - loadIPPluginJar : add ucpd
2025-01-01 16:13:24,731 [INFO] IPUIPlugin:80 - create IPUIPlugin
2025-01-01 16:13:24,731 [INFO] PluginManager:220 - loadIPPluginJar : add usart
2025-01-01 16:13:24,835 [INFO] IPUIPlugin:80 - create IPUIPlugin
2025-01-01 16:13:24,835 [INFO] PluginManager:220 - loadIPPluginJar : add usbx
2025-01-01 16:13:24,958 [FATAL] Updater:351 - Updater called before beeing initialized
2025-01-01 16:13:24,980 [INFO] RulesReader:64 - Compatibility file has been processed (297 Rules)
2025-01-01 16:13:24,991 [INFO] RulesReader:64 - Compatibility file has been processed (297 Rules)
2025-01-01 16:13:24,999 [INFO] CADModel:165 - CPN selected for project level
2025-01-01 16:13:24,999 [INFO] CADModel:114 - Register for checkConnection events
2025-01-01 16:13:24,999 [FATAL] Updater:351 - Updater called before beeing initialized
2025-01-01 16:13:24,999 [ERROR] CADModel:125 - Updater not yet initialized, retry later 
2025-01-01 16:13:25,139 [FATAL] Updater:351 - Updater called before beeing initialized
2025-01-01 16:13:25,140 [INFO] CADModel:165 - CPN selected for project level
2025-01-01 16:13:25,140 [INFO] CADModel:114 - Register for checkConnection events
2025-01-01 16:13:25,140 [FATAL] Updater:351 - Updater called before beeing initialized
2025-01-01 16:13:25,140 [ERROR] CADModel:125 - Updater not yet initialized, retry later 
2025-01-01 16:13:25,144 [FATAL] Updater:351 - Updater called before beeing initialized
2025-01-01 16:13:25,279 [FATAL] Updater:351 - Updater called before beeing initialized
2025-01-01 16:13:25,300 [INFO] DbMcusAds:53 - JSON generation date=Wed Dec 18 01:01:15 KST 2024 (1734451275196)
2025-01-01 16:13:25,300 [FATAL] Updater:351 - Updater called before beeing initialized
2025-01-01 16:13:25,385 [WARN] DetailPanel:346 - Failed to get advertising image, set to default
2025-01-01 16:13:25,575 [FATAL] Updater:351 - Updater called before beeing initialized
2025-01-01 16:13:25,579 [FATAL] Updater:351 - Updater called before beeing initialized
2025-01-01 16:13:25,579 [FATAL] Updater:351 - Updater called before beeing initialized
2025-01-01 16:13:25,580 [WARN] DetailPanel:346 - Failed to get advertising image, set to default
2025-01-01 16:13:25,582 [FATAL] Updater:351 - Updater called before beeing initialized
2025-01-01 16:13:25,673 [ERROR] Updater:1198 - MainUpdater not yet initialized. External WinMGr cannot be set.
2025-01-01 16:13:25,686 [INFO] Updater:1134 - Updater Version found : 6.13.0
2025-01-01 16:13:25,713 [INFO] ApplicationProperties:184 - Using Application install path: D:\Program Files\STM32CubeIDE_1.17.0\STM32CubeIDE\plugins\com.st.stm32cube.common.mx_6.13.0.202411220809
2025-01-01 16:13:27,157 [INFO] ThirdPartyUpdaterWithRetryManager:70 - Updater plugin not ready yet. [3/15]
2025-01-01 16:13:27,304 [ERROR] LogOutputStream:75 - [STDERR_REDIRECT] Jan 01, 2025 4:13:27 PM java.util.prefs.WindowsPreferences <init>
2025-01-01 16:13:27,305 [ERROR] LogOutputStream:75 - [STDERR_REDIRECT] WARNING: Could not open/create prefs root node Software\JavaSoft\Prefs at root 0xffffffff80000002. Windows RegCreateKeyEx(...) returned error code 5.
2025-01-01 16:13:27,305 [ERROR] LogOutputStream:75 - [STDERR_REDIRECT] 
2025-01-01 16:13:27,784 [INFO] MainUpdater:2872 - connection check result : 10
2025-01-01 16:13:27,784 [INFO] MainUpdater:289 - Updater Check For Update Now.
2025-01-01 16:13:27,784 [INFO] MicroXplorer:498 - Change Database Version : DB.6.0.130
2025-01-01 16:13:27,801 [INFO] McuFinderGlobals:63 - Set McuFinder mode to 2 (CubeIDE integrated)
2025-01-01 16:13:27,807 [INFO] UserAuth:486 - Internet connection configuration mode: 1
2025-01-01 16:13:27,845 [INFO] JxBrowserEngine:152 - Initiate JxBrowser Engine with user profile folder
2025-01-01 16:13:28,005 [INFO] CheckServerUpdateThread:120 - End of CheckServer Thread
2025-01-01 16:13:28,855 [INFO] WebApp:168 - Instantiating new browser for Auth
2025-01-01 16:13:29,677 [INFO] WebApp:449 - Apply proxy settings
2025-01-01 16:13:29,678 [INFO] WebApp:534 - Chromium requires no authentication
2025-01-01 16:13:29,692 [INFO] WebApp:477 - Direct internet connection detected
2025-01-01 16:13:29,723 [INFO] WebApp:880 - Register for checkConnection events
2025-01-01 16:13:29,723 [INFO] WebApp:449 - Apply proxy settings
2025-01-01 16:13:29,723 [INFO] WebApp:534 - Chromium requires no authentication
2025-01-01 16:13:29,723 [INFO] WebApp:477 - Direct internet connection detected
2025-01-01 16:13:29,888 [INFO] WebApp:221 - Starting web application
2025-01-01 16:13:29,888 [INFO] WebApp:579 - Web application path used D:\Program Files\STM32CubeIDE_1.17.0\STM32CubeIDE\plugins\com.st.stm32cube.common.mx_6.13.0.202411220809\db\plugins\mcufinder\reactClient1\index.html
2025-01-01 16:13:30,046 [INFO] UserAuth:486 - Internet connection configuration mode: 1
2025-01-01 16:13:30,102 [INFO] WebApp:187 - Connection restablished
2025-01-01 16:13:30,405 [WARN] PackLoader:240 - Cannot read IP mode file for STMicroelectronics.FP-SNS-MOTENVWB1.1.4.0
2025-01-01 16:13:30,423 [WARN] PackLoader:240 - Cannot read IP mode file for STMicroelectronics.FP-ATR-ASTRA1.2.0.1
2025-01-01 16:13:30,441 [WARN] PackLoader:240 - Cannot read IP mode file for STMicroelectronics.X-CUBE-SMBUS.2.1.0
2025-01-01 16:13:30,461 [WARN] PackLoader:240 - Cannot read IP mode file for STMicroelectronics.X-CUBE-WB05N.1.1.0
2025-01-01 16:13:30,508 [WARN] PackLoader:240 - Cannot read IP mode file for STMicroelectronics.X-CUBE-AZRTOS-F7.1.1.0
2025-01-01 16:13:30,598 [WARN] PackLoader:240 - Cannot read IP mode file for STMicroelectronics.X-CUBE-MEMS1.11.0.0
2025-01-01 16:13:30,763 [WARN] PackLoader:240 - Cannot read IP mode file for STMicroelectronics.FP-SNS-FLIGHT1.5.0.2
2025-01-01 16:13:30,798 [WARN] PackLoader:240 - Cannot read IP mode file for Infineon.AIROC-Wi-Fi-Bluetooth-STM32.1.7.0
2025-01-01 16:13:30,823 [WARN] PackLoader:240 - Cannot read IP mode file for STMicroelectronics.X-CUBE-DISPLAY.3.0.0
2025-01-01 16:13:30,847 [WARN] PackLoader:240 - Cannot read IP mode file for STMicroelectronics.X-CUBE-BLE1.7.0.0
2025-01-01 16:13:30,863 [WARN] PackLoader:240 - Cannot read IP mode file for STMicroelectronics.X-CUBE-NFC10.1.0.0
2025-01-01 16:13:30,883 [WARN] PackLoader:240 - Cannot read IP mode file for STMicroelectronics.X-CUBE-BLEMGR.4.0.0
2025-01-01 16:13:30,899 [WARN] PackLoader:240 - Cannot read IP mode file for emotas.I-CUBE-CANOPEN.1.3.0
2025-01-01 16:13:30,918 [WARN] PackLoader:240 - Cannot read IP mode file for STMicroelectronics.X-CUBE-BLEMGR.3.1.0
2025-01-01 16:13:30,937 [WARN] PackLoader:240 - Cannot read IP mode file for STMicroelectronics.FP-SNS-SMARTAG2.1.2.0
2025-01-01 16:13:30,993 [WARN] PackLoader:240 - Cannot read IP mode file for STMicroelectronics.X-CUBE-MEMS1.11.1.0
2025-01-01 16:13:31,103 [INFO] LogOutputStream:77 - [STDOUT_REDIRECT] 1 : Invalid condition id : UX_CORESTACK_Condition cause : null
2025-01-01 16:13:31,105 [INFO] LogOutputStream:77 - [STDOUT_REDIRECT] 1 : Invalid condition id : UX_CORESTACK_Condition cause : null
2025-01-01 16:13:31,106 [INFO] LogOutputStream:77 - [STDOUT_REDIRECT] 1 : Invalid condition id : UX_CORESTACK_Condition cause : null
2025-01-01 16:13:31,107 [INFO] LogOutputStream:77 - [STDOUT_REDIRECT] 1 : Invalid condition id : UX_CORESTACK_Condition cause : null
2025-01-01 16:13:31,108 [INFO] LogOutputStream:77 - [STDOUT_REDIRECT] 1 : Invalid condition id : UX_CORESTACK_Condition cause : null
2025-01-01 16:13:31,110 [WARN] PackLoader:240 - Cannot read IP mode file for STMicroelectronics.X-CUBE-AZRTOS-WL.2.0.0
2025-01-01 16:13:31,126 [WARN] PackLoader:240 - Cannot read IP mode file for STMicroelectronics.FP-SNS-MOTENV1.5.0.0
2025-01-01 16:13:31,137 [WARN] PackLoader:240 - Cannot read IP mode file for wolfSSL.I-CUBE-wolfMQTT.1.19.0
2025-01-01 16:13:31,155 [WARN] PackLoader:240 - Cannot read IP mode file for WES.I-CUBE-Cesium.1.3.0
2025-01-01 16:13:31,170 [WARN] PackLoader:240 - Cannot read IP mode file for STMicroelectronics.X-CUBE-BLE2.3.3.0
2025-01-01 16:13:31,183 [WARN] PackLoader:240 - Cannot read IP mode file for STMicroelectronics.X-CUBE-NFC9.1.0.0
2025-01-01 16:13:31,197 [WARN] PackLoader:240 - Cannot read IP mode file for STMicroelectronics.X-CUBE-TCPP.4.1.0
2025-01-01 16:13:31,221 [WARN] PackLoader:240 - Cannot read IP mode file for STMicroelectronics.X-CUBE-AZRTOS-G0.1.1.0
2025-01-01 16:13:31,237 [WARN] PackLoader:240 - Cannot read IP mode file for STMicroelectronics.X-CUBE-SAFEA1.1.2.2
2025-01-01 16:13:31,251 [WARN] PackLoader:240 - Cannot read IP mode file for STMicroelectronics.X-CUBE-NFC4.3.0.0
2025-01-01 16:13:31,269 [WARN] PackLoader:240 - Cannot read IP mode file for EmbeddedOffice.I-CUBE-FS-RTOS.1.0.1
2025-01-01 16:13:31,280 [WARN] PackLoader:240 - Cannot read IP mode file for STMicroelectronics.X-CUBE-TCPP.4.2.0
2025-01-01 16:13:31,296 [WARN] PackLoader:240 - Cannot read IP mode file for RealThread.X-CUBE-RT-Thread_Nano.4.1.1
2025-01-01 16:13:31,308 [WARN] PackLoader:240 - Cannot read IP mode file for STMicroelectronics.FP-ATR-SIGFOX1.3.2.0
2025-01-01 16:13:31,321 [WARN] ConditionMgr:438 - getConditionDescription Invalid condition id : Cortex-A Device cause : null
2025-01-01 16:13:31,349 [WARN] ConditionMgr:1044 - genDependencies : Invalid condition id : Cortex-A Device cause : null
2025-01-01 16:13:31,349 [WARN] ConditionMgr:1044 - genDependencies : Invalid condition id : Cortex-A Device cause : null
2025-01-01 16:13:31,349 [WARN] ConditionMgr:1044 - genDependencies : Invalid condition id : Cortex-A Device cause : null
2025-01-01 16:13:31,364 [WARN] PackLoader:240 - Cannot read IP mode file for STMicroelectronics.X-CUBE-EEPRMA1.5.1.0
2025-01-01 16:13:31,377 [WARN] PackLoader:240 - Cannot read IP mode file for wolfSSL.I-CUBE-wolfSSL.5.7.4
2025-01-01 16:13:31,392 [WARN] PackLoader:240 - Cannot read IP mode file for ITTIA_DB.I-CUBE-ITTIADB.8.9.0
2025-01-01 16:13:31,419 [WARN] PackLoader:240 - Cannot read IP mode file for SEGGER.I-CUBE-embOS.1.3.1
2025-01-01 16:13:31,470 [WARN] PackLoader:240 - Cannot read IP mode file for STMicroelectronics.X-CUBE-ALGOBUILD.1.4.0
2025-01-01 16:13:31,488 [WARN] PackLoader:240 - Cannot read IP mode file for STMicroelectronics.X-CUBE-AI.9.1.0
2025-01-01 16:13:31,547 [WARN] PackLoader:240 - Cannot read IP mode file for STMicroelectronics.X-CUBE-AZRTOS-F4.1.1.0
2025-01-01 16:13:31,564 [WARN] PackLoader:240 - Cannot read IP mode file for STMicroelectronics.X-CUBE-ISPU.2.1.0
2025-01-01 16:13:31,580 [WARN] PackLoader:240 - Cannot read IP mode file for STMicroelectronics.X-CUBE-FREERTOS.1.2.0
2025-01-01 16:13:31,607 [WARN] PackLoader:240 - Cannot read IP mode file for STMicroelectronics.X-CUBE-AZRTOS-L5.2.0.0
2025-01-01 16:13:31,630 [WARN] PackLoader:240 - Cannot read IP mode file for STMicroelectronics.X-CUBE-NFC6.3.1.0
2025-01-01 16:13:31,647 [WARN] PackLoader:240 - Cannot read IP mode file for STMicroelectronics.X-CUBE-DPower.1.2.0
2025-01-01 16:13:31,661 [WARN] PackLoader:240 - Cannot read IP mode file for STMicroelectronics.X-CUBE-FREERTOS.1.3.0
2025-01-01 16:13:31,675 [WARN] PackLoader:240 - Cannot read IP mode file for STMicroelectronics.X-CUBE-NFC7.1.0.1
2025-01-01 16:13:31,706 [WARN] ConditionMgr:438 - getConditionDescription Invalid condition id : LAN8742 Phy interface Condition cause : null
2025-01-01 16:13:31,707 [WARN] PackLoader:240 - Cannot read IP mode file for STMicroelectronics.X-CUBE-AZRTOS-L4.2.0.0
2025-01-01 16:13:31,710 [WARN] ConditionMgr:1044 - genDependencies : Invalid condition id : LAN8742 Phy interface Condition cause : null
2025-01-01 16:13:31,710 [WARN] ConditionMgr:1044 - genDependencies : Invalid condition id : LAN8742 Phy interface Condition cause : null
2025-01-01 16:13:31,710 [WARN] ConditionMgr:1044 - genDependencies : Invalid condition id : LAN8742 Phy interface Condition cause : null
2025-01-01 16:13:31,724 [WARN] PackLoader:240 - Cannot read IP mode file for STMicroelectronics.X-CUBE-SFXS2LP1.4.0.0
2025-01-01 16:13:31,753 [WARN] PackLoader:240 - Cannot read IP mode file for STMicroelectronics.X-CUBE-AZRTOS-H7.3.3.0
2025-01-01 16:13:31,779 [WARN] PackLoader:240 - Cannot read IP mode file for STMicroelectronics.X-CUBE-IPS.3.0.0
2025-01-01 16:13:31,799 [WARN] ConditionMgr:438 - getConditionDescription Invalid condition id : UX DEVICE CLASS RTOS Condition cause : null
2025-01-01 16:13:31,799 [WARN] ConditionMgr:438 - getConditionDescription Invalid condition id : UX DEVICE CLASS RTOS Condition cause : null
2025-01-01 16:13:31,800 [WARN] PackLoader:240 - Cannot read IP mode file for STMicroelectronics.X-CUBE-AZRTOS-WB.2.0.0
2025-01-01 16:13:31,802 [WARN] ConditionMgr:1044 - genDependencies : Invalid condition id : UX DEVICE CLASS RTOS Condition cause : null
2025-01-01 16:13:31,802 [WARN] ConditionMgr:1044 - genDependencies : Invalid condition id : UX DEVICE CLASS RTOS Condition cause : null
2025-01-01 16:13:31,803 [WARN] ConditionMgr:1044 - genDependencies : Invalid condition id : UX DEVICE CLASS RTOS Condition cause : null
2025-01-01 16:13:31,803 [WARN] ConditionMgr:1044 - genDependencies : Invalid condition id : UX DEVICE CLASS RTOS Condition cause : null
2025-01-01 16:13:31,803 [WARN] ConditionMgr:1044 - genDependencies : Invalid condition id : UX DEVICE CLASS RTOS Condition cause : null
2025-01-01 16:13:31,819 [WARN] PackLoader:240 - Cannot read IP mode file for STMicroelectronics.X-CUBE-GNSS1.7.0.0
2025-01-01 16:13:31,833 [WARN] PackLoader:240 - Cannot read IP mode file for STMicroelectronics.X-CUBE-GNSS1.7.0.1
2025-01-01 16:13:31,847 [WARN] PackLoader:240 - Cannot read IP mode file for STMicroelectronics.FP-SNS-STBOX1.2.0.0
2025-01-01 16:13:31,865 [WARN] PackLoader:240 - Cannot read IP mode file for STMicroelectronics.X-CUBE-SUBG2.5.0.0
2025-01-01 16:13:31,882 [WARN] PackLoader:240 - Cannot read IP mode file for Cesanta.I-CUBE-Mongoose.7.13.0
2025-01-01 16:13:31,900 [WARN] PackLoader:240 - Cannot read IP mode file for STMicroelectronics.X-CUBE-AZRTOS-G4.2.0.0
2025-01-01 16:13:31,914 [WARN] PackLoader:240 - Cannot read IP mode file for STMicroelectronics.X-CUBE-ALS.1.0.2
2025-01-01 16:13:31,933 [WARN] PackLoader:240 - Cannot read IP mode file for STMicroelectronics.X-CUBE-TOUCHGFX.4.24.1
2025-01-01 16:13:31,945 [WARN] PackLoader:240 - Cannot read IP mode file for wolfSSL.I-CUBE-wolfTPM.3.4.0
2025-01-01 16:13:31,954 [WARN] PackLoader:240 - Cannot read IP mode file for portGmbH.I-Cube-SoM-uGOAL.1.1.0
2025-01-01 16:13:31,973 [WARN] PackLoader:240 - Cannot read IP mode file for STMicroelectronics.X-CUBE-AZRTOS-H7RS.1.0.0
2025-01-01 16:13:31,991 [WARN] PackLoader:240 - Cannot read IP mode file for STMicroelectronics.X-CUBE-TOF1.3.4.2
2025-01-01 16:13:32,007 [WARN] PackLoader:240 - Cannot read IP mode file for wolfSSL.I-CUBE-wolfSSH.1.4.17
2025-01-01 16:13:32,007 [INFO] ThirdParty:978 - Integrity check success = true
2025-01-01 16:13:32,007 [INFO] IntegrityCheckThread:100 - exiting critical section [integrity check]
2025-01-01 16:13:32,007 [INFO] IntegrityCheckThread:103 - End integrity checks thread
