2024-12-25 00:47:48,250 [ERROR] LogOutputStream:75 - [STDERR_REDIRECT] 
2024-12-25 15:33:44,025 [INFO] Activator:176 - 


2024-12-25 15:33:44,029 [INFO] Activator:177 - !SESSION log4j initialized
2024-12-25 15:33:50,326 [INFO] LogOutputStream:77 - [STDOUT_REDIRECT] 
2024-12-25 15:33:53,049 [INFO] ApplicationProperties:184 - Using Application install path: D:\Program Files\STM32CubeIDE_1.17.0\STM32CubeIDE\plugins\com.st.stm32cube.common.mx_6.13.0.202411220809
2024-12-25 15:33:53,069 [INFO] DbMcusXml:78 - Set database path to: D:\Program Files\STM32CubeIDE_1.17.0\STM32CubeIDE\plugins\com.st.stm32cube.common.mx_6.13.0.202411220809\\db\/mcu/
2024-12-25 15:33:53,069 [INFO] ApiDb:274 - Set plugin database path to: D:\Program Files\STM32CubeIDE_1.17.0\STM32CubeIDE\plugins\com.st.stm32cube.common.mx_6.13.0.202411220809\\db\/plugins/boardmanager/
2024-12-25 15:33:53,070 [WARN] ApiDb:259 - Overriding images path with different value:  => D:\Program Files\STM32CubeIDE_1.17.0\STM32CubeIDE\plugins\com.st.stm32cube.common.mx_6.13.0.202411220809\\db\/plugins/mcufinder/images/
2024-12-25 15:33:53,077 [INFO] ApiDb:250 - Set database path to: C:\Users\Jinhy\.stmcufinder\plugins\mcufinder//mcu/
2024-12-25 15:33:53,078 [INFO] DbMcusAds:125 - Set database path to: C:\Users\Jinhy\.stmcufinder\plugins\mcufinder//mcu/
2024-12-25 15:33:53,081 [INFO] CrossReferenceDbSqlite:203 - Set database path to: C:\Users\Jinhy\.stmcufinder\plugins\mcufinder//mcu/cs/
2024-12-25 15:33:53,215 [INFO] RulesReader:64 - Compatibility file has been processed (297 Rules)
2024-12-25 15:33:53,331 [INFO] DbMcusXml:78 - Set database path to: D:\Program Files\STM32CubeIDE_1.17.0\STM32CubeIDE\plugins\com.st.stm32cube.common.mx_6.13.0.202411220809\\db\/mcu/
2024-12-25 15:33:53,331 [INFO] ApiDb:274 - Set plugin database path to: D:\Program Files\STM32CubeIDE_1.17.0\STM32CubeIDE\plugins\com.st.stm32cube.common.mx_6.13.0.202411220809\\db\/plugins/boardmanager/
2024-12-25 15:33:53,331 [INFO] ApiDb:261 - Set plugin images path to: D:\Program Files\STM32CubeIDE_1.17.0\STM32CubeIDE\plugins\com.st.stm32cube.common.mx_6.13.0.202411220809\\db\/plugins/mcufinder/images/
2024-12-25 15:33:53,331 [WARN] DbFile:41 - Overriding database path with different value: C:\Users\Jinhy\.stmcufinder\plugins\mcufinder/ => C:\Users\Jinhy\.stmcufinder\plugins\mcufinder
2024-12-25 15:33:53,331 [INFO] ApiDb:250 - Set database path to: C:\Users\Jinhy\.stmcufinder\plugins\mcufinder//mcu/
2024-12-25 15:33:53,331 [WARN] DbFile:41 - Overriding database path with different value: C:\Users\Jinhy\.stmcufinder\plugins\mcufinder/ => C:\Users\Jinhy\.stmcufinder\plugins\mcufinder
2024-12-25 15:33:53,332 [INFO] DbMcusAds:125 - Set database path to: C:\Users\Jinhy\.stmcufinder\plugins\mcufinder//mcu/
2024-12-25 15:33:53,332 [WARN] DbFile:41 - Overriding database path with different value: C:\Users\Jinhy\.stmcufinder\plugins\mcufinder/ => C:\Users\Jinhy\.stmcufinder\plugins\mcufinder
2024-12-25 15:33:53,332 [WARN] DbFile:41 - Overriding database path with different value: C:\Users\Jinhy\.stmcufinder\plugins\mcufinder/ => C:\Users\Jinhy\.stmcufinder\plugins\mcufinder
2024-12-25 15:33:53,332 [INFO] CrossReferenceDbSqlite:203 - Set database path to: C:\Users\Jinhy\.stmcufinder\plugins\mcufinder//mcu/cs/
2024-12-25 15:33:53,411 [INFO] MainPanel:272 - HeapMemory: 268435456
2024-12-25 15:33:53,516 [INFO] DbMcusXml:78 - Set database path to: D:\Program Files\STM32CubeIDE_1.17.0\STM32CubeIDE\plugins\com.st.stm32cube.common.mx_6.13.0.202411220809\\db\/mcu/
2024-12-25 15:33:53,516 [INFO] ApiDb:274 - Set plugin database path to: D:\Program Files\STM32CubeIDE_1.17.0\STM32CubeIDE\plugins\com.st.stm32cube.common.mx_6.13.0.202411220809\\db\/plugins/boardmanager/
2024-12-25 15:33:53,516 [INFO] ApiDb:261 - Set plugin images path to: D:\Program Files\STM32CubeIDE_1.17.0\STM32CubeIDE\plugins\com.st.stm32cube.common.mx_6.13.0.202411220809\\db\/plugins/mcufinder/images/
2024-12-25 15:33:53,517 [WARN] DbFile:41 - Overriding database path with different value: C:\Users\Jinhy\.stmcufinder\plugins\mcufinder/ => C:\Users\Jinhy\.stmcufinder\plugins\mcufinder
2024-12-25 15:33:53,517 [INFO] ApiDb:250 - Set database path to: C:\Users\Jinhy\.stmcufinder\plugins\mcufinder//mcu/
2024-12-25 15:33:53,517 [WARN] DbFile:41 - Overriding database path with different value: C:\Users\Jinhy\.stmcufinder\plugins\mcufinder/ => C:\Users\Jinhy\.stmcufinder\plugins\mcufinder
2024-12-25 15:33:53,517 [INFO] DbMcusAds:125 - Set database path to: C:\Users\Jinhy\.stmcufinder\plugins\mcufinder//mcu/
2024-12-25 15:33:53,517 [WARN] DbFile:41 - Overriding database path with different value: C:\Users\Jinhy\.stmcufinder\plugins\mcufinder/ => C:\Users\Jinhy\.stmcufinder\plugins\mcufinder
2024-12-25 15:33:53,517 [WARN] DbFile:41 - Overriding database path with different value: C:\Users\Jinhy\.stmcufinder\plugins\mcufinder/ => C:\Users\Jinhy\.stmcufinder\plugins\mcufinder
2024-12-25 15:33:53,517 [INFO] CrossReferenceDbSqlite:203 - Set database path to: C:\Users\Jinhy\.stmcufinder\plugins\mcufinder//mcu/cs/
2024-12-25 15:33:53,533 [INFO] ApplicationProperties:184 - Using Application install path: D:\Program Files\STM32CubeIDE_1.17.0\STM32CubeIDE\plugins\com.st.stm32cube.common.mx_6.13.0.202411220809
2024-12-25 15:33:53,536 [INFO] PluginManage:196 - Search for loadable plugins [exclusion list=, ]
2024-12-25 15:33:53,537 [INFO] PluginManage:310 - Check plugin analytics
2024-12-25 15:33:53,742 [INFO] AnalyticsPlugin:253 - Accepted Software Licenses: 
2024-12-25 15:33:53,742 [INFO] AnalyticsPlugin:255 - Accepted CMSIS Pack Licenses: 
2024-12-25 15:33:53,743 [INFO] AnalyticsPlugin:257 - Accepted Firmware Licenses: 
2024-12-25 15:33:53,748 [INFO] PluginManage:359 - Loaded plugin analytics (category:tool,tabindex:-1)
2024-12-25 15:33:53,748 [INFO] PluginManage:310 - Check plugin cadmodel
2024-12-25 15:33:53,764 [INFO] CADModel:105 - Init CAD model plugin
2024-12-25 15:33:53,765 [INFO] PluginManage:359 - Loaded plugin cadmodel (category:power,tabindex:5)
2024-12-25 15:33:53,765 [INFO] PluginManage:310 - Check plugin clock
2024-12-25 15:33:53,780 [INFO] PluginManage:359 - Loaded plugin clock (category:base,tabindex:2)
2024-12-25 15:33:53,781 [INFO] PluginManage:310 - Check plugin ddr
2024-12-25 15:33:53,783 [INFO] PluginManage:359 - Loaded plugin ddr (category:tool,tabindex:6)
2024-12-25 15:33:53,783 [INFO] PluginManage:310 - Check plugin filemanager
2024-12-25 15:33:53,931 [INFO] PluginManage:359 - Loaded plugin filemanager (category:base,tabindex:10)
2024-12-25 15:33:53,931 [INFO] PluginManage:310 - Check plugin ipmanager
2024-12-25 15:33:53,937 [INFO] PluginManage:359 - Loaded plugin ipmanager (category:base,tabindex:5)
2024-12-25 15:33:53,937 [INFO] PluginManage:310 - Check plugin lpbam
2024-12-25 15:33:53,955 [INFO] PluginManage:359 - Loaded plugin lpbam (category:base,tabindex:0)
2024-12-25 15:33:53,955 [INFO] PluginManage:310 - Check plugin memorymap
2024-12-25 15:33:53,978 [INFO] PluginManage:359 - Loaded plugin memorymap (category:base,tabindex:4)
2024-12-25 15:33:53,978 [INFO] PluginManage:310 - Check plugin pinoutandconfiguration
2024-12-25 15:33:53,995 [INFO] PluginManage:359 - Loaded plugin pinoutandconfiguration (category:base,tabindex:1)
2024-12-25 15:33:53,996 [INFO] PluginManage:310 - Check plugin pinoutconfig
2024-12-25 15:33:54,090 [WARN] SupportedApi:132 - Cannot load RTOS API schema: s4s-elt-must-match.1: The content of 'definitions' must match (annotation?, (simpleType | complexType)?, (unique | key | keyref)*)). A problem was found starting at: attribute.
2024-12-25 15:33:54,203 [INFO] PluginManage:359 - Loaded plugin pinoutconfig (category:base,tabindex:0)
2024-12-25 15:33:54,203 [INFO] PluginManage:310 - Check plugin power
2024-12-25 15:33:54,219 [INFO] PluginManage:359 - Loaded plugin power (category:power,tabindex:4)
2024-12-25 15:33:54,219 [INFO] PluginManage:310 - Check plugin projectmanager
2024-12-25 15:33:54,234 [INFO] PluginManage:359 - Loaded plugin projectmanager (category:projectmanager,tabindex:4)
2024-12-25 15:33:54,234 [INFO] PluginManage:310 - Check plugin rif
2024-12-25 15:33:54,248 [INFO] PluginManage:359 - Loaded plugin rif (category:base,tabindex:3)
2024-12-25 15:33:54,249 [INFO] PluginManage:310 - Check plugin thirdparty
2024-12-25 15:33:54,532 [WARN] IntegrityCheckThread:84 - waiting for thirdparty lock release [integrity check]
2024-12-25 15:33:54,532 [INFO] IntegrityCheckThread:86 - entering critical section [integrity check]
2024-12-25 15:33:54,532 [INFO] PluginManage:359 - Loaded plugin thirdparty (category:base,tabindex:-1)
2024-12-25 15:33:54,532 [INFO] PluginManage:310 - Check plugin tools
2024-12-25 15:33:54,533 [INFO] ThirdPartyUpdaterWithRetryManager:70 - Updater plugin not ready yet. [1/15]
2024-12-25 15:33:54,564 [INFO] PluginManage:359 - Loaded plugin tools (category:base,tabindex:7)
2024-12-25 15:33:54,564 [INFO] PluginManage:310 - Check plugin tutovideos
2024-12-25 15:33:54,729 [INFO] PluginManage:359 - Loaded plugin tutovideos (category:base,tabindex:-1)
2024-12-25 15:33:54,729 [INFO] PluginManage:310 - Check plugin updater
2024-12-25 15:33:54,750 [INFO] PluginManage:359 - Loaded plugin updater (category:base,tabindex:12)
2024-12-25 15:33:54,750 [INFO] PluginManage:310 - Check plugin userauth
2024-12-25 15:33:54,754 [INFO] UserAuth:118 - Init User Auth plugin
2024-12-25 15:33:54,755 [INFO] PluginManage:359 - Loaded plugin userauth (category:base,tabindex:14)
2024-12-25 15:33:54,755 [INFO] PluginManage:283 - PluginManage : Loaded plugins [18]
2024-12-25 15:33:54,948 [INFO] PinOutPanel:1589 - setPackage(No Configuration,No Configuration)
2024-12-25 15:33:55,023 [INFO] CADModel:165 - CPN selected for project level
2024-12-25 15:33:55,023 [INFO] CADModel:114 - Register for checkConnection events
2024-12-25 15:33:55,048 [INFO] IPUIPlugin:80 - create IPUIPlugin
2024-12-25 15:33:55,048 [INFO] PluginManager:220 - loadIPPluginJar : add adc
2024-12-25 15:33:55,077 [INFO] IPUIPlugin:80 - create IPUIPlugin
2024-12-25 15:33:55,077 [INFO] PluginManager:220 - loadIPPluginJar : add aes
2024-12-25 15:33:55,115 [INFO] IPUIPlugin:80 - create IPUIPlugin
2024-12-25 15:33:55,115 [INFO] PluginManager:220 - loadIPPluginJar : add can
2024-12-25 15:33:55,136 [INFO] IPUIPlugin:80 - create IPUIPlugin
2024-12-25 15:33:55,136 [INFO] PluginManager:220 - loadIPPluginJar : add comp
2024-12-25 15:33:55,168 [INFO] IPUIPlugin:80 - create IPUIPlugin
2024-12-25 15:33:55,168 [INFO] PluginManager:220 - loadIPPluginJar : add cryp
2024-12-25 15:33:55,179 [INFO] IPUIPlugin:80 - create IPUIPlugin
2024-12-25 15:33:55,179 [INFO] PluginManager:220 - loadIPPluginJar : add ddr_ctrl_phy
2024-12-25 15:33:55,203 [INFO] IPUIPlugin:80 - create IPUIPlugin
2024-12-25 15:33:55,203 [INFO] PluginManager:220 - loadIPPluginJar : add dfsdm
2024-12-25 15:33:55,214 [INFO] IPUIPlugin:80 - create IPUIPlugin
2024-12-25 15:33:55,215 [INFO] PluginManager:220 - loadIPPluginJar : add dma
2024-12-25 15:33:55,245 [INFO] IPUIPlugin:80 - create IPUIPlugin
2024-12-25 15:33:55,246 [INFO] PluginManager:220 - loadIPPluginJar : add dma3
2024-12-25 15:33:55,282 [INFO] IPUIPlugin:80 - create IPUIPlugin
2024-12-25 15:33:55,282 [INFO] PluginManager:220 - loadIPPluginJar : add extmemmanager
2024-12-25 15:33:55,299 [INFO] IPUIPlugin:80 - create IPUIPlugin
2024-12-25 15:33:55,299 [INFO] PluginManager:220 - loadIPPluginJar : add fatfs
2024-12-25 15:33:55,339 [INFO] IPUIPlugin:80 - create IPUIPlugin
2024-12-25 15:33:55,339 [INFO] PluginManager:220 - loadIPPluginJar : add fmc
2024-12-25 15:33:55,355 [INFO] IPUIPlugin:80 - create IPUIPlugin
2024-12-25 15:33:55,355 [INFO] PluginManager:220 - loadIPPluginJar : add freertos
2024-12-25 15:33:55,373 [INFO] IPUIPlugin:80 - create IPUIPlugin
2024-12-25 15:33:55,373 [INFO] PluginManager:220 - loadIPPluginJar : add genericplugin
2024-12-25 15:33:55,444 [INFO] IPUIPlugin:80 - create IPUIPlugin
2024-12-25 15:33:55,444 [INFO] PluginManager:220 - loadIPPluginJar : add gfxmmu
2024-12-25 15:33:55,545 [INFO] IPUIPlugin:80 - create IPUIPlugin
2024-12-25 15:33:55,545 [INFO] PluginManager:220 - loadIPPluginJar : add gic
2024-12-25 15:33:55,556 [INFO] IPUIPlugin:80 - create IPUIPlugin
2024-12-25 15:33:55,557 [INFO] PluginManager:220 - loadIPPluginJar : add gpio
2024-12-25 15:33:55,628 [INFO] IPUIPlugin:80 - create IPUIPlugin
2024-12-25 15:33:55,628 [INFO] PluginManager:220 - loadIPPluginJar : add gtzc
2024-12-25 15:33:55,655 [INFO] IPUIPlugin:80 - create IPUIPlugin
2024-12-25 15:33:55,656 [INFO] PluginManager:220 - loadIPPluginJar : add hash
2024-12-25 15:33:55,698 [INFO] IPUIPlugin:80 - create IPUIPlugin
2024-12-25 15:33:55,698 [INFO] PluginManager:220 - loadIPPluginJar : add i2c
2024-12-25 15:33:55,733 [INFO] IPUIPlugin:80 - create IPUIPlugin
2024-12-25 15:33:55,733 [INFO] PluginManager:220 - loadIPPluginJar : add i2s
2024-12-25 15:33:55,764 [INFO] IPUIPlugin:80 - create IPUIPlugin
2024-12-25 15:33:55,764 [INFO] PluginManager:220 - loadIPPluginJar : add i3c
2024-12-25 15:33:55,839 [INFO] IPUIPlugin:80 - create IPUIPlugin
2024-12-25 15:33:55,841 [INFO] PluginManager:220 - loadIPPluginJar : add ipddr
2024-12-25 15:33:55,913 [INFO] IPUIPlugin:80 - create IPUIPlugin
2024-12-25 15:33:55,913 [INFO] PluginManager:220 - loadIPPluginJar : add linkedlist
2024-12-25 15:33:55,940 [INFO] IPUIPlugin:80 - create IPUIPlugin
2024-12-25 15:33:55,942 [INFO] PluginManager:220 - loadIPPluginJar : add lorawan
2024-12-25 15:33:55,972 [INFO] IPUIPlugin:80 - create IPUIPlugin
2024-12-25 15:33:55,972 [INFO] PluginManager:220 - loadIPPluginJar : add ltdc
2024-12-25 15:33:55,984 [INFO] IPUIPlugin:80 - create IPUIPlugin
2024-12-25 15:33:55,985 [INFO] PluginManager:220 - loadIPPluginJar : add mdma
2024-12-25 15:33:55,995 [INFO] IPUIPlugin:80 - create IPUIPlugin
2024-12-25 15:33:55,995 [INFO] PluginManager:220 - loadIPPluginJar : add nvic
2024-12-25 15:33:56,023 [INFO] IPUIPlugin:80 - create IPUIPlugin
2024-12-25 15:33:56,023 [INFO] PluginManager:220 - loadIPPluginJar : add opamp
2024-12-25 15:33:56,071 [INFO] IPUIPlugin:80 - create IPUIPlugin
2024-12-25 15:33:56,071 [INFO] PluginManager:220 - loadIPPluginJar : add openamp
2024-12-25 15:33:56,104 [INFO] IPUIPlugin:80 - create IPUIPlugin
2024-12-25 15:33:56,104 [INFO] PluginManager:220 - loadIPPluginJar : add pdm2pcm
2024-12-25 15:33:56,117 [INFO] IPUIPlugin:80 - create IPUIPlugin
2024-12-25 15:33:56,118 [INFO] PluginManager:220 - loadIPPluginJar : add plateformsettings
2024-12-25 15:33:56,139 [INFO] IPUIPlugin:80 - create IPUIPlugin
2024-12-25 15:33:56,139 [INFO] PluginManager:220 - loadIPPluginJar : add quadspi
2024-12-25 15:33:56,159 [INFO] IPUIPlugin:80 - create IPUIPlugin
2024-12-25 15:33:56,159 [INFO] PluginManager:220 - loadIPPluginJar : add radio
2024-12-25 15:33:56,169 [INFO] IPUIPlugin:80 - create IPUIPlugin
2024-12-25 15:33:56,170 [INFO] PluginManager:220 - loadIPPluginJar : add resmgrutility
2024-12-25 15:33:56,205 [INFO] IPUIPlugin:80 - create IPUIPlugin
2024-12-25 15:33:56,205 [INFO] PluginManager:220 - loadIPPluginJar : add sai
2024-12-25 15:33:56,233 [INFO] IPUIPlugin:80 - create IPUIPlugin
2024-12-25 15:33:56,233 [INFO] PluginManager:220 - loadIPPluginJar : add spi
2024-12-25 15:33:56,286 [INFO] IPUIPlugin:80 - create IPUIPlugin
2024-12-25 15:33:56,286 [INFO] PluginManager:220 - loadIPPluginJar : add stm32_wpan
2024-12-25 15:33:56,305 [INFO] IPUIPlugin:80 - create IPUIPlugin
2024-12-25 15:33:56,306 [INFO] PluginManager:220 - loadIPPluginJar : add tim
2024-12-25 15:33:56,354 [INFO] IPUIPlugin:80 - create IPUIPlugin
2024-12-25 15:33:56,354 [INFO] PluginManager:220 - loadIPPluginJar : add touchsensing
2024-12-25 15:33:56,372 [INFO] IPUIPlugin:80 - create IPUIPlugin
2024-12-25 15:33:56,372 [INFO] PluginManager:220 - loadIPPluginJar : add tracer_emb
2024-12-25 15:33:56,391 [INFO] IPUIPlugin:80 - create IPUIPlugin
2024-12-25 15:33:56,391 [INFO] PluginManager:220 - loadIPPluginJar : add ts
2024-12-25 15:33:56,412 [INFO] IPUIPlugin:80 - create IPUIPlugin
2024-12-25 15:33:56,412 [INFO] PluginManager:220 - loadIPPluginJar : add tsc
2024-12-25 15:33:56,428 [INFO] IPUIPlugin:80 - create IPUIPlugin
2024-12-25 15:33:56,428 [INFO] PluginManager:220 - loadIPPluginJar : add ucpd
2024-12-25 15:33:56,462 [INFO] IPUIPlugin:80 - create IPUIPlugin
2024-12-25 15:33:56,462 [INFO] PluginManager:220 - loadIPPluginJar : add usart
2024-12-25 15:33:56,496 [INFO] IPUIPlugin:80 - create IPUIPlugin
2024-12-25 15:33:56,497 [INFO] PluginManager:220 - loadIPPluginJar : add usbx
2024-12-25 15:33:56,608 [FATAL] Updater:351 - Updater called before beeing initialized
2024-12-25 15:33:56,630 [INFO] RulesReader:64 - Compatibility file has been processed (297 Rules)
2024-12-25 15:33:56,639 [INFO] RulesReader:64 - Compatibility file has been processed (297 Rules)
2024-12-25 15:33:56,650 [INFO] CADModel:165 - CPN selected for project level
2024-12-25 15:33:56,650 [INFO] CADModel:114 - Register for checkConnection events
2024-12-25 15:33:56,650 [FATAL] Updater:351 - Updater called before beeing initialized
2024-12-25 15:33:56,650 [ERROR] CADModel:125 - Updater not yet initialized, retry later 
2024-12-25 15:33:56,795 [FATAL] Updater:351 - Updater called before beeing initialized
2024-12-25 15:33:56,796 [INFO] CADModel:165 - CPN selected for project level
2024-12-25 15:33:56,796 [INFO] CADModel:114 - Register for checkConnection events
2024-12-25 15:33:56,796 [FATAL] Updater:351 - Updater called before beeing initialized
2024-12-25 15:33:56,797 [ERROR] CADModel:125 - Updater not yet initialized, retry later 
2024-12-25 15:33:56,799 [FATAL] Updater:351 - Updater called before beeing initialized
2024-12-25 15:33:56,904 [FATAL] Updater:351 - Updater called before beeing initialized
2024-12-25 15:33:56,914 [INFO] DbMcusAds:53 - JSON generation date=Fri Sep 20 22:04:23 KST 2024 (1726837463113)
2024-12-25 15:33:56,915 [FATAL] Updater:351 - Updater called before beeing initialized
2024-12-25 15:33:56,982 [WARN] DetailPanel:346 - Failed to get advertising image, set to default
2024-12-25 15:33:57,133 [FATAL] Updater:351 - Updater called before beeing initialized
2024-12-25 15:33:57,135 [FATAL] Updater:351 - Updater called before beeing initialized
2024-12-25 15:33:57,136 [FATAL] Updater:351 - Updater called before beeing initialized
2024-12-25 15:33:57,136 [WARN] DetailPanel:346 - Failed to get advertising image, set to default
2024-12-25 15:33:57,137 [FATAL] Updater:351 - Updater called before beeing initialized
2024-12-25 15:33:57,190 [ERROR] Updater:1198 - MainUpdater not yet initialized. External WinMGr cannot be set.
2024-12-25 15:33:57,199 [INFO] Updater:1134 - Updater Version found : 6.13.0
2024-12-25 15:33:57,215 [INFO] ApplicationProperties:184 - Using Application install path: D:\Program Files\STM32CubeIDE_1.17.0\STM32CubeIDE\plugins\com.st.stm32cube.common.mx_6.13.0.202411220809
2024-12-25 15:33:57,533 [INFO] ThirdPartyUpdaterWithRetryManager:70 - Updater plugin not ready yet. [2/15]
2024-12-25 15:33:58,787 [ERROR] LogOutputStream:75 - [STDERR_REDIRECT] Dec 25, 2024 3:33:58 PM java.util.prefs.WindowsPreferences <init>
2024-12-25 15:33:58,788 [ERROR] LogOutputStream:75 - [STDERR_REDIRECT] WARNING: Could not open/create prefs root node Software\JavaSoft\Prefs at root 0xffffffff80000002. Windows RegCreateKeyEx(...) returned error code 5.
2024-12-25 15:33:58,788 [ERROR] LogOutputStream:75 - [STDERR_REDIRECT] 
2024-12-25 15:33:59,455 [INFO] MainUpdater:2872 - connection check result : 10
2024-12-25 15:33:59,456 [INFO] MainUpdater:289 - Updater Check For Update Now.
2024-12-25 15:33:59,456 [INFO] MicroXplorer:498 - Change Database Version : DB.6.0.130
2024-12-25 15:33:59,473 [INFO] McuFinderGlobals:63 - Set McuFinder mode to 2 (CubeIDE integrated)
2024-12-25 15:33:59,482 [INFO] UserAuth:486 - Internet connection configuration mode: 1
2024-12-25 15:33:59,526 [INFO] JxBrowserEngine:152 - Initiate JxBrowser Engine with user profile folder
2024-12-25 15:33:59,689 [INFO] CheckServerUpdateThread:120 - End of CheckServer Thread
2024-12-25 15:34:00,526 [INFO] WebApp:168 - Instantiating new browser for Auth
2024-12-25 15:34:00,774 [WARN] PackLoader:240 - Cannot read IP mode file for STMicroelectronics.FP-SNS-MOTENVWB1.1.4.0
2024-12-25 15:34:00,793 [WARN] PackLoader:240 - Cannot read IP mode file for STMicroelectronics.FP-ATR-ASTRA1.2.0.1
2024-12-25 15:34:00,810 [WARN] PackLoader:240 - Cannot read IP mode file for STMicroelectronics.X-CUBE-SMBUS.2.1.0
2024-12-25 15:34:00,831 [WARN] PackLoader:240 - Cannot read IP mode file for STMicroelectronics.X-CUBE-WB05N.1.1.0
2024-12-25 15:34:00,874 [WARN] PackLoader:240 - Cannot read IP mode file for STMicroelectronics.X-CUBE-AZRTOS-F7.1.1.0
2024-12-25 15:34:00,946 [WARN] PackLoader:240 - Cannot read IP mode file for STMicroelectronics.X-CUBE-MEMS1.11.0.0
2024-12-25 15:34:01,076 [WARN] PackLoader:240 - Cannot read IP mode file for STMicroelectronics.FP-SNS-FLIGHT1.5.0.2
2024-12-25 15:34:01,138 [WARN] PackLoader:240 - Cannot read IP mode file for Infineon.AIROC-Wi-Fi-Bluetooth-STM32.1.7.0
2024-12-25 15:34:01,159 [WARN] PackLoader:240 - Cannot read IP mode file for STMicroelectronics.X-CUBE-DISPLAY.3.0.0
2024-12-25 15:34:01,174 [WARN] PackLoader:240 - Cannot read IP mode file for STMicroelectronics.X-CUBE-BLE1.7.0.0
2024-12-25 15:34:01,188 [WARN] PackLoader:240 - Cannot read IP mode file for STMicroelectronics.X-CUBE-NFC10.1.0.0
2024-12-25 15:34:01,203 [WARN] PackLoader:240 - Cannot read IP mode file for STMicroelectronics.X-CUBE-BLEMGR.4.0.0
2024-12-25 15:34:01,216 [WARN] PackLoader:240 - Cannot read IP mode file for emotas.I-CUBE-CANOPEN.1.3.0
2024-12-25 15:34:01,229 [WARN] PackLoader:240 - Cannot read IP mode file for STMicroelectronics.X-CUBE-BLEMGR.3.1.0
2024-12-25 15:34:01,243 [WARN] PackLoader:240 - Cannot read IP mode file for STMicroelectronics.FP-SNS-SMARTAG2.1.2.0
2024-12-25 15:34:01,288 [WARN] PackLoader:240 - Cannot read IP mode file for STMicroelectronics.X-CUBE-MEMS1.11.1.0
2024-12-25 15:34:01,381 [INFO] LogOutputStream:77 - [STDOUT_REDIRECT] 1 : Invalid condition id : UX_CORESTACK_Condition cause : null
2024-12-25 15:34:01,383 [INFO] LogOutputStream:77 - [STDOUT_REDIRECT] 1 : Invalid condition id : UX_CORESTACK_Condition cause : null
2024-12-25 15:34:01,384 [INFO] LogOutputStream:77 - [STDOUT_REDIRECT] 1 : Invalid condition id : UX_CORESTACK_Condition cause : null
2024-12-25 15:34:01,385 [INFO] LogOutputStream:77 - [STDOUT_REDIRECT] 1 : Invalid condition id : UX_CORESTACK_Condition cause : null
2024-12-25 15:34:01,386 [INFO] LogOutputStream:77 - [STDOUT_REDIRECT] 1 : Invalid condition id : UX_CORESTACK_Condition cause : null
2024-12-25 15:34:01,387 [WARN] PackLoader:240 - Cannot read IP mode file for STMicroelectronics.X-CUBE-AZRTOS-WL.2.0.0
2024-12-25 15:34:01,400 [WARN] PackLoader:240 - Cannot read IP mode file for STMicroelectronics.FP-SNS-MOTENV1.5.0.0
2024-12-25 15:34:01,412 [WARN] PackLoader:240 - Cannot read IP mode file for wolfSSL.I-CUBE-wolfMQTT.1.19.0
2024-12-25 15:34:01,428 [WARN] PackLoader:240 - Cannot read IP mode file for WES.I-CUBE-Cesium.1.3.0
2024-12-25 15:34:01,440 [WARN] PackLoader:240 - Cannot read IP mode file for STMicroelectronics.X-CUBE-BLE2.3.3.0
2024-12-25 15:34:01,454 [WARN] PackLoader:240 - Cannot read IP mode file for STMicroelectronics.X-CUBE-NFC9.1.0.0
2024-12-25 15:34:01,468 [WARN] PackLoader:240 - Cannot read IP mode file for STMicroelectronics.X-CUBE-TCPP.4.1.0
2024-12-25 15:34:01,491 [WARN] PackLoader:240 - Cannot read IP mode file for STMicroelectronics.X-CUBE-AZRTOS-G0.1.1.0
2024-12-25 15:34:01,509 [WARN] PackLoader:240 - Cannot read IP mode file for STMicroelectronics.X-CUBE-SAFEA1.1.2.2
2024-12-25 15:34:01,527 [WARN] PackLoader:240 - Cannot read IP mode file for STMicroelectronics.X-CUBE-NFC4.3.0.0
2024-12-25 15:34:01,543 [WARN] PackLoader:240 - Cannot read IP mode file for EmbeddedOffice.I-CUBE-FS-RTOS.1.0.1
2024-12-25 15:34:01,558 [WARN] PackLoader:240 - Cannot read IP mode file for STMicroelectronics.X-CUBE-TCPP.4.2.0
2024-12-25 15:34:01,579 [WARN] PackLoader:240 - Cannot read IP mode file for RealThread.X-CUBE-RT-Thread_Nano.4.1.1
2024-12-25 15:34:01,591 [WARN] PackLoader:240 - Cannot read IP mode file for STMicroelectronics.FP-ATR-SIGFOX1.3.2.0
2024-12-25 15:34:01,602 [WARN] ConditionMgr:438 - getConditionDescription Invalid condition id : Cortex-A Device cause : null
2024-12-25 15:34:01,627 [WARN] ConditionMgr:1044 - genDependencies : Invalid condition id : Cortex-A Device cause : null
2024-12-25 15:34:01,627 [WARN] ConditionMgr:1044 - genDependencies : Invalid condition id : Cortex-A Device cause : null
2024-12-25 15:34:01,627 [WARN] ConditionMgr:1044 - genDependencies : Invalid condition id : Cortex-A Device cause : null
2024-12-25 15:34:01,642 [WARN] PackLoader:240 - Cannot read IP mode file for STMicroelectronics.X-CUBE-EEPRMA1.5.1.0
2024-12-25 15:34:01,654 [WARN] PackLoader:240 - Cannot read IP mode file for wolfSSL.I-CUBE-wolfSSL.5.7.4
2024-12-25 15:34:01,668 [WARN] PackLoader:240 - Cannot read IP mode file for ITTIA_DB.I-CUBE-ITTIADB.8.9.0
2024-12-25 15:34:01,698 [WARN] PackLoader:240 - Cannot read IP mode file for SEGGER.I-CUBE-embOS.1.3.1
2024-12-25 15:34:01,734 [WARN] PackLoader:240 - Cannot read IP mode file for STMicroelectronics.X-CUBE-ALGOBUILD.1.4.0
2024-12-25 15:34:01,748 [WARN] PackLoader:240 - Cannot read IP mode file for STMicroelectronics.X-CUBE-AI.9.1.0
2024-12-25 15:34:01,775 [WARN] PackLoader:240 - Cannot read IP mode file for STMicroelectronics.X-CUBE-AZRTOS-F4.1.1.0
2024-12-25 15:34:01,789 [WARN] PackLoader:240 - Cannot read IP mode file for STMicroelectronics.X-CUBE-ISPU.2.1.0
2024-12-25 15:34:01,800 [WARN] PackLoader:240 - Cannot read IP mode file for STMicroelectronics.X-CUBE-FREERTOS.1.2.0
2024-12-25 15:34:01,825 [WARN] PackLoader:240 - Cannot read IP mode file for STMicroelectronics.X-CUBE-AZRTOS-L5.2.0.0
2024-12-25 15:34:01,840 [WARN] PackLoader:240 - Cannot read IP mode file for STMicroelectronics.X-CUBE-NFC6.3.1.0
2024-12-25 15:34:01,854 [WARN] PackLoader:240 - Cannot read IP mode file for STMicroelectronics.X-CUBE-DPower.1.2.0
2024-12-25 15:34:01,866 [WARN] PackLoader:240 - Cannot read IP mode file for STMicroelectronics.X-CUBE-FREERTOS.1.3.0
2024-12-25 15:34:01,878 [WARN] PackLoader:240 - Cannot read IP mode file for STMicroelectronics.X-CUBE-NFC7.1.0.1
2024-12-25 15:34:01,904 [WARN] ConditionMgr:438 - getConditionDescription Invalid condition id : LAN8742 Phy interface Condition cause : null
2024-12-25 15:34:01,905 [WARN] PackLoader:240 - Cannot read IP mode file for STMicroelectronics.X-CUBE-AZRTOS-L4.2.0.0
2024-12-25 15:34:01,906 [WARN] ConditionMgr:1044 - genDependencies : Invalid condition id : LAN8742 Phy interface Condition cause : null
2024-12-25 15:34:01,906 [WARN] ConditionMgr:1044 - genDependencies : Invalid condition id : LAN8742 Phy interface Condition cause : null
2024-12-25 15:34:01,906 [WARN] ConditionMgr:1044 - genDependencies : Invalid condition id : LAN8742 Phy interface Condition cause : null
2024-12-25 15:34:01,920 [WARN] PackLoader:240 - Cannot read IP mode file for STMicroelectronics.X-CUBE-SFXS2LP1.4.0.0
2024-12-25 15:34:01,955 [WARN] PackLoader:240 - Cannot read IP mode file for STMicroelectronics.X-CUBE-AZRTOS-H7.3.3.0
2024-12-25 15:34:01,977 [WARN] PackLoader:240 - Cannot read IP mode file for STMicroelectronics.X-CUBE-IPS.3.0.0
2024-12-25 15:34:02,032 [WARN] ConditionMgr:438 - getConditionDescription Invalid condition id : UX DEVICE CLASS RTOS Condition cause : null
2024-12-25 15:34:02,033 [WARN] ConditionMgr:438 - getConditionDescription Invalid condition id : UX DEVICE CLASS RTOS Condition cause : null
2024-12-25 15:34:02,034 [WARN] PackLoader:240 - Cannot read IP mode file for STMicroelectronics.X-CUBE-AZRTOS-WB.2.0.0
2024-12-25 15:34:02,035 [WARN] ConditionMgr:1044 - genDependencies : Invalid condition id : UX DEVICE CLASS RTOS Condition cause : null
2024-12-25 15:34:02,035 [WARN] ConditionMgr:1044 - genDependencies : Invalid condition id : UX DEVICE CLASS RTOS Condition cause : null
2024-12-25 15:34:02,035 [WARN] ConditionMgr:1044 - genDependencies : Invalid condition id : UX DEVICE CLASS RTOS Condition cause : null
2024-12-25 15:34:02,035 [WARN] ConditionMgr:1044 - genDependencies : Invalid condition id : UX DEVICE CLASS RTOS Condition cause : null
2024-12-25 15:34:02,035 [WARN] ConditionMgr:1044 - genDependencies : Invalid condition id : UX DEVICE CLASS RTOS Condition cause : null
2024-12-25 15:34:02,049 [WARN] PackLoader:240 - Cannot read IP mode file for STMicroelectronics.X-CUBE-GNSS1.7.0.0
2024-12-25 15:34:02,062 [WARN] PackLoader:240 - Cannot read IP mode file for STMicroelectronics.X-CUBE-GNSS1.7.0.1
2024-12-25 15:34:02,075 [WARN] PackLoader:240 - Cannot read IP mode file for STMicroelectronics.FP-SNS-STBOX1.2.0.0
2024-12-25 15:34:02,094 [WARN] PackLoader:240 - Cannot read IP mode file for STMicroelectronics.X-CUBE-SUBG2.5.0.0
2024-12-25 15:34:02,108 [WARN] PackLoader:240 - Cannot read IP mode file for Cesanta.I-CUBE-Mongoose.7.13.0
2024-12-25 15:34:02,127 [WARN] PackLoader:240 - Cannot read IP mode file for STMicroelectronics.X-CUBE-AZRTOS-G4.2.0.0
2024-12-25 15:34:02,138 [WARN] PackLoader:240 - Cannot read IP mode file for STMicroelectronics.X-CUBE-ALS.1.0.2
2024-12-25 15:34:02,153 [WARN] PackLoader:240 - Cannot read IP mode file for STMicroelectronics.X-CUBE-TOUCHGFX.4.24.1
2024-12-25 15:34:02,164 [WARN] PackLoader:240 - Cannot read IP mode file for wolfSSL.I-CUBE-wolfTPM.3.4.0
2024-12-25 15:34:02,176 [WARN] PackLoader:240 - Cannot read IP mode file for portGmbH.I-Cube-SoM-uGOAL.1.1.0
2024-12-25 15:34:02,198 [WARN] PackLoader:240 - Cannot read IP mode file for STMicroelectronics.X-CUBE-AZRTOS-H7RS.1.0.0
2024-12-25 15:34:02,218 [WARN] PackLoader:240 - Cannot read IP mode file for STMicroelectronics.X-CUBE-TOF1.3.4.2
2024-12-25 15:34:02,234 [WARN] PackLoader:240 - Cannot read IP mode file for wolfSSL.I-CUBE-wolfSSH.1.4.17
2024-12-25 15:34:02,235 [INFO] ThirdParty:978 - Integrity check success = true
2024-12-25 15:34:02,235 [INFO] IntegrityCheckThread:100 - exiting critical section [integrity check]
2024-12-25 15:34:02,235 [INFO] IntegrityCheckThread:103 - End integrity checks thread
2024-12-25 15:34:02,455 [INFO] WebApp:449 - Apply proxy settings
2024-12-25 15:34:02,455 [INFO] WebApp:534 - Chromium requires no authentication
2024-12-25 15:34:02,468 [INFO] WebApp:477 - Direct internet connection detected
2024-12-25 15:34:02,495 [INFO] WebApp:880 - Register for checkConnection events
2024-12-25 15:34:02,495 [INFO] WebApp:449 - Apply proxy settings
2024-12-25 15:34:02,495 [INFO] WebApp:534 - Chromium requires no authentication
2024-12-25 15:34:02,496 [INFO] WebApp:477 - Direct internet connection detected
2024-12-25 15:34:02,659 [INFO] WebApp:221 - Starting web application
2024-12-25 15:34:02,659 [INFO] WebApp:579 - Web application path used D:\Program Files\STM32CubeIDE_1.17.0\STM32CubeIDE\plugins\com.st.stm32cube.common.mx_6.13.0.202411220809\db\plugins\mcufinder\reactClient1\index.html
2024-12-25 15:34:02,894 [INFO] UserAuth:486 - Internet connection configuration mode: 1
2024-12-25 15:34:02,895 [INFO] WebApp:187 - Connection restablished
