2025-01-05 00:03:56,742 [INFO] Gpio:277 - dependency for GPIO [I2C2, RCC, SPI2, SYS, USART1]
2025-01-05 00:05:46,668 [INFO] NvicIntPanel:101 - NVIC parent = com.st.microxplorer.plugins.ip.nvic.MultiNvicIntPanel[,0,0,0x0,invalid,layout=javax.swing.BoxLayout,alignmentX=0.0,alignmentY=0.0,border=,flags=9,maximumSize=,minimumSize=,preferredSize=]
2025-01-05 00:05:52,938 [INFO] NvicIntPanel:101 - NVIC parent = com.st.microxplorer.plugins.ip.nvic.MultiNvicIntPanel[,0,0,0x0,invalid,layout=javax.swing.BoxLayout,alignmentX=0.0,alignmentY=0.0,border=,flags=9,maximumSize=,minimumSize=,preferredSize=]
2025-01-05 00:05:53,043 [INFO] NvicIntPanel:101 - NVIC parent = com.st.microxplorer.plugins.ip.nvic.MultiNvicIntPanel[,0,0,0x0,invalid,layout=javax.swing.BoxLayout,alignmentX=0.0,alignmentY=0.0,border=,flags=9,maximumSize=,minimumSize=,preferredSize=]
2025-01-05 00:05:56,121 [INFO] UtilMem:75 - End SaveConfig() Used Memory: 453200232 Bytes (498073600)
2025-01-05 00:05:56,209 [INFO] UtilMem:75 - End SaveConfig() Used Memory: 464212328 Bytes (498073600)
2025-01-05 00:05:56,586 [INFO] UtilMem:75 - End SaveConfig() Used Memory: 276392712 Bytes (498073600)
2025-01-05 00:05:57,079 [INFO] BlockDiagram:2766 - set Specific Code input for plugin: SPI
2025-01-05 00:05:57,079 [INFO] BlockDiagram:2766 - set Specific Code input for plugin: NVIC
2025-01-05 00:05:57,079 [INFO] BlockDiagram:2766 - set Specific Code input for plugin: USART
2025-01-05 00:05:57,080 [INFO] BlockDiagram:2766 - set Specific Code input for plugin: TIM1_8F1
2025-01-05 00:05:57,080 [INFO] BlockDiagram:2766 - set Specific Code input for plugin: TIM1_8F1
2025-01-05 00:05:57,080 [INFO] BlockDiagram:2766 - set Specific Code input for plugin: SYS
2025-01-05 00:05:57,080 [INFO] BlockDiagram:2766 - set Specific Code input for plugin: GPIO
2025-01-05 00:05:57,080 [INFO] BlockDiagram:2766 - set Specific Code input for plugin: RCC
2025-01-05 00:05:57,080 [INFO] BlockDiagram:2766 - set Specific Code input for plugin: I2C
2025-01-05 00:05:57,081 [INFO] CodeGenerator:896 - code generatio: config db path: D:\Program Files\STM32CubeIDE_1.17.0\STM32CubeIDE\plugins\com.st.stm32cube.common.mx_6.13.0.202411220809\\db\
2025-01-05 00:05:57,083 [WARN] IP:2251 - I2C_Coeff_DF not found: check if there is a RefParameter without a condition.
2025-01-05 00:05:57,083 [WARN] IP:2251 - Analog_Filter not found: check if there is a RefParameter without a condition.
2025-01-05 00:05:57,141 [INFO] CodeEngine:255 - oldGeneratedFile, D:\A\oj\oj\MXTmpFiles\license.tmp_save
2025-01-05 00:05:57,421 [INFO] CodeEngine:279 - Generated code: D:\A\oj\oj\MXTmpFiles\license.tmp
2025-01-05 00:05:57,454 [INFO] CodeEngine:255 - oldGeneratedFile, D:\A\oj\oj\MXTmpFiles\gpio.tmp_save
2025-01-05 00:05:57,627 [INFO] CodeEngine:279 - Generated code: D:\A\oj\oj\MXTmpFiles\gpio.tmp
2025-01-05 00:05:57,843 [INFO] CodeEngine:255 - oldGeneratedFile, D:\A\oj\oj\Core\Src\stm32f1xx_it.c_save
2025-01-05 00:05:58,081 [INFO] CodeEngine:279 - Generated code: D:\A\oj\oj\Core\Src\stm32f1xx_it.c
2025-01-05 00:05:58,086 [INFO] CodeEngine:255 - oldGeneratedFile, D:\A\oj\oj\Core\Inc\stm32f1xx_it.h_save
2025-01-05 00:05:58,155 [INFO] CodeEngine:279 - Generated code: D:\A\oj\oj\Core\Inc\stm32f1xx_it.h
2025-01-05 00:05:58,170 [INFO] CodeEngine:255 - oldGeneratedFile, D:\A\oj\oj\Core\Src\stm32f1xx_hal_msp.c_save
2025-01-05 00:05:58,313 [INFO] CodeEngine:279 - Generated code: D:\A\oj\oj\Core\Src\stm32f1xx_hal_msp.c
2025-01-05 00:05:58,325 [INFO] CodeEngine:255 - oldGeneratedFile, D:\A\oj\oj\MXTmpFiles\system.tmp_save
2025-01-05 00:05:58,373 [INFO] CodeEngine:279 - Generated code: D:\A\oj\oj\MXTmpFiles\system.tmp
2025-01-05 00:05:58,386 [INFO] CodeEngine:311 - oldGeneratedFile, D:\A\oj\oj\Core\Inc\stm32f1xx_hal_conf.h_save
2025-01-05 00:05:58,471 [INFO] CodeEngine:335 - Generated code: D:\A\oj\oj\Core\Inc\stm32f1xx_hal_conf.h
2025-01-05 00:05:58,493 [WARN] IPConfigManager:3618 - IP not found : TIM
2025-01-05 00:05:58,493 [WARN] CodeGenerator:4152 - IP not found : null
2025-01-05 00:05:58,509 [INFO] CodeEngine:255 - oldGeneratedFile, D:\A\oj\oj\Core\Inc\main.h_save
2025-01-05 00:05:58,589 [INFO] CodeEngine:279 - Generated code: D:\A\oj\oj\Core\Inc\main.h
2025-01-05 00:05:58,601 [INFO] CodeEngine:255 - oldGeneratedFile, D:\A\oj\oj\Core\Src\main.c_save
2025-01-05 00:05:58,721 [INFO] CodeEngine:279 - Generated code: D:\A\oj\oj\Core\Src\main.c
2025-01-05 00:05:58,952 [INFO] ProjectBuilder:3289 - Time for Copy HAL[1] : 69mS.
2025-01-05 00:05:58,953 [INFO] ProjectBuilder:4876 - Project Generator version: 4.5.0-RC5
2025-01-05 00:05:59,004 [INFO] ConfigFileManager:1579 - The Die is : DIE410
2025-01-05 00:05:59,667 [INFO] ProjectBuilder:5154 - Time for Generating toolchain IDE Files: 713mS.
2025-01-05 00:05:59,667 [INFO] ProjectBuilder:3146 - Time for Copy CMSIS : 0mS.
2025-01-05 00:05:59,668 [INFO] ProjectBuilder:3146 - Time for Copy CMSIS : 0mS.
2025-01-05 00:08:45,661 [INFO] NvicIntPanel:101 - NVIC parent = com.st.microxplorer.plugins.ip.nvic.MultiNvicIntPanel[,0,0,0x0,invalid,layout=javax.swing.BoxLayout,alignmentX=0.0,alignmentY=0.0,border=,flags=9,maximumSize=,minimumSize=,preferredSize=]
2025-01-05 00:08:45,740 [INFO] NvicIntPanel:101 - NVIC parent = com.st.microxplorer.plugins.ip.nvic.MultiNvicIntPanel[,0,0,0x0,invalid,layout=javax.swing.BoxLayout,alignmentX=0.0,alignmentY=0.0,border=,flags=9,maximumSize=,minimumSize=,preferredSize=]
2025-01-05 00:08:47,939 [INFO] UtilMem:75 - End SaveConfig() Used Memory: 335893648 Bytes (498073600)
2025-01-05 00:08:48,000 [INFO] UtilMem:75 - End SaveConfig() Used Memory: 347211240 Bytes (498073600)
2025-01-05 00:08:48,334 [INFO] UtilMem:75 - End SaveConfig() Used Memory: 378885264 Bytes (498073600)
2025-01-05 00:08:48,481 [INFO] BlockDiagram:2766 - set Specific Code input for plugin: SPI
2025-01-05 00:08:48,481 [INFO] BlockDiagram:2766 - set Specific Code input for plugin: NVIC
2025-01-05 00:08:48,481 [INFO] BlockDiagram:2766 - set Specific Code input for plugin: USART
2025-01-05 00:08:48,481 [INFO] BlockDiagram:2766 - set Specific Code input for plugin: TIM1_8F1
2025-01-05 00:08:48,481 [INFO] BlockDiagram:2766 - set Specific Code input for plugin: TIM1_8F1
2025-01-05 00:08:48,481 [INFO] BlockDiagram:2766 - set Specific Code input for plugin: SYS
2025-01-05 00:08:48,482 [INFO] BlockDiagram:2766 - set Specific Code input for plugin: GPIO
2025-01-05 00:08:48,482 [INFO] BlockDiagram:2766 - set Specific Code input for plugin: RCC
2025-01-05 00:08:48,482 [INFO] BlockDiagram:2766 - set Specific Code input for plugin: I2C
2025-01-05 00:08:48,482 [INFO] CodeGenerator:896 - code generatio: config db path: D:\Program Files\STM32CubeIDE_1.17.0\STM32CubeIDE\plugins\com.st.stm32cube.common.mx_6.13.0.202411220809\\db\
2025-01-05 00:08:48,483 [WARN] IP:2251 - I2C_Coeff_DF not found: check if there is a RefParameter without a condition.
2025-01-05 00:08:48,483 [WARN] IP:2251 - Analog_Filter not found: check if there is a RefParameter without a condition.
2025-01-05 00:08:48,520 [INFO] CodeEngine:255 - oldGeneratedFile, D:\A\oj\oj\MXTmpFiles\license.tmp_save
2025-01-05 00:08:48,579 [INFO] CodeEngine:279 - Generated code: D:\A\oj\oj\MXTmpFiles\license.tmp
2025-01-05 00:08:48,593 [INFO] CodeEngine:255 - oldGeneratedFile, D:\A\oj\oj\MXTmpFiles\gpio.tmp_save
2025-01-05 00:08:48,669 [INFO] CodeEngine:279 - Generated code: D:\A\oj\oj\MXTmpFiles\gpio.tmp
2025-01-05 00:08:48,775 [INFO] CodeEngine:255 - oldGeneratedFile, D:\A\oj\oj\Core\Src\stm32f1xx_it.c_save
2025-01-05 00:08:48,836 [INFO] CodeEngine:279 - Generated code: D:\A\oj\oj\Core\Src\stm32f1xx_it.c
2025-01-05 00:08:48,839 [INFO] CodeEngine:255 - oldGeneratedFile, D:\A\oj\oj\Core\Inc\stm32f1xx_it.h_save
2025-01-05 00:08:48,881 [INFO] CodeEngine:279 - Generated code: D:\A\oj\oj\Core\Inc\stm32f1xx_it.h
2025-01-05 00:08:48,897 [INFO] CodeEngine:255 - oldGeneratedFile, D:\A\oj\oj\Core\Src\stm32f1xx_hal_msp.c_save
2025-01-05 00:08:48,984 [INFO] CodeEngine:279 - Generated code: D:\A\oj\oj\Core\Src\stm32f1xx_hal_msp.c
2025-01-05 00:08:48,995 [INFO] CodeEngine:255 - oldGeneratedFile, D:\A\oj\oj\MXTmpFiles\system.tmp_save
2025-01-05 00:08:49,028 [INFO] CodeEngine:279 - Generated code: D:\A\oj\oj\MXTmpFiles\system.tmp
2025-01-05 00:08:49,039 [INFO] CodeEngine:311 - oldGeneratedFile, D:\A\oj\oj\Core\Inc\stm32f1xx_hal_conf.h_save
2025-01-05 00:08:49,097 [INFO] CodeEngine:335 - Generated code: D:\A\oj\oj\Core\Inc\stm32f1xx_hal_conf.h
2025-01-05 00:08:49,110 [WARN] IPConfigManager:3618 - IP not found : TIM
2025-01-05 00:08:49,110 [WARN] CodeGenerator:4152 - IP not found : null
2025-01-05 00:08:49,122 [INFO] CodeEngine:255 - oldGeneratedFile, D:\A\oj\oj\Core\Inc\main.h_save
2025-01-05 00:08:49,164 [INFO] CodeEngine:279 - Generated code: D:\A\oj\oj\Core\Inc\main.h
2025-01-05 00:08:49,173 [INFO] CodeEngine:255 - oldGeneratedFile, D:\A\oj\oj\Core\Src\main.c_save
2025-01-05 00:08:49,298 [INFO] CodeEngine:279 - Generated code: D:\A\oj\oj\Core\Src\main.c
2025-01-05 00:08:49,435 [INFO] ProjectBuilder:3289 - Time for Copy HAL[1] : 54mS.
2025-01-05 00:08:49,436 [INFO] ProjectBuilder:4876 - Project Generator version: 4.5.0-RC5
2025-01-05 00:08:49,474 [INFO] ConfigFileManager:1579 - The Die is : DIE410
2025-01-05 00:08:50,021 [INFO] ProjectBuilder:5154 - Time for Generating toolchain IDE Files: 585mS.
2025-01-05 00:08:50,022 [INFO] ProjectBuilder:3146 - Time for Copy CMSIS : 1mS.
2025-01-05 00:08:50,023 [INFO] ProjectBuilder:3146 - Time for Copy CMSIS : 0mS.
2025-01-05 00:09:42,565 [INFO] NvicIntPanel:101 - NVIC parent = com.st.microxplorer.plugins.ip.nvic.MultiNvicIntPanel[,0,0,0x0,invalid,layout=javax.swing.BoxLayout,alignmentX=0.0,alignmentY=0.0,border=,flags=9,maximumSize=,minimumSize=,preferredSize=]
2025-01-05 00:09:42,619 [INFO] NvicIntPanel:101 - NVIC parent = com.st.microxplorer.plugins.ip.nvic.MultiNvicIntPanel[,0,0,0x0,invalid,layout=javax.swing.BoxLayout,alignmentX=0.0,alignmentY=0.0,border=,flags=9,maximumSize=,minimumSize=,preferredSize=]
2025-01-05 00:09:45,089 [INFO] UtilMem:75 - End SaveConfig() Used Memory: 316966400 Bytes (536870912)
2025-01-05 00:09:45,147 [INFO] UtilMem:75 - End SaveConfig() Used Memory: 327784072 Bytes (536870912)
2025-01-05 00:09:45,504 [INFO] UtilMem:75 - End SaveConfig() Used Memory: 361193112 Bytes (536870912)
2025-01-05 00:09:45,636 [INFO] BlockDiagram:2766 - set Specific Code input for plugin: SPI
2025-01-05 00:09:45,636 [INFO] BlockDiagram:2766 - set Specific Code input for plugin: NVIC
2025-01-05 00:09:45,636 [INFO] BlockDiagram:2766 - set Specific Code input for plugin: USART
2025-01-05 00:09:45,636 [INFO] BlockDiagram:2766 - set Specific Code input for plugin: TIM1_8F1
2025-01-05 00:09:45,636 [INFO] BlockDiagram:2766 - set Specific Code input for plugin: TIM1_8F1
2025-01-05 00:09:45,636 [INFO] BlockDiagram:2766 - set Specific Code input for plugin: SYS
2025-01-05 00:09:45,636 [INFO] BlockDiagram:2766 - set Specific Code input for plugin: GPIO
2025-01-05 00:09:45,636 [INFO] BlockDiagram:2766 - set Specific Code input for plugin: RCC
2025-01-05 00:09:45,637 [INFO] BlockDiagram:2766 - set Specific Code input for plugin: I2C
2025-01-05 00:09:45,637 [INFO] CodeGenerator:896 - code generatio: config db path: D:\Program Files\STM32CubeIDE_1.17.0\STM32CubeIDE\plugins\com.st.stm32cube.common.mx_6.13.0.202411220809\\db\
2025-01-05 00:09:45,638 [WARN] IP:2251 - I2C_Coeff_DF not found: check if there is a RefParameter without a condition.
2025-01-05 00:09:45,638 [WARN] IP:2251 - Analog_Filter not found: check if there is a RefParameter without a condition.
2025-01-05 00:09:45,673 [INFO] CodeEngine:255 - oldGeneratedFile, D:\A\oj\oj\MXTmpFiles\license.tmp_save
2025-01-05 00:09:45,718 [INFO] CodeEngine:279 - Generated code: D:\A\oj\oj\MXTmpFiles\license.tmp
2025-01-05 00:09:45,731 [INFO] CodeEngine:255 - oldGeneratedFile, D:\A\oj\oj\MXTmpFiles\gpio.tmp_save
2025-01-05 00:09:45,785 [INFO] CodeEngine:279 - Generated code: D:\A\oj\oj\MXTmpFiles\gpio.tmp
2025-01-05 00:09:45,884 [INFO] CodeEngine:255 - oldGeneratedFile, D:\A\oj\oj\Core\Src\stm32f1xx_it.c_save
2025-01-05 00:09:45,944 [INFO] CodeEngine:279 - Generated code: D:\A\oj\oj\Core\Src\stm32f1xx_it.c
2025-01-05 00:09:45,947 [INFO] CodeEngine:255 - oldGeneratedFile, D:\A\oj\oj\Core\Inc\stm32f1xx_it.h_save
2025-01-05 00:09:45,986 [INFO] CodeEngine:279 - Generated code: D:\A\oj\oj\Core\Inc\stm32f1xx_it.h
2025-01-05 00:09:45,999 [INFO] CodeEngine:255 - oldGeneratedFile, D:\A\oj\oj\Core\Src\stm32f1xx_hal_msp.c_save
2025-01-05 00:09:46,077 [INFO] CodeEngine:279 - Generated code: D:\A\oj\oj\Core\Src\stm32f1xx_hal_msp.c
2025-01-05 00:09:46,085 [INFO] CodeEngine:255 - oldGeneratedFile, D:\A\oj\oj\MXTmpFiles\system.tmp_save
2025-01-05 00:09:46,119 [INFO] CodeEngine:279 - Generated code: D:\A\oj\oj\MXTmpFiles\system.tmp
2025-01-05 00:09:46,129 [INFO] CodeEngine:311 - oldGeneratedFile, D:\A\oj\oj\Core\Inc\stm32f1xx_hal_conf.h_save
2025-01-05 00:09:46,190 [INFO] CodeEngine:335 - Generated code: D:\A\oj\oj\Core\Inc\stm32f1xx_hal_conf.h
2025-01-05 00:09:46,204 [WARN] IPConfigManager:3618 - IP not found : TIM
2025-01-05 00:09:46,205 [WARN] CodeGenerator:4152 - IP not found : null
2025-01-05 00:09:46,216 [INFO] CodeEngine:255 - oldGeneratedFile, D:\A\oj\oj\Core\Inc\main.h_save
2025-01-05 00:09:46,259 [INFO] CodeEngine:279 - Generated code: D:\A\oj\oj\Core\Inc\main.h
2025-01-05 00:09:46,268 [INFO] CodeEngine:255 - oldGeneratedFile, D:\A\oj\oj\Core\Src\main.c_save
2025-01-05 00:09:46,352 [INFO] CodeEngine:279 - Generated code: D:\A\oj\oj\Core\Src\main.c
2025-01-05 00:09:46,538 [INFO] ProjectBuilder:3289 - Time for Copy HAL[1] : 53mS.
2025-01-05 00:09:46,539 [INFO] ProjectBuilder:4876 - Project Generator version: 4.5.0-RC5
2025-01-05 00:09:46,576 [INFO] ConfigFileManager:1579 - The Die is : DIE410
2025-01-05 00:09:47,089 [INFO] ProjectBuilder:5154 - Time for Generating toolchain IDE Files: 549mS.
2025-01-05 00:09:47,089 [INFO] ProjectBuilder:3146 - Time for Copy CMSIS : 0mS.
2025-01-05 00:09:47,091 [INFO] ProjectBuilder:3146 - Time for Copy CMSIS : 0mS.
2025-01-05 00:23:47,855 [INFO] MainUpdater:2872 - connection check result : 10
2025-01-05 00:23:47,855 [INFO] MainUpdater:2872 - connection check result : 10
2025-01-05 00:23:47,898 [INFO] MicroXplorer:468 - Change Database Path : 
2025-01-05 00:23:47,899 [INFO] MicroXplorer:498 - Change Database Version : DB.6.0.130
2025-01-05 00:23:47,955 [ERROR] ProjectManagerView:394 - 
java.lang.NullPointerException: Cannot invoke "javax.swing.JTextField.getText()" because the return value of "java.util.List.get(int)" is null
	at com.st.microxplorer.plugins.projectmanager.gui.ProjectChoiceTab$9.caretUpdate(ProjectChoiceTab.java:2616) ~[filemanager.jar:?]
	at javax.swing.text.JTextComponent.fireCaretUpdate(JTextComponent.java:408) ~[?:?]
	at javax.swing.text.JTextComponent$MutableCaretEvent.fire(JTextComponent.java:4484) ~[?:?]
	at javax.swing.text.JTextComponent$MutableCaretEvent.stateChanged(JTextComponent.java:4506) ~[?:?]
	at javax.swing.text.DefaultCaret.fireStateChanged(DefaultCaret.java:857) ~[?:?]
	at javax.swing.text.DefaultCaret.changeCaretPosition(DefaultCaret.java:1343) ~[?:?]
	at javax.swing.text.DefaultCaret.handleSetDot(DefaultCaret.java:1242) ~[?:?]
	at javax.swing.text.DefaultCaret.setDot(DefaultCaret.java:1223) ~[?:?]
	at javax.swing.text.DefaultCaret$Handler.insertUpdate(DefaultCaret.java:1819) ~[?:?]
	at javax.swing.text.AbstractDocument.fireInsertUpdate(AbstractDocument.java:227) ~[?:?]
	at javax.swing.text.AbstractDocument.handleInsertString(AbstractDocument.java:781) ~[?:?]
	at javax.swing.text.AbstractDocument.insertString(AbstractDocument.java:740) ~[?:?]
	at javax.swing.text.PlainDocument.insertString(PlainDocument.java:131) ~[?:?]
	at javax.swing.text.AbstractDocument.replace(AbstractDocument.java:699) ~[?:?]
	at javax.swing.text.JTextComponent.setText(JTextComponent.java:1725) ~[?:?]
	at com.st.microxplorer.plugins.projectmanager.gui.ProjectChoiceTab.createHeapStackFields(ProjectChoiceTab.java:975) ~[filemanager.jar:?]
	at com.st.microxplorer.plugins.projectmanager.gui.ProjectChoiceTab.buildLinkSettingsPanel(ProjectChoiceTab.java:3666) ~[filemanager.jar:?]
	at com.st.microxplorer.plugins.projectmanager.gui.ProjectChoiceTab.defineWindowsFields(ProjectChoiceTab.java:1934) ~[filemanager.jar:?]
	at com.st.microxplorer.plugins.projectmanager.gui.ProjectChoiceTab.updateSettings(ProjectChoiceTab.java:553) ~[filemanager.jar:?]
	at com.st.microxplorer.plugins.projectmanager.gui.ProjectSettingsPanel.UpdateDialog(ProjectSettingsPanel.java:245) ~[filemanager.jar:?]
	at com.st.microxplorer.plugins.projectmanager.ProjectManagerView.propertyChange(ProjectManagerView.java:391) ~[filemanager.jar:?]
	at java.beans.PropertyChangeSupport.fire(PropertyChangeSupport.java:343) ~[?:?]
	at java.beans.PropertyChangeSupport.firePropertyChange(PropertyChangeSupport.java:335) ~[?:?]
	at java.beans.PropertyChangeSupport.firePropertyChange(PropertyChangeSupport.java:268) ~[?:?]
	at com.st.microxplorer.util.MXPropertyChangeSupport.firePropertyChange(MXPropertyChangeSupport.java:54) ~[STM32CubeMX.jar:?]
	at com.st.microxplorer.mxsystem.MxSystem.closeConfig(MxSystem.java:899) ~[STM32CubeMX.jar:?]
	at com.st.microxplorer.maingui.MainPanel.closeConfig(MainPanel.java:789) ~[STM32CubeMX.jar:?]
	at com.st.microxplorer.plugins.filemanager.engine.OpenFileManager.loadConfigurationFile(OpenFileManager.java:265) ~[filemanager.jar:?]
	at com.st.microxplorer.plugins.filemanager.engine.MainFileManager.userLoadConfig(MainFileManager.java:340) ~[filemanager.jar:?]
	at com.st.microxplorer.plugins.filemanager.engine.MainFileManager.userLoadConfig(MainFileManager.java:318) ~[filemanager.jar:?]
	at com.st.microxplorer.plugins.filemanager.FileManagerView.getSpecificTask(FileManagerView.java:246) ~[filemanager.jar:?]
	at com.st.stm32cube.common.mx.editor.CubeMxEditor.getMxTabbedPaneInstance(CubeMxEditor.java:1198) ~[com.st.stm32cube.common.mx_6.13.0.202411220809/:?]
	at com.st.stm32cube.common.mx.editor.CubeMxEditor$12$1.createSwingComponent(CubeMxEditor.java:1068) ~[com.st.stm32cube.common.mx_6.13.0.202411220809/:?]
	at com.st.stm32cube.common.mx.oss.core.awtswtbridge.EmbeddedSwingComposite.doComponentCreation(EmbeddedSwingComposite.java:492) ~[com.st.stm32cube.common.mx.oss_6.13.0.202411220809/:?]
	at com.st.stm32cube.common.mx.oss.core.awtswtbridge.EmbeddedSwingComposite$4.run(EmbeddedSwingComposite.java:291) ~[com.st.stm32cube.common.mx.oss_6.13.0.202411220809/:?]
	at com.st.stm32cube.common.mx.oss.core.awtswtbridge.AwtEnvironment$2.run(AwtEnvironment.java:166) ~[com.st.stm32cube.common.mx.oss_6.13.0.202411220809/:?]
	at java.awt.event.InvocationEvent.dispatch(InvocationEvent.java:318) ~[?:?]
	at java.awt.EventQueue.dispatchEventImpl(EventQueue.java:773) ~[?:?]
	at java.awt.EventQueue$4.run(EventQueue.java:720) ~[?:?]
	at java.awt.EventQueue$4.run(EventQueue.java:714) ~[?:?]
	at java.security.AccessController.doPrivileged(AccessController.java:400) ~[?:?]
	at java.security.ProtectionDomain$JavaSecurityAccessImpl.doIntersectionPrivilege(ProtectionDomain.java:87) ~[?:?]
	at java.awt.EventQueue.dispatchEvent(EventQueue.java:742) ~[?:?]
	at java.awt.EventDispatchThread.pumpOneEventForFilters(EventDispatchThread.java:203) ~[?:?]
	at java.awt.EventDispatchThread.pumpEventsForFilter(EventDispatchThread.java:124) ~[?:?]
	at java.awt.EventDispatchThread.pumpEventsForHierarchy(EventDispatchThread.java:113) ~[?:?]
	at java.awt.EventDispatchThread.pumpEvents(EventDispatchThread.java:109) ~[?:?]
	at java.awt.EventDispatchThread.pumpEvents(EventDispatchThread.java:101) ~[?:?]
	at java.awt.EventDispatchThread.run(EventDispatchThread.java:90) ~[?:?]
2025-01-05 00:23:47,986 [WARN] ThirdParty:871 - waiting for thirdparty lock release [close project]
2025-01-05 00:23:47,986 [INFO] ThirdParty:873 - entering critical section [close project]
2025-01-05 00:23:47,986 [INFO] ThirdParty:883 - exiting critical section [close project]
2025-01-05 00:23:47,989 [INFO] PinOutPanel:1589 - setPackage(No Configuration,No Configuration)
2025-01-05 00:23:48,009 [INFO] UtilMem:75 - Begin LoadConfig() Used Memory: 510677144 Bytes (542113792)
2025-01-05 00:23:48,010 [INFO] MicroXplorer:468 - Change Database Path : 
2025-01-05 00:23:48,010 [INFO] MicroXplorer:498 - Change Database Version : DB.6.0.130
2025-01-05 00:23:48,010 [INFO] OpenFileManager:332 - Change cursor
2025-01-05 00:23:48,077 [INFO] RulesReader:64 - Compatibility file has been processed (297 Rules)
2025-01-05 00:23:48,081 [INFO] Mcu:2035 - Initializing MCU STM32F103C(8-B)Tx STM32F103C8Tx STM32F103C8T6
2025-01-05 00:23:48,794 [INFO] Context:748 - Trying to add GPIOservice into a context  which must be forbidden
2025-01-05 00:23:49,174 [INFO] RtosManager:555 - Registered RTOS mode: class=CMSIS, group=RTOS, mode=CMSIS_V1, owner=FREERTOS
2025-01-05 00:23:49,174 [INFO] RtosManager:555 - Registered RTOS mode: class=CMSIS, group=RTOS2, mode=CMSIS_V2, owner=FREERTOS
2025-01-05 00:23:49,174 [INFO] RtosManager:555 - Registered RTOS mode: class=RTOS, group=Core, mode=CMSIS_V1, owner=FREERTOS
2025-01-05 00:23:49,174 [INFO] RtosManager:555 - Registered RTOS mode: class=RTOS, group=Core, mode=CMSIS_V2, owner=FREERTOS
2025-01-05 00:23:49,174 [WARN] ModelIntegratedComponent:184 - Missing modes for component STMicroelectronics:FreeRTOS:0.0.1:STMicroelectronics:RTOS:FreeRTOS:Core:::10.2.0:
2025-01-05 00:23:49,179 [WARN] ModelIntegratedComponent:63 - No mode defined for component null
2025-01-05 00:23:49,180 [WARN] ModelIntegratedComponent:63 - No mode defined for component null
2025-01-05 00:23:49,180 [WARN] ModelIntegratedComponent:63 - No mode defined for component null
2025-01-05 00:23:49,180 [WARN] ModelIntegratedComponent:63 - No mode defined for component null
2025-01-05 00:23:49,180 [WARN] ModelIntegratedComponent:63 - No mode defined for component null
2025-01-05 00:23:49,180 [WARN] ModelIntegratedComponent:63 - No mode defined for component null
2025-01-05 00:23:49,180 [WARN] ModelIntegratedComponent:63 - No mode defined for component null
2025-01-05 00:23:49,180 [WARN] ModelIntegratedComponent:63 - No mode defined for component null
2025-01-05 00:23:49,180 [WARN] ModelIntegratedComponent:63 - No mode defined for component null
2025-01-05 00:23:49,180 [WARN] ModelIntegratedComponent:63 - No mode defined for component null
2025-01-05 00:23:49,180 [WARN] ModelIntegratedComponent:63 - No mode defined for component null
2025-01-05 00:23:49,180 [WARN] ModelIntegratedComponent:63 - No mode defined for component null
2025-01-05 00:23:49,180 [WARN] ModelIntegratedComponent:63 - No mode defined for component null
2025-01-05 00:23:49,180 [WARN] ModelIntegratedComponent:63 - No mode defined for component null
2025-01-05 00:23:49,180 [WARN] ModelIntegratedComponent:63 - No mode defined for component null
2025-01-05 00:23:49,180 [WARN] ModelIntegratedComponent:63 - No mode defined for component null
2025-01-05 00:23:49,180 [WARN] ModelIntegratedComponent:63 - No mode defined for component null
2025-01-05 00:23:49,180 [WARN] ModelIntegratedComponent:63 - No mode defined for component null
2025-01-05 00:23:49,180 [WARN] ModelIntegratedComponent:63 - No mode defined for component null
2025-01-05 00:23:49,180 [WARN] ModelIntegratedComponent:63 - No mode defined for component null
2025-01-05 00:23:49,180 [WARN] ModelIntegratedComponent:63 - No mode defined for component null
2025-01-05 00:23:49,180 [WARN] ModelIntegratedComponent:63 - No mode defined for component null
2025-01-05 00:23:49,181 [WARN] ModelIntegratedComponent:63 - No mode defined for component null
2025-01-05 00:23:49,181 [WARN] ModelIntegratedComponent:63 - No mode defined for component null
2025-01-05 00:23:49,181 [WARN] ModelIntegratedComponent:63 - No mode defined for component null
2025-01-05 00:23:49,181 [WARN] ModelIntegratedComponent:63 - No mode defined for component null
2025-01-05 00:23:49,181 [WARN] ModelIntegratedComponent:63 - No mode defined for component null
2025-01-05 00:23:49,181 [WARN] ModelIntegratedComponent:63 - No mode defined for component null
2025-01-05 00:23:49,181 [WARN] ModelIntegratedComponent:63 - No mode defined for component null
2025-01-05 00:23:49,181 [WARN] ModelIntegratedComponent:63 - No mode defined for component null
2025-01-05 00:23:49,181 [WARN] ModelIntegratedComponent:63 - No mode defined for component null
2025-01-05 00:23:49,181 [WARN] ModelIntegratedComponent:63 - No mode defined for component null
2025-01-05 00:23:49,181 [WARN] ModelIntegratedComponent:63 - No mode defined for component null
2025-01-05 00:23:49,181 [WARN] ModelIntegratedComponent:63 - No mode defined for component null
2025-01-05 00:23:49,181 [WARN] ModelIntegratedComponent:63 - No mode defined for component null
2025-01-05 00:23:49,181 [WARN] ModelPack:524 - Component already loaded: STMicroelectronics:HAL Drivers:0.0.0:STMicroelectronics:Device:STMicro_Driver:XSPI:HAL::0.0.1:HAL_XSPI
2025-01-05 00:23:49,225 [INFO] ThirdPartyModel:298 - Start build external matchings
2025-01-05 00:23:49,483 [INFO] ThirdPartyModel:316 - End build external matchings
2025-01-05 00:23:49,495 [WARN] IP:2251 - I2C_Coeff_DF not found: check if there is a RefParameter without a condition.
2025-01-05 00:23:49,495 [WARN] IP:2251 - Analog_Filter not found: check if there is a RefParameter without a condition.
2025-01-05 00:23:49,496 [INFO] ImportTextPane:218 - (OptionalMessage_ERROR) IP (RCC) : Parameter (ADCFreqValue) has invalid value (36000000)
2025-01-05 00:23:49,496 [INFO] ImportTextPane:218 - (OptionalMessage_ERROR) IP (RCC) : Invalid parameter (FamilyName)
2025-01-05 00:23:49,496 [INFO] ImportTextPane:218 - (OptionalMessage_ERROR) IP (RCC) : Parameter (MCOFreq_Value) has invalid value (72000000)
2025-01-05 00:23:49,496 [INFO] ImportTextPane:218 - (OptionalMessage_ERROR) IP (RCC) : Parameter (USBFreq_Value) has invalid value (72000000)
2025-01-05 00:23:49,667 [INFO] UtilMem:75 - End LoadConfig() Used Memory: 446783256 Bytes (542113792)
2025-01-05 00:23:49,718 [WARN] ThirdParty:833 - waiting for thirdparty lock release [change project]
2025-01-05 00:23:49,719 [INFO] ThirdParty:835 - entering critical section [change project]
2025-01-05 00:23:49,719 [INFO] ThirdParty:1030 - CMSIS Pack Vendor :STMicroelectronics USBPD 4.1
2025-01-05 00:23:49,719 [INFO] ThirdParty:1030 - CMSIS Pack Vendor :STMicroelectronics X-CUBE-AZRTOS-H7 3.3.0
2025-01-05 00:23:49,719 [INFO] ThirdParty:1030 - CMSIS Pack Vendor :STMicroelectronics X-CUBE-NFC9 1.0.0
2025-01-05 00:23:49,719 [INFO] ThirdParty:1030 - CMSIS Pack Vendor :STMicroelectronics USB_HOST 2.0.0
2025-01-05 00:23:49,719 [INFO] ThirdParty:1030 - CMSIS Pack Vendor :STMicroelectronics FP-SNS-MOTENVWB1 1.4.0
2025-01-05 00:23:49,719 [INFO] ThirdParty:1030 - CMSIS Pack Vendor :STMicroelectronics X-CUBE-AZRTOS-F4 1.1.0
2025-01-05 00:23:49,719 [INFO] ThirdParty:1030 - CMSIS Pack Vendor :STMicroelectronics LIBJPEG 8.0.0
2025-01-05 00:23:49,719 [INFO] ThirdParty:1030 - CMSIS Pack Vendor :STMicroelectronics FP-ATR-ASTRA1 2.0.1
2025-01-05 00:23:49,719 [INFO] ThirdParty:1030 - CMSIS Pack Vendor :STMicroelectronics X-CUBE-SMBUS 2.1.0
2025-01-05 00:23:49,719 [INFO] ThirdParty:1030 - CMSIS Pack Vendor :STMicroelectronics X-CUBE-WB05N 1.1.0
2025-01-05 00:23:49,719 [INFO] ThirdParty:1030 - CMSIS Pack Vendor :STMicroelectronics USB_DEVICE 3.0.0
2025-01-05 00:23:49,719 [INFO] ThirdParty:1030 - CMSIS Pack Vendor :STMicroelectronics X-CUBE-TCPP 4.1.0
2025-01-05 00:23:49,719 [INFO] ThirdParty:1030 - CMSIS Pack Vendor :STMicroelectronics X-CUBE-ISPU 2.1.0
2025-01-05 00:23:49,719 [INFO] ThirdParty:1030 - CMSIS Pack Vendor :STMicroelectronics X-CUBE-FREERTOS 1.2.0
2025-01-05 00:23:49,719 [INFO] ThirdParty:1030 - CMSIS Pack Vendor :STMicroelectronics X-CUBE-IPS 3.0.0
2025-01-05 00:23:49,719 [INFO] ThirdParty:1030 - CMSIS Pack Vendor :STMicroelectronics X-CUBE-AZRTOS-WB 2.0.0
2025-01-05 00:23:49,719 [INFO] ThirdParty:1030 - CMSIS Pack Vendor :STMicroelectronics X-CUBE-GNSS1 7.0.0
2025-01-05 00:23:49,719 [INFO] ThirdParty:1030 - CMSIS Pack Vendor :STMicroelectronics X-CUBE-GNSS1 7.0.1
2025-01-05 00:23:49,720 [INFO] ThirdParty:1030 - CMSIS Pack Vendor :STMicroelectronics X-CUBE-AZRTOS-F7 1.1.0
2025-01-05 00:23:49,720 [INFO] ThirdParty:1030 - CMSIS Pack Vendor :STMicroelectronics X-CUBE-AZRTOS-L5 2.0.0
2025-01-05 00:23:49,720 [INFO] ThirdParty:1030 - CMSIS Pack Vendor :STMicroelectronics USB_DEVICE 2.0.0
2025-01-05 00:23:49,720 [INFO] ThirdParty:1030 - CMSIS Pack Vendor :STMicroelectronics X-CUBE-NFC6 3.1.0
2025-01-05 00:23:49,720 [INFO] ThirdParty:1030 - CMSIS Pack Vendor :STMicroelectronics FP-SNS-STBOX1 2.0.0
2025-01-05 00:23:49,720 [INFO] ThirdParty:1030 - CMSIS Pack Vendor :STMicroelectronics X-CUBE-MEMS1 11.0.0
2025-01-05 00:23:49,720 [INFO] ThirdParty:1030 - CMSIS Pack Vendor :STMicroelectronics FreeRTOS 0.0.1
2025-01-05 00:23:49,720 [INFO] ThirdParty:1030 - CMSIS Pack Vendor :STMicroelectronics X-CUBE-AZRTOS-G0 1.1.0
2025-01-05 00:23:49,720 [INFO] ThirdParty:1030 - CMSIS Pack Vendor :STMicroelectronics X-CUBE-SAFEA1 1.2.2
2025-01-05 00:23:49,720 [INFO] ThirdParty:1030 - CMSIS Pack Vendor :STMicroelectronics X-CUBE-NFC4 3.0.0
2025-01-05 00:23:49,720 [INFO] ThirdParty:1030 - CMSIS Pack Vendor :STMicroelectronics X-CUBE-DPower 1.2.0
2025-01-05 00:23:49,720 [INFO] ThirdParty:1030 - CMSIS Pack Vendor :STMicroelectronics X-CUBE-SUBG2 5.0.0
2025-01-05 00:23:49,720 [INFO] ThirdParty:1030 - CMSIS Pack Vendor :STMicroelectronics STM32_WPAN 1.0.0
2025-01-05 00:23:49,720 [INFO] ThirdParty:1030 - CMSIS Pack Vendor :EmbeddedOffice I-CUBE-FS-RTOS 1.0.1
2025-01-05 00:23:49,720 [INFO] ThirdParty:1030 - CMSIS Pack Vendor :STMicroelectronics lwIP 2.0.3
2025-01-05 00:23:49,720 [INFO] ThirdParty:1030 - CMSIS Pack Vendor :STMicroelectronics FP-SNS-FLIGHT1 5.0.2
2025-01-05 00:23:49,720 [INFO] ThirdParty:1030 - CMSIS Pack Vendor :Cesanta I-CUBE-Mongoose 7.13.0
2025-01-05 00:23:49,720 [INFO] ThirdParty:1030 - CMSIS Pack Vendor :STMicroelectronics USB_HOST 1.0.0
2025-01-05 00:23:49,720 [INFO] ThirdParty:1030 - CMSIS Pack Vendor :Infineon AIROC-Wi-Fi-Bluetooth-STM32 1.7.0
2025-01-05 00:23:49,720 [INFO] ThirdParty:1030 - CMSIS Pack Vendor :STMicroelectronics X-CUBE-AZRTOS-G4 2.0.0
2025-01-05 00:23:49,720 [INFO] ThirdParty:1030 - CMSIS Pack Vendor :STMicroelectronics PDM2PCM 3.1.0
2025-01-05 00:23:49,720 [INFO] ThirdParty:1030 - CMSIS Pack Vendor :STMicroelectronics PDM2PCM 3.3.0
2025-01-05 00:23:49,720 [INFO] ThirdParty:1030 - CMSIS Pack Vendor :STMicroelectronics X-CUBE-DISPLAY 3.0.0
2025-01-05 00:23:49,720 [INFO] ThirdParty:1030 - CMSIS Pack Vendor :STMicroelectronics X-CUBE-TCPP 4.2.0
2025-01-05 00:23:49,720 [INFO] ThirdParty:1030 - CMSIS Pack Vendor :RealThread X-CUBE-RT-Thread_Nano 4.1.1
2025-01-05 00:23:49,720 [INFO] ThirdParty:1030 - CMSIS Pack Vendor :STMicroelectronics X-CUBE-BLE1 7.0.0
2025-01-05 00:23:49,720 [INFO] ThirdParty:1030 - CMSIS Pack Vendor :STMicroelectronics FP-ATR-SIGFOX1 3.2.0
2025-01-05 00:23:49,720 [INFO] ThirdParty:1030 - CMSIS Pack Vendor :STMicroelectronics X-CUBE-NFC10 1.0.0
2025-01-05 00:23:49,720 [INFO] ThirdParty:1030 - CMSIS Pack Vendor :quantropi X-CUBE-qispace-sdk-base 1.9.3
2025-01-05 00:23:49,720 [INFO] ThirdParty:1030 - CMSIS Pack Vendor :STMicroelectronics X-CUBE-BLEMGR 4.0.0
2025-01-05 00:23:49,720 [INFO] ThirdParty:1030 - CMSIS Pack Vendor :STMicroelectronics X-CUBE-EEPRMA1 5.1.0
2025-01-05 00:23:49,720 [INFO] ThirdParty:1030 - CMSIS Pack Vendor :STMicroelectronics HAL Drivers 0.0.0
2025-01-05 00:23:49,720 [INFO] ThirdParty:1030 - CMSIS Pack Vendor :STMicroelectronics MBEDTLS 2.16.2
2025-01-05 00:23:49,720 [INFO] ThirdParty:1030 - CMSIS Pack Vendor :STMicroelectronics X-CUBE-ALS 1.0.2
2025-01-05 00:23:49,720 [INFO] ThirdParty:1030 - CMSIS Pack Vendor :emotas I-CUBE-CANOPEN 1.3.0
2025-01-05 00:23:49,720 [INFO] ThirdParty:1030 - CMSIS Pack Vendor :STMicroelectronics X-CUBE-FREERTOS 1.3.0
2025-01-05 00:23:49,720 [INFO] ThirdParty:1030 - CMSIS Pack Vendor :wolfSSL I-CUBE-wolfSSL 5.7.4
2025-01-05 00:23:49,720 [INFO] ThirdParty:1030 - CMSIS Pack Vendor :STMicroelectronics X-CUBE-NFC7 1.0.1
2025-01-05 00:23:49,720 [INFO] ThirdParty:1030 - CMSIS Pack Vendor :STMicroelectronics MBEDTLS 2.14.1
2025-01-05 00:23:49,720 [INFO] ThirdParty:1030 - CMSIS Pack Vendor :ITTIA_DB I-CUBE-ITTIADB 8.9.0
2025-01-05 00:23:49,720 [INFO] ThirdParty:1030 - CMSIS Pack Vendor :STMicroelectronics X-CUBE-TOUCHGFX 4.24.1
2025-01-05 00:23:49,720 [INFO] ThirdParty:1030 - CMSIS Pack Vendor :wolfSSL I-CUBE-wolfTPM 3.4.0
2025-01-05 00:23:49,720 [INFO] ThirdParty:1030 - CMSIS Pack Vendor :portGmbH I-Cube-SoM-uGOAL 1.1.0
2025-01-05 00:23:49,720 [INFO] ThirdParty:1030 - CMSIS Pack Vendor :STMicroelectronics X-CUBE-BLEMGR 3.1.0
2025-01-05 00:23:49,720 [INFO] ThirdParty:1030 - CMSIS Pack Vendor :STMicroelectronics ThreadX 1.0.0
2025-01-05 00:23:49,720 [INFO] ThirdParty:1030 - CMSIS Pack Vendor :STMicroelectronics FP-SNS-SMARTAG2 1.2.0
2025-01-05 00:23:49,720 [INFO] ThirdParty:1030 - CMSIS Pack Vendor :STMicroelectronics X-CUBE-MEMS1 11.1.0
2025-01-05 00:23:49,720 [INFO] ThirdParty:1030 - CMSIS Pack Vendor :STMicroelectronics X-CUBE-AZRTOS-WL 2.0.0
2025-01-05 00:23:49,720 [INFO] ThirdParty:1030 - CMSIS Pack Vendor :SEGGER I-CUBE-embOS 1.3.1
2025-01-05 00:23:49,720 [INFO] ThirdParty:1030 - CMSIS Pack Vendor :STMicroelectronics X-CUBE-ALGOBUILD 1.4.0
2025-01-05 00:23:49,720 [INFO] ThirdParty:1030 - CMSIS Pack Vendor :STMicroelectronics FP-SNS-MOTENV1 5.0.0
2025-01-05 00:23:49,720 [INFO] ThirdParty:1030 - CMSIS Pack Vendor :STMicroelectronics USB_DEVICE 1.0.0
2025-01-05 00:23:49,720 [INFO] ThirdParty:1030 - CMSIS Pack Vendor :STMicroelectronics X-CUBE-AZRTOS-H7RS 1.0.0
2025-01-05 00:23:49,720 [INFO] ThirdParty:1030 - CMSIS Pack Vendor :wolfSSL I-CUBE-wolfMQTT 1.19.0
2025-01-05 00:23:49,720 [INFO] ThirdParty:1030 - CMSIS Pack Vendor :STMicroelectronics X-CUBE-AZRTOS-L4 2.0.0
2025-01-05 00:23:49,720 [INFO] ThirdParty:1030 - CMSIS Pack Vendor :STMicroelectronics ThreadX 0.0.2
2025-01-05 00:23:49,720 [INFO] ThirdParty:1030 - CMSIS Pack Vendor :WES I-CUBE-Cesium 1.3.0
2025-01-05 00:23:49,720 [INFO] ThirdParty:1030 - CMSIS Pack Vendor :STMicroelectronics lwIP 2.1.2
2025-01-05 00:23:49,720 [INFO] ThirdParty:1030 - CMSIS Pack Vendor :STMicroelectronics X-CUBE-SFXS2LP1 4.0.0
2025-01-05 00:23:49,720 [INFO] ThirdParty:1030 - CMSIS Pack Vendor :STMicroelectronics X-CUBE-BLE2 3.3.0
2025-01-05 00:23:49,720 [INFO] ThirdParty:1030 - CMSIS Pack Vendor :STMicroelectronics X-CUBE-TOF1 3.4.2
2025-01-05 00:23:49,720 [INFO] ThirdParty:1030 - CMSIS Pack Vendor :STMicroelectronics X-CUBE-AI 9.1.0
2025-01-05 00:23:49,720 [INFO] ThirdParty:1030 - CMSIS Pack Vendor :STMicroelectronics PDM2PCM 3.2.0
2025-01-05 00:23:49,720 [INFO] ThirdParty:1030 - CMSIS Pack Vendor :wolfSSL I-CUBE-wolfSSH 1.4.17
2025-01-05 00:23:49,721 [INFO] ThirdParty:841 - exiting critical section [change project]
2025-01-05 00:23:49,803 [INFO] PinOutPanel:1589 - setPackage(No Configuration,No Configuration)
2025-01-05 00:23:49,803 [INFO] PinOutPanel:1589 - setPackage(STM32F103C8Tx,LQFP48)
2025-01-05 00:23:50,201 [INFO] UtilMem:75 - Before build in PCC Used Memory: 306752736 Bytes (542113792)
2025-01-05 00:23:50,414 [INFO] UtilMem:75 - After build in PCC Used Memory: 351319264 Bytes (542113792)
2025-01-05 00:23:50,429 [INFO] IPUIPlugin:80 - create IPUIPlugin
2025-01-05 00:23:50,429 [INFO] IPUIPlugin:80 - create IPUIPlugin
2025-01-05 00:23:50,430 [INFO] IPUIPlugin:80 - create IPUIPlugin
2025-01-05 00:23:50,430 [INFO] IPUIPlugin:80 - create IPUIPlugin
2025-01-05 00:23:50,430 [INFO] IPUIPlugin:80 - create IPUIPlugin
2025-01-05 00:23:50,430 [INFO] IPUIPlugin:80 - create IPUIPlugin
2025-01-05 00:23:50,430 [INFO] IPUIPlugin:80 - create IPUIPlugin
2025-01-05 00:23:50,431 [INFO] IPUIPlugin:80 - create IPUIPlugin
2025-01-05 00:23:50,431 [INFO] IPUIPlugin:80 - create IPUIPlugin
2025-01-05 00:23:50,431 [INFO] IPUIPlugin:80 - create IPUIPlugin
2025-01-05 00:23:50,431 [INFO] IPUIPlugin:80 - create IPUIPlugin
2025-01-05 00:23:50,431 [INFO] IPUIPlugin:80 - create IPUIPlugin
2025-01-05 00:23:50,432 [INFO] IPUIPlugin:80 - create IPUIPlugin
2025-01-05 00:23:50,432 [INFO] IPUIPlugin:80 - create IPUIPlugin
2025-01-05 00:23:50,432 [INFO] IPUIPlugin:80 - create IPUIPlugin
2025-01-05 00:23:50,432 [INFO] IPUIPlugin:80 - create IPUIPlugin
2025-01-05 00:23:50,432 [INFO] IPUIPlugin:80 - create IPUIPlugin
2025-01-05 00:23:50,432 [INFO] IPUIPlugin:80 - create IPUIPlugin
2025-01-05 00:23:50,432 [INFO] IPUIPlugin:80 - create IPUIPlugin
2025-01-05 00:23:50,432 [INFO] IPUIPlugin:80 - create IPUIPlugin
2025-01-05 00:23:50,432 [INFO] IPUIPlugin:80 - create IPUIPlugin
2025-01-05 00:23:50,432 [INFO] IPUIPlugin:80 - create IPUIPlugin
2025-01-05 00:23:50,433 [INFO] IPUIPlugin:80 - create IPUIPlugin
2025-01-05 00:23:50,433 [INFO] IPUIPlugin:80 - create IPUIPlugin
2025-01-05 00:23:50,433 [INFO] IPUIPlugin:80 - create IPUIPlugin
2025-01-05 00:23:50,433 [INFO] IPUIPlugin:80 - create IPUIPlugin
2025-01-05 00:23:50,433 [INFO] IPUIPlugin:80 - create IPUIPlugin
2025-01-05 00:23:50,438 [WARN] IP:2251 - I2C_Coeff_DF not found: check if there is a RefParameter without a condition.
2025-01-05 00:23:50,438 [WARN] IP:2251 - Analog_Filter not found: check if there is a RefParameter without a condition.
2025-01-05 00:23:50,474 [INFO] CADModel:165 - CPN selected for project levelSTM32F103C8T6
2025-01-05 00:23:50,474 [INFO] CADModel:114 - Register for checkConnection events
2025-01-05 00:23:50,530 [INFO] OpenFileManager:363 - Restore cursor
2025-01-05 00:23:50,660 [WARN] IP:2251 - I2C_Coeff_DF not found: check if there is a RefParameter without a condition.
2025-01-05 00:23:50,660 [WARN] IP:2251 - Analog_Filter not found: check if there is a RefParameter without a condition.
2025-01-05 00:23:50,660 [WARN] IP:2251 - I2C_Coeff_DF not found: check if there is a RefParameter without a condition.
2025-01-05 00:23:50,660 [WARN] IP:2251 - Analog_Filter not found: check if there is a RefParameter without a condition.
2025-01-05 00:24:04,077 [INFO] Gpio:277 - dependency for GPIO [I2C2, RCC, SPI2, SYS, USART1]
2025-01-05 00:24:56,547 [INFO] NvicIntPanel:101 - NVIC parent = com.st.microxplorer.plugins.ip.nvic.MultiNvicIntPanel[,0,0,0x0,invalid,layout=javax.swing.BoxLayout,alignmentX=0.0,alignmentY=0.0,border=,flags=9,maximumSize=,minimumSize=,preferredSize=]
2025-01-05 00:24:59,281 [INFO] UtilMem:75 - End SaveConfig() Used Memory: 304202152 Bytes (542113792)
2025-01-05 00:24:59,358 [INFO] UtilMem:75 - End SaveConfig() Used Memory: 315736488 Bytes (542113792)
2025-01-05 00:24:59,819 [INFO] UtilMem:75 - End SaveConfig() Used Memory: 349290920 Bytes (542113792)
2025-01-05 00:25:00,238 [INFO] BlockDiagram:2766 - set Specific Code input for plugin: SPI
2025-01-05 00:25:00,238 [INFO] BlockDiagram:2766 - set Specific Code input for plugin: NVIC
2025-01-05 00:25:00,238 [INFO] BlockDiagram:2766 - set Specific Code input for plugin: USART
2025-01-05 00:25:00,238 [INFO] BlockDiagram:2766 - set Specific Code input for plugin: TIM1_8F1
2025-01-05 00:25:00,238 [INFO] BlockDiagram:2766 - set Specific Code input for plugin: TIM1_8F1
2025-01-05 00:25:00,238 [INFO] BlockDiagram:2766 - set Specific Code input for plugin: SYS
2025-01-05 00:25:00,238 [INFO] BlockDiagram:2766 - set Specific Code input for plugin: GPIO
2025-01-05 00:25:00,238 [INFO] BlockDiagram:2766 - set Specific Code input for plugin: RCC
2025-01-05 00:25:00,238 [INFO] BlockDiagram:2766 - set Specific Code input for plugin: I2C
2025-01-05 00:25:00,238 [INFO] CodeGenerator:896 - code generatio: config db path: D:\Program Files\STM32CubeIDE_1.17.0\STM32CubeIDE\plugins\com.st.stm32cube.common.mx_6.13.0.202411220809\\db\
2025-01-05 00:25:00,239 [WARN] IP:2251 - I2C_Coeff_DF not found: check if there is a RefParameter without a condition.
2025-01-05 00:25:00,239 [WARN] IP:2251 - Analog_Filter not found: check if there is a RefParameter without a condition.
2025-01-05 00:25:00,299 [INFO] CodeEngine:255 - oldGeneratedFile, D:\A\oj\oj\MXTmpFiles\license.tmp_save
2025-01-05 00:25:00,574 [INFO] CodeEngine:279 - Generated code: D:\A\oj\oj\MXTmpFiles\license.tmp
2025-01-05 00:25:00,608 [INFO] CodeEngine:255 - oldGeneratedFile, D:\A\oj\oj\MXTmpFiles\gpio.tmp_save
2025-01-05 00:25:00,760 [INFO] CodeEngine:279 - Generated code: D:\A\oj\oj\MXTmpFiles\gpio.tmp
2025-01-05 00:25:00,881 [INFO] CodeEngine:255 - oldGeneratedFile, D:\A\oj\oj\Core\Src\stm32f1xx_it.c_save
2025-01-05 00:25:01,204 [INFO] CodeEngine:279 - Generated code: D:\A\oj\oj\Core\Src\stm32f1xx_it.c
2025-01-05 00:25:01,215 [INFO] CodeEngine:255 - oldGeneratedFile, D:\A\oj\oj\Core\Inc\stm32f1xx_it.h_save
2025-01-05 00:25:01,331 [INFO] CodeEngine:279 - Generated code: D:\A\oj\oj\Core\Inc\stm32f1xx_it.h
2025-01-05 00:25:01,349 [INFO] CodeEngine:255 - oldGeneratedFile, D:\A\oj\oj\Core\Src\stm32f1xx_hal_msp.c_save
2025-01-05 00:25:01,553 [INFO] CodeEngine:279 - Generated code: D:\A\oj\oj\Core\Src\stm32f1xx_hal_msp.c
2025-01-05 00:25:01,565 [INFO] CodeEngine:255 - oldGeneratedFile, D:\A\oj\oj\MXTmpFiles\system.tmp_save
2025-01-05 00:25:01,647 [INFO] CodeEngine:279 - Generated code: D:\A\oj\oj\MXTmpFiles\system.tmp
2025-01-05 00:25:01,659 [INFO] CodeEngine:311 - oldGeneratedFile, D:\A\oj\oj\Core\Inc\stm32f1xx_hal_conf.h_save
2025-01-05 00:25:01,754 [INFO] CodeEngine:335 - Generated code: D:\A\oj\oj\Core\Inc\stm32f1xx_hal_conf.h
2025-01-05 00:25:01,775 [INFO] ApiDbMcu:508 - Load IP Config File for I2C2
2025-01-05 00:25:01,777 [INFO] ApiDbMcu:508 - Load IP Config File for SPI2
2025-01-05 00:25:01,785 [INFO] ApiDbMcu:508 - Load IP Config File for TIM2
2025-01-05 00:25:01,792 [INFO] ApiDbMcu:508 - Load IP Config File for TIM3
2025-01-05 00:25:01,796 [INFO] ApiDbMcu:508 - Load IP Config File for USART1
2025-01-05 00:25:01,798 [INFO] ApiDbMcu:508 - Load IP Config File for RCC
2025-01-05 00:25:01,799 [WARN] IPConfigManager:3618 - IP not found : TIM
2025-01-05 00:25:01,799 [WARN] CodeGenerator:4152 - IP not found : null
2025-01-05 00:25:01,816 [INFO] CodeEngine:255 - oldGeneratedFile, D:\A\oj\oj\Core\Inc\main.h_save
2025-01-05 00:25:01,930 [INFO] CodeEngine:279 - Generated code: D:\A\oj\oj\Core\Inc\main.h
2025-01-05 00:25:01,943 [INFO] CodeEngine:255 - oldGeneratedFile, D:\A\oj\oj\Core\Src\main.c_save
2025-01-05 00:25:02,059 [INFO] CodeEngine:279 - Generated code: D:\A\oj\oj\Core\Src\main.c
2025-01-05 00:25:02,325 [INFO] ProjectBuilder:3289 - Time for Copy HAL[1] : 77mS.
2025-01-05 00:25:02,327 [INFO] ProjectBuilder:4876 - Project Generator version: 4.5.0-RC5
2025-01-05 00:25:02,379 [INFO] ConfigFileManager:1579 - The Die is : DIE410
2025-01-05 00:25:02,383 [INFO] ApiDbMcu:508 - Load IP Config File for FATFS
2025-01-05 00:25:02,386 [INFO] ApiDbMcu:508 - Load IP Config File for FREERTOS
2025-01-05 00:25:02,389 [INFO] ApiDbMcu:508 - Load IP Config File for USB_DEVICE
2025-01-05 00:25:03,231 [INFO] ProjectBuilder:5154 - Time for Generating toolchain IDE Files: 904mS.
2025-01-05 00:25:03,232 [INFO] ProjectBuilder:3146 - Time for Copy CMSIS : 1mS.
2025-01-05 00:25:03,233 [INFO] ProjectBuilder:3146 - Time for Copy CMSIS : 0mS.
2025-01-05 02:44:29,709 [INFO] WebApp:190 - Connection lost
2025-01-05 02:44:30,037 [INFO] WebApp:187 - Connection restablished
2025-01-05 02:44:31,987 [INFO] WebApp:190 - Connection lost
2025-01-05 02:44:32,197 [INFO] WebApp:187 - Connection restablished
2025-01-05 13:23:38,292 [INFO] MainUpdater:2872 - connection check result : 10
2025-01-05 13:23:38,292 [INFO] MainUpdater:2872 - connection check result : 10
2025-01-05 13:23:38,360 [INFO] MicroXplorer:468 - Change Database Path : 
2025-01-05 13:23:38,361 [INFO] MicroXplorer:498 - Change Database Version : DB.6.0.130
2025-01-05 13:23:38,440 [ERROR] ProjectManagerView:394 - 
java.lang.NullPointerException: Cannot invoke "javax.swing.JTextField.getText()" because the return value of "java.util.List.get(int)" is null
	at com.st.microxplorer.plugins.projectmanager.gui.ProjectChoiceTab$9.caretUpdate(ProjectChoiceTab.java:2616) ~[filemanager.jar:?]
	at javax.swing.text.JTextComponent.fireCaretUpdate(JTextComponent.java:408) ~[?:?]
	at javax.swing.text.JTextComponent$MutableCaretEvent.fire(JTextComponent.java:4484) ~[?:?]
	at javax.swing.text.JTextComponent$MutableCaretEvent.stateChanged(JTextComponent.java:4506) ~[?:?]
	at javax.swing.text.DefaultCaret.fireStateChanged(DefaultCaret.java:857) ~[?:?]
	at javax.swing.text.DefaultCaret.changeCaretPosition(DefaultCaret.java:1343) ~[?:?]
	at javax.swing.text.DefaultCaret.handleSetDot(DefaultCaret.java:1242) ~[?:?]
	at javax.swing.text.DefaultCaret.setDot(DefaultCaret.java:1223) ~[?:?]
	at javax.swing.text.DefaultCaret$Handler.insertUpdate(DefaultCaret.java:1819) ~[?:?]
	at javax.swing.text.AbstractDocument.fireInsertUpdate(AbstractDocument.java:227) ~[?:?]
	at javax.swing.text.AbstractDocument.handleInsertString(AbstractDocument.java:781) ~[?:?]
	at javax.swing.text.AbstractDocument.insertString(AbstractDocument.java:740) ~[?:?]
	at javax.swing.text.PlainDocument.insertString(PlainDocument.java:131) ~[?:?]
	at javax.swing.text.AbstractDocument.replace(AbstractDocument.java:699) ~[?:?]
	at javax.swing.text.JTextComponent.setText(JTextComponent.java:1725) ~[?:?]
	at com.st.microxplorer.plugins.projectmanager.gui.ProjectChoiceTab.createHeapStackFields(ProjectChoiceTab.java:975) ~[filemanager.jar:?]
	at com.st.microxplorer.plugins.projectmanager.gui.ProjectChoiceTab.buildLinkSettingsPanel(ProjectChoiceTab.java:3666) ~[filemanager.jar:?]
	at com.st.microxplorer.plugins.projectmanager.gui.ProjectChoiceTab.defineWindowsFields(ProjectChoiceTab.java:1934) ~[filemanager.jar:?]
	at com.st.microxplorer.plugins.projectmanager.gui.ProjectChoiceTab.updateSettings(ProjectChoiceTab.java:553) ~[filemanager.jar:?]
	at com.st.microxplorer.plugins.projectmanager.gui.ProjectSettingsPanel.UpdateDialog(ProjectSettingsPanel.java:245) ~[filemanager.jar:?]
	at com.st.microxplorer.plugins.projectmanager.ProjectManagerView.propertyChange(ProjectManagerView.java:391) ~[filemanager.jar:?]
	at java.beans.PropertyChangeSupport.fire(PropertyChangeSupport.java:343) ~[?:?]
	at java.beans.PropertyChangeSupport.firePropertyChange(PropertyChangeSupport.java:335) ~[?:?]
	at java.beans.PropertyChangeSupport.firePropertyChange(PropertyChangeSupport.java:268) ~[?:?]
	at com.st.microxplorer.util.MXPropertyChangeSupport.firePropertyChange(MXPropertyChangeSupport.java:54) ~[STM32CubeMX.jar:?]
	at com.st.microxplorer.mxsystem.MxSystem.closeConfig(MxSystem.java:899) ~[STM32CubeMX.jar:?]
	at com.st.microxplorer.maingui.MainPanel.closeConfig(MainPanel.java:789) ~[STM32CubeMX.jar:?]
	at com.st.microxplorer.plugins.filemanager.engine.OpenFileManager.loadConfigurationFile(OpenFileManager.java:265) ~[filemanager.jar:?]
	at com.st.microxplorer.plugins.filemanager.engine.MainFileManager.userLoadConfig(MainFileManager.java:340) ~[filemanager.jar:?]
	at com.st.microxplorer.plugins.filemanager.engine.MainFileManager.userLoadConfig(MainFileManager.java:318) ~[filemanager.jar:?]
	at com.st.microxplorer.plugins.filemanager.FileManagerView.getSpecificTask(FileManagerView.java:246) ~[filemanager.jar:?]
	at com.st.stm32cube.common.mx.editor.CubeMxEditor.getMxTabbedPaneInstance(CubeMxEditor.java:1198) ~[com.st.stm32cube.common.mx_6.13.0.202411220809/:?]
	at com.st.stm32cube.common.mx.editor.CubeMxEditor$12$1.createSwingComponent(CubeMxEditor.java:1068) ~[com.st.stm32cube.common.mx_6.13.0.202411220809/:?]
	at com.st.stm32cube.common.mx.oss.core.awtswtbridge.EmbeddedSwingComposite.doComponentCreation(EmbeddedSwingComposite.java:492) ~[com.st.stm32cube.common.mx.oss_6.13.0.202411220809/:?]
	at com.st.stm32cube.common.mx.oss.core.awtswtbridge.EmbeddedSwingComposite$4.run(EmbeddedSwingComposite.java:291) ~[com.st.stm32cube.common.mx.oss_6.13.0.202411220809/:?]
	at com.st.stm32cube.common.mx.oss.core.awtswtbridge.AwtEnvironment$2.run(AwtEnvironment.java:166) ~[com.st.stm32cube.common.mx.oss_6.13.0.202411220809/:?]
	at java.awt.event.InvocationEvent.dispatch(InvocationEvent.java:318) ~[?:?]
	at java.awt.EventQueue.dispatchEventImpl(EventQueue.java:773) ~[?:?]
	at java.awt.EventQueue$4.run(EventQueue.java:720) ~[?:?]
	at java.awt.EventQueue$4.run(EventQueue.java:714) ~[?:?]
	at java.security.AccessController.doPrivileged(AccessController.java:400) ~[?:?]
	at java.security.ProtectionDomain$JavaSecurityAccessImpl.doIntersectionPrivilege(ProtectionDomain.java:87) ~[?:?]
	at java.awt.EventQueue.dispatchEvent(EventQueue.java:742) ~[?:?]
	at java.awt.EventDispatchThread.pumpOneEventForFilters(EventDispatchThread.java:203) ~[?:?]
	at java.awt.EventDispatchThread.pumpEventsForFilter(EventDispatchThread.java:124) ~[?:?]
	at java.awt.EventDispatchThread.pumpEventsForHierarchy(EventDispatchThread.java:113) ~[?:?]
	at java.awt.EventDispatchThread.pumpEvents(EventDispatchThread.java:109) ~[?:?]
	at java.awt.EventDispatchThread.pumpEvents(EventDispatchThread.java:101) ~[?:?]
	at java.awt.EventDispatchThread.run(EventDispatchThread.java:90) ~[?:?]
2025-01-05 13:23:38,443 [WARN] ThirdParty:871 - waiting for thirdparty lock release [close project]
2025-01-05 13:23:38,443 [INFO] ThirdParty:873 - entering critical section [close project]
2025-01-05 13:23:38,443 [INFO] ThirdParty:883 - exiting critical section [close project]
2025-01-05 13:23:38,448 [INFO] PinOutPanel:1589 - setPackage(No Configuration,No Configuration)
2025-01-05 13:23:38,463 [INFO] UtilMem:75 - Begin LoadConfig() Used Memory: 499796200 Bytes (581959680)
2025-01-05 13:23:38,464 [INFO] MicroXplorer:468 - Change Database Path : 
2025-01-05 13:23:38,464 [INFO] MicroXplorer:498 - Change Database Version : DB.6.0.130
2025-01-05 13:23:38,464 [INFO] OpenFileManager:332 - Change cursor
2025-01-05 13:23:38,511 [INFO] RulesReader:64 - Compatibility file has been processed (297 Rules)
2025-01-05 13:23:38,525 [INFO] Mcu:2035 - Initializing MCU STM32F103C(8-B)Tx STM32F103C8Tx STM32F103C8T6
2025-01-05 13:23:39,332 [INFO] Context:748 - Trying to add GPIOservice into a context  which must be forbidden
2025-01-05 13:23:39,707 [INFO] RtosManager:555 - Registered RTOS mode: class=CMSIS, group=RTOS, mode=CMSIS_V1, owner=FREERTOS
2025-01-05 13:23:39,707 [INFO] RtosManager:555 - Registered RTOS mode: class=CMSIS, group=RTOS2, mode=CMSIS_V2, owner=FREERTOS
2025-01-05 13:23:39,708 [INFO] RtosManager:555 - Registered RTOS mode: class=RTOS, group=Core, mode=CMSIS_V1, owner=FREERTOS
2025-01-05 13:23:39,708 [INFO] RtosManager:555 - Registered RTOS mode: class=RTOS, group=Core, mode=CMSIS_V2, owner=FREERTOS
2025-01-05 13:23:39,708 [WARN] ModelIntegratedComponent:184 - Missing modes for component STMicroelectronics:FreeRTOS:0.0.1:STMicroelectronics:RTOS:FreeRTOS:Core:::10.2.0:
2025-01-05 13:23:39,713 [WARN] ModelIntegratedComponent:63 - No mode defined for component null
2025-01-05 13:23:39,713 [WARN] ModelIntegratedComponent:63 - No mode defined for component null
2025-01-05 13:23:39,713 [WARN] ModelIntegratedComponent:63 - No mode defined for component null
2025-01-05 13:23:39,713 [WARN] ModelIntegratedComponent:63 - No mode defined for component null
2025-01-05 13:23:39,713 [WARN] ModelIntegratedComponent:63 - No mode defined for component null
2025-01-05 13:23:39,714 [WARN] ModelIntegratedComponent:63 - No mode defined for component null
2025-01-05 13:23:39,714 [WARN] ModelIntegratedComponent:63 - No mode defined for component null
2025-01-05 13:23:39,714 [WARN] ModelIntegratedComponent:63 - No mode defined for component null
2025-01-05 13:23:39,714 [WARN] ModelIntegratedComponent:63 - No mode defined for component null
2025-01-05 13:23:39,714 [WARN] ModelIntegratedComponent:63 - No mode defined for component null
2025-01-05 13:23:39,714 [WARN] ModelIntegratedComponent:63 - No mode defined for component null
2025-01-05 13:23:39,714 [WARN] ModelIntegratedComponent:63 - No mode defined for component null
2025-01-05 13:23:39,714 [WARN] ModelIntegratedComponent:63 - No mode defined for component null
2025-01-05 13:23:39,714 [WARN] ModelIntegratedComponent:63 - No mode defined for component null
2025-01-05 13:23:39,714 [WARN] ModelIntegratedComponent:63 - No mode defined for component null
2025-01-05 13:23:39,714 [WARN] ModelIntegratedComponent:63 - No mode defined for component null
2025-01-05 13:23:39,714 [WARN] ModelIntegratedComponent:63 - No mode defined for component null
2025-01-05 13:23:39,714 [WARN] ModelIntegratedComponent:63 - No mode defined for component null
2025-01-05 13:23:39,714 [WARN] ModelIntegratedComponent:63 - No mode defined for component null
2025-01-05 13:23:39,714 [WARN] ModelIntegratedComponent:63 - No mode defined for component null
2025-01-05 13:23:39,714 [WARN] ModelIntegratedComponent:63 - No mode defined for component null
2025-01-05 13:23:39,714 [WARN] ModelIntegratedComponent:63 - No mode defined for component null
2025-01-05 13:23:39,715 [WARN] ModelIntegratedComponent:63 - No mode defined for component null
2025-01-05 13:23:39,715 [WARN] ModelIntegratedComponent:63 - No mode defined for component null
2025-01-05 13:23:39,715 [WARN] ModelIntegratedComponent:63 - No mode defined for component null
2025-01-05 13:23:39,715 [WARN] ModelIntegratedComponent:63 - No mode defined for component null
2025-01-05 13:23:39,715 [WARN] ModelIntegratedComponent:63 - No mode defined for component null
2025-01-05 13:23:39,715 [WARN] ModelIntegratedComponent:63 - No mode defined for component null
2025-01-05 13:23:39,715 [WARN] ModelIntegratedComponent:63 - No mode defined for component null
2025-01-05 13:23:39,715 [WARN] ModelIntegratedComponent:63 - No mode defined for component null
2025-01-05 13:23:39,715 [WARN] ModelIntegratedComponent:63 - No mode defined for component null
2025-01-05 13:23:39,715 [WARN] ModelIntegratedComponent:63 - No mode defined for component null
2025-01-05 13:23:39,715 [WARN] ModelIntegratedComponent:63 - No mode defined for component null
2025-01-05 13:23:39,715 [WARN] ModelIntegratedComponent:63 - No mode defined for component null
2025-01-05 13:23:39,716 [WARN] ModelIntegratedComponent:63 - No mode defined for component null
2025-01-05 13:23:39,716 [WARN] ModelPack:524 - Component already loaded: STMicroelectronics:HAL Drivers:0.0.0:STMicroelectronics:Device:STMicro_Driver:XSPI:HAL::0.0.1:HAL_XSPI
2025-01-05 13:23:39,761 [INFO] ThirdPartyModel:298 - Start build external matchings
2025-01-05 13:23:40,112 [INFO] ThirdPartyModel:316 - End build external matchings
2025-01-05 13:23:40,132 [WARN] IP:2251 - I2C_Coeff_DF not found: check if there is a RefParameter without a condition.
2025-01-05 13:23:40,132 [WARN] IP:2251 - Analog_Filter not found: check if there is a RefParameter without a condition.
2025-01-05 13:23:40,133 [INFO] ImportTextPane:218 - (OptionalMessage_ERROR) IP (RCC) : Parameter (ADCFreqValue) has invalid value (36000000)
2025-01-05 13:23:40,133 [INFO] ImportTextPane:218 - (OptionalMessage_ERROR) IP (RCC) : Invalid parameter (FamilyName)
2025-01-05 13:23:40,133 [INFO] ImportTextPane:218 - (OptionalMessage_ERROR) IP (RCC) : Parameter (MCOFreq_Value) has invalid value (72000000)
2025-01-05 13:23:40,134 [INFO] ImportTextPane:218 - (OptionalMessage_ERROR) IP (RCC) : Parameter (USBFreq_Value) has invalid value (72000000)
2025-01-05 13:23:40,315 [INFO] UtilMem:75 - End LoadConfig() Used Memory: 317910904 Bytes (581959680)
2025-01-05 13:23:40,370 [WARN] ThirdParty:833 - waiting for thirdparty lock release [change project]
2025-01-05 13:23:40,370 [INFO] ThirdParty:835 - entering critical section [change project]
2025-01-05 13:23:40,370 [INFO] ThirdParty:1030 - CMSIS Pack Vendor :STMicroelectronics USBPD 4.1
2025-01-05 13:23:40,370 [INFO] ThirdParty:1030 - CMSIS Pack Vendor :STMicroelectronics X-CUBE-AZRTOS-H7 3.3.0
2025-01-05 13:23:40,370 [INFO] ThirdParty:1030 - CMSIS Pack Vendor :STMicroelectronics X-CUBE-NFC9 1.0.0
2025-01-05 13:23:40,371 [INFO] ThirdParty:1030 - CMSIS Pack Vendor :STMicroelectronics USB_HOST 2.0.0
2025-01-05 13:23:40,371 [INFO] ThirdParty:1030 - CMSIS Pack Vendor :STMicroelectronics FP-SNS-MOTENVWB1 1.4.0
2025-01-05 13:23:40,371 [INFO] ThirdParty:1030 - CMSIS Pack Vendor :STMicroelectronics X-CUBE-AZRTOS-F4 1.1.0
2025-01-05 13:23:40,371 [INFO] ThirdParty:1030 - CMSIS Pack Vendor :STMicroelectronics LIBJPEG 8.0.0
2025-01-05 13:23:40,371 [INFO] ThirdParty:1030 - CMSIS Pack Vendor :STMicroelectronics FP-ATR-ASTRA1 2.0.1
2025-01-05 13:23:40,371 [INFO] ThirdParty:1030 - CMSIS Pack Vendor :STMicroelectronics X-CUBE-SMBUS 2.1.0
2025-01-05 13:23:40,371 [INFO] ThirdParty:1030 - CMSIS Pack Vendor :STMicroelectronics X-CUBE-WB05N 1.1.0
2025-01-05 13:23:40,371 [INFO] ThirdParty:1030 - CMSIS Pack Vendor :STMicroelectronics USB_DEVICE 3.0.0
2025-01-05 13:23:40,371 [INFO] ThirdParty:1030 - CMSIS Pack Vendor :STMicroelectronics X-CUBE-TCPP 4.1.0
2025-01-05 13:23:40,371 [INFO] ThirdParty:1030 - CMSIS Pack Vendor :STMicroelectronics X-CUBE-ISPU 2.1.0
2025-01-05 13:23:40,371 [INFO] ThirdParty:1030 - CMSIS Pack Vendor :STMicroelectronics X-CUBE-FREERTOS 1.2.0
2025-01-05 13:23:40,371 [INFO] ThirdParty:1030 - CMSIS Pack Vendor :STMicroelectronics X-CUBE-IPS 3.0.0
2025-01-05 13:23:40,371 [INFO] ThirdParty:1030 - CMSIS Pack Vendor :STMicroelectronics X-CUBE-AZRTOS-WB 2.0.0
2025-01-05 13:23:40,371 [INFO] ThirdParty:1030 - CMSIS Pack Vendor :STMicroelectronics X-CUBE-GNSS1 7.0.0
2025-01-05 13:23:40,371 [INFO] ThirdParty:1030 - CMSIS Pack Vendor :STMicroelectronics X-CUBE-GNSS1 7.0.1
2025-01-05 13:23:40,371 [INFO] ThirdParty:1030 - CMSIS Pack Vendor :STMicroelectronics X-CUBE-AZRTOS-F7 1.1.0
2025-01-05 13:23:40,371 [INFO] ThirdParty:1030 - CMSIS Pack Vendor :STMicroelectronics X-CUBE-AZRTOS-L5 2.0.0
2025-01-05 13:23:40,371 [INFO] ThirdParty:1030 - CMSIS Pack Vendor :STMicroelectronics USB_DEVICE 2.0.0
2025-01-05 13:23:40,371 [INFO] ThirdParty:1030 - CMSIS Pack Vendor :STMicroelectronics X-CUBE-NFC6 3.1.0
2025-01-05 13:23:40,371 [INFO] ThirdParty:1030 - CMSIS Pack Vendor :STMicroelectronics FP-SNS-STBOX1 2.0.0
2025-01-05 13:23:40,371 [INFO] ThirdParty:1030 - CMSIS Pack Vendor :STMicroelectronics X-CUBE-MEMS1 11.0.0
2025-01-05 13:23:40,371 [INFO] ThirdParty:1030 - CMSIS Pack Vendor :STMicroelectronics FreeRTOS 0.0.1
2025-01-05 13:23:40,371 [INFO] ThirdParty:1030 - CMSIS Pack Vendor :STMicroelectronics X-CUBE-AZRTOS-G0 1.1.0
2025-01-05 13:23:40,371 [INFO] ThirdParty:1030 - CMSIS Pack Vendor :STMicroelectronics X-CUBE-SAFEA1 1.2.2
2025-01-05 13:23:40,371 [INFO] ThirdParty:1030 - CMSIS Pack Vendor :STMicroelectronics X-CUBE-NFC4 3.0.0
2025-01-05 13:23:40,371 [INFO] ThirdParty:1030 - CMSIS Pack Vendor :STMicroelectronics X-CUBE-DPower 1.2.0
2025-01-05 13:23:40,371 [INFO] ThirdParty:1030 - CMSIS Pack Vendor :STMicroelectronics X-CUBE-SUBG2 5.0.0
2025-01-05 13:23:40,371 [INFO] ThirdParty:1030 - CMSIS Pack Vendor :STMicroelectronics STM32_WPAN 1.0.0
2025-01-05 13:23:40,372 [INFO] ThirdParty:1030 - CMSIS Pack Vendor :EmbeddedOffice I-CUBE-FS-RTOS 1.0.1
2025-01-05 13:23:40,372 [INFO] ThirdParty:1030 - CMSIS Pack Vendor :STMicroelectronics lwIP 2.0.3
2025-01-05 13:23:40,372 [INFO] ThirdParty:1030 - CMSIS Pack Vendor :STMicroelectronics FP-SNS-FLIGHT1 5.0.2
2025-01-05 13:23:40,372 [INFO] ThirdParty:1030 - CMSIS Pack Vendor :Cesanta I-CUBE-Mongoose 7.13.0
2025-01-05 13:23:40,372 [INFO] ThirdParty:1030 - CMSIS Pack Vendor :STMicroelectronics USB_HOST 1.0.0
2025-01-05 13:23:40,372 [INFO] ThirdParty:1030 - CMSIS Pack Vendor :Infineon AIROC-Wi-Fi-Bluetooth-STM32 1.7.0
2025-01-05 13:23:40,372 [INFO] ThirdParty:1030 - CMSIS Pack Vendor :STMicroelectronics X-CUBE-AZRTOS-G4 2.0.0
2025-01-05 13:23:40,372 [INFO] ThirdParty:1030 - CMSIS Pack Vendor :STMicroelectronics PDM2PCM 3.1.0
2025-01-05 13:23:40,372 [INFO] ThirdParty:1030 - CMSIS Pack Vendor :STMicroelectronics PDM2PCM 3.3.0
2025-01-05 13:23:40,372 [INFO] ThirdParty:1030 - CMSIS Pack Vendor :STMicroelectronics X-CUBE-DISPLAY 3.0.0
2025-01-05 13:23:40,372 [INFO] ThirdParty:1030 - CMSIS Pack Vendor :STMicroelectronics X-CUBE-TCPP 4.2.0
2025-01-05 13:23:40,372 [INFO] ThirdParty:1030 - CMSIS Pack Vendor :RealThread X-CUBE-RT-Thread_Nano 4.1.1
2025-01-05 13:23:40,372 [INFO] ThirdParty:1030 - CMSIS Pack Vendor :STMicroelectronics X-CUBE-BLE1 7.0.0
2025-01-05 13:23:40,372 [INFO] ThirdParty:1030 - CMSIS Pack Vendor :STMicroelectronics FP-ATR-SIGFOX1 3.2.0
2025-01-05 13:23:40,372 [INFO] ThirdParty:1030 - CMSIS Pack Vendor :STMicroelectronics X-CUBE-NFC10 1.0.0
2025-01-05 13:23:40,372 [INFO] ThirdParty:1030 - CMSIS Pack Vendor :quantropi X-CUBE-qispace-sdk-base 1.9.3
2025-01-05 13:23:40,372 [INFO] ThirdParty:1030 - CMSIS Pack Vendor :STMicroelectronics X-CUBE-BLEMGR 4.0.0
2025-01-05 13:23:40,372 [INFO] ThirdParty:1030 - CMSIS Pack Vendor :STMicroelectronics X-CUBE-EEPRMA1 5.1.0
2025-01-05 13:23:40,372 [INFO] ThirdParty:1030 - CMSIS Pack Vendor :STMicroelectronics HAL Drivers 0.0.0
2025-01-05 13:23:40,372 [INFO] ThirdParty:1030 - CMSIS Pack Vendor :STMicroelectronics MBEDTLS 2.16.2
2025-01-05 13:23:40,372 [INFO] ThirdParty:1030 - CMSIS Pack Vendor :STMicroelectronics X-CUBE-ALS 1.0.2
2025-01-05 13:23:40,372 [INFO] ThirdParty:1030 - CMSIS Pack Vendor :emotas I-CUBE-CANOPEN 1.3.0
2025-01-05 13:23:40,372 [INFO] ThirdParty:1030 - CMSIS Pack Vendor :STMicroelectronics X-CUBE-FREERTOS 1.3.0
2025-01-05 13:23:40,372 [INFO] ThirdParty:1030 - CMSIS Pack Vendor :wolfSSL I-CUBE-wolfSSL 5.7.4
2025-01-05 13:23:40,373 [INFO] ThirdParty:1030 - CMSIS Pack Vendor :STMicroelectronics X-CUBE-NFC7 1.0.1
2025-01-05 13:23:40,373 [INFO] ThirdParty:1030 - CMSIS Pack Vendor :STMicroelectronics MBEDTLS 2.14.1
2025-01-05 13:23:40,373 [INFO] ThirdParty:1030 - CMSIS Pack Vendor :ITTIA_DB I-CUBE-ITTIADB 8.9.0
2025-01-05 13:23:40,373 [INFO] ThirdParty:1030 - CMSIS Pack Vendor :STMicroelectronics X-CUBE-TOUCHGFX 4.24.1
2025-01-05 13:23:40,373 [INFO] ThirdParty:1030 - CMSIS Pack Vendor :wolfSSL I-CUBE-wolfTPM 3.4.0
2025-01-05 13:23:40,373 [INFO] ThirdParty:1030 - CMSIS Pack Vendor :portGmbH I-Cube-SoM-uGOAL 1.1.0
2025-01-05 13:23:40,373 [INFO] ThirdParty:1030 - CMSIS Pack Vendor :STMicroelectronics X-CUBE-BLEMGR 3.1.0
2025-01-05 13:23:40,373 [INFO] ThirdParty:1030 - CMSIS Pack Vendor :STMicroelectronics ThreadX 1.0.0
2025-01-05 13:23:40,373 [INFO] ThirdParty:1030 - CMSIS Pack Vendor :STMicroelectronics FP-SNS-SMARTAG2 1.2.0
2025-01-05 13:23:40,373 [INFO] ThirdParty:1030 - CMSIS Pack Vendor :STMicroelectronics X-CUBE-MEMS1 11.1.0
2025-01-05 13:23:40,373 [INFO] ThirdParty:1030 - CMSIS Pack Vendor :STMicroelectronics X-CUBE-AZRTOS-WL 2.0.0
2025-01-05 13:23:40,373 [INFO] ThirdParty:1030 - CMSIS Pack Vendor :SEGGER I-CUBE-embOS 1.3.1
2025-01-05 13:23:40,373 [INFO] ThirdParty:1030 - CMSIS Pack Vendor :STMicroelectronics X-CUBE-ALGOBUILD 1.4.0
2025-01-05 13:23:40,373 [INFO] ThirdParty:1030 - CMSIS Pack Vendor :STMicroelectronics FP-SNS-MOTENV1 5.0.0
2025-01-05 13:23:40,373 [INFO] ThirdParty:1030 - CMSIS Pack Vendor :STMicroelectronics USB_DEVICE 1.0.0
2025-01-05 13:23:40,373 [INFO] ThirdParty:1030 - CMSIS Pack Vendor :STMicroelectronics X-CUBE-AZRTOS-H7RS 1.0.0
2025-01-05 13:23:40,373 [INFO] ThirdParty:1030 - CMSIS Pack Vendor :wolfSSL I-CUBE-wolfMQTT 1.19.0
2025-01-05 13:23:40,373 [INFO] ThirdParty:1030 - CMSIS Pack Vendor :STMicroelectronics X-CUBE-AZRTOS-L4 2.0.0
2025-01-05 13:23:40,373 [INFO] ThirdParty:1030 - CMSIS Pack Vendor :STMicroelectronics ThreadX 0.0.2
2025-01-05 13:23:40,373 [INFO] ThirdParty:1030 - CMSIS Pack Vendor :WES I-CUBE-Cesium 1.3.0
2025-01-05 13:23:40,373 [INFO] ThirdParty:1030 - CMSIS Pack Vendor :STMicroelectronics lwIP 2.1.2
2025-01-05 13:23:40,373 [INFO] ThirdParty:1030 - CMSIS Pack Vendor :STMicroelectronics X-CUBE-SFXS2LP1 4.0.0
2025-01-05 13:23:40,373 [INFO] ThirdParty:1030 - CMSIS Pack Vendor :STMicroelectronics X-CUBE-BLE2 3.3.0
2025-01-05 13:23:40,373 [INFO] ThirdParty:1030 - CMSIS Pack Vendor :STMicroelectronics X-CUBE-TOF1 3.4.2
2025-01-05 13:23:40,373 [INFO] ThirdParty:1030 - CMSIS Pack Vendor :STMicroelectronics X-CUBE-AI 9.1.0
2025-01-05 13:23:40,373 [INFO] ThirdParty:1030 - CMSIS Pack Vendor :STMicroelectronics PDM2PCM 3.2.0
2025-01-05 13:23:40,373 [INFO] ThirdParty:1030 - CMSIS Pack Vendor :wolfSSL I-CUBE-wolfSSH 1.4.17
2025-01-05 13:23:40,374 [INFO] ThirdParty:841 - exiting critical section [change project]
2025-01-05 13:23:40,525 [INFO] PinOutPanel:1589 - setPackage(No Configuration,No Configuration)
2025-01-05 13:23:40,526 [INFO] PinOutPanel:1589 - setPackage(STM32F103C8Tx,LQFP48)
2025-01-05 13:23:40,969 [INFO] UtilMem:75 - Before build in PCC Used Memory: 417532608 Bytes (581959680)
2025-01-05 13:23:41,271 [INFO] UtilMem:75 - After build in PCC Used Memory: 460524104 Bytes (581959680)
2025-01-05 13:23:41,290 [INFO] IPUIPlugin:80 - create IPUIPlugin
2025-01-05 13:23:41,290 [INFO] IPUIPlugin:80 - create IPUIPlugin
2025-01-05 13:23:41,290 [INFO] IPUIPlugin:80 - create IPUIPlugin
2025-01-05 13:23:41,290 [INFO] IPUIPlugin:80 - create IPUIPlugin
2025-01-05 13:23:41,290 [INFO] IPUIPlugin:80 - create IPUIPlugin
2025-01-05 13:23:41,290 [INFO] IPUIPlugin:80 - create IPUIPlugin
2025-01-05 13:23:41,291 [INFO] IPUIPlugin:80 - create IPUIPlugin
2025-01-05 13:23:41,291 [INFO] IPUIPlugin:80 - create IPUIPlugin
2025-01-05 13:23:41,291 [INFO] IPUIPlugin:80 - create IPUIPlugin
2025-01-05 13:23:41,291 [INFO] IPUIPlugin:80 - create IPUIPlugin
2025-01-05 13:23:41,291 [INFO] IPUIPlugin:80 - create IPUIPlugin
2025-01-05 13:23:41,291 [INFO] IPUIPlugin:80 - create IPUIPlugin
2025-01-05 13:23:41,292 [INFO] IPUIPlugin:80 - create IPUIPlugin
2025-01-05 13:23:41,292 [INFO] IPUIPlugin:80 - create IPUIPlugin
2025-01-05 13:23:41,292 [INFO] IPUIPlugin:80 - create IPUIPlugin
2025-01-05 13:23:41,292 [INFO] IPUIPlugin:80 - create IPUIPlugin
2025-01-05 13:23:41,292 [INFO] IPUIPlugin:80 - create IPUIPlugin
2025-01-05 13:23:41,292 [INFO] IPUIPlugin:80 - create IPUIPlugin
2025-01-05 13:23:41,293 [INFO] IPUIPlugin:80 - create IPUIPlugin
2025-01-05 13:23:41,293 [INFO] IPUIPlugin:80 - create IPUIPlugin
2025-01-05 13:23:41,293 [INFO] IPUIPlugin:80 - create IPUIPlugin
2025-01-05 13:23:41,293 [INFO] IPUIPlugin:80 - create IPUIPlugin
2025-01-05 13:23:41,293 [INFO] IPUIPlugin:80 - create IPUIPlugin
2025-01-05 13:23:41,293 [INFO] IPUIPlugin:80 - create IPUIPlugin
2025-01-05 13:23:41,293 [INFO] IPUIPlugin:80 - create IPUIPlugin
2025-01-05 13:23:41,294 [INFO] IPUIPlugin:80 - create IPUIPlugin
2025-01-05 13:23:41,294 [INFO] IPUIPlugin:80 - create IPUIPlugin
2025-01-05 13:23:41,298 [WARN] IP:2251 - I2C_Coeff_DF not found: check if there is a RefParameter without a condition.
2025-01-05 13:23:41,298 [WARN] IP:2251 - Analog_Filter not found: check if there is a RefParameter without a condition.
2025-01-05 13:23:41,342 [INFO] CADModel:165 - CPN selected for project levelSTM32F103C8T6
2025-01-05 13:23:41,342 [INFO] CADModel:114 - Register for checkConnection events
2025-01-05 13:23:41,403 [INFO] OpenFileManager:363 - Restore cursor
2025-01-05 13:23:41,639 [WARN] IP:2251 - I2C_Coeff_DF not found: check if there is a RefParameter without a condition.
2025-01-05 13:23:41,639 [WARN] IP:2251 - Analog_Filter not found: check if there is a RefParameter without a condition.
2025-01-05 13:23:41,639 [WARN] IP:2251 - I2C_Coeff_DF not found: check if there is a RefParameter without a condition.
2025-01-05 13:23:41,639 [WARN] IP:2251 - Analog_Filter not found: check if there is a RefParameter without a condition.
2025-01-05 13:23:53,298 [INFO] Gpio:277 - dependency for GPIO [I2C2, RCC, SPI2, SYS, USART1]
2025-01-05 13:24:10,924 [INFO] Gpio:277 - dependency for GPIO [I2C2, RCC, SPI2, SYS, USART1]
2025-01-05 13:24:11,160 [INFO] NvicIntPanel:101 - NVIC parent = com.st.microxplorer.plugins.ip.nvic.MultiNvicIntPanel[,0,0,0x0,invalid,layout=javax.swing.BoxLayout,alignmentX=0.0,alignmentY=0.0,border=,flags=9,maximumSize=,minimumSize=,preferredSize=]
2025-01-05 13:24:11,383 [INFO] Gpio:277 - dependency for GPIO [I2C2, RCC, SPI2, SYS, USART1]
2025-01-05 13:24:11,557 [INFO] NvicIntPanel:101 - NVIC parent = com.st.microxplorer.plugins.ip.nvic.MultiNvicIntPanel[,0,0,0x0,invalid,layout=javax.swing.BoxLayout,alignmentX=0.0,alignmentY=0.0,border=,flags=9,maximumSize=,minimumSize=,preferredSize=]
2025-01-05 13:24:11,740 [WARN] IP:2251 - I2C_Coeff_DF not found: check if there is a RefParameter without a condition.
2025-01-05 13:24:11,740 [WARN] IP:2251 - Analog_Filter not found: check if there is a RefParameter without a condition.
2025-01-05 13:24:11,743 [WARN] IP:2251 - I2C_Coeff_DF not found: check if there is a RefParameter without a condition.
2025-01-05 13:24:11,743 [WARN] IP:2251 - Analog_Filter not found: check if there is a RefParameter without a condition.
2025-01-05 13:24:11,798 [WARN] IP:2251 - I2C_Coeff_DF not found: check if there is a RefParameter without a condition.
2025-01-05 13:24:11,798 [WARN] IP:2251 - Analog_Filter not found: check if there is a RefParameter without a condition.
2025-01-05 13:24:11,850 [WARN] IP:2251 - I2C_Coeff_DF not found: check if there is a RefParameter without a condition.
2025-01-05 13:24:11,850 [WARN] IP:2251 - Analog_Filter not found: check if there is a RefParameter without a condition.
2025-01-05 13:24:11,885 [INFO] Gpio:277 - dependency for GPIO [I2C2, RCC, SPI2, SYS, USART1]
2025-01-05 13:24:12,036 [INFO] NvicIntPanel:101 - NVIC parent = com.st.microxplorer.plugins.ip.nvic.MultiNvicIntPanel[,0,0,0x0,invalid,layout=javax.swing.BoxLayout,alignmentX=0.0,alignmentY=0.0,border=,flags=9,maximumSize=,minimumSize=,preferredSize=]
2025-01-05 13:24:18,549 [INFO] UtilMem:75 - End SaveConfig() Used Memory: 524912792 Bytes (581959680)
2025-01-05 13:24:18,672 [INFO] UtilMem:75 - End SaveConfig() Used Memory: 542567112 Bytes (581959680)
2025-01-05 13:24:19,381 [INFO] UtilMem:75 - End SaveConfig() Used Memory: 300939344 Bytes (581959680)
2025-01-05 13:24:19,922 [INFO] BlockDiagram:2766 - set Specific Code input for plugin: SPI
2025-01-05 13:24:19,922 [INFO] BlockDiagram:2766 - set Specific Code input for plugin: NVIC
2025-01-05 13:24:19,922 [INFO] BlockDiagram:2766 - set Specific Code input for plugin: USART
2025-01-05 13:24:19,922 [INFO] BlockDiagram:2766 - set Specific Code input for plugin: TIM1_8F1
2025-01-05 13:24:19,922 [INFO] BlockDiagram:2766 - set Specific Code input for plugin: TIM1_8F1
2025-01-05 13:24:19,922 [INFO] BlockDiagram:2766 - set Specific Code input for plugin: SYS
2025-01-05 13:24:19,922 [INFO] BlockDiagram:2766 - set Specific Code input for plugin: GPIO
2025-01-05 13:24:19,922 [INFO] BlockDiagram:2766 - set Specific Code input for plugin: RCC
2025-01-05 13:24:19,922 [INFO] BlockDiagram:2766 - set Specific Code input for plugin: I2C
2025-01-05 13:24:19,923 [INFO] CodeGenerator:896 - code generatio: config db path: D:\Program Files\STM32CubeIDE_1.17.0\STM32CubeIDE\plugins\com.st.stm32cube.common.mx_6.13.0.202411220809\\db\
2025-01-05 13:24:19,925 [WARN] IP:2251 - I2C_Coeff_DF not found: check if there is a RefParameter without a condition.
2025-01-05 13:24:19,925 [WARN] IP:2251 - Analog_Filter not found: check if there is a RefParameter without a condition.
2025-01-05 13:24:20,366 [INFO] CodeEngine:255 - oldGeneratedFile, D:\A\oj\oj\MXTmpFiles\license.tmp_save
2025-01-05 13:24:20,684 [INFO] CodeEngine:279 - Generated code: D:\A\oj\oj\MXTmpFiles\license.tmp
2025-01-05 13:24:20,780 [INFO] CodeEngine:255 - oldGeneratedFile, D:\A\oj\oj\MXTmpFiles\gpio.tmp_save
2025-01-05 13:24:20,969 [INFO] CodeEngine:279 - Generated code: D:\A\oj\oj\MXTmpFiles\gpio.tmp
2025-01-05 13:24:21,286 [INFO] CodeEngine:255 - oldGeneratedFile, D:\A\oj\oj\Core\Src\stm32f1xx_it.c_save
2025-01-05 13:24:21,615 [INFO] CodeEngine:279 - Generated code: D:\A\oj\oj\Core\Src\stm32f1xx_it.c
2025-01-05 13:24:21,667 [INFO] CodeEngine:255 - oldGeneratedFile, D:\A\oj\oj\Core\Inc\stm32f1xx_it.h_save
2025-01-05 13:24:21,800 [INFO] CodeEngine:279 - Generated code: D:\A\oj\oj\Core\Inc\stm32f1xx_it.h
2025-01-05 13:24:21,854 [INFO] CodeEngine:255 - oldGeneratedFile, D:\A\oj\oj\Core\Src\stm32f1xx_hal_msp.c_save
2025-01-05 13:24:22,070 [INFO] CodeEngine:279 - Generated code: D:\A\oj\oj\Core\Src\stm32f1xx_hal_msp.c
2025-01-05 13:24:22,103 [INFO] CodeEngine:255 - oldGeneratedFile, D:\A\oj\oj\MXTmpFiles\system.tmp_save
2025-01-05 13:24:22,203 [INFO] CodeEngine:279 - Generated code: D:\A\oj\oj\MXTmpFiles\system.tmp
2025-01-05 13:24:22,235 [INFO] CodeEngine:311 - oldGeneratedFile, D:\A\oj\oj\Core\Inc\stm32f1xx_hal_conf.h_save
2025-01-05 13:24:22,376 [INFO] CodeEngine:335 - Generated code: D:\A\oj\oj\Core\Inc\stm32f1xx_hal_conf.h
2025-01-05 13:24:22,411 [INFO] ApiDbMcu:508 - Load IP Config File for I2C2
2025-01-05 13:24:22,414 [INFO] ApiDbMcu:508 - Load IP Config File for SPI2
2025-01-05 13:24:22,425 [INFO] ApiDbMcu:508 - Load IP Config File for TIM2
2025-01-05 13:24:22,436 [INFO] ApiDbMcu:508 - Load IP Config File for TIM3
2025-01-05 13:24:22,440 [INFO] ApiDbMcu:508 - Load IP Config File for USART1
2025-01-05 13:24:22,442 [INFO] ApiDbMcu:508 - Load IP Config File for RCC
2025-01-05 13:24:22,443 [WARN] IPConfigManager:3618 - IP not found : TIM
2025-01-05 13:24:22,443 [WARN] CodeGenerator:4152 - IP not found : null
2025-01-05 13:24:22,481 [INFO] CodeEngine:255 - oldGeneratedFile, D:\A\oj\oj\Core\Inc\main.h_save
2025-01-05 13:24:22,646 [INFO] CodeEngine:279 - Generated code: D:\A\oj\oj\Core\Inc\main.h
2025-01-05 13:24:22,697 [INFO] CodeEngine:255 - oldGeneratedFile, D:\A\oj\oj\Core\Src\main.c_save
2025-01-05 13:24:22,881 [INFO] CodeEngine:279 - Generated code: D:\A\oj\oj\Core\Src\main.c
2025-01-05 13:24:23,464 [INFO] ProjectBuilder:3289 - Time for Copy HAL[1] : 121mS.
2025-01-05 13:24:23,467 [INFO] ProjectBuilder:4876 - Project Generator version: 4.5.0-RC5
2025-01-05 13:24:23,551 [INFO] ConfigFileManager:1579 - The Die is : DIE410
2025-01-05 13:24:23,568 [INFO] ApiDbMcu:508 - Load IP Config File for FATFS
2025-01-05 13:24:23,588 [INFO] ApiDbMcu:508 - Load IP Config File for FREERTOS
2025-01-05 13:24:23,617 [INFO] ApiDbMcu:508 - Load IP Config File for USB_DEVICE
2025-01-05 13:24:24,824 [INFO] ProjectBuilder:5154 - Time for Generating toolchain IDE Files: 1357mS.
2025-01-05 13:24:24,825 [INFO] ProjectBuilder:3146 - Time for Copy CMSIS : 1mS.
2025-01-05 13:24:24,831 [INFO] ProjectBuilder:3146 - Time for Copy CMSIS : 0mS.
