2024-12-11 15:33:35,941 [INFO] Activator:176 - 


2024-12-11 15:33:35,951 [INFO] Activator:177 - !SESSION log4j initialized
2024-12-11 15:33:41,661 [INFO] LogOutputStream:77 - [STDOUT_REDIRECT] 
2024-12-11 15:33:44,425 [INFO] ApplicationProperties:184 - Using Application install path: D:\Program Files\STM32CubeIDE_1.17.0\STM32CubeIDE\plugins\com.st.stm32cube.common.mx_6.13.0.202411220809
2024-12-11 15:33:44,441 [INFO] DbMcusXml:78 - Set database path to: D:\Program Files\STM32CubeIDE_1.17.0\STM32CubeIDE\plugins\com.st.stm32cube.common.mx_6.13.0.202411220809\\db\/mcu/
2024-12-11 15:33:44,441 [INFO] ApiDb:274 - Set plugin database path to: D:\Program Files\STM32CubeIDE_1.17.0\STM32CubeIDE\plugins\com.st.stm32cube.common.mx_6.13.0.202411220809\\db\/plugins/boardmanager/
2024-12-11 15:33:44,442 [WARN] ApiDb:259 - Overriding images path with different value:  => D:\Program Files\STM32CubeIDE_1.17.0\STM32CubeIDE\plugins\com.st.stm32cube.common.mx_6.13.0.202411220809\\db\/plugins/mcufinder/images/
2024-12-11 15:33:44,448 [INFO] ApiDb:250 - Set database path to: C:\Users\Jinhy\.stmcufinder\plugins\mcufinder//mcu/
2024-12-11 15:33:44,449 [INFO] DbMcusAds:125 - Set database path to: C:\Users\Jinhy\.stmcufinder\plugins\mcufinder//mcu/
2024-12-11 15:33:44,452 [INFO] CrossReferenceDbSqlite:203 - Set database path to: C:\Users\Jinhy\.stmcufinder\plugins\mcufinder//mcu/cs/
2024-12-11 15:33:44,565 [INFO] RulesReader:64 - Compatibility file has been processed (297 Rules)
2024-12-11 15:33:44,662 [INFO] DbMcusXml:78 - Set database path to: D:\Program Files\STM32CubeIDE_1.17.0\STM32CubeIDE\plugins\com.st.stm32cube.common.mx_6.13.0.202411220809\\db\/mcu/
2024-12-11 15:33:44,663 [INFO] ApiDb:274 - Set plugin database path to: D:\Program Files\STM32CubeIDE_1.17.0\STM32CubeIDE\plugins\com.st.stm32cube.common.mx_6.13.0.202411220809\\db\/plugins/boardmanager/
2024-12-11 15:33:44,663 [INFO] ApiDb:261 - Set plugin images path to: D:\Program Files\STM32CubeIDE_1.17.0\STM32CubeIDE\plugins\com.st.stm32cube.common.mx_6.13.0.202411220809\\db\/plugins/mcufinder/images/
2024-12-11 15:33:44,663 [WARN] DbFile:41 - Overriding database path with different value: C:\Users\Jinhy\.stmcufinder\plugins\mcufinder/ => C:\Users\Jinhy\.stmcufinder\plugins\mcufinder
2024-12-11 15:33:44,663 [INFO] ApiDb:250 - Set database path to: C:\Users\Jinhy\.stmcufinder\plugins\mcufinder//mcu/
2024-12-11 15:33:44,663 [WARN] DbFile:41 - Overriding database path with different value: C:\Users\Jinhy\.stmcufinder\plugins\mcufinder/ => C:\Users\Jinhy\.stmcufinder\plugins\mcufinder
2024-12-11 15:33:44,663 [INFO] DbMcusAds:125 - Set database path to: C:\Users\Jinhy\.stmcufinder\plugins\mcufinder//mcu/
2024-12-11 15:33:44,663 [WARN] DbFile:41 - Overriding database path with different value: C:\Users\Jinhy\.stmcufinder\plugins\mcufinder/ => C:\Users\Jinhy\.stmcufinder\plugins\mcufinder
2024-12-11 15:33:44,663 [WARN] DbFile:41 - Overriding database path with different value: C:\Users\Jinhy\.stmcufinder\plugins\mcufinder/ => C:\Users\Jinhy\.stmcufinder\plugins\mcufinder
2024-12-11 15:33:44,664 [INFO] CrossReferenceDbSqlite:203 - Set database path to: C:\Users\Jinhy\.stmcufinder\plugins\mcufinder//mcu/cs/
2024-12-11 15:33:44,739 [INFO] MainPanel:272 - HeapMemory: 268435456
2024-12-11 15:33:44,827 [INFO] DbMcusXml:78 - Set database path to: D:\Program Files\STM32CubeIDE_1.17.0\STM32CubeIDE\plugins\com.st.stm32cube.common.mx_6.13.0.202411220809\\db\/mcu/
2024-12-11 15:33:44,827 [INFO] ApiDb:274 - Set plugin database path to: D:\Program Files\STM32CubeIDE_1.17.0\STM32CubeIDE\plugins\com.st.stm32cube.common.mx_6.13.0.202411220809\\db\/plugins/boardmanager/
2024-12-11 15:33:44,827 [INFO] ApiDb:261 - Set plugin images path to: D:\Program Files\STM32CubeIDE_1.17.0\STM32CubeIDE\plugins\com.st.stm32cube.common.mx_6.13.0.202411220809\\db\/plugins/mcufinder/images/
2024-12-11 15:33:44,827 [WARN] DbFile:41 - Overriding database path with different value: C:\Users\Jinhy\.stmcufinder\plugins\mcufinder/ => C:\Users\Jinhy\.stmcufinder\plugins\mcufinder
2024-12-11 15:33:44,827 [INFO] ApiDb:250 - Set database path to: C:\Users\Jinhy\.stmcufinder\plugins\mcufinder//mcu/
2024-12-11 15:33:44,828 [WARN] DbFile:41 - Overriding database path with different value: C:\Users\Jinhy\.stmcufinder\plugins\mcufinder/ => C:\Users\Jinhy\.stmcufinder\plugins\mcufinder
2024-12-11 15:33:44,828 [INFO] DbMcusAds:125 - Set database path to: C:\Users\Jinhy\.stmcufinder\plugins\mcufinder//mcu/
2024-12-11 15:33:44,828 [WARN] DbFile:41 - Overriding database path with different value: C:\Users\Jinhy\.stmcufinder\plugins\mcufinder/ => C:\Users\Jinhy\.stmcufinder\plugins\mcufinder
2024-12-11 15:33:44,828 [WARN] DbFile:41 - Overriding database path with different value: C:\Users\Jinhy\.stmcufinder\plugins\mcufinder/ => C:\Users\Jinhy\.stmcufinder\plugins\mcufinder
2024-12-11 15:33:44,828 [INFO] CrossReferenceDbSqlite:203 - Set database path to: C:\Users\Jinhy\.stmcufinder\plugins\mcufinder//mcu/cs/
2024-12-11 15:33:44,842 [INFO] ApplicationProperties:184 - Using Application install path: D:\Program Files\STM32CubeIDE_1.17.0\STM32CubeIDE\plugins\com.st.stm32cube.common.mx_6.13.0.202411220809
2024-12-11 15:33:44,843 [INFO] PluginManage:196 - Search for loadable plugins [exclusion list=, ]
2024-12-11 15:33:44,844 [INFO] PluginManage:310 - Check plugin analytics
2024-12-11 15:33:45,009 [INFO] AnalyticsPlugin:253 - Accepted Software Licenses: 
2024-12-11 15:33:45,009 [INFO] AnalyticsPlugin:255 - Accepted CMSIS Pack Licenses: 
2024-12-11 15:33:45,009 [INFO] AnalyticsPlugin:257 - Accepted Firmware Licenses: 
2024-12-11 15:33:45,012 [INFO] PluginManage:359 - Loaded plugin analytics (category:tool,tabindex:-1)
2024-12-11 15:33:45,013 [INFO] PluginManage:310 - Check plugin cadmodel
2024-12-11 15:33:45,030 [INFO] CADModel:105 - Init CAD model plugin
2024-12-11 15:33:45,030 [INFO] PluginManage:359 - Loaded plugin cadmodel (category:power,tabindex:5)
2024-12-11 15:33:45,031 [INFO] PluginManage:310 - Check plugin clock
2024-12-11 15:33:45,051 [INFO] PluginManage:359 - Loaded plugin clock (category:base,tabindex:2)
2024-12-11 15:33:45,051 [INFO] PluginManage:310 - Check plugin ddr
2024-12-11 15:33:45,054 [INFO] PluginManage:359 - Loaded plugin ddr (category:tool,tabindex:6)
2024-12-11 15:33:45,055 [INFO] PluginManage:310 - Check plugin filemanager
2024-12-11 15:33:45,186 [INFO] PluginManage:359 - Loaded plugin filemanager (category:base,tabindex:10)
2024-12-11 15:33:45,187 [INFO] PluginManage:310 - Check plugin ipmanager
2024-12-11 15:33:45,192 [INFO] PluginManage:359 - Loaded plugin ipmanager (category:base,tabindex:5)
2024-12-11 15:33:45,192 [INFO] PluginManage:310 - Check plugin lpbam
2024-12-11 15:33:45,207 [INFO] PluginManage:359 - Loaded plugin lpbam (category:base,tabindex:0)
2024-12-11 15:33:45,207 [INFO] PluginManage:310 - Check plugin memorymap
2024-12-11 15:33:45,224 [INFO] PluginManage:359 - Loaded plugin memorymap (category:base,tabindex:4)
2024-12-11 15:33:45,225 [INFO] PluginManage:310 - Check plugin pinoutandconfiguration
2024-12-11 15:33:45,245 [INFO] PluginManage:359 - Loaded plugin pinoutandconfiguration (category:base,tabindex:1)
2024-12-11 15:33:45,246 [INFO] PluginManage:310 - Check plugin pinoutconfig
2024-12-11 15:33:45,323 [WARN] SupportedApi:132 - Cannot load RTOS API schema: s4s-elt-must-match.1: The content of 'definitions' must match (annotation?, (simpleType | complexType)?, (unique | key | keyref)*)). A problem was found starting at: attribute.
2024-12-11 15:33:45,443 [INFO] PluginManage:359 - Loaded plugin pinoutconfig (category:base,tabindex:0)
2024-12-11 15:33:45,443 [INFO] PluginManage:310 - Check plugin power
2024-12-11 15:33:45,459 [INFO] PluginManage:359 - Loaded plugin power (category:power,tabindex:4)
2024-12-11 15:33:45,459 [INFO] PluginManage:310 - Check plugin projectmanager
2024-12-11 15:33:45,469 [INFO] PluginManage:359 - Loaded plugin projectmanager (category:projectmanager,tabindex:4)
2024-12-11 15:33:45,469 [INFO] PluginManage:310 - Check plugin rif
2024-12-11 15:33:45,484 [INFO] PluginManage:359 - Loaded plugin rif (category:base,tabindex:3)
2024-12-11 15:33:45,484 [INFO] PluginManage:310 - Check plugin thirdparty
2024-12-11 15:33:45,698 [INFO] PluginManage:359 - Loaded plugin thirdparty (category:base,tabindex:-1)
2024-12-11 15:33:45,697 [WARN] IntegrityCheckThread:84 - waiting for thirdparty lock release [integrity check]
2024-12-11 15:33:45,698 [INFO] IntegrityCheckThread:86 - entering critical section [integrity check]
2024-12-11 15:33:45,698 [INFO] PluginManage:310 - Check plugin tools
2024-12-11 15:33:45,698 [INFO] ThirdPartyUpdaterWithRetryManager:70 - Updater plugin not ready yet. [1/15]
2024-12-11 15:33:45,726 [INFO] PluginManage:359 - Loaded plugin tools (category:base,tabindex:7)
2024-12-11 15:33:45,726 [INFO] PluginManage:310 - Check plugin tutovideos
2024-12-11 15:33:45,874 [INFO] PluginManage:359 - Loaded plugin tutovideos (category:base,tabindex:-1)
2024-12-11 15:33:45,874 [INFO] PluginManage:310 - Check plugin updater
2024-12-11 15:33:45,894 [INFO] PluginManage:359 - Loaded plugin updater (category:base,tabindex:12)
2024-12-11 15:33:45,894 [INFO] PluginManage:310 - Check plugin userauth
2024-12-11 15:33:45,898 [INFO] UserAuth:118 - Init User Auth plugin
2024-12-11 15:33:45,899 [INFO] PluginManage:359 - Loaded plugin userauth (category:base,tabindex:14)
2024-12-11 15:33:45,899 [INFO] PluginManage:283 - PluginManage : Loaded plugins [18]
2024-12-11 15:33:46,062 [INFO] PinOutPanel:1589 - setPackage(No Configuration,No Configuration)
2024-12-11 15:33:46,124 [INFO] CADModel:165 - CPN selected for project level
2024-12-11 15:33:46,124 [INFO] CADModel:114 - Register for checkConnection events
2024-12-11 15:33:46,148 [INFO] IPUIPlugin:80 - create IPUIPlugin
2024-12-11 15:33:46,148 [INFO] PluginManager:220 - loadIPPluginJar : add adc
2024-12-11 15:33:46,176 [INFO] IPUIPlugin:80 - create IPUIPlugin
2024-12-11 15:33:46,176 [INFO] PluginManager:220 - loadIPPluginJar : add aes
2024-12-11 15:33:46,206 [INFO] IPUIPlugin:80 - create IPUIPlugin
2024-12-11 15:33:46,207 [INFO] PluginManager:220 - loadIPPluginJar : add can
2024-12-11 15:33:46,226 [INFO] IPUIPlugin:80 - create IPUIPlugin
2024-12-11 15:33:46,226 [INFO] PluginManager:220 - loadIPPluginJar : add comp
2024-12-11 15:33:46,254 [INFO] IPUIPlugin:80 - create IPUIPlugin
2024-12-11 15:33:46,254 [INFO] PluginManager:220 - loadIPPluginJar : add cryp
2024-12-11 15:33:46,264 [INFO] IPUIPlugin:80 - create IPUIPlugin
2024-12-11 15:33:46,264 [INFO] PluginManager:220 - loadIPPluginJar : add ddr_ctrl_phy
2024-12-11 15:33:46,286 [INFO] IPUIPlugin:80 - create IPUIPlugin
2024-12-11 15:33:46,286 [INFO] PluginManager:220 - loadIPPluginJar : add dfsdm
2024-12-11 15:33:46,297 [INFO] IPUIPlugin:80 - create IPUIPlugin
2024-12-11 15:33:46,297 [INFO] PluginManager:220 - loadIPPluginJar : add dma
2024-12-11 15:33:46,326 [INFO] IPUIPlugin:80 - create IPUIPlugin
2024-12-11 15:33:46,326 [INFO] PluginManager:220 - loadIPPluginJar : add dma3
2024-12-11 15:33:46,425 [INFO] IPUIPlugin:80 - create IPUIPlugin
2024-12-11 15:33:46,425 [INFO] PluginManager:220 - loadIPPluginJar : add extmemmanager
2024-12-11 15:33:46,443 [INFO] IPUIPlugin:80 - create IPUIPlugin
2024-12-11 15:33:46,443 [INFO] PluginManager:220 - loadIPPluginJar : add fatfs
2024-12-11 15:33:46,477 [INFO] IPUIPlugin:80 - create IPUIPlugin
2024-12-11 15:33:46,477 [INFO] PluginManager:220 - loadIPPluginJar : add fmc
2024-12-11 15:33:46,490 [INFO] IPUIPlugin:80 - create IPUIPlugin
2024-12-11 15:33:46,491 [INFO] PluginManager:220 - loadIPPluginJar : add freertos
2024-12-11 15:33:46,511 [INFO] IPUIPlugin:80 - create IPUIPlugin
2024-12-11 15:33:46,511 [INFO] PluginManager:220 - loadIPPluginJar : add genericplugin
2024-12-11 15:33:46,633 [INFO] IPUIPlugin:80 - create IPUIPlugin
2024-12-11 15:33:46,634 [INFO] PluginManager:220 - loadIPPluginJar : add gfxmmu
2024-12-11 15:33:46,863 [INFO] IPUIPlugin:80 - create IPUIPlugin
2024-12-11 15:33:46,864 [INFO] PluginManager:220 - loadIPPluginJar : add gic
2024-12-11 15:33:46,889 [INFO] IPUIPlugin:80 - create IPUIPlugin
2024-12-11 15:33:46,889 [INFO] PluginManager:220 - loadIPPluginJar : add gpio
2024-12-11 15:33:47,005 [INFO] IPUIPlugin:80 - create IPUIPlugin
2024-12-11 15:33:47,005 [INFO] PluginManager:220 - loadIPPluginJar : add gtzc
2024-12-11 15:33:47,072 [INFO] IPUIPlugin:80 - create IPUIPlugin
2024-12-11 15:33:47,072 [INFO] PluginManager:220 - loadIPPluginJar : add hash
2024-12-11 15:33:47,107 [INFO] IPUIPlugin:80 - create IPUIPlugin
2024-12-11 15:33:47,107 [INFO] PluginManager:220 - loadIPPluginJar : add i2c
2024-12-11 15:33:47,181 [INFO] IPUIPlugin:80 - create IPUIPlugin
2024-12-11 15:33:47,182 [INFO] PluginManager:220 - loadIPPluginJar : add i2s
2024-12-11 15:33:47,267 [INFO] IPUIPlugin:80 - create IPUIPlugin
2024-12-11 15:33:47,268 [INFO] PluginManager:220 - loadIPPluginJar : add i3c
2024-12-11 15:33:47,493 [INFO] IPUIPlugin:80 - create IPUIPlugin
2024-12-11 15:33:47,493 [INFO] PluginManager:220 - loadIPPluginJar : add ipddr
2024-12-11 15:33:47,608 [INFO] IPUIPlugin:80 - create IPUIPlugin
2024-12-11 15:33:47,608 [INFO] PluginManager:220 - loadIPPluginJar : add linkedlist
2024-12-11 15:33:47,634 [INFO] IPUIPlugin:80 - create IPUIPlugin
2024-12-11 15:33:47,635 [INFO] PluginManager:220 - loadIPPluginJar : add lorawan
2024-12-11 15:33:47,718 [INFO] IPUIPlugin:80 - create IPUIPlugin
2024-12-11 15:33:47,718 [INFO] PluginManager:220 - loadIPPluginJar : add ltdc
2024-12-11 15:33:47,743 [INFO] IPUIPlugin:80 - create IPUIPlugin
2024-12-11 15:33:47,743 [INFO] PluginManager:220 - loadIPPluginJar : add mdma
2024-12-11 15:33:47,751 [INFO] IPUIPlugin:80 - create IPUIPlugin
2024-12-11 15:33:47,751 [INFO] PluginManager:220 - loadIPPluginJar : add nvic
2024-12-11 15:33:47,782 [INFO] IPUIPlugin:80 - create IPUIPlugin
2024-12-11 15:33:47,782 [INFO] PluginManager:220 - loadIPPluginJar : add opamp
2024-12-11 15:33:47,906 [INFO] IPUIPlugin:80 - create IPUIPlugin
2024-12-11 15:33:47,907 [INFO] PluginManager:220 - loadIPPluginJar : add openamp
2024-12-11 15:33:47,999 [INFO] IPUIPlugin:80 - create IPUIPlugin
2024-12-11 15:33:47,999 [INFO] PluginManager:220 - loadIPPluginJar : add pdm2pcm
2024-12-11 15:33:48,012 [INFO] IPUIPlugin:80 - create IPUIPlugin
2024-12-11 15:33:48,013 [INFO] PluginManager:220 - loadIPPluginJar : add plateformsettings
2024-12-11 15:33:48,031 [INFO] IPUIPlugin:80 - create IPUIPlugin
2024-12-11 15:33:48,031 [INFO] PluginManager:220 - loadIPPluginJar : add quadspi
2024-12-11 15:33:48,051 [INFO] IPUIPlugin:80 - create IPUIPlugin
2024-12-11 15:33:48,051 [INFO] PluginManager:220 - loadIPPluginJar : add radio
2024-12-11 15:33:48,061 [INFO] IPUIPlugin:80 - create IPUIPlugin
2024-12-11 15:33:48,061 [INFO] PluginManager:220 - loadIPPluginJar : add resmgrutility
2024-12-11 15:33:48,093 [INFO] IPUIPlugin:80 - create IPUIPlugin
2024-12-11 15:33:48,093 [INFO] PluginManager:220 - loadIPPluginJar : add sai
2024-12-11 15:33:48,177 [INFO] IPUIPlugin:80 - create IPUIPlugin
2024-12-11 15:33:48,177 [INFO] PluginManager:220 - loadIPPluginJar : add spi
2024-12-11 15:33:48,328 [INFO] IPUIPlugin:80 - create IPUIPlugin
2024-12-11 15:33:48,328 [INFO] PluginManager:220 - loadIPPluginJar : add stm32_wpan
2024-12-11 15:33:48,381 [INFO] IPUIPlugin:80 - create IPUIPlugin
2024-12-11 15:33:48,382 [INFO] PluginManager:220 - loadIPPluginJar : add tim
2024-12-11 15:33:48,445 [INFO] IPUIPlugin:80 - create IPUIPlugin
2024-12-11 15:33:48,445 [INFO] PluginManager:220 - loadIPPluginJar : add touchsensing
2024-12-11 15:33:48,491 [INFO] IPUIPlugin:80 - create IPUIPlugin
2024-12-11 15:33:48,491 [INFO] PluginManager:220 - loadIPPluginJar : add tracer_emb
2024-12-11 15:33:48,537 [INFO] IPUIPlugin:80 - create IPUIPlugin
2024-12-11 15:33:48,537 [INFO] PluginManager:220 - loadIPPluginJar : add ts
2024-12-11 15:33:48,586 [INFO] IPUIPlugin:80 - create IPUIPlugin
2024-12-11 15:33:48,586 [INFO] PluginManager:220 - loadIPPluginJar : add tsc
2024-12-11 15:33:48,605 [INFO] IPUIPlugin:80 - create IPUIPlugin
2024-12-11 15:33:48,605 [INFO] PluginManager:220 - loadIPPluginJar : add ucpd
2024-12-11 15:33:48,645 [INFO] IPUIPlugin:80 - create IPUIPlugin
2024-12-11 15:33:48,645 [INFO] PluginManager:220 - loadIPPluginJar : add usart
2024-12-11 15:33:48,699 [INFO] ThirdPartyUpdaterWithRetryManager:70 - Updater plugin not ready yet. [2/15]
2024-12-11 15:33:48,743 [INFO] IPUIPlugin:80 - create IPUIPlugin
2024-12-11 15:33:48,743 [INFO] PluginManager:220 - loadIPPluginJar : add usbx
2024-12-11 15:33:48,857 [FATAL] Updater:351 - Updater called before beeing initialized
2024-12-11 15:33:48,886 [INFO] RulesReader:64 - Compatibility file has been processed (297 Rules)
2024-12-11 15:33:48,895 [INFO] RulesReader:64 - Compatibility file has been processed (297 Rules)
2024-12-11 15:33:48,901 [INFO] CADModel:165 - CPN selected for project level
2024-12-11 15:33:48,902 [INFO] CADModel:114 - Register for checkConnection events
2024-12-11 15:33:48,902 [FATAL] Updater:351 - Updater called before beeing initialized
2024-12-11 15:33:48,902 [ERROR] CADModel:125 - Updater not yet initialized, retry later 
2024-12-11 15:33:49,057 [FATAL] Updater:351 - Updater called before beeing initialized
2024-12-11 15:33:49,059 [INFO] CADModel:165 - CPN selected for project level
2024-12-11 15:33:49,060 [INFO] CADModel:114 - Register for checkConnection events
2024-12-11 15:33:49,060 [FATAL] Updater:351 - Updater called before beeing initialized
2024-12-11 15:33:49,060 [ERROR] CADModel:125 - Updater not yet initialized, retry later 
2024-12-11 15:33:49,063 [FATAL] Updater:351 - Updater called before beeing initialized
2024-12-11 15:33:49,177 [FATAL] Updater:351 - Updater called before beeing initialized
2024-12-11 15:33:49,192 [INFO] DbMcusAds:53 - JSON generation date=Fri Sep 20 22:04:23 KST 2024 (1726837463113)
2024-12-11 15:33:49,192 [FATAL] Updater:351 - Updater called before beeing initialized
2024-12-11 15:33:49,261 [WARN] DetailPanel:346 - Failed to get advertising image, set to default
2024-12-11 15:33:49,457 [FATAL] Updater:351 - Updater called before beeing initialized
2024-12-11 15:33:49,459 [FATAL] Updater:351 - Updater called before beeing initialized
2024-12-11 15:33:49,459 [FATAL] Updater:351 - Updater called before beeing initialized
2024-12-11 15:33:49,459 [WARN] DetailPanel:346 - Failed to get advertising image, set to default
2024-12-11 15:33:49,460 [FATAL] Updater:351 - Updater called before beeing initialized
2024-12-11 15:33:49,517 [ERROR] Updater:1198 - MainUpdater not yet initialized. External WinMGr cannot be set.
2024-12-11 15:33:49,526 [INFO] Updater:1134 - Updater Version found : 6.13.0
2024-12-11 15:33:49,543 [INFO] ApplicationProperties:184 - Using Application install path: D:\Program Files\STM32CubeIDE_1.17.0\STM32CubeIDE\plugins\com.st.stm32cube.common.mx_6.13.0.202411220809
2024-12-11 15:33:51,120 [ERROR] LogOutputStream:75 - [STDERR_REDIRECT] Dec 11, 2024 3:33:51 PM java.util.prefs.WindowsPreferences <init>
2024-12-11 15:33:51,121 [ERROR] LogOutputStream:75 - [STDERR_REDIRECT] WARNING: Could not open/create prefs root node Software\JavaSoft\Prefs at root 0xffffffff80000002. Windows RegCreateKeyEx(...) returned error code 5.
2024-12-11 15:33:51,121 [ERROR] LogOutputStream:75 - [STDERR_REDIRECT] 
2024-12-11 15:33:51,517 [INFO] MainUpdater:2872 - connection check result : 10
2024-12-11 15:33:51,518 [INFO] MainUpdater:289 - Updater Check For Update Now.
2024-12-11 15:33:51,518 [INFO] MicroXplorer:498 - Change Database Version : DB.6.0.130
2024-12-11 15:33:51,531 [INFO] McuFinderGlobals:63 - Set McuFinder mode to 2 (CubeIDE integrated)
2024-12-11 15:33:51,537 [INFO] UserAuth:486 - Internet connection configuration mode: 1
2024-12-11 15:33:51,566 [INFO] JxBrowserEngine:152 - Initiate JxBrowser Engine with user profile folder
2024-12-11 15:33:51,700 [WARN] MainUpdater:1193 - Updater busy. Cannot search thirdparties
2024-12-11 15:33:51,700 [INFO] ThirdPartyUpdaterWithRetryManager:96 - Updater plugin is busy. [1/15]
2024-12-11 15:33:51,734 [INFO] CheckServerUpdateThread:120 - End of CheckServer Thread
2024-12-11 15:33:52,419 [INFO] WebApp:168 - Instantiating new browser for Auth
2024-12-11 15:33:53,033 [INFO] WebApp:449 - Apply proxy settings
2024-12-11 15:33:53,033 [INFO] WebApp:534 - Chromium requires no authentication
2024-12-11 15:33:53,049 [INFO] WebApp:477 - Direct internet connection detected
2024-12-11 15:33:53,078 [INFO] WebApp:880 - Register for checkConnection events
2024-12-11 15:33:53,078 [INFO] WebApp:449 - Apply proxy settings
2024-12-11 15:33:53,078 [INFO] WebApp:534 - Chromium requires no authentication
2024-12-11 15:33:53,079 [INFO] WebApp:477 - Direct internet connection detected
2024-12-11 15:33:53,242 [INFO] WebApp:221 - Starting web application
2024-12-11 15:33:53,242 [INFO] WebApp:579 - Web application path used D:\Program Files\STM32CubeIDE_1.17.0\STM32CubeIDE\plugins\com.st.stm32cube.common.mx_6.13.0.202411220809\db\plugins\mcufinder\reactClient1\index.html
2024-12-11 15:33:53,385 [INFO] UserAuth:486 - Internet connection configuration mode: 1
2024-12-11 15:33:53,464 [INFO] WebApp:187 - Connection restablished
2024-12-11 15:33:54,871 [WARN] PackLoader:240 - Cannot read IP mode file for STMicroelectronics.FP-SNS-MOTENVWB1.1.4.0
2024-12-11 15:33:54,890 [WARN] PackLoader:240 - Cannot read IP mode file for STMicroelectronics.FP-ATR-ASTRA1.2.0.1
2024-12-11 15:33:54,904 [WARN] PackLoader:240 - Cannot read IP mode file for STMicroelectronics.X-CUBE-SMBUS.2.1.0
2024-12-11 15:33:54,918 [WARN] PackLoader:240 - Cannot read IP mode file for STMicroelectronics.X-CUBE-WB05N.1.1.0
2024-12-11 15:33:54,958 [WARN] PackLoader:240 - Cannot read IP mode file for STMicroelectronics.X-CUBE-AZRTOS-F7.1.1.0
2024-12-11 15:33:55,024 [WARN] PackLoader:240 - Cannot read IP mode file for STMicroelectronics.X-CUBE-MEMS1.11.0.0
2024-12-11 15:33:55,140 [WARN] PackLoader:240 - Cannot read IP mode file for STMicroelectronics.FP-SNS-FLIGHT1.5.0.2
2024-12-11 15:33:55,194 [WARN] PackLoader:240 - Cannot read IP mode file for Infineon.AIROC-Wi-Fi-Bluetooth-STM32.1.7.0
2024-12-11 15:33:55,214 [WARN] PackLoader:240 - Cannot read IP mode file for STMicroelectronics.X-CUBE-DISPLAY.3.0.0
2024-12-11 15:33:55,230 [WARN] PackLoader:240 - Cannot read IP mode file for STMicroelectronics.X-CUBE-BLE1.7.0.0
2024-12-11 15:33:55,243 [WARN] PackLoader:240 - Cannot read IP mode file for STMicroelectronics.X-CUBE-NFC10.1.0.0
2024-12-11 15:33:55,256 [WARN] PackLoader:240 - Cannot read IP mode file for STMicroelectronics.X-CUBE-BLEMGR.4.0.0
2024-12-11 15:33:55,270 [WARN] PackLoader:240 - Cannot read IP mode file for emotas.I-CUBE-CANOPEN.1.3.0
2024-12-11 15:33:55,282 [WARN] PackLoader:240 - Cannot read IP mode file for STMicroelectronics.X-CUBE-BLEMGR.3.1.0
2024-12-11 15:33:55,295 [WARN] PackLoader:240 - Cannot read IP mode file for STMicroelectronics.FP-SNS-SMARTAG2.1.2.0
2024-12-11 15:33:55,318 [INFO] LogOutputStream:77 - [STDOUT_REDIRECT] 1 : Invalid condition id : UX_CORESTACK_Condition cause : null
2024-12-11 15:33:55,320 [INFO] LogOutputStream:77 - [STDOUT_REDIRECT] 1 : Invalid condition id : UX_CORESTACK_Condition cause : null
2024-12-11 15:33:55,321 [INFO] LogOutputStream:77 - [STDOUT_REDIRECT] 1 : Invalid condition id : UX_CORESTACK_Condition cause : null
2024-12-11 15:33:55,321 [INFO] LogOutputStream:77 - [STDOUT_REDIRECT] 1 : Invalid condition id : UX_CORESTACK_Condition cause : null
2024-12-11 15:33:55,322 [INFO] LogOutputStream:77 - [STDOUT_REDIRECT] 1 : Invalid condition id : UX_CORESTACK_Condition cause : null
2024-12-11 15:33:55,325 [WARN] PackLoader:240 - Cannot read IP mode file for STMicroelectronics.X-CUBE-AZRTOS-WL.2.0.0
2024-12-11 15:33:55,338 [WARN] PackLoader:240 - Cannot read IP mode file for STMicroelectronics.FP-SNS-MOTENV1.5.0.0
2024-12-11 15:33:55,351 [WARN] PackLoader:240 - Cannot read IP mode file for wolfSSL.I-CUBE-wolfMQTT.1.19.0
2024-12-11 15:33:55,366 [WARN] PackLoader:240 - Cannot read IP mode file for WES.I-CUBE-Cesium.1.3.0
2024-12-11 15:33:55,378 [WARN] PackLoader:240 - Cannot read IP mode file for STMicroelectronics.X-CUBE-BLE2.3.3.0
2024-12-11 15:33:55,393 [WARN] PackLoader:240 - Cannot read IP mode file for STMicroelectronics.X-CUBE-NFC9.1.0.0
2024-12-11 15:33:55,407 [WARN] PackLoader:240 - Cannot read IP mode file for STMicroelectronics.X-CUBE-TCPP.4.1.0
2024-12-11 15:33:55,427 [WARN] PackLoader:240 - Cannot read IP mode file for STMicroelectronics.X-CUBE-AZRTOS-G0.1.1.0
2024-12-11 15:33:55,443 [WARN] PackLoader:240 - Cannot read IP mode file for STMicroelectronics.X-CUBE-SAFEA1.1.2.2
2024-12-11 15:33:55,458 [WARN] PackLoader:240 - Cannot read IP mode file for STMicroelectronics.X-CUBE-NFC4.3.0.0
2024-12-11 15:33:55,476 [WARN] PackLoader:240 - Cannot read IP mode file for EmbeddedOffice.I-CUBE-FS-RTOS.1.0.1
2024-12-11 15:33:55,492 [WARN] PackLoader:240 - Cannot read IP mode file for RealThread.X-CUBE-RT-Thread_Nano.4.1.1
2024-12-11 15:33:55,503 [WARN] PackLoader:240 - Cannot read IP mode file for STMicroelectronics.FP-ATR-SIGFOX1.3.2.0
2024-12-11 15:33:55,517 [WARN] ConditionMgr:438 - getConditionDescription Invalid condition id : Cortex-A Device cause : null
2024-12-11 15:33:55,549 [WARN] ConditionMgr:1044 - genDependencies : Invalid condition id : Cortex-A Device cause : null
2024-12-11 15:33:55,549 [WARN] ConditionMgr:1044 - genDependencies : Invalid condition id : Cortex-A Device cause : null
2024-12-11 15:33:55,550 [WARN] ConditionMgr:1044 - genDependencies : Invalid condition id : Cortex-A Device cause : null
2024-12-11 15:33:55,565 [WARN] PackLoader:240 - Cannot read IP mode file for STMicroelectronics.X-CUBE-EEPRMA1.5.1.0
2024-12-11 15:33:55,579 [WARN] PackLoader:240 - Cannot read IP mode file for wolfSSL.I-CUBE-wolfSSL.5.7.4
2024-12-11 15:33:55,596 [WARN] PackLoader:240 - Cannot read IP mode file for ITTIA_DB.I-CUBE-ITTIADB.8.9.0
2024-12-11 15:33:55,625 [WARN] PackLoader:240 - Cannot read IP mode file for SEGGER.I-CUBE-embOS.1.3.1
2024-12-11 15:33:55,663 [WARN] PackLoader:240 - Cannot read IP mode file for STMicroelectronics.X-CUBE-ALGOBUILD.1.4.0
2024-12-11 15:33:55,676 [WARN] PackLoader:240 - Cannot read IP mode file for STMicroelectronics.X-CUBE-AI.9.1.0
2024-12-11 15:33:55,699 [WARN] PackLoader:240 - Cannot read IP mode file for STMicroelectronics.X-CUBE-AZRTOS-F4.1.1.0
2024-12-11 15:33:55,714 [WARN] PackLoader:240 - Cannot read IP mode file for STMicroelectronics.X-CUBE-ISPU.2.1.0
2024-12-11 15:33:55,725 [WARN] PackLoader:240 - Cannot read IP mode file for STMicroelectronics.X-CUBE-FREERTOS.1.2.0
2024-12-11 15:33:55,749 [WARN] PackLoader:240 - Cannot read IP mode file for STMicroelectronics.X-CUBE-AZRTOS-L5.2.0.0
2024-12-11 15:33:55,765 [WARN] PackLoader:240 - Cannot read IP mode file for STMicroelectronics.X-CUBE-NFC6.3.1.0
2024-12-11 15:33:55,783 [WARN] PackLoader:240 - Cannot read IP mode file for STMicroelectronics.X-CUBE-DPower.1.2.0
2024-12-11 15:33:55,796 [WARN] PackLoader:240 - Cannot read IP mode file for STMicroelectronics.X-CUBE-NFC7.1.0.1
2024-12-11 15:33:55,824 [WARN] ConditionMgr:438 - getConditionDescription Invalid condition id : LAN8742 Phy interface Condition cause : null
2024-12-11 15:33:55,824 [WARN] PackLoader:240 - Cannot read IP mode file for STMicroelectronics.X-CUBE-AZRTOS-L4.2.0.0
2024-12-11 15:33:55,825 [WARN] ConditionMgr:1044 - genDependencies : Invalid condition id : LAN8742 Phy interface Condition cause : null
2024-12-11 15:33:55,825 [WARN] ConditionMgr:1044 - genDependencies : Invalid condition id : LAN8742 Phy interface Condition cause : null
2024-12-11 15:33:55,826 [WARN] ConditionMgr:1044 - genDependencies : Invalid condition id : LAN8742 Phy interface Condition cause : null
2024-12-11 15:33:55,843 [WARN] PackLoader:240 - Cannot read IP mode file for STMicroelectronics.X-CUBE-SFXS2LP1.4.0.0
2024-12-11 15:33:55,872 [WARN] PackLoader:240 - Cannot read IP mode file for STMicroelectronics.X-CUBE-AZRTOS-H7.3.3.0
2024-12-11 15:33:55,892 [WARN] PackLoader:240 - Cannot read IP mode file for STMicroelectronics.X-CUBE-IPS.3.0.0
2024-12-11 15:33:55,914 [WARN] ConditionMgr:438 - getConditionDescription Invalid condition id : UX DEVICE CLASS RTOS Condition cause : null
2024-12-11 15:33:55,915 [WARN] ConditionMgr:438 - getConditionDescription Invalid condition id : UX DEVICE CLASS RTOS Condition cause : null
2024-12-11 15:33:55,916 [WARN] PackLoader:240 - Cannot read IP mode file for STMicroelectronics.X-CUBE-AZRTOS-WB.2.0.0
2024-12-11 15:33:55,916 [WARN] ConditionMgr:1044 - genDependencies : Invalid condition id : UX DEVICE CLASS RTOS Condition cause : null
2024-12-11 15:33:55,916 [WARN] ConditionMgr:1044 - genDependencies : Invalid condition id : UX DEVICE CLASS RTOS Condition cause : null
2024-12-11 15:33:55,917 [WARN] ConditionMgr:1044 - genDependencies : Invalid condition id : UX DEVICE CLASS RTOS Condition cause : null
2024-12-11 15:33:55,917 [WARN] ConditionMgr:1044 - genDependencies : Invalid condition id : UX DEVICE CLASS RTOS Condition cause : null
2024-12-11 15:33:55,917 [WARN] ConditionMgr:1044 - genDependencies : Invalid condition id : UX DEVICE CLASS RTOS Condition cause : null
2024-12-11 15:33:55,932 [WARN] PackLoader:240 - Cannot read IP mode file for STMicroelectronics.X-CUBE-GNSS1.7.0.0
2024-12-11 15:33:55,945 [WARN] PackLoader:240 - Cannot read IP mode file for STMicroelectronics.FP-SNS-STBOX1.2.0.0
2024-12-11 15:33:55,962 [WARN] PackLoader:240 - Cannot read IP mode file for STMicroelectronics.X-CUBE-SUBG2.5.0.0
2024-12-11 15:33:55,977 [WARN] PackLoader:240 - Cannot read IP mode file for Cesanta.I-CUBE-Mongoose.7.13.0
2024-12-11 15:33:55,996 [WARN] PackLoader:240 - Cannot read IP mode file for STMicroelectronics.X-CUBE-AZRTOS-G4.2.0.0
2024-12-11 15:33:56,007 [WARN] PackLoader:240 - Cannot read IP mode file for STMicroelectronics.X-CUBE-ALS.1.0.2
2024-12-11 15:33:56,022 [WARN] PackLoader:240 - Cannot read IP mode file for STMicroelectronics.X-CUBE-TOUCHGFX.4.24.1
2024-12-11 15:33:56,035 [WARN] PackLoader:240 - Cannot read IP mode file for wolfSSL.I-CUBE-wolfTPM.3.4.0
2024-12-11 15:33:56,047 [WARN] PackLoader:240 - Cannot read IP mode file for portGmbH.I-Cube-SoM-uGOAL.1.1.0
2024-12-11 15:33:56,068 [WARN] PackLoader:240 - Cannot read IP mode file for STMicroelectronics.X-CUBE-AZRTOS-H7RS.1.0.0
2024-12-11 15:33:56,086 [WARN] PackLoader:240 - Cannot read IP mode file for STMicroelectronics.X-CUBE-TOF1.3.4.2
2024-12-11 15:33:56,105 [WARN] PackLoader:240 - Cannot read IP mode file for wolfSSL.I-CUBE-wolfSSH.1.4.17
2024-12-11 15:33:56,105 [INFO] ThirdParty:978 - Integrity check success = true
2024-12-11 15:33:56,105 [INFO] IntegrityCheckThread:100 - exiting critical section [integrity check]
2024-12-11 15:33:56,105 [INFO] IntegrityCheckThread:103 - End integrity checks thread
2024-12-11 15:56:52,690 [ERROR] LogOutputStream:75 - [STDERR_REDIRECT] 
