2024-12-20 19:56:35,046 [INFO] Activator:176 - 


2024-12-20 19:56:35,049 [INFO] Activator:177 - !SESSION log4j initialized
2024-12-20 19:56:40,366 [INFO] LogOutputStream:77 - [STDOUT_REDIRECT] 
2024-12-20 19:56:44,279 [INFO] ApplicationProperties:184 - Using Application install path: D:\Program Files\STM32CubeIDE_1.17.0\STM32CubeIDE\plugins\com.st.stm32cube.common.mx_6.13.0.202411220809
2024-12-20 19:56:44,294 [INFO] DbMcusXml:78 - Set database path to: D:\Program Files\STM32CubeIDE_1.17.0\STM32CubeIDE\plugins\com.st.stm32cube.common.mx_6.13.0.202411220809\\db\/mcu/
2024-12-20 19:56:44,294 [INFO] ApiDb:274 - Set plugin database path to: D:\Program Files\STM32CubeIDE_1.17.0\STM32CubeIDE\plugins\com.st.stm32cube.common.mx_6.13.0.202411220809\\db\/plugins/boardmanager/
2024-12-20 19:56:44,295 [WARN] ApiDb:259 - Overriding images path with different value:  => D:\Program Files\STM32CubeIDE_1.17.0\STM32CubeIDE\plugins\com.st.stm32cube.common.mx_6.13.0.202411220809\\db\/plugins/mcufinder/images/
2024-12-20 19:56:44,303 [INFO] ApiDb:250 - Set database path to: C:\Users\Jinhy\.stmcufinder\plugins\mcufinder//mcu/
2024-12-20 19:56:44,304 [INFO] DbMcusAds:125 - Set database path to: C:\Users\Jinhy\.stmcufinder\plugins\mcufinder//mcu/
2024-12-20 19:56:44,306 [INFO] CrossReferenceDbSqlite:203 - Set database path to: C:\Users\Jinhy\.stmcufinder\plugins\mcufinder//mcu/cs/
2024-12-20 19:56:44,417 [INFO] RulesReader:64 - Compatibility file has been processed (297 Rules)
2024-12-20 19:56:44,517 [INFO] DbMcusXml:78 - Set database path to: D:\Program Files\STM32CubeIDE_1.17.0\STM32CubeIDE\plugins\com.st.stm32cube.common.mx_6.13.0.202411220809\\db\/mcu/
2024-12-20 19:56:44,517 [INFO] ApiDb:274 - Set plugin database path to: D:\Program Files\STM32CubeIDE_1.17.0\STM32CubeIDE\plugins\com.st.stm32cube.common.mx_6.13.0.202411220809\\db\/plugins/boardmanager/
2024-12-20 19:56:44,517 [INFO] ApiDb:261 - Set plugin images path to: D:\Program Files\STM32CubeIDE_1.17.0\STM32CubeIDE\plugins\com.st.stm32cube.common.mx_6.13.0.202411220809\\db\/plugins/mcufinder/images/
2024-12-20 19:56:44,518 [WARN] DbFile:41 - Overriding database path with different value: C:\Users\Jinhy\.stmcufinder\plugins\mcufinder/ => C:\Users\Jinhy\.stmcufinder\plugins\mcufinder
2024-12-20 19:56:44,518 [INFO] ApiDb:250 - Set database path to: C:\Users\Jinhy\.stmcufinder\plugins\mcufinder//mcu/
2024-12-20 19:56:44,518 [WARN] DbFile:41 - Overriding database path with different value: C:\Users\Jinhy\.stmcufinder\plugins\mcufinder/ => C:\Users\Jinhy\.stmcufinder\plugins\mcufinder
2024-12-20 19:56:44,518 [INFO] DbMcusAds:125 - Set database path to: C:\Users\Jinhy\.stmcufinder\plugins\mcufinder//mcu/
2024-12-20 19:56:44,518 [WARN] DbFile:41 - Overriding database path with different value: C:\Users\Jinhy\.stmcufinder\plugins\mcufinder/ => C:\Users\Jinhy\.stmcufinder\plugins\mcufinder
2024-12-20 19:56:44,518 [WARN] DbFile:41 - Overriding database path with different value: C:\Users\Jinhy\.stmcufinder\plugins\mcufinder/ => C:\Users\Jinhy\.stmcufinder\plugins\mcufinder
2024-12-20 19:56:44,518 [INFO] CrossReferenceDbSqlite:203 - Set database path to: C:\Users\Jinhy\.stmcufinder\plugins\mcufinder//mcu/cs/
2024-12-20 19:56:44,587 [INFO] MainPanel:272 - HeapMemory: 268435456
2024-12-20 19:56:44,680 [INFO] DbMcusXml:78 - Set database path to: D:\Program Files\STM32CubeIDE_1.17.0\STM32CubeIDE\plugins\com.st.stm32cube.common.mx_6.13.0.202411220809\\db\/mcu/
2024-12-20 19:56:44,680 [INFO] ApiDb:274 - Set plugin database path to: D:\Program Files\STM32CubeIDE_1.17.0\STM32CubeIDE\plugins\com.st.stm32cube.common.mx_6.13.0.202411220809\\db\/plugins/boardmanager/
2024-12-20 19:56:44,680 [INFO] ApiDb:261 - Set plugin images path to: D:\Program Files\STM32CubeIDE_1.17.0\STM32CubeIDE\plugins\com.st.stm32cube.common.mx_6.13.0.202411220809\\db\/plugins/mcufinder/images/
2024-12-20 19:56:44,681 [WARN] DbFile:41 - Overriding database path with different value: C:\Users\Jinhy\.stmcufinder\plugins\mcufinder/ => C:\Users\Jinhy\.stmcufinder\plugins\mcufinder
2024-12-20 19:56:44,681 [INFO] ApiDb:250 - Set database path to: C:\Users\Jinhy\.stmcufinder\plugins\mcufinder//mcu/
2024-12-20 19:56:44,681 [WARN] DbFile:41 - Overriding database path with different value: C:\Users\Jinhy\.stmcufinder\plugins\mcufinder/ => C:\Users\Jinhy\.stmcufinder\plugins\mcufinder
2024-12-20 19:56:44,681 [INFO] DbMcusAds:125 - Set database path to: C:\Users\Jinhy\.stmcufinder\plugins\mcufinder//mcu/
2024-12-20 19:56:44,681 [WARN] DbFile:41 - Overriding database path with different value: C:\Users\Jinhy\.stmcufinder\plugins\mcufinder/ => C:\Users\Jinhy\.stmcufinder\plugins\mcufinder
2024-12-20 19:56:44,681 [WARN] DbFile:41 - Overriding database path with different value: C:\Users\Jinhy\.stmcufinder\plugins\mcufinder/ => C:\Users\Jinhy\.stmcufinder\plugins\mcufinder
2024-12-20 19:56:44,681 [INFO] CrossReferenceDbSqlite:203 - Set database path to: C:\Users\Jinhy\.stmcufinder\plugins\mcufinder//mcu/cs/
2024-12-20 19:56:44,697 [INFO] ApplicationProperties:184 - Using Application install path: D:\Program Files\STM32CubeIDE_1.17.0\STM32CubeIDE\plugins\com.st.stm32cube.common.mx_6.13.0.202411220809
2024-12-20 19:56:44,698 [INFO] PluginManage:196 - Search for loadable plugins [exclusion list=, ]
2024-12-20 19:56:44,699 [INFO] PluginManage:310 - Check plugin analytics
2024-12-20 19:56:44,862 [INFO] AnalyticsPlugin:253 - Accepted Software Licenses: 
2024-12-20 19:56:44,862 [INFO] AnalyticsPlugin:255 - Accepted CMSIS Pack Licenses: 
2024-12-20 19:56:44,862 [INFO] AnalyticsPlugin:257 - Accepted Firmware Licenses: 
2024-12-20 19:56:44,868 [INFO] PluginManage:359 - Loaded plugin analytics (category:tool,tabindex:-1)
2024-12-20 19:56:44,869 [INFO] PluginManage:310 - Check plugin cadmodel
2024-12-20 19:56:44,885 [INFO] CADModel:105 - Init CAD model plugin
2024-12-20 19:56:44,885 [INFO] PluginManage:359 - Loaded plugin cadmodel (category:power,tabindex:5)
2024-12-20 19:56:44,885 [INFO] PluginManage:310 - Check plugin clock
2024-12-20 19:56:44,902 [INFO] PluginManage:359 - Loaded plugin clock (category:base,tabindex:2)
2024-12-20 19:56:44,902 [INFO] PluginManage:310 - Check plugin ddr
2024-12-20 19:56:44,905 [INFO] PluginManage:359 - Loaded plugin ddr (category:tool,tabindex:6)
2024-12-20 19:56:44,905 [INFO] PluginManage:310 - Check plugin filemanager
2024-12-20 19:56:45,038 [INFO] PluginManage:359 - Loaded plugin filemanager (category:base,tabindex:10)
2024-12-20 19:56:45,039 [INFO] PluginManage:310 - Check plugin ipmanager
2024-12-20 19:56:45,044 [INFO] PluginManage:359 - Loaded plugin ipmanager (category:base,tabindex:5)
2024-12-20 19:56:45,045 [INFO] PluginManage:310 - Check plugin lpbam
2024-12-20 19:56:45,059 [INFO] PluginManage:359 - Loaded plugin lpbam (category:base,tabindex:0)
2024-12-20 19:56:45,060 [INFO] PluginManage:310 - Check plugin memorymap
2024-12-20 19:56:45,080 [INFO] PluginManage:359 - Loaded plugin memorymap (category:base,tabindex:4)
2024-12-20 19:56:45,080 [INFO] PluginManage:310 - Check plugin pinoutandconfiguration
2024-12-20 19:56:45,094 [INFO] PluginManage:359 - Loaded plugin pinoutandconfiguration (category:base,tabindex:1)
2024-12-20 19:56:45,095 [INFO] PluginManage:310 - Check plugin pinoutconfig
2024-12-20 19:56:45,174 [WARN] SupportedApi:132 - Cannot load RTOS API schema: s4s-elt-must-match.1: The content of 'definitions' must match (annotation?, (simpleType | complexType)?, (unique | key | keyref)*)). A problem was found starting at: attribute.
2024-12-20 19:56:45,283 [INFO] PluginManage:359 - Loaded plugin pinoutconfig (category:base,tabindex:0)
2024-12-20 19:56:45,284 [INFO] PluginManage:310 - Check plugin power
2024-12-20 19:56:45,299 [INFO] PluginManage:359 - Loaded plugin power (category:power,tabindex:4)
2024-12-20 19:56:45,299 [INFO] PluginManage:310 - Check plugin projectmanager
2024-12-20 19:56:45,312 [INFO] PluginManage:359 - Loaded plugin projectmanager (category:projectmanager,tabindex:4)
2024-12-20 19:56:45,312 [INFO] PluginManage:310 - Check plugin rif
2024-12-20 19:56:45,332 [INFO] PluginManage:359 - Loaded plugin rif (category:base,tabindex:3)
2024-12-20 19:56:45,333 [INFO] PluginManage:310 - Check plugin thirdparty
2024-12-20 19:56:45,590 [INFO] PluginManage:359 - Loaded plugin thirdparty (category:base,tabindex:-1)
2024-12-20 19:56:45,590 [WARN] IntegrityCheckThread:84 - waiting for thirdparty lock release [integrity check]
2024-12-20 19:56:45,590 [INFO] IntegrityCheckThread:86 - entering critical section [integrity check]
2024-12-20 19:56:45,590 [INFO] PluginManage:310 - Check plugin tools
2024-12-20 19:56:45,591 [INFO] ThirdPartyUpdaterWithRetryManager:70 - Updater plugin not ready yet. [1/15]
2024-12-20 19:56:45,619 [INFO] PluginManage:359 - Loaded plugin tools (category:base,tabindex:7)
2024-12-20 19:56:45,619 [INFO] PluginManage:310 - Check plugin tutovideos
2024-12-20 19:56:45,785 [INFO] PluginManage:359 - Loaded plugin tutovideos (category:base,tabindex:-1)
2024-12-20 19:56:45,786 [INFO] PluginManage:310 - Check plugin updater
2024-12-20 19:56:45,802 [INFO] PluginManage:359 - Loaded plugin updater (category:base,tabindex:12)
2024-12-20 19:56:45,802 [INFO] PluginManage:310 - Check plugin userauth
2024-12-20 19:56:45,805 [INFO] UserAuth:118 - Init User Auth plugin
2024-12-20 19:56:45,806 [INFO] PluginManage:359 - Loaded plugin userauth (category:base,tabindex:14)
2024-12-20 19:56:45,806 [INFO] PluginManage:283 - PluginManage : Loaded plugins [18]
2024-12-20 19:56:45,971 [INFO] PinOutPanel:1589 - setPackage(No Configuration,No Configuration)
2024-12-20 19:56:46,044 [INFO] CADModel:165 - CPN selected for project level
2024-12-20 19:56:46,044 [INFO] CADModel:114 - Register for checkConnection events
2024-12-20 19:56:46,069 [INFO] IPUIPlugin:80 - create IPUIPlugin
2024-12-20 19:56:46,070 [INFO] PluginManager:220 - loadIPPluginJar : add adc
2024-12-20 19:56:46,102 [INFO] IPUIPlugin:80 - create IPUIPlugin
2024-12-20 19:56:46,102 [INFO] PluginManager:220 - loadIPPluginJar : add aes
2024-12-20 19:56:46,137 [INFO] IPUIPlugin:80 - create IPUIPlugin
2024-12-20 19:56:46,138 [INFO] PluginManager:220 - loadIPPluginJar : add can
2024-12-20 19:56:46,160 [INFO] IPUIPlugin:80 - create IPUIPlugin
2024-12-20 19:56:46,160 [INFO] PluginManager:220 - loadIPPluginJar : add comp
2024-12-20 19:56:46,187 [INFO] IPUIPlugin:80 - create IPUIPlugin
2024-12-20 19:56:46,187 [INFO] PluginManager:220 - loadIPPluginJar : add cryp
2024-12-20 19:56:46,208 [INFO] IPUIPlugin:80 - create IPUIPlugin
2024-12-20 19:56:46,208 [INFO] PluginManager:220 - loadIPPluginJar : add ddr_ctrl_phy
2024-12-20 19:56:46,232 [INFO] IPUIPlugin:80 - create IPUIPlugin
2024-12-20 19:56:46,232 [INFO] PluginManager:220 - loadIPPluginJar : add dfsdm
2024-12-20 19:56:46,244 [INFO] IPUIPlugin:80 - create IPUIPlugin
2024-12-20 19:56:46,245 [INFO] PluginManager:220 - loadIPPluginJar : add dma
2024-12-20 19:56:46,274 [INFO] IPUIPlugin:80 - create IPUIPlugin
2024-12-20 19:56:46,275 [INFO] PluginManager:220 - loadIPPluginJar : add dma3
2024-12-20 19:56:46,366 [INFO] IPUIPlugin:80 - create IPUIPlugin
2024-12-20 19:56:46,366 [INFO] PluginManager:220 - loadIPPluginJar : add extmemmanager
2024-12-20 19:56:46,406 [INFO] IPUIPlugin:80 - create IPUIPlugin
2024-12-20 19:56:46,406 [INFO] PluginManager:220 - loadIPPluginJar : add fatfs
2024-12-20 19:56:46,444 [INFO] IPUIPlugin:80 - create IPUIPlugin
2024-12-20 19:56:46,445 [INFO] PluginManager:220 - loadIPPluginJar : add fmc
2024-12-20 19:56:46,461 [INFO] IPUIPlugin:80 - create IPUIPlugin
2024-12-20 19:56:46,461 [INFO] PluginManager:220 - loadIPPluginJar : add freertos
2024-12-20 19:56:46,477 [INFO] IPUIPlugin:80 - create IPUIPlugin
2024-12-20 19:56:46,477 [INFO] PluginManager:220 - loadIPPluginJar : add genericplugin
2024-12-20 19:56:46,603 [INFO] IPUIPlugin:80 - create IPUIPlugin
2024-12-20 19:56:46,603 [INFO] PluginManager:220 - loadIPPluginJar : add gfxmmu
2024-12-20 19:56:46,817 [INFO] IPUIPlugin:80 - create IPUIPlugin
2024-12-20 19:56:46,817 [INFO] PluginManager:220 - loadIPPluginJar : add gic
2024-12-20 19:56:46,838 [INFO] IPUIPlugin:80 - create IPUIPlugin
2024-12-20 19:56:46,839 [INFO] PluginManager:220 - loadIPPluginJar : add gpio
2024-12-20 19:56:46,974 [INFO] IPUIPlugin:80 - create IPUIPlugin
2024-12-20 19:56:46,974 [INFO] PluginManager:220 - loadIPPluginJar : add gtzc
2024-12-20 19:56:47,038 [INFO] IPUIPlugin:80 - create IPUIPlugin
2024-12-20 19:56:47,038 [INFO] PluginManager:220 - loadIPPluginJar : add hash
2024-12-20 19:56:47,080 [INFO] IPUIPlugin:80 - create IPUIPlugin
2024-12-20 19:56:47,080 [INFO] PluginManager:220 - loadIPPluginJar : add i2c
2024-12-20 19:56:47,166 [INFO] IPUIPlugin:80 - create IPUIPlugin
2024-12-20 19:56:47,166 [INFO] PluginManager:220 - loadIPPluginJar : add i2s
2024-12-20 19:56:47,249 [INFO] IPUIPlugin:80 - create IPUIPlugin
2024-12-20 19:56:47,249 [INFO] PluginManager:220 - loadIPPluginJar : add i3c
2024-12-20 19:56:47,406 [INFO] IPUIPlugin:80 - create IPUIPlugin
2024-12-20 19:56:47,406 [INFO] PluginManager:220 - loadIPPluginJar : add ipddr
2024-12-20 19:56:47,525 [INFO] IPUIPlugin:80 - create IPUIPlugin
2024-12-20 19:56:47,525 [INFO] PluginManager:220 - loadIPPluginJar : add linkedlist
2024-12-20 19:56:47,556 [INFO] IPUIPlugin:80 - create IPUIPlugin
2024-12-20 19:56:47,556 [INFO] PluginManager:220 - loadIPPluginJar : add lorawan
2024-12-20 19:56:47,639 [INFO] IPUIPlugin:80 - create IPUIPlugin
2024-12-20 19:56:47,639 [INFO] PluginManager:220 - loadIPPluginJar : add ltdc
2024-12-20 19:56:47,662 [INFO] IPUIPlugin:80 - create IPUIPlugin
2024-12-20 19:56:47,662 [INFO] PluginManager:220 - loadIPPluginJar : add mdma
2024-12-20 19:56:47,673 [INFO] IPUIPlugin:80 - create IPUIPlugin
2024-12-20 19:56:47,674 [INFO] PluginManager:220 - loadIPPluginJar : add nvic
2024-12-20 19:56:47,703 [INFO] IPUIPlugin:80 - create IPUIPlugin
2024-12-20 19:56:47,703 [INFO] PluginManager:220 - loadIPPluginJar : add opamp
2024-12-20 19:56:47,823 [INFO] IPUIPlugin:80 - create IPUIPlugin
2024-12-20 19:56:47,823 [INFO] PluginManager:220 - loadIPPluginJar : add openamp
2024-12-20 19:56:47,910 [INFO] IPUIPlugin:80 - create IPUIPlugin
2024-12-20 19:56:47,910 [INFO] PluginManager:220 - loadIPPluginJar : add pdm2pcm
2024-12-20 19:56:47,926 [INFO] IPUIPlugin:80 - create IPUIPlugin
2024-12-20 19:56:47,928 [INFO] PluginManager:220 - loadIPPluginJar : add plateformsettings
2024-12-20 19:56:47,948 [INFO] IPUIPlugin:80 - create IPUIPlugin
2024-12-20 19:56:47,948 [INFO] PluginManager:220 - loadIPPluginJar : add quadspi
2024-12-20 19:56:47,971 [INFO] IPUIPlugin:80 - create IPUIPlugin
2024-12-20 19:56:47,971 [INFO] PluginManager:220 - loadIPPluginJar : add radio
2024-12-20 19:56:47,983 [INFO] IPUIPlugin:80 - create IPUIPlugin
2024-12-20 19:56:47,983 [INFO] PluginManager:220 - loadIPPluginJar : add resmgrutility
2024-12-20 19:56:48,030 [INFO] IPUIPlugin:80 - create IPUIPlugin
2024-12-20 19:56:48,030 [INFO] PluginManager:220 - loadIPPluginJar : add sai
2024-12-20 19:56:48,100 [INFO] IPUIPlugin:80 - create IPUIPlugin
2024-12-20 19:56:48,100 [INFO] PluginManager:220 - loadIPPluginJar : add spi
2024-12-20 19:56:48,234 [INFO] IPUIPlugin:80 - create IPUIPlugin
2024-12-20 19:56:48,234 [INFO] PluginManager:220 - loadIPPluginJar : add stm32_wpan
2024-12-20 19:56:48,284 [INFO] IPUIPlugin:80 - create IPUIPlugin
2024-12-20 19:56:48,285 [INFO] PluginManager:220 - loadIPPluginJar : add tim
2024-12-20 19:56:48,347 [INFO] IPUIPlugin:80 - create IPUIPlugin
2024-12-20 19:56:48,347 [INFO] PluginManager:220 - loadIPPluginJar : add touchsensing
2024-12-20 19:56:48,389 [INFO] IPUIPlugin:80 - create IPUIPlugin
2024-12-20 19:56:48,390 [INFO] PluginManager:220 - loadIPPluginJar : add tracer_emb
2024-12-20 19:56:48,437 [INFO] IPUIPlugin:80 - create IPUIPlugin
2024-12-20 19:56:48,438 [INFO] PluginManager:220 - loadIPPluginJar : add ts
2024-12-20 19:56:48,484 [INFO] IPUIPlugin:80 - create IPUIPlugin
2024-12-20 19:56:48,484 [INFO] PluginManager:220 - loadIPPluginJar : add tsc
2024-12-20 19:56:48,503 [INFO] IPUIPlugin:80 - create IPUIPlugin
2024-12-20 19:56:48,503 [INFO] PluginManager:220 - loadIPPluginJar : add ucpd
2024-12-20 19:56:48,538 [INFO] IPUIPlugin:80 - create IPUIPlugin
2024-12-20 19:56:48,538 [INFO] PluginManager:220 - loadIPPluginJar : add usart
2024-12-20 19:56:48,593 [INFO] ThirdPartyUpdaterWithRetryManager:70 - Updater plugin not ready yet. [2/15]
2024-12-20 19:56:48,622 [INFO] IPUIPlugin:80 - create IPUIPlugin
2024-12-20 19:56:48,622 [INFO] PluginManager:220 - loadIPPluginJar : add usbx
2024-12-20 19:56:48,742 [FATAL] Updater:351 - Updater called before beeing initialized
2024-12-20 19:56:48,764 [INFO] RulesReader:64 - Compatibility file has been processed (297 Rules)
2024-12-20 19:56:48,778 [INFO] RulesReader:64 - Compatibility file has been processed (297 Rules)
2024-12-20 19:56:48,793 [INFO] CADModel:165 - CPN selected for project level
2024-12-20 19:56:48,793 [INFO] CADModel:114 - Register for checkConnection events
2024-12-20 19:56:48,793 [FATAL] Updater:351 - Updater called before beeing initialized
2024-12-20 19:56:48,793 [ERROR] CADModel:125 - Updater not yet initialized, retry later 
2024-12-20 19:56:48,911 [FATAL] Updater:351 - Updater called before beeing initialized
2024-12-20 19:56:48,913 [INFO] CADModel:165 - CPN selected for project level
2024-12-20 19:56:48,913 [INFO] CADModel:114 - Register for checkConnection events
2024-12-20 19:56:48,913 [FATAL] Updater:351 - Updater called before beeing initialized
2024-12-20 19:56:48,913 [ERROR] CADModel:125 - Updater not yet initialized, retry later 
2024-12-20 19:56:48,916 [FATAL] Updater:351 - Updater called before beeing initialized
2024-12-20 19:56:49,012 [FATAL] Updater:351 - Updater called before beeing initialized
2024-12-20 19:56:49,032 [INFO] DbMcusAds:53 - JSON generation date=Fri Sep 20 22:04:23 KST 2024 (1726837463113)
2024-12-20 19:56:49,032 [FATAL] Updater:351 - Updater called before beeing initialized
2024-12-20 19:56:49,105 [WARN] DetailPanel:346 - Failed to get advertising image, set to default
2024-12-20 19:56:49,255 [FATAL] Updater:351 - Updater called before beeing initialized
2024-12-20 19:56:49,257 [FATAL] Updater:351 - Updater called before beeing initialized
2024-12-20 19:56:49,258 [FATAL] Updater:351 - Updater called before beeing initialized
2024-12-20 19:56:49,258 [WARN] DetailPanel:346 - Failed to get advertising image, set to default
2024-12-20 19:56:49,258 [FATAL] Updater:351 - Updater called before beeing initialized
2024-12-20 19:56:49,306 [ERROR] Updater:1198 - MainUpdater not yet initialized. External WinMGr cannot be set.
2024-12-20 19:56:49,314 [INFO] Updater:1134 - Updater Version found : 6.13.0
2024-12-20 19:56:49,331 [INFO] ApplicationProperties:184 - Using Application install path: D:\Program Files\STM32CubeIDE_1.17.0\STM32CubeIDE\plugins\com.st.stm32cube.common.mx_6.13.0.202411220809
2024-12-20 19:56:50,914 [ERROR] LogOutputStream:75 - [STDERR_REDIRECT] Dec 20, 2024 7:56:50 PM java.util.prefs.WindowsPreferences <init>
2024-12-20 19:56:50,915 [ERROR] LogOutputStream:75 - [STDERR_REDIRECT] WARNING: Could not open/create prefs root node Software\JavaSoft\Prefs at root 0xffffffff80000002. Windows RegCreateKeyEx(...) returned error code 5.
2024-12-20 19:56:50,915 [ERROR] LogOutputStream:75 - [STDERR_REDIRECT] 
2024-12-20 19:56:51,407 [INFO] MainUpdater:2872 - connection check result : 10
2024-12-20 19:56:51,407 [INFO] MainUpdater:3566 - Updater definition file requires update
2024-12-20 19:56:51,408 [INFO] MainUpdater:289 - Updater Check For Update Now.
2024-12-20 19:56:51,408 [INFO] MicroXplorer:498 - Change Database Version : DB.6.0.130
2024-12-20 19:56:51,423 [INFO] McuFinderGlobals:63 - Set McuFinder mode to 2 (CubeIDE integrated)
2024-12-20 19:56:51,428 [INFO] UserAuth:486 - Internet connection configuration mode: 1
2024-12-20 19:56:51,449 [INFO] JxBrowserEngine:152 - Initiate JxBrowser Engine with user profile folder
2024-12-20 19:56:51,482 [INFO] ServerAccessManage:473 - Download File updaters.zip
2024-12-20 19:56:51,595 [WARN] MainUpdater:1193 - Updater busy. Cannot search thirdparties
2024-12-20 19:56:51,595 [INFO] ThirdPartyUpdaterWithRetryManager:96 - Updater plugin is busy. [1/15]
2024-12-20 19:56:51,702 [INFO] FileExtend:240 - Unzip File : updaters.zip
2024-12-20 19:56:51,702 [INFO] FileExtend:255 - Standard Zip Deflate
2024-12-20 19:56:52,523 [INFO] ServerAccessManage:473 - Download File PacksControlFlags.xml
2024-12-20 19:56:52,553 [INFO] WebApp:168 - Instantiating new browser for Auth
2024-12-20 19:56:52,683 [INFO] ServerAccessManage:473 - Download File cubemx.pidx
2024-12-20 19:56:53,444 [INFO] ServerAccessManage:473 - Download File STMicroelectronics.X-CUBE-GNSS1.pdsc
2024-12-20 19:56:53,721 [INFO] WebApp:449 - Apply proxy settings
2024-12-20 19:56:53,722 [INFO] WebApp:534 - Chromium requires no authentication
2024-12-20 19:56:53,735 [INFO] WebApp:477 - Direct internet connection detected
2024-12-20 19:56:53,766 [INFO] WebApp:880 - Register for checkConnection events
2024-12-20 19:56:53,766 [INFO] WebApp:449 - Apply proxy settings
2024-12-20 19:56:53,766 [INFO] WebApp:534 - Chromium requires no authentication
2024-12-20 19:56:53,767 [INFO] WebApp:477 - Direct internet connection detected
2024-12-20 19:56:53,976 [INFO] WebApp:221 - Starting web application
2024-12-20 19:56:53,976 [INFO] WebApp:579 - Web application path used D:\Program Files\STM32CubeIDE_1.17.0\STM32CubeIDE\plugins\com.st.stm32cube.common.mx_6.13.0.202411220809\db\plugins\mcufinder\reactClient1\index.html
2024-12-20 19:56:54,118 [INFO] UserAuth:486 - Internet connection configuration mode: 1
2024-12-20 19:56:54,142 [INFO] WebApp:187 - Connection restablished
2024-12-20 19:56:54,596 [WARN] MainUpdater:1193 - Updater busy. Cannot search thirdparties
2024-12-20 19:56:54,596 [INFO] ThirdPartyUpdaterWithRetryManager:96 - Updater plugin is busy. [2/15]
2024-12-20 19:56:55,543 [ERROR] ServerAccessManage:1089 - Problem, file not found on Server
2024-12-20 19:56:55,934 [ERROR] ServerAccessManage:1089 - Problem, file not found on Server
2024-12-20 19:56:56,832 [ERROR] ServerAccessManage:1089 - Problem, file not found on Server
2024-12-20 19:56:57,596 [WARN] MainUpdater:1193 - Updater busy. Cannot search thirdparties
2024-12-20 19:56:57,596 [INFO] ThirdPartyUpdaterWithRetryManager:96 - Updater plugin is busy. [3/15]
2024-12-20 19:56:57,715 [ERROR] ServerAccessManage:1089 - Problem, file not found on Server
2024-12-20 19:56:58,321 [ERROR] ServerAccessManage:1089 - Problem, file not found on Server
2024-12-20 19:56:59,226 [ERROR] ServerAccessManage:1089 - Problem, file not found on Server
2024-12-20 19:56:59,444 [INFO] ServerAccessManage:473 - Download File STMicroelectronics.X-CUBE-MEMS1.pdsc
2024-12-20 19:57:00,599 [WARN] MainUpdater:1193 - Updater busy. Cannot search thirdparties
2024-12-20 19:57:00,599 [INFO] ThirdPartyUpdaterWithRetryManager:96 - Updater plugin is busy. [4/15]
2024-12-20 19:57:03,600 [WARN] MainUpdater:1193 - Updater busy. Cannot search thirdparties
2024-12-20 19:57:03,600 [INFO] ThirdPartyUpdaterWithRetryManager:96 - Updater plugin is busy. [5/15]
2024-12-20 19:57:03,637 [WARN] PackLoader:240 - Cannot read IP mode file for STMicroelectronics.X-CUBE-GNSS1.7.0.1
2024-12-20 19:57:03,709 [WARN] PackLoader:240 - Cannot read IP mode file for STMicroelectronics.X-CUBE-MEMS1.11.1.0
2024-12-20 19:57:03,826 [INFO] PopulateThirdPartyThread:66 - Ending populate Thread
2024-12-20 19:57:03,829 [INFO] CheckServerUpdateThread:120 - End of CheckServer Thread
2024-12-20 19:57:03,829 [INFO] ThirdParty:1030 - CMSIS Pack Vendor :STMicroelectronics X-CUBE-GNSS1 7.0.1
2024-12-20 19:57:03,829 [INFO] ThirdParty:1030 - CMSIS Pack Vendor :STMicroelectronics X-CUBE-MEMS1 11.1.0
2024-12-20 19:57:03,829 [INFO] LoadServerUpdatesThread:375 - End of LoadServerUpdate Thread
2024-12-20 19:57:06,725 [WARN] PackLoader:240 - Cannot read IP mode file for STMicroelectronics.FP-SNS-MOTENVWB1.1.4.0
2024-12-20 19:57:06,730 [WARN] PackLoader:240 - Cannot read IP mode file for STMicroelectronics.FP-ATR-ASTRA1.2.0.1
2024-12-20 19:57:06,743 [WARN] PackLoader:240 - Cannot read IP mode file for STMicroelectronics.X-CUBE-SMBUS.2.1.0
2024-12-20 19:57:06,755 [WARN] PackLoader:240 - Cannot read IP mode file for STMicroelectronics.X-CUBE-WB05N.1.1.0
2024-12-20 19:57:06,783 [WARN] PackLoader:240 - Cannot read IP mode file for STMicroelectronics.X-CUBE-AZRTOS-F7.1.1.0
2024-12-20 19:57:06,855 [WARN] PackLoader:240 - Cannot read IP mode file for STMicroelectronics.X-CUBE-MEMS1.11.0.0
2024-12-20 19:57:06,921 [WARN] PackLoader:240 - Cannot read IP mode file for STMicroelectronics.FP-SNS-FLIGHT1.5.0.2
2024-12-20 19:57:06,947 [WARN] PackLoader:240 - Cannot read IP mode file for Infineon.AIROC-Wi-Fi-Bluetooth-STM32.1.7.0
2024-12-20 19:57:06,964 [WARN] PackLoader:240 - Cannot read IP mode file for STMicroelectronics.X-CUBE-DISPLAY.3.0.0
2024-12-20 19:57:06,980 [WARN] PackLoader:240 - Cannot read IP mode file for STMicroelectronics.X-CUBE-BLE1.7.0.0
2024-12-20 19:57:06,993 [WARN] PackLoader:240 - Cannot read IP mode file for STMicroelectronics.X-CUBE-NFC10.1.0.0
2024-12-20 19:57:07,009 [WARN] PackLoader:240 - Cannot read IP mode file for STMicroelectronics.X-CUBE-BLEMGR.4.0.0
2024-12-20 19:57:07,022 [WARN] PackLoader:240 - Cannot read IP mode file for emotas.I-CUBE-CANOPEN.1.3.0
2024-12-20 19:57:07,035 [WARN] PackLoader:240 - Cannot read IP mode file for STMicroelectronics.X-CUBE-BLEMGR.3.1.0
2024-12-20 19:57:07,052 [WARN] PackLoader:240 - Cannot read IP mode file for STMicroelectronics.FP-SNS-SMARTAG2.1.2.0
2024-12-20 19:57:07,077 [WARN] PackLoader:240 - Cannot read IP mode file for STMicroelectronics.X-CUBE-MEMS1.11.1.0
2024-12-20 19:57:07,157 [INFO] LogOutputStream:77 - [STDOUT_REDIRECT] 1 : Invalid condition id : UX_CORESTACK_Condition cause : null
2024-12-20 19:57:07,159 [INFO] LogOutputStream:77 - [STDOUT_REDIRECT] 1 : Invalid condition id : UX_CORESTACK_Condition cause : null
2024-12-20 19:57:07,160 [INFO] LogOutputStream:77 - [STDOUT_REDIRECT] 1 : Invalid condition id : UX_CORESTACK_Condition cause : null
2024-12-20 19:57:07,162 [INFO] LogOutputStream:77 - [STDOUT_REDIRECT] 1 : Invalid condition id : UX_CORESTACK_Condition cause : null
2024-12-20 19:57:07,162 [INFO] LogOutputStream:77 - [STDOUT_REDIRECT] 1 : Invalid condition id : UX_CORESTACK_Condition cause : null
2024-12-20 19:57:07,164 [WARN] PackLoader:240 - Cannot read IP mode file for STMicroelectronics.X-CUBE-AZRTOS-WL.2.0.0
2024-12-20 19:57:07,177 [WARN] PackLoader:240 - Cannot read IP mode file for STMicroelectronics.FP-SNS-MOTENV1.5.0.0
2024-12-20 19:57:07,182 [WARN] PackLoader:240 - Cannot read IP mode file for wolfSSL.I-CUBE-wolfMQTT.1.19.0
2024-12-20 19:57:07,194 [WARN] PackLoader:240 - Cannot read IP mode file for WES.I-CUBE-Cesium.1.3.0
2024-12-20 19:57:07,207 [WARN] PackLoader:240 - Cannot read IP mode file for STMicroelectronics.X-CUBE-BLE2.3.3.0
2024-12-20 19:57:07,218 [WARN] PackLoader:240 - Cannot read IP mode file for STMicroelectronics.X-CUBE-NFC9.1.0.0
2024-12-20 19:57:07,230 [WARN] PackLoader:240 - Cannot read IP mode file for STMicroelectronics.X-CUBE-TCPP.4.1.0
2024-12-20 19:57:07,250 [WARN] PackLoader:240 - Cannot read IP mode file for STMicroelectronics.X-CUBE-AZRTOS-G0.1.1.0
2024-12-20 19:57:07,265 [WARN] PackLoader:240 - Cannot read IP mode file for STMicroelectronics.X-CUBE-SAFEA1.1.2.2
2024-12-20 19:57:07,278 [WARN] PackLoader:240 - Cannot read IP mode file for STMicroelectronics.X-CUBE-NFC4.3.0.0
2024-12-20 19:57:07,295 [WARN] PackLoader:240 - Cannot read IP mode file for EmbeddedOffice.I-CUBE-FS-RTOS.1.0.1
2024-12-20 19:57:07,307 [WARN] PackLoader:240 - Cannot read IP mode file for STMicroelectronics.X-CUBE-TCPP.4.2.0
2024-12-20 19:57:07,318 [WARN] PackLoader:240 - Cannot read IP mode file for RealThread.X-CUBE-RT-Thread_Nano.4.1.1
2024-12-20 19:57:07,322 [WARN] PackLoader:240 - Cannot read IP mode file for STMicroelectronics.FP-ATR-SIGFOX1.3.2.0
2024-12-20 19:57:07,328 [WARN] ConditionMgr:438 - getConditionDescription Invalid condition id : Cortex-A Device cause : null
2024-12-20 19:57:07,346 [WARN] ConditionMgr:1044 - genDependencies : Invalid condition id : Cortex-A Device cause : null
2024-12-20 19:57:07,346 [WARN] ConditionMgr:1044 - genDependencies : Invalid condition id : Cortex-A Device cause : null
2024-12-20 19:57:07,346 [WARN] ConditionMgr:1044 - genDependencies : Invalid condition id : Cortex-A Device cause : null
2024-12-20 19:57:07,359 [WARN] PackLoader:240 - Cannot read IP mode file for STMicroelectronics.X-CUBE-EEPRMA1.5.1.0
2024-12-20 19:57:07,372 [WARN] PackLoader:240 - Cannot read IP mode file for wolfSSL.I-CUBE-wolfSSL.5.7.4
2024-12-20 19:57:07,385 [WARN] PackLoader:240 - Cannot read IP mode file for ITTIA_DB.I-CUBE-ITTIADB.8.9.0
2024-12-20 19:57:07,423 [WARN] PackLoader:240 - Cannot read IP mode file for SEGGER.I-CUBE-embOS.1.3.1
2024-12-20 19:57:07,482 [WARN] PackLoader:240 - Cannot read IP mode file for STMicroelectronics.X-CUBE-ALGOBUILD.1.4.0
2024-12-20 19:57:07,498 [WARN] PackLoader:240 - Cannot read IP mode file for STMicroelectronics.X-CUBE-AI.9.1.0
2024-12-20 19:57:07,521 [WARN] PackLoader:240 - Cannot read IP mode file for STMicroelectronics.X-CUBE-AZRTOS-F4.1.1.0
2024-12-20 19:57:07,534 [WARN] PackLoader:240 - Cannot read IP mode file for STMicroelectronics.X-CUBE-ISPU.2.1.0
2024-12-20 19:57:07,546 [WARN] PackLoader:240 - Cannot read IP mode file for STMicroelectronics.X-CUBE-FREERTOS.1.2.0
2024-12-20 19:57:07,569 [WARN] PackLoader:240 - Cannot read IP mode file for STMicroelectronics.X-CUBE-AZRTOS-L5.2.0.0
2024-12-20 19:57:07,583 [WARN] PackLoader:240 - Cannot read IP mode file for STMicroelectronics.X-CUBE-NFC6.3.1.0
2024-12-20 19:57:07,595 [WARN] PackLoader:240 - Cannot read IP mode file for STMicroelectronics.X-CUBE-DPower.1.2.0
2024-12-20 19:57:07,605 [WARN] PackLoader:240 - Cannot read IP mode file for STMicroelectronics.X-CUBE-FREERTOS.1.3.0
2024-12-20 19:57:07,617 [WARN] PackLoader:240 - Cannot read IP mode file for STMicroelectronics.X-CUBE-NFC7.1.0.1
2024-12-20 19:57:07,637 [WARN] ConditionMgr:438 - getConditionDescription Invalid condition id : LAN8742 Phy interface Condition cause : null
2024-12-20 19:57:07,637 [WARN] PackLoader:240 - Cannot read IP mode file for STMicroelectronics.X-CUBE-AZRTOS-L4.2.0.0
2024-12-20 19:57:07,638 [WARN] ConditionMgr:1044 - genDependencies : Invalid condition id : LAN8742 Phy interface Condition cause : null
2024-12-20 19:57:07,638 [WARN] ConditionMgr:1044 - genDependencies : Invalid condition id : LAN8742 Phy interface Condition cause : null
2024-12-20 19:57:07,638 [WARN] ConditionMgr:1044 - genDependencies : Invalid condition id : LAN8742 Phy interface Condition cause : null
2024-12-20 19:57:07,652 [WARN] PackLoader:240 - Cannot read IP mode file for STMicroelectronics.X-CUBE-SFXS2LP1.4.0.0
2024-12-20 19:57:07,671 [WARN] PackLoader:240 - Cannot read IP mode file for STMicroelectronics.X-CUBE-AZRTOS-H7.3.3.0
2024-12-20 19:57:07,684 [WARN] PackLoader:240 - Cannot read IP mode file for STMicroelectronics.X-CUBE-IPS.3.0.0
2024-12-20 19:57:07,706 [WARN] ConditionMgr:438 - getConditionDescription Invalid condition id : UX DEVICE CLASS RTOS Condition cause : null
2024-12-20 19:57:07,706 [WARN] ConditionMgr:438 - getConditionDescription Invalid condition id : UX DEVICE CLASS RTOS Condition cause : null
2024-12-20 19:57:07,708 [WARN] PackLoader:240 - Cannot read IP mode file for STMicroelectronics.X-CUBE-AZRTOS-WB.2.0.0
2024-12-20 19:57:07,708 [WARN] ConditionMgr:1044 - genDependencies : Invalid condition id : UX DEVICE CLASS RTOS Condition cause : null
2024-12-20 19:57:07,708 [WARN] ConditionMgr:1044 - genDependencies : Invalid condition id : UX DEVICE CLASS RTOS Condition cause : null
2024-12-20 19:57:07,710 [WARN] ConditionMgr:1044 - genDependencies : Invalid condition id : UX DEVICE CLASS RTOS Condition cause : null
2024-12-20 19:57:07,710 [WARN] ConditionMgr:1044 - genDependencies : Invalid condition id : UX DEVICE CLASS RTOS Condition cause : null
2024-12-20 19:57:07,710 [WARN] ConditionMgr:1044 - genDependencies : Invalid condition id : UX DEVICE CLASS RTOS Condition cause : null
2024-12-20 19:57:07,726 [WARN] PackLoader:240 - Cannot read IP mode file for STMicroelectronics.X-CUBE-GNSS1.7.0.0
2024-12-20 19:57:07,729 [WARN] PackLoader:240 - Cannot read IP mode file for STMicroelectronics.X-CUBE-GNSS1.7.0.1
2024-12-20 19:57:07,743 [WARN] PackLoader:240 - Cannot read IP mode file for STMicroelectronics.FP-SNS-STBOX1.2.0.0
2024-12-20 19:57:07,758 [WARN] PackLoader:240 - Cannot read IP mode file for STMicroelectronics.X-CUBE-SUBG2.5.0.0
2024-12-20 19:57:07,765 [WARN] PackLoader:240 - Cannot read IP mode file for Cesanta.I-CUBE-Mongoose.7.13.0
2024-12-20 19:57:07,786 [WARN] PackLoader:240 - Cannot read IP mode file for STMicroelectronics.X-CUBE-AZRTOS-G4.2.0.0
2024-12-20 19:57:07,795 [WARN] PackLoader:240 - Cannot read IP mode file for STMicroelectronics.X-CUBE-ALS.1.0.2
2024-12-20 19:57:07,807 [WARN] PackLoader:240 - Cannot read IP mode file for STMicroelectronics.X-CUBE-TOUCHGFX.4.24.1
2024-12-20 19:57:07,812 [WARN] PackLoader:240 - Cannot read IP mode file for wolfSSL.I-CUBE-wolfTPM.3.4.0
2024-12-20 19:57:07,823 [WARN] PackLoader:240 - Cannot read IP mode file for portGmbH.I-Cube-SoM-uGOAL.1.1.0
2024-12-20 19:57:07,842 [WARN] PackLoader:240 - Cannot read IP mode file for STMicroelectronics.X-CUBE-AZRTOS-H7RS.1.0.0
2024-12-20 19:57:07,857 [WARN] PackLoader:240 - Cannot read IP mode file for STMicroelectronics.X-CUBE-TOF1.3.4.2
2024-12-20 19:57:07,864 [WARN] PackLoader:240 - Cannot read IP mode file for wolfSSL.I-CUBE-wolfSSH.1.4.17
2024-12-20 19:57:07,864 [INFO] ThirdParty:978 - Integrity check success = true
2024-12-20 19:57:07,864 [INFO] IntegrityCheckThread:100 - exiting critical section [integrity check]
2024-12-20 19:57:07,864 [INFO] IntegrityCheckThread:103 - End integrity checks thread
